[0.074s] Invoking command in '/home/bmes-endoscope-25/joystick_ws/build/wiimote': CMAKE_PREFIX_PATH=/home/bmes-endoscope-25/joystick_ws/install/wiimote_msgs:/home/bmes-endoscope-25/joystick_ws/install/wiimote:/home/bmes-endoscope-25/joystick_ws/install/spacenav:/home/bmes-endoscope-25/joystick_ws/install/joy:/home/bmes-endoscope-25/joystick_ws/install/sdl2_vendor:/home/bmes-endoscope-25/joystick_ws/install/my_teleop:/home/bmes-endoscope-25/joystick_ws/install/joy_linux:/opt/ros/jazzy/opt/gz_math_vendor:/opt/ros/jazzy/opt/gz_utils_vendor:/opt/ros/jazzy/opt/gz_cmake_vendor:/opt/ros/jazzy DEBUGINFOD_URLS=https://debuginfod.ubuntu.com LD_LIBRARY_PATH=/home/bmes-endoscope-25/joystick_ws/install/wiimote_msgs/lib:/home/bmes-endoscope-25/joystick_ws/install/wiimote/lib:/home/bmes-endoscope-25/joystick_ws/install/spacenav/lib:/home/bmes-endoscope-25/joystick_ws/install/joy/lib:/opt/ros/jazzy/opt/rviz_ogre_vendor/lib:/opt/ros/jazzy/lib/aarch64-linux-gnu:/opt/ros/jazzy/opt/gz_math_vendor/lib:/opt/ros/jazzy/opt/gz_utils_vendor/lib:/opt/ros/jazzy/opt/gz_cmake_vendor/lib:/opt/ros/jazzy/lib /usr/bin/cmake --build /home/bmes-endoscope-25/joystick_ws/build/wiimote -- -j4 -l4
[0.440s] [ 44%] Built target wiimote_lib
[0.444s] [ 55%] Built target teleop_wiimote
[0.447s] [ 77%] Built target teleop_wiimote_node
[0.448s] [100%] Built target wiimote_node
[0.510s] Invoked command in '/home/bmes-endoscope-25/joystick_ws/build/wiimote' returned '0': CMAKE_PREFIX_PATH=/home/bmes-endoscope-25/joystick_ws/install/wiimote_msgs:/home/bmes-endoscope-25/joystick_ws/install/wiimote:/home/bmes-endoscope-25/joystick_ws/install/spacenav:/home/bmes-endoscope-25/joystick_ws/install/joy:/home/bmes-endoscope-25/joystick_ws/install/sdl2_vendor:/home/bmes-endoscope-25/joystick_ws/install/my_teleop:/home/bmes-endoscope-25/joystick_ws/install/joy_linux:/opt/ros/jazzy/opt/gz_math_vendor:/opt/ros/jazzy/opt/gz_utils_vendor:/opt/ros/jazzy/opt/gz_cmake_vendor:/opt/ros/jazzy DEBUGINFOD_URLS=https://debuginfod.ubuntu.com LD_LIBRARY_PATH=/home/bmes-endoscope-25/joystick_ws/install/wiimote_msgs/lib:/home/bmes-endoscope-25/joystick_ws/install/wiimote/lib:/home/bmes-endoscope-25/joystick_ws/install/spacenav/lib:/home/bmes-endoscope-25/joystick_ws/install/joy/lib:/opt/ros/jazzy/opt/rviz_ogre_vendor/lib:/opt/ros/jazzy/lib/aarch64-linux-gnu:/opt/ros/jazzy/opt/gz_math_vendor/lib:/opt/ros/jazzy/opt/gz_utils_vendor/lib:/opt/ros/jazzy/opt/gz_cmake_vendor/lib:/opt/ros/jazzy/lib /usr/bin/cmake --build /home/bmes-endoscope-25/joystick_ws/build/wiimote -- -j4 -l4
[0.516s] Invoking command in '/home/bmes-endoscope-25/joystick_ws/build/wiimote': CMAKE_PREFIX_PATH=/home/bmes-endoscope-25/joystick_ws/install/wiimote_msgs:/home/bmes-endoscope-25/joystick_ws/install/wiimote:/home/bmes-endoscope-25/joystick_ws/install/spacenav:/home/bmes-endoscope-25/joystick_ws/install/joy:/home/bmes-endoscope-25/joystick_ws/install/sdl2_vendor:/home/bmes-endoscope-25/joystick_ws/install/my_teleop:/home/bmes-endoscope-25/joystick_ws/install/joy_linux:/opt/ros/jazzy/opt/gz_math_vendor:/opt/ros/jazzy/opt/gz_utils_vendor:/opt/ros/jazzy/opt/gz_cmake_vendor:/opt/ros/jazzy DEBUGINFOD_URLS=https://debuginfod.ubuntu.com LD_LIBRARY_PATH=/home/bmes-endoscope-25/joystick_ws/install/wiimote_msgs/lib:/home/bmes-endoscope-25/joystick_ws/install/wiimote/lib:/home/bmes-endoscope-25/joystick_ws/install/spacenav/lib:/home/bmes-endoscope-25/joystick_ws/install/joy/lib:/opt/ros/jazzy/opt/rviz_ogre_vendor/lib:/opt/ros/jazzy/lib/aarch64-linux-gnu:/opt/ros/jazzy/opt/gz_math_vendor/lib:/opt/ros/jazzy/opt/gz_utils_vendor/lib:/opt/ros/jazzy/opt/gz_cmake_vendor/lib:/opt/ros/jazzy/lib /usr/bin/cmake --install /home/bmes-endoscope-25/joystick_ws/build/wiimote
[0.567s] -- Install configuration: ""
[0.568s] -- Up-to-date: /home/bmes-endoscope-25/joystick_ws/install/wiimote/lib/wiimote/wiimote_node
[0.570s] -- Up-to-date: /home/bmes-endoscope-25/joystick_ws/install/wiimote/lib/wiimote/teleop_wiimote_node
[0.572s] -- Up-to-date: /home/bmes-endoscope-25/joystick_ws/install/wiimote/lib/libwiimote_lib.so
[0.574s] -- Up-to-date: /home/bmes-endoscope-25/joystick_ws/install/wiimote/lib/libteleop_wiimote.so
[0.575s] -- Up-to-date: /home/bmes-endoscope-25/joystick_ws/install/wiimote/include/wiimote
[0.576s] -- Up-to-date: /home/bmes-endoscope-25/joystick_ws/install/wiimote/include/wiimote/wiimote
[0.576s] -- Up-to-date: /home/bmes-endoscope-25/joystick_ws/install/wiimote/include/wiimote/wiimote/stat_vector_3d.hpp
[0.577s] -- Up-to-date: /home/bmes-endoscope-25/joystick_ws/install/wiimote/include/wiimote/wiimote/wiimote_controller.hpp
[0.577s] -- Up-to-date: /home/bmes-endoscope-25/joystick_ws/install/wiimote/include/wiimote/wiimote/teleop_wiimote.hpp
[0.577s] -- Up-to-date: /home/bmes-endoscope-25/joystick_ws/install/wiimote/share/wiimote/launch
[0.578s] -- Up-to-date: /home/bmes-endoscope-25/joystick_ws/install/wiimote/share/wiimote/launch/turtlesim.launch.py
[0.578s] -- Up-to-date: /home/bmes-endoscope-25/joystick_ws/install/wiimote/share/wiimote/launch/feedback_test.launch.py
[0.579s] -- Up-to-date: /home/bmes-endoscope-25/joystick_ws/install/wiimote/share/wiimote/launch/wiimote_lifecycle.launch.py
[0.579s] -- Up-to-date: /home/bmes-endoscope-25/joystick_ws/install/wiimote/share/wiimote/config
[0.579s] -- Up-to-date: /home/bmes-endoscope-25/joystick_ws/install/wiimote/share/wiimote/config/wiimote_params.yaml
[0.580s] -- Up-to-date: /home/bmes-endoscope-25/joystick_ws/install/wiimote/share/wiimote/config/teleop_wiimote_params.yaml
[0.580s] -- Up-to-date: /home/bmes-endoscope-25/joystick_ws/install/wiimote/lib/wiimote/wiimote_node
[0.581s] -- Up-to-date: /home/bmes-endoscope-25/joystick_ws/install/wiimote/lib/wiimote/feedback_tester.py
[0.581s] -- Up-to-date: /home/bmes-endoscope-25/joystick_ws/install/wiimote/share/ament_index/resource_index/package_run_dependencies/wiimote
[0.582s] -- Up-to-date: /home/bmes-endoscope-25/joystick_ws/install/wiimote/share/ament_index/resource_index/parent_prefix_path/wiimote
[0.582s] -- Up-to-date: /home/bmes-endoscope-25/joystick_ws/install/wiimote/share/wiimote/environment/ament_prefix_path.sh
[0.583s] -- Up-to-date: /home/bmes-endoscope-25/joystick_ws/install/wiimote/share/wiimote/environment/ament_prefix_path.dsv
[0.583s] -- Up-to-date: /home/bmes-endoscope-25/joystick_ws/install/wiimote/share/wiimote/environment/path.sh
[0.584s] -- Up-to-date: /home/bmes-endoscope-25/joystick_ws/install/wiimote/share/wiimote/environment/path.dsv
[0.584s] -- Up-to-date: /home/bmes-endoscope-25/joystick_ws/install/wiimote/share/wiimote/local_setup.bash
[0.584s] -- Up-to-date: /home/bmes-endoscope-25/joystick_ws/install/wiimote/share/wiimote/local_setup.sh
[0.585s] -- Up-to-date: /home/bmes-endoscope-25/joystick_ws/install/wiimote/share/wiimote/local_setup.zsh
[0.585s] -- Up-to-date: /home/bmes-endoscope-25/joystick_ws/install/wiimote/share/wiimote/local_setup.dsv
[0.586s] -- Installing: /home/bmes-endoscope-25/joystick_ws/install/wiimote/share/wiimote/package.dsv
[0.586s] -- Up-to-date: /home/bmes-endoscope-25/joystick_ws/install/wiimote/share/ament_index/resource_index/packages/wiimote
[0.587s] -- Up-to-date: /home/bmes-endoscope-25/joystick_ws/install/wiimote/share/ament_index/resource_index/rclcpp_components/wiimote
[0.587s] -- Up-to-date: /home/bmes-endoscope-25/joystick_ws/install/wiimote/share/wiimote/cmake/export_wiimoteExport.cmake
[0.588s] -- Up-to-date: /home/bmes-endoscope-25/joystick_ws/install/wiimote/share/wiimote/cmake/export_wiimoteExport-noconfig.cmake
[0.588s] -- Up-to-date: /home/bmes-endoscope-25/joystick_ws/install/wiimote/share/wiimote/cmake/wiimote-extras.cmake
[0.589s] -- Up-to-date: /home/bmes-endoscope-25/joystick_ws/install/wiimote/share/wiimote/cmake/ament_cmake_export_targets-extras.cmake
[0.589s] -- Up-to-date: /home/bmes-endoscope-25/joystick_ws/install/wiimote/share/wiimote/cmake/ament_cmake_export_dependencies-extras.cmake
[0.590s] -- Up-to-date: /home/bmes-endoscope-25/joystick_ws/install/wiimote/share/wiimote/cmake/wiimoteConfig.cmake
[0.590s] -- Up-to-date: /home/bmes-endoscope-25/joystick_ws/install/wiimote/share/wiimote/cmake/wiimoteConfig-version.cmake
[0.591s] -- Up-to-date: /home/bmes-endoscope-25/joystick_ws/install/wiimote/share/wiimote/package.xml
[0.597s] Invoked command in '/home/bmes-endoscope-25/joystick_ws/build/wiimote' returned '0': CMAKE_PREFIX_PATH=/home/bmes-endoscope-25/joystick_ws/install/wiimote_msgs:/home/bmes-endoscope-25/joystick_ws/install/wiimote:/home/bmes-endoscope-25/joystick_ws/install/spacenav:/home/bmes-endoscope-25/joystick_ws/install/joy:/home/bmes-endoscope-25/joystick_ws/install/sdl2_vendor:/home/bmes-endoscope-25/joystick_ws/install/my_teleop:/home/bmes-endoscope-25/joystick_ws/install/joy_linux:/opt/ros/jazzy/opt/gz_math_vendor:/opt/ros/jazzy/opt/gz_utils_vendor:/opt/ros/jazzy/opt/gz_cmake_vendor:/opt/ros/jazzy DEBUGINFOD_URLS=https://debuginfod.ubuntu.com LD_LIBRARY_PATH=/home/bmes-endoscope-25/joystick_ws/install/wiimote_msgs/lib:/home/bmes-endoscope-25/joystick_ws/install/wiimote/lib:/home/bmes-endoscope-25/joystick_ws/install/spacenav/lib:/home/bmes-endoscope-25/joystick_ws/install/joy/lib:/opt/ros/jazzy/opt/rviz_ogre_vendor/lib:/opt/ros/jazzy/lib/aarch64-linux-gnu:/opt/ros/jazzy/opt/gz_math_vendor/lib:/opt/ros/jazzy/opt/gz_utils_vendor/lib:/opt/ros/jazzy/opt/gz_cmake_vendor/lib:/opt/ros/jazzy/lib /usr/bin/cmake --install /home/bmes-endoscope-25/joystick_ws/build/wiimote
