[0.141s] Invoking command in '/home/bmes-endoscope-25/joystick_ws/build/sdl2_vendor': CMAKE_PREFIX_PATH=${CMAKE_PREFIX_PATH}:/opt/ros/jazzy DEBUGINFOD_URLS=https://debuginfod.ubuntu.com /usr/bin/cmake /home/bmes-endoscope-25/joystick_ws/src/joystick_drivers/sdl2_vendor -DCMAKE_INSTALL_PREFIX=/home/bmes-endoscope-25/joystick_ws/install/sdl2_vendor
[0.585s] -- The C compiler identification is GNU 13.3.0
[1.052s] -- The CXX compiler identification is GNU 13.3.0
[1.194s] -- Detecting C compiler ABI info
[1.940s] -- Detecting C compiler ABI info - done
[2.025s] -- Check for working C compiler: /usr/bin/cc - skipped
[2.026s] -- Detecting C compile features
[2.027s] -- Detecting C compile features - done
[2.119s] -- Detecting CXX compiler ABI info
[2.931s] -- Detecting CXX compiler ABI info - done
[3.023s] -- Check for working CXX compiler: /usr/bin/c++ - skipped
[3.035s] -- Detecting CXX compile features
[3.036s] -- Detecting CXX compile features - done
[3.057s] -- Found ament_cmake: 2.5.3 (/opt/ros/jazzy/share/ament_cmake/cmake)
[4.282s] -- Found Python3: /usr/bin/python3 (found version "3.12.3") found components: Interpreter 
[6.010s] -- Configuring done (5.8s)
[6.039s] -- Generating done (0.0s)
[6.054s] -- Build files have been written to: /home/bmes-endoscope-25/joystick_ws/build/sdl2_vendor
[6.084s] Invoked command in '/home/bmes-endoscope-25/joystick_ws/build/sdl2_vendor' returned '0': CMAKE_PREFIX_PATH=${CMAKE_PREFIX_PATH}:/opt/ros/jazzy DEBUGINFOD_URLS=https://debuginfod.ubuntu.com /usr/bin/cmake /home/bmes-endoscope-25/joystick_ws/src/joystick_drivers/sdl2_vendor -DCMAKE_INSTALL_PREFIX=/home/bmes-endoscope-25/joystick_ws/install/sdl2_vendor
[6.092s] Invoking command in '/home/bmes-endoscope-25/joystick_ws/build/sdl2_vendor': CMAKE_PREFIX_PATH=${CMAKE_PREFIX_PATH}:/opt/ros/jazzy DEBUGINFOD_URLS=https://debuginfod.ubuntu.com /usr/bin/cmake --build /home/bmes-endoscope-25/joystick_ws/build/sdl2_vendor -- -j4 -l4
[6.383s] Invoked command in '/home/bmes-endoscope-25/joystick_ws/build/sdl2_vendor' returned '0': CMAKE_PREFIX_PATH=${CMAKE_PREFIX_PATH}:/opt/ros/jazzy DEBUGINFOD_URLS=https://debuginfod.ubuntu.com /usr/bin/cmake --build /home/bmes-endoscope-25/joystick_ws/build/sdl2_vendor -- -j4 -l4
[6.437s] Invoking command in '/home/bmes-endoscope-25/joystick_ws/build/sdl2_vendor': CMAKE_PREFIX_PATH=${CMAKE_PREFIX_PATH}:/opt/ros/jazzy DEBUGINFOD_URLS=https://debuginfod.ubuntu.com /usr/bin/cmake --install /home/bmes-endoscope-25/joystick_ws/build/sdl2_vendor
[6.501s] -- Install configuration: ""
[6.502s] -- Installing: /home/bmes-endoscope-25/joystick_ws/install/sdl2_vendor/share/sdl2_vendor/cmake
[6.503s] -- Installing: /home/bmes-endoscope-25/joystick_ws/install/sdl2_vendor/share/sdl2_vendor/cmake/Modules
[6.504s] -- Installing: /home/bmes-endoscope-25/joystick_ws/install/sdl2_vendor/share/sdl2_vendor/cmake/Modules/Findsdl2_custom.cmake
[6.506s] -- Installing: /home/bmes-endoscope-25/joystick_ws/install/sdl2_vendor/share/ament_index/resource_index/package_run_dependencies/sdl2_vendor
[6.509s] -- Installing: /home/bmes-endoscope-25/joystick_ws/install/sdl2_vendor/share/ament_index/resource_index/parent_prefix_path/sdl2_vendor
[6.514s] -- Installing: /home/bmes-endoscope-25/joystick_ws/install/sdl2_vendor/share/sdl2_vendor/environment/ament_prefix_path.sh
[6.515s] -- Installing: /home/bmes-endoscope-25/joystick_ws/install/sdl2_vendor/share/sdl2_vendor/environment/ament_prefix_path.dsv
[6.515s] -- Installing: /home/bmes-endoscope-25/joystick_ws/install/sdl2_vendor/share/sdl2_vendor/environment/path.sh
[6.516s] -- Installing: /home/bmes-endoscope-25/joystick_ws/install/sdl2_vendor/share/sdl2_vendor/environment/path.dsv
[6.517s] -- Installing: /home/bmes-endoscope-25/joystick_ws/install/sdl2_vendor/share/sdl2_vendor/local_setup.bash
[6.517s] -- Installing: /home/bmes-endoscope-25/joystick_ws/install/sdl2_vendor/share/sdl2_vendor/local_setup.sh
[6.518s] -- Installing: /home/bmes-endoscope-25/joystick_ws/install/sdl2_vendor/share/sdl2_vendor/local_setup.zsh
[6.519s] -- Installing: /home/bmes-endoscope-25/joystick_ws/install/sdl2_vendor/share/sdl2_vendor/local_setup.dsv
[6.521s] -- Installing: /home/bmes-endoscope-25/joystick_ws/install/sdl2_vendor/share/sdl2_vendor/package.dsv
[6.523s] -- Installing: /home/bmes-endoscope-25/joystick_ws/install/sdl2_vendor/share/ament_index/resource_index/packages/sdl2_vendor
[6.524s] -- Installing: /home/bmes-endoscope-25/joystick_ws/install/sdl2_vendor/share/sdl2_vendor/cmake/sdl2_vendor-extras.cmake
[6.525s] -- Installing: /home/bmes-endoscope-25/joystick_ws/install/sdl2_vendor/share/sdl2_vendor/cmake/sdl2_vendorConfig.cmake
[6.526s] -- Installing: /home/bmes-endoscope-25/joystick_ws/install/sdl2_vendor/share/sdl2_vendor/cmake/sdl2_vendorConfig-version.cmake
[6.527s] -- Installing: /home/bmes-endoscope-25/joystick_ws/install/sdl2_vendor/share/sdl2_vendor/package.xml
[6.536s] Invoked command in '/home/bmes-endoscope-25/joystick_ws/build/sdl2_vendor' returned '0': CMAKE_PREFIX_PATH=${CMAKE_PREFIX_PATH}:/opt/ros/jazzy DEBUGINFOD_URLS=https://debuginfod.ubuntu.com /usr/bin/cmake --install /home/bmes-endoscope-25/joystick_ws/build/sdl2_vendor
