[0.123s] Invoking command in '/home/bmes-endoscope-25/joystick_ws/build/joy_linux': CMAKE_PREFIX_PATH=${CMAKE_PREFIX_PATH}:/opt/ros/jazzy DEBUGINFOD_URLS=https://debuginfod.ubuntu.com /usr/bin/cmake --build /home/bmes-endoscope-25/joystick_ws/build/joy_linux -- -j4 -l4
[0.634s] [100%] Built target joy_linux_node
[0.963s] Invoked command in '/home/bmes-endoscope-25/joystick_ws/build/joy_linux' returned '0': CMAKE_PREFIX_PATH=${CMAKE_PREFIX_PATH}:/opt/ros/jazzy DEBUGINFOD_URLS=https://debuginfod.ubuntu.com /usr/bin/cmake --build /home/bmes-endoscope-25/joystick_ws/build/joy_linux -- -j4 -l4
[0.974s] Invoking command in '/home/bmes-endoscope-25/joystick_ws/build/joy_linux': CMAKE_PREFIX_PATH=${CMAKE_PREFIX_PATH}:/opt/ros/jazzy DEBUGINFOD_URLS=https://debuginfod.ubuntu.com /usr/bin/cmake --install /home/bmes-endoscope-25/joystick_ws/build/joy_linux
[1.068s] -- Install configuration: ""
[1.070s] -- Up-to-date: /home/bmes-endoscope-25/joystick_ws/install/joy_linux/lib/joy_linux/joy_linux_node
[1.071s] -- Up-to-date: /home/bmes-endoscope-25/joystick_ws/install/joy_linux/share/ament_index/resource_index/package_run_dependencies/joy_linux
[1.072s] -- Up-to-date: /home/bmes-endoscope-25/joystick_ws/install/joy_linux/share/ament_index/resource_index/parent_prefix_path/joy_linux
[1.085s] -- Up-to-date: /home/bmes-endoscope-25/joystick_ws/install/joy_linux/share/joy_linux/environment/ament_prefix_path.sh
[1.093s] -- Up-to-date: /home/bmes-endoscope-25/joystick_ws/install/joy_linux/share/joy_linux/environment/ament_prefix_path.dsv
[1.095s] -- Up-to-date: /home/bmes-endoscope-25/joystick_ws/install/joy_linux/share/joy_linux/environment/path.sh
[1.098s] -- Up-to-date: /home/bmes-endoscope-25/joystick_ws/install/joy_linux/share/joy_linux/environment/path.dsv
[1.099s] -- Up-to-date: /home/bmes-endoscope-25/joystick_ws/install/joy_linux/share/joy_linux/local_setup.bash
[1.100s] -- Up-to-date: /home/bmes-endoscope-25/joystick_ws/install/joy_linux/share/joy_linux/local_setup.sh
[1.100s] -- Up-to-date: /home/bmes-endoscope-25/joystick_ws/install/joy_linux/share/joy_linux/local_setup.zsh
[1.101s] -- Up-to-date: /home/bmes-endoscope-25/joystick_ws/install/joy_linux/share/joy_linux/local_setup.dsv
[1.102s] -- Installing: /home/bmes-endoscope-25/joystick_ws/install/joy_linux/share/joy_linux/package.dsv
[1.103s] -- Up-to-date: /home/bmes-endoscope-25/joystick_ws/install/joy_linux/share/ament_index/resource_index/packages/joy_linux
[1.105s] -- Up-to-date: /home/bmes-endoscope-25/joystick_ws/install/joy_linux/share/joy_linux/cmake/joy_linuxConfig.cmake
[1.106s] -- Up-to-date: /home/bmes-endoscope-25/joystick_ws/install/joy_linux/share/joy_linux/cmake/joy_linuxConfig-version.cmake
[1.107s] -- Up-to-date: /home/bmes-endoscope-25/joystick_ws/install/joy_linux/share/joy_linux/package.xml
[1.128s] Invoked command in '/home/bmes-endoscope-25/joystick_ws/build/joy_linux' returned '0': CMAKE_PREFIX_PATH=${CMAKE_PREFIX_PATH}:/opt/ros/jazzy DEBUGINFOD_URLS=https://debuginfod.ubuntu.com /usr/bin/cmake --install /home/bmes-endoscope-25/joystick_ws/build/joy_linux
