[0.129s] Invoking command in '/home/bmes-endoscope-25/joystick_ws/build/wiimote_msgs': CMAKE_PREFIX_PATH=${CMAKE_PREFIX_PATH}:/opt/ros/jazzy DEBUGINFOD_URLS=https://debuginfod.ubuntu.com /usr/bin/cmake --build /home/bmes-endoscope-25/joystick_ws/build/wiimote_msgs -- -j4 -l4
[0.714s] [  0%] Built target ament_cmake_python_copy_wiimote_msgs
[0.767s] [  1%] Built target wiimote_msgs__rosidl_generator_type_description
[1.062s] [  3%] Built target wiimote_msgs__cpp
[1.155s] [ 24%] Built target wiimote_msgs__rosidl_generator_c
[1.437s] [ 33%] Built target wiimote_msgs__rosidl_typesupport_cpp
[1.557s] [ 42%] Built target wiimote_msgs__rosidl_typesupport_fastrtps_cpp
[1.599s] [ 51%] Built target wiimote_msgs__rosidl_typesupport_fastrtps_c
[1.956s] [ 61%] Built target wiimote_msgs__rosidl_typesupport_introspection_cpp
[1.969s] [ 70%] Built target wiimote_msgs__rosidl_typesupport_introspection_c
[2.093s] [ 79%] Built target wiimote_msgs__rosidl_typesupport_c
[2.426s] [ 79%] Built target wiimote_msgs
[2.777s] [ 81%] Built target wiimote_msgs__py
[3.020s] [ 88%] Built target wiimote_msgs__rosidl_generator_py
[3.292s] [ 92%] Built target wiimote_msgs_s__rosidl_typesupport_fastrtps_c
[3.347s] [ 96%] Built target wiimote_msgs_s__rosidl_typesupport_c
[3.355s] [100%] Built target wiimote_msgs_s__rosidl_typesupport_introspection_c
[3.678s] running egg_info
[3.804s] writing wiimote_msgs.egg-info/PKG-INFO
[3.806s] writing dependency_links to wiimote_msgs.egg-info/dependency_links.txt
[3.807s] writing top-level names to wiimote_msgs.egg-info/top_level.txt
[4.168s] reading manifest file 'wiimote_msgs.egg-info/SOURCES.txt'
[4.175s] writing manifest file 'wiimote_msgs.egg-info/SOURCES.txt'
[4.360s] [100%] Built target ament_cmake_python_build_wiimote_msgs_egg
[4.430s] Invoked command in '/home/bmes-endoscope-25/joystick_ws/build/wiimote_msgs' returned '0': CMAKE_PREFIX_PATH=${CMAKE_PREFIX_PATH}:/opt/ros/jazzy DEBUGINFOD_URLS=https://debuginfod.ubuntu.com /usr/bin/cmake --build /home/bmes-endoscope-25/joystick_ws/build/wiimote_msgs -- -j4 -l4
[4.437s] Invoking command in '/home/bmes-endoscope-25/joystick_ws/build/wiimote_msgs': CMAKE_PREFIX_PATH=${CMAKE_PREFIX_PATH}:/opt/ros/jazzy DEBUGINFOD_URLS=https://debuginfod.ubuntu.com /usr/bin/cmake --install /home/bmes-endoscope-25/joystick_ws/build/wiimote_msgs
[4.492s] -- Install configuration: ""
[4.495s] -- Up-to-date: /home/bmes-endoscope-25/joystick_ws/install/wiimote_msgs/share/ament_index/resource_index/rosidl_interfaces/wiimote_msgs
[4.496s] -- Up-to-date: /home/bmes-endoscope-25/joystick_ws/install/wiimote_msgs/share/wiimote_msgs/msg/IrSourceInfo.json
[4.497s] -- Up-to-date: /home/bmes-endoscope-25/joystick_ws/install/wiimote_msgs/share/wiimote_msgs/msg/State.json
[4.497s] -- Up-to-date: /home/bmes-endoscope-25/joystick_ws/install/wiimote_msgs/share/wiimote_msgs/msg/TimedSwitch.json
[4.498s] -- Up-to-date: /home/bmes-endoscope-25/joystick_ws/install/wiimote_msgs/include/wiimote_msgs/wiimote_msgs
[4.499s] -- Up-to-date: /home/bmes-endoscope-25/joystick_ws/install/wiimote_msgs/include/wiimote_msgs/wiimote_msgs/msg
[4.499s] -- Up-to-date: /home/bmes-endoscope-25/joystick_ws/install/wiimote_msgs/include/wiimote_msgs/wiimote_msgs/msg/timed_switch.h
[4.500s] -- Up-to-date: /home/bmes-endoscope-25/joystick_ws/install/wiimote_msgs/include/wiimote_msgs/wiimote_msgs/msg/state.h
[4.502s] -- Up-to-date: /home/bmes-endoscope-25/joystick_ws/install/wiimote_msgs/include/wiimote_msgs/wiimote_msgs/msg/detail
[4.502s] -- Up-to-date: /home/bmes-endoscope-25/joystick_ws/install/wiimote_msgs/include/wiimote_msgs/wiimote_msgs/msg/detail/timed_switch__functions.h
[4.503s] -- Installing: /home/bmes-endoscope-25/joystick_ws/install/wiimote_msgs/include/wiimote_msgs/wiimote_msgs/msg/detail/ir_source_info__type_support.c
[4.503s] -- Up-to-date: /home/bmes-endoscope-25/joystick_ws/install/wiimote_msgs/include/wiimote_msgs/wiimote_msgs/msg/detail/ir_source_info__type_support.h
[4.504s] -- Up-to-date: /home/bmes-endoscope-25/joystick_ws/install/wiimote_msgs/include/wiimote_msgs/wiimote_msgs/msg/detail/state__functions.h
[4.505s] -- Up-to-date: /home/bmes-endoscope-25/joystick_ws/install/wiimote_msgs/include/wiimote_msgs/wiimote_msgs/msg/detail/ir_source_info__functions.h
[4.505s] -- Up-to-date: /home/bmes-endoscope-25/joystick_ws/install/wiimote_msgs/include/wiimote_msgs/wiimote_msgs/msg/detail/state__functions.c
[4.506s] -- Installing: /home/bmes-endoscope-25/joystick_ws/install/wiimote_msgs/include/wiimote_msgs/wiimote_msgs/msg/detail/timed_switch__type_support.c
[4.506s] -- Up-to-date: /home/bmes-endoscope-25/joystick_ws/install/wiimote_msgs/include/wiimote_msgs/wiimote_msgs/msg/detail/ir_source_info__functions.c
[4.508s] -- Up-to-date: /home/bmes-endoscope-25/joystick_ws/install/wiimote_msgs/include/wiimote_msgs/wiimote_msgs/msg/detail/state__struct.h
[4.508s] -- Up-to-date: /home/bmes-endoscope-25/joystick_ws/install/wiimote_msgs/include/wiimote_msgs/wiimote_msgs/msg/detail/state__type_support.h
[4.509s] -- Up-to-date: /home/bmes-endoscope-25/joystick_ws/install/wiimote_msgs/include/wiimote_msgs/wiimote_msgs/msg/detail/timed_switch__type_support.h
[4.509s] -- Up-to-date: /home/bmes-endoscope-25/joystick_ws/install/wiimote_msgs/include/wiimote_msgs/wiimote_msgs/msg/detail/timed_switch__functions.c
[4.510s] -- Up-to-date: /home/bmes-endoscope-25/joystick_ws/install/wiimote_msgs/include/wiimote_msgs/wiimote_msgs/msg/detail/timed_switch__description.c
[4.510s] -- Up-to-date: /home/bmes-endoscope-25/joystick_ws/install/wiimote_msgs/include/wiimote_msgs/wiimote_msgs/msg/detail/ir_source_info__description.c
[4.511s] -- Installing: /home/bmes-endoscope-25/joystick_ws/install/wiimote_msgs/include/wiimote_msgs/wiimote_msgs/msg/detail/state__type_support.c
[4.511s] -- Up-to-date: /home/bmes-endoscope-25/joystick_ws/install/wiimote_msgs/include/wiimote_msgs/wiimote_msgs/msg/detail/timed_switch__struct.h
[4.512s] -- Up-to-date: /home/bmes-endoscope-25/joystick_ws/install/wiimote_msgs/include/wiimote_msgs/wiimote_msgs/msg/detail/ir_source_info__struct.h
[4.513s] -- Up-to-date: /home/bmes-endoscope-25/joystick_ws/install/wiimote_msgs/include/wiimote_msgs/wiimote_msgs/msg/detail/state__description.c
[4.513s] -- Up-to-date: /home/bmes-endoscope-25/joystick_ws/install/wiimote_msgs/include/wiimote_msgs/wiimote_msgs/msg/rosidl_generator_c__visibility_control.h
[4.513s] -- Up-to-date: /home/bmes-endoscope-25/joystick_ws/install/wiimote_msgs/include/wiimote_msgs/wiimote_msgs/msg/ir_source_info.h
[4.514s] -- Up-to-date: /home/bmes-endoscope-25/joystick_ws/install/wiimote_msgs/share/wiimote_msgs/environment/library_path.sh
[4.514s] -- Up-to-date: /home/bmes-endoscope-25/joystick_ws/install/wiimote_msgs/share/wiimote_msgs/environment/library_path.dsv
[4.515s] -- Up-to-date: /home/bmes-endoscope-25/joystick_ws/install/wiimote_msgs/lib/libwiimote_msgs__rosidl_generator_c.so
[4.515s] -- Up-to-date: /home/bmes-endoscope-25/joystick_ws/install/wiimote_msgs/include/wiimote_msgs/wiimote_msgs
[4.516s] -- Up-to-date: /home/bmes-endoscope-25/joystick_ws/install/wiimote_msgs/include/wiimote_msgs/wiimote_msgs/msg
[4.516s] -- Up-to-date: /home/bmes-endoscope-25/joystick_ws/install/wiimote_msgs/include/wiimote_msgs/wiimote_msgs/msg/rosidl_typesupport_fastrtps_c__visibility_control.h
[4.516s] -- Up-to-date: /home/bmes-endoscope-25/joystick_ws/install/wiimote_msgs/include/wiimote_msgs/wiimote_msgs/msg/detail
[4.517s] -- Up-to-date: /home/bmes-endoscope-25/joystick_ws/install/wiimote_msgs/include/wiimote_msgs/wiimote_msgs/msg/detail/state__rosidl_typesupport_fastrtps_c.h
[4.517s] -- Up-to-date: /home/bmes-endoscope-25/joystick_ws/install/wiimote_msgs/include/wiimote_msgs/wiimote_msgs/msg/detail/timed_switch__rosidl_typesupport_fastrtps_c.h
[4.518s] -- Up-to-date: /home/bmes-endoscope-25/joystick_ws/install/wiimote_msgs/include/wiimote_msgs/wiimote_msgs/msg/detail/ir_source_info__rosidl_typesupport_fastrtps_c.h
[4.518s] -- Up-to-date: /home/bmes-endoscope-25/joystick_ws/install/wiimote_msgs/lib/libwiimote_msgs__rosidl_typesupport_fastrtps_c.so
[4.523s] -- Up-to-date: /home/bmes-endoscope-25/joystick_ws/install/wiimote_msgs/include/wiimote_msgs/wiimote_msgs
[4.524s] -- Up-to-date: /home/bmes-endoscope-25/joystick_ws/install/wiimote_msgs/include/wiimote_msgs/wiimote_msgs/msg
[4.525s] -- Up-to-date: /home/bmes-endoscope-25/joystick_ws/install/wiimote_msgs/include/wiimote_msgs/wiimote_msgs/msg/rosidl_generator_cpp__visibility_control.hpp
[4.525s] -- Up-to-date: /home/bmes-endoscope-25/joystick_ws/install/wiimote_msgs/include/wiimote_msgs/wiimote_msgs/msg/ir_source_info.hpp
[4.526s] -- Up-to-date: /home/bmes-endoscope-25/joystick_ws/install/wiimote_msgs/include/wiimote_msgs/wiimote_msgs/msg/timed_switch.hpp
[4.526s] -- Up-to-date: /home/bmes-endoscope-25/joystick_ws/install/wiimote_msgs/include/wiimote_msgs/wiimote_msgs/msg/detail
[4.526s] -- Up-to-date: /home/bmes-endoscope-25/joystick_ws/install/wiimote_msgs/include/wiimote_msgs/wiimote_msgs/msg/detail/state__struct.hpp
[4.527s] -- Up-to-date: /home/bmes-endoscope-25/joystick_ws/install/wiimote_msgs/include/wiimote_msgs/wiimote_msgs/msg/detail/ir_source_info__traits.hpp
[4.528s] -- Up-to-date: /home/bmes-endoscope-25/joystick_ws/install/wiimote_msgs/include/wiimote_msgs/wiimote_msgs/msg/detail/ir_source_info__type_support.hpp
[4.528s] -- Up-to-date: /home/bmes-endoscope-25/joystick_ws/install/wiimote_msgs/include/wiimote_msgs/wiimote_msgs/msg/detail/timed_switch__builder.hpp
[4.529s] -- Up-to-date: /home/bmes-endoscope-25/joystick_ws/install/wiimote_msgs/include/wiimote_msgs/wiimote_msgs/msg/detail/state__type_support.hpp
[4.530s] -- Up-to-date: /home/bmes-endoscope-25/joystick_ws/install/wiimote_msgs/include/wiimote_msgs/wiimote_msgs/msg/detail/timed_switch__traits.hpp
[4.530s] -- Up-to-date: /home/bmes-endoscope-25/joystick_ws/install/wiimote_msgs/include/wiimote_msgs/wiimote_msgs/msg/detail/timed_switch__type_support.hpp
[4.531s] -- Up-to-date: /home/bmes-endoscope-25/joystick_ws/install/wiimote_msgs/include/wiimote_msgs/wiimote_msgs/msg/detail/ir_source_info__builder.hpp
[4.532s] -- Up-to-date: /home/bmes-endoscope-25/joystick_ws/install/wiimote_msgs/include/wiimote_msgs/wiimote_msgs/msg/detail/state__traits.hpp
[4.532s] -- Up-to-date: /home/bmes-endoscope-25/joystick_ws/install/wiimote_msgs/include/wiimote_msgs/wiimote_msgs/msg/detail/state__builder.hpp
[4.533s] -- Up-to-date: /home/bmes-endoscope-25/joystick_ws/install/wiimote_msgs/include/wiimote_msgs/wiimote_msgs/msg/detail/ir_source_info__struct.hpp
[4.533s] -- Up-to-date: /home/bmes-endoscope-25/joystick_ws/install/wiimote_msgs/include/wiimote_msgs/wiimote_msgs/msg/detail/timed_switch__struct.hpp
[4.534s] -- Up-to-date: /home/bmes-endoscope-25/joystick_ws/install/wiimote_msgs/include/wiimote_msgs/wiimote_msgs/msg/state.hpp
[4.534s] -- Up-to-date: /home/bmes-endoscope-25/joystick_ws/install/wiimote_msgs/include/wiimote_msgs/wiimote_msgs
[4.535s] -- Up-to-date: /home/bmes-endoscope-25/joystick_ws/install/wiimote_msgs/include/wiimote_msgs/wiimote_msgs/msg
[4.535s] -- Up-to-date: /home/bmes-endoscope-25/joystick_ws/install/wiimote_msgs/include/wiimote_msgs/wiimote_msgs/msg/rosidl_typesupport_fastrtps_cpp__visibility_control.h
[4.536s] -- Up-to-date: /home/bmes-endoscope-25/joystick_ws/install/wiimote_msgs/include/wiimote_msgs/wiimote_msgs/msg/detail
[4.536s] -- Up-to-date: /home/bmes-endoscope-25/joystick_ws/install/wiimote_msgs/include/wiimote_msgs/wiimote_msgs/msg/detail/timed_switch__rosidl_typesupport_fastrtps_cpp.hpp
[4.537s] -- Up-to-date: /home/bmes-endoscope-25/joystick_ws/install/wiimote_msgs/include/wiimote_msgs/wiimote_msgs/msg/detail/dds_fastrtps
[4.537s] -- Up-to-date: /home/bmes-endoscope-25/joystick_ws/install/wiimote_msgs/include/wiimote_msgs/wiimote_msgs/msg/detail/state__rosidl_typesupport_fastrtps_cpp.hpp
[4.538s] -- Up-to-date: /home/bmes-endoscope-25/joystick_ws/install/wiimote_msgs/include/wiimote_msgs/wiimote_msgs/msg/detail/ir_source_info__rosidl_typesupport_fastrtps_cpp.hpp
[4.538s] -- Up-to-date: /home/bmes-endoscope-25/joystick_ws/install/wiimote_msgs/lib/libwiimote_msgs__rosidl_typesupport_fastrtps_cpp.so
[4.539s] -- Up-to-date: /home/bmes-endoscope-25/joystick_ws/install/wiimote_msgs/include/wiimote_msgs/wiimote_msgs
[4.541s] -- Up-to-date: /home/bmes-endoscope-25/joystick_ws/install/wiimote_msgs/include/wiimote_msgs/wiimote_msgs/msg
[4.541s] -- Up-to-date: /home/bmes-endoscope-25/joystick_ws/install/wiimote_msgs/include/wiimote_msgs/wiimote_msgs/msg/rosidl_typesupport_introspection_c__visibility_control.h
[4.542s] -- Up-to-date: /home/bmes-endoscope-25/joystick_ws/install/wiimote_msgs/include/wiimote_msgs/wiimote_msgs/msg/detail
[4.542s] -- Installing: /home/bmes-endoscope-25/joystick_ws/install/wiimote_msgs/include/wiimote_msgs/wiimote_msgs/msg/detail/ir_source_info__type_support.c
[4.543s] -- Up-to-date: /home/bmes-endoscope-25/joystick_ws/install/wiimote_msgs/include/wiimote_msgs/wiimote_msgs/msg/detail/timed_switch__rosidl_typesupport_introspection_c.h
[4.543s] -- Installing: /home/bmes-endoscope-25/joystick_ws/install/wiimote_msgs/include/wiimote_msgs/wiimote_msgs/msg/detail/timed_switch__type_support.c
[4.544s] -- Up-to-date: /home/bmes-endoscope-25/joystick_ws/install/wiimote_msgs/include/wiimote_msgs/wiimote_msgs/msg/detail/ir_source_info__rosidl_typesupport_introspection_c.h
[4.544s] -- Up-to-date: /home/bmes-endoscope-25/joystick_ws/install/wiimote_msgs/include/wiimote_msgs/wiimote_msgs/msg/detail/state__rosidl_typesupport_introspection_c.h
[4.545s] -- Installing: /home/bmes-endoscope-25/joystick_ws/install/wiimote_msgs/include/wiimote_msgs/wiimote_msgs/msg/detail/state__type_support.c
[4.546s] -- Up-to-date: /home/bmes-endoscope-25/joystick_ws/install/wiimote_msgs/lib/libwiimote_msgs__rosidl_typesupport_introspection_c.so
[4.547s] -- Up-to-date: /home/bmes-endoscope-25/joystick_ws/install/wiimote_msgs/lib/libwiimote_msgs__rosidl_typesupport_c.so
[4.547s] -- Up-to-date: /home/bmes-endoscope-25/joystick_ws/install/wiimote_msgs/include/wiimote_msgs/wiimote_msgs
[4.550s] -- Up-to-date: /home/bmes-endoscope-25/joystick_ws/install/wiimote_msgs/include/wiimote_msgs/wiimote_msgs/msg
[4.552s] -- Up-to-date: /home/bmes-endoscope-25/joystick_ws/install/wiimote_msgs/include/wiimote_msgs/wiimote_msgs/msg/detail
[4.553s] -- Up-to-date: /home/bmes-endoscope-25/joystick_ws/install/wiimote_msgs/include/wiimote_msgs/wiimote_msgs/msg/detail/timed_switch__rosidl_typesupport_introspection_cpp.hpp
[4.553s] -- Up-to-date: /home/bmes-endoscope-25/joystick_ws/install/wiimote_msgs/include/wiimote_msgs/wiimote_msgs/msg/detail/state__rosidl_typesupport_introspection_cpp.hpp
[4.556s] -- Up-to-date: /home/bmes-endoscope-25/joystick_ws/install/wiimote_msgs/include/wiimote_msgs/wiimote_msgs/msg/detail/ir_source_info__type_support.cpp
[4.556s] -- Up-to-date: /home/bmes-endoscope-25/joystick_ws/install/wiimote_msgs/include/wiimote_msgs/wiimote_msgs/msg/detail/state__type_support.cpp
[4.559s] -- Up-to-date: /home/bmes-endoscope-25/joystick_ws/install/wiimote_msgs/include/wiimote_msgs/wiimote_msgs/msg/detail/ir_source_info__rosidl_typesupport_introspection_cpp.hpp
[4.560s] -- Up-to-date: /home/bmes-endoscope-25/joystick_ws/install/wiimote_msgs/include/wiimote_msgs/wiimote_msgs/msg/detail/timed_switch__type_support.cpp
[4.561s] -- Up-to-date: /home/bmes-endoscope-25/joystick_ws/install/wiimote_msgs/lib/libwiimote_msgs__rosidl_typesupport_introspection_cpp.so
[4.561s] -- Up-to-date: /home/bmes-endoscope-25/joystick_ws/install/wiimote_msgs/lib/libwiimote_msgs__rosidl_typesupport_cpp.so
[4.562s] -- Up-to-date: /home/bmes-endoscope-25/joystick_ws/install/wiimote_msgs/share/wiimote_msgs/environment/pythonpath.sh
[4.562s] -- Up-to-date: /home/bmes-endoscope-25/joystick_ws/install/wiimote_msgs/share/wiimote_msgs/environment/pythonpath.dsv
[4.563s] -- Up-to-date: /home/bmes-endoscope-25/joystick_ws/install/wiimote_msgs/lib/python3.12/site-packages/wiimote_msgs-3.3.0-py3.12.egg-info
[4.563s] -- Installing: /home/bmes-endoscope-25/joystick_ws/install/wiimote_msgs/lib/python3.12/site-packages/wiimote_msgs-3.3.0-py3.12.egg-info/SOURCES.txt
[4.565s] -- Installing: /home/bmes-endoscope-25/joystick_ws/install/wiimote_msgs/lib/python3.12/site-packages/wiimote_msgs-3.3.0-py3.12.egg-info/top_level.txt
[4.565s] -- Installing: /home/bmes-endoscope-25/joystick_ws/install/wiimote_msgs/lib/python3.12/site-packages/wiimote_msgs-3.3.0-py3.12.egg-info/PKG-INFO
[4.566s] -- Installing: /home/bmes-endoscope-25/joystick_ws/install/wiimote_msgs/lib/python3.12/site-packages/wiimote_msgs-3.3.0-py3.12.egg-info/dependency_links.txt
[4.566s] -- Up-to-date: /home/bmes-endoscope-25/joystick_ws/install/wiimote_msgs/lib/python3.12/site-packages/wiimote_msgs
[4.567s] -- Up-to-date: /home/bmes-endoscope-25/joystick_ws/install/wiimote_msgs/lib/python3.12/site-packages/wiimote_msgs/wiimote_msgs_s__rosidl_typesupport_c.so
[4.567s] -- Up-to-date: /home/bmes-endoscope-25/joystick_ws/install/wiimote_msgs/lib/python3.12/site-packages/wiimote_msgs/wiimote_msgs_s__rosidl_typesupport_introspection_c.so
[4.568s] -- Up-to-date: /home/bmes-endoscope-25/joystick_ws/install/wiimote_msgs/lib/python3.12/site-packages/wiimote_msgs/__init__.py
[4.572s] -- Up-to-date: /home/bmes-endoscope-25/joystick_ws/install/wiimote_msgs/lib/python3.12/site-packages/wiimote_msgs/_wiimote_msgs_s.ep.rosidl_typesupport_introspection_c.c
[4.574s] -- Up-to-date: /home/bmes-endoscope-25/joystick_ws/install/wiimote_msgs/lib/python3.12/site-packages/wiimote_msgs/msg
[4.575s] -- Up-to-date: /home/bmes-endoscope-25/joystick_ws/install/wiimote_msgs/lib/python3.12/site-packages/wiimote_msgs/msg/__init__.py
[4.576s] -- Up-to-date: /home/bmes-endoscope-25/joystick_ws/install/wiimote_msgs/lib/python3.12/site-packages/wiimote_msgs/msg/_state.py
[4.578s] -- Up-to-date: /home/bmes-endoscope-25/joystick_ws/install/wiimote_msgs/lib/python3.12/site-packages/wiimote_msgs/msg/_ir_source_info.py
[4.579s] -- Up-to-date: /home/bmes-endoscope-25/joystick_ws/install/wiimote_msgs/lib/python3.12/site-packages/wiimote_msgs/msg/_timed_switch.py
[4.579s] -- Up-to-date: /home/bmes-endoscope-25/joystick_ws/install/wiimote_msgs/lib/python3.12/site-packages/wiimote_msgs/msg/_timed_switch_s.c
[4.580s] -- Up-to-date: /home/bmes-endoscope-25/joystick_ws/install/wiimote_msgs/lib/python3.12/site-packages/wiimote_msgs/msg/_state_s.c
[4.582s] -- Up-to-date: /home/bmes-endoscope-25/joystick_ws/install/wiimote_msgs/lib/python3.12/site-packages/wiimote_msgs/msg/_ir_source_info_s.c
[4.583s] -- Up-to-date: /home/bmes-endoscope-25/joystick_ws/install/wiimote_msgs/lib/python3.12/site-packages/wiimote_msgs/wiimote_msgs_s__rosidl_typesupport_fastrtps_c.so
[4.584s] -- Up-to-date: /home/bmes-endoscope-25/joystick_ws/install/wiimote_msgs/lib/python3.12/site-packages/wiimote_msgs/_wiimote_msgs_s.ep.rosidl_typesupport_c.c
[4.585s] -- Up-to-date: /home/bmes-endoscope-25/joystick_ws/install/wiimote_msgs/lib/python3.12/site-packages/wiimote_msgs/_wiimote_msgs_s.ep.rosidl_typesupport_fastrtps_c.c
[4.766s] Listing '/home/bmes-endoscope-25/joystick_ws/install/wiimote_msgs/lib/python3.12/site-packages/wiimote_msgs'...
[4.767s] Listing '/home/bmes-endoscope-25/joystick_ws/install/wiimote_msgs/lib/python3.12/site-packages/wiimote_msgs/msg'...
[4.810s] -- Up-to-date: /home/bmes-endoscope-25/joystick_ws/install/wiimote_msgs/lib/python3.12/site-packages/wiimote_msgs/wiimote_msgs_s__rosidl_typesupport_fastrtps_c.so
[4.817s] -- Up-to-date: /home/bmes-endoscope-25/joystick_ws/install/wiimote_msgs/lib/python3.12/site-packages/wiimote_msgs/wiimote_msgs_s__rosidl_typesupport_introspection_c.so
[4.821s] -- Up-to-date: /home/bmes-endoscope-25/joystick_ws/install/wiimote_msgs/lib/python3.12/site-packages/wiimote_msgs/wiimote_msgs_s__rosidl_typesupport_c.so
[4.826s] -- Up-to-date: /home/bmes-endoscope-25/joystick_ws/install/wiimote_msgs/lib/libwiimote_msgs__rosidl_generator_py.so
[4.828s] -- Up-to-date: /home/bmes-endoscope-25/joystick_ws/install/wiimote_msgs/share/wiimote_msgs/msg/IrSourceInfo.idl
[4.829s] -- Up-to-date: /home/bmes-endoscope-25/joystick_ws/install/wiimote_msgs/share/wiimote_msgs/msg/State.idl
[4.829s] -- Up-to-date: /home/bmes-endoscope-25/joystick_ws/install/wiimote_msgs/share/wiimote_msgs/msg/TimedSwitch.idl
[4.830s] -- Up-to-date: /home/bmes-endoscope-25/joystick_ws/install/wiimote_msgs/share/wiimote_msgs/msg/IrSourceInfo.msg
[4.830s] -- Up-to-date: /home/bmes-endoscope-25/joystick_ws/install/wiimote_msgs/share/wiimote_msgs/msg/State.msg
[4.831s] -- Up-to-date: /home/bmes-endoscope-25/joystick_ws/install/wiimote_msgs/share/wiimote_msgs/msg/TimedSwitch.msg
[4.831s] -- Up-to-date: /home/bmes-endoscope-25/joystick_ws/install/wiimote_msgs/share/ament_index/resource_index/package_run_dependencies/wiimote_msgs
[4.832s] -- Up-to-date: /home/bmes-endoscope-25/joystick_ws/install/wiimote_msgs/share/ament_index/resource_index/parent_prefix_path/wiimote_msgs
[4.832s] -- Up-to-date: /home/bmes-endoscope-25/joystick_ws/install/wiimote_msgs/share/wiimote_msgs/environment/ament_prefix_path.sh
[4.833s] -- Up-to-date: /home/bmes-endoscope-25/joystick_ws/install/wiimote_msgs/share/wiimote_msgs/environment/ament_prefix_path.dsv
[4.834s] -- Up-to-date: /home/bmes-endoscope-25/joystick_ws/install/wiimote_msgs/share/wiimote_msgs/environment/path.sh
[4.834s] -- Up-to-date: /home/bmes-endoscope-25/joystick_ws/install/wiimote_msgs/share/wiimote_msgs/environment/path.dsv
[4.835s] -- Up-to-date: /home/bmes-endoscope-25/joystick_ws/install/wiimote_msgs/share/wiimote_msgs/local_setup.bash
[4.836s] -- Up-to-date: /home/bmes-endoscope-25/joystick_ws/install/wiimote_msgs/share/wiimote_msgs/local_setup.sh
[4.836s] -- Up-to-date: /home/bmes-endoscope-25/joystick_ws/install/wiimote_msgs/share/wiimote_msgs/local_setup.zsh
[4.837s] -- Up-to-date: /home/bmes-endoscope-25/joystick_ws/install/wiimote_msgs/share/wiimote_msgs/local_setup.dsv
[4.837s] -- Installing: /home/bmes-endoscope-25/joystick_ws/install/wiimote_msgs/share/wiimote_msgs/package.dsv
[4.837s] -- Up-to-date: /home/bmes-endoscope-25/joystick_ws/install/wiimote_msgs/share/ament_index/resource_index/packages/wiimote_msgs
[4.838s] -- Up-to-date: /home/bmes-endoscope-25/joystick_ws/install/wiimote_msgs/share/wiimote_msgs/cmake/export_wiimote_msgs__rosidl_generator_cExport.cmake
[4.839s] -- Up-to-date: /home/bmes-endoscope-25/joystick_ws/install/wiimote_msgs/share/wiimote_msgs/cmake/export_wiimote_msgs__rosidl_generator_cExport-noconfig.cmake
[4.839s] -- Up-to-date: /home/bmes-endoscope-25/joystick_ws/install/wiimote_msgs/share/wiimote_msgs/cmake/export_wiimote_msgs__rosidl_typesupport_fastrtps_cExport.cmake
[4.840s] -- Up-to-date: /home/bmes-endoscope-25/joystick_ws/install/wiimote_msgs/share/wiimote_msgs/cmake/export_wiimote_msgs__rosidl_typesupport_fastrtps_cExport-noconfig.cmake
[4.841s] -- Up-to-date: /home/bmes-endoscope-25/joystick_ws/install/wiimote_msgs/share/wiimote_msgs/cmake/export_wiimote_msgs__rosidl_generator_cppExport.cmake
[4.842s] -- Up-to-date: /home/bmes-endoscope-25/joystick_ws/install/wiimote_msgs/share/wiimote_msgs/cmake/export_wiimote_msgs__rosidl_typesupport_fastrtps_cppExport.cmake
[4.842s] -- Up-to-date: /home/bmes-endoscope-25/joystick_ws/install/wiimote_msgs/share/wiimote_msgs/cmake/export_wiimote_msgs__rosidl_typesupport_fastrtps_cppExport-noconfig.cmake
[4.843s] -- Up-to-date: /home/bmes-endoscope-25/joystick_ws/install/wiimote_msgs/share/wiimote_msgs/cmake/wiimote_msgs__rosidl_typesupport_introspection_cExport.cmake
[4.843s] -- Up-to-date: /home/bmes-endoscope-25/joystick_ws/install/wiimote_msgs/share/wiimote_msgs/cmake/wiimote_msgs__rosidl_typesupport_introspection_cExport-noconfig.cmake
[4.844s] -- Up-to-date: /home/bmes-endoscope-25/joystick_ws/install/wiimote_msgs/share/wiimote_msgs/cmake/wiimote_msgs__rosidl_typesupport_cExport.cmake
[4.845s] -- Up-to-date: /home/bmes-endoscope-25/joystick_ws/install/wiimote_msgs/share/wiimote_msgs/cmake/wiimote_msgs__rosidl_typesupport_cExport-noconfig.cmake
[4.845s] -- Up-to-date: /home/bmes-endoscope-25/joystick_ws/install/wiimote_msgs/share/wiimote_msgs/cmake/wiimote_msgs__rosidl_typesupport_introspection_cppExport.cmake
[4.846s] -- Up-to-date: /home/bmes-endoscope-25/joystick_ws/install/wiimote_msgs/share/wiimote_msgs/cmake/wiimote_msgs__rosidl_typesupport_introspection_cppExport-noconfig.cmake
[4.846s] -- Up-to-date: /home/bmes-endoscope-25/joystick_ws/install/wiimote_msgs/share/wiimote_msgs/cmake/wiimote_msgs__rosidl_typesupport_cppExport.cmake
[4.847s] -- Up-to-date: /home/bmes-endoscope-25/joystick_ws/install/wiimote_msgs/share/wiimote_msgs/cmake/wiimote_msgs__rosidl_typesupport_cppExport-noconfig.cmake
[4.848s] -- Up-to-date: /home/bmes-endoscope-25/joystick_ws/install/wiimote_msgs/share/wiimote_msgs/cmake/export_wiimote_msgs__rosidl_generator_pyExport.cmake
[4.848s] -- Up-to-date: /home/bmes-endoscope-25/joystick_ws/install/wiimote_msgs/share/wiimote_msgs/cmake/export_wiimote_msgs__rosidl_generator_pyExport-noconfig.cmake
[4.849s] -- Up-to-date: /home/bmes-endoscope-25/joystick_ws/install/wiimote_msgs/share/wiimote_msgs/cmake/rosidl_cmake-extras.cmake
[4.849s] -- Up-to-date: /home/bmes-endoscope-25/joystick_ws/install/wiimote_msgs/share/wiimote_msgs/cmake/ament_cmake_export_dependencies-extras.cmake
[4.850s] -- Up-to-date: /home/bmes-endoscope-25/joystick_ws/install/wiimote_msgs/share/wiimote_msgs/cmake/ament_cmake_export_include_directories-extras.cmake
[4.850s] -- Up-to-date: /home/bmes-endoscope-25/joystick_ws/install/wiimote_msgs/share/wiimote_msgs/cmake/ament_cmake_export_libraries-extras.cmake
[4.851s] -- Up-to-date: /home/bmes-endoscope-25/joystick_ws/install/wiimote_msgs/share/wiimote_msgs/cmake/ament_cmake_export_targets-extras.cmake
[4.858s] -- Up-to-date: /home/bmes-endoscope-25/joystick_ws/install/wiimote_msgs/share/wiimote_msgs/cmake/rosidl_cmake_export_typesupport_targets-extras.cmake
[4.861s] -- Up-to-date: /home/bmes-endoscope-25/joystick_ws/install/wiimote_msgs/share/wiimote_msgs/cmake/rosidl_cmake_export_typesupport_libraries-extras.cmake
[4.861s] -- Up-to-date: /home/bmes-endoscope-25/joystick_ws/install/wiimote_msgs/share/wiimote_msgs/cmake/wiimote_msgsConfig.cmake
[4.862s] -- Up-to-date: /home/bmes-endoscope-25/joystick_ws/install/wiimote_msgs/share/wiimote_msgs/cmake/wiimote_msgsConfig-version.cmake
[4.865s] -- Up-to-date: /home/bmes-endoscope-25/joystick_ws/install/wiimote_msgs/share/wiimote_msgs/package.xml
[4.871s] Invoked command in '/home/bmes-endoscope-25/joystick_ws/build/wiimote_msgs' returned '0': CMAKE_PREFIX_PATH=${CMAKE_PREFIX_PATH}:/opt/ros/jazzy DEBUGINFOD_URLS=https://debuginfod.ubuntu.com /usr/bin/cmake --install /home/bmes-endoscope-25/joystick_ws/build/wiimote_msgs
