[0.173s] Invoking command in '/home/bmes-endoscope-25/joystick_ws/build/spacenav': CMAKE_PREFIX_PATH=${CMAKE_PREFIX_PATH}:/opt/ros/jazzy DEBUGINFOD_URLS=https://debuginfod.ubuntu.com /usr/bin/cmake --build /home/bmes-endoscope-25/joystick_ws/build/spacenav -- -j4 -l4
[0.402s] gmake: Warning: File 'Makefile' has modification time 29763693 s in the future
[0.668s] gmake[1]: Warning: File 'CMakeFiles/Makefile2' has modification time 29763693 s in the future
[0.693s] gmake[2]: Warning: File 'CMakeFiles/spacenav.dir/flags.make' has modification time 29763693 s in the future
[0.702s] gmake[2]: Warning: File 'CMakeFiles/spacenav_node.dir/flags.make' has modification time 29763693 s in the future
[0.824s] gmake[2]: warning:  Clock skew detected.  Your build may be incomplete.
[0.840s] gmake[2]: Warning: File 'CMakeFiles/spacenav.dir/flags.make' has modification time 29763693 s in the future
[0.864s] gmake[2]: warning:  Clock skew detected.  Your build may be incomplete.
[0.877s] gmake[2]: Warning: File 'CMakeFiles/spacenav_node.dir/flags.make' has modification time 29763692 s in the future
[0.907s] [ 25%] [32mBuilding CXX object CMakeFiles/spacenav.dir/src/spacenav.cpp.o[0m
[1.184s] gmake[2]: warning:  Clock skew detected.  Your build may be incomplete.
[1.271s] [ 75%] Built target spacenav_node
[76.953s] [100%] [32m[1mLinking CXX shared library libspacenav.so[0m
[79.720s] gmake[2]: warning:  Clock skew detected.  Your build may be incomplete.
[79.790s] [100%] Built target spacenav
[79.803s] gmake[1]: warning:  Clock skew detected.  Your build may be incomplete.
[79.885s] gmake: warning:  Clock skew detected.  Your build may be incomplete.
[79.895s] Invoked command in '/home/bmes-endoscope-25/joystick_ws/build/spacenav' returned '0': CMAKE_PREFIX_PATH=${CMAKE_PREFIX_PATH}:/opt/ros/jazzy DEBUGINFOD_URLS=https://debuginfod.ubuntu.com /usr/bin/cmake --build /home/bmes-endoscope-25/joystick_ws/build/spacenav -- -j4 -l4
[79.913s] Invoking command in '/home/bmes-endoscope-25/joystick_ws/build/spacenav': CMAKE_PREFIX_PATH=${CMAKE_PREFIX_PATH}:/opt/ros/jazzy DEBUGINFOD_URLS=https://debuginfod.ubuntu.com /usr/bin/cmake --install /home/bmes-endoscope-25/joystick_ws/build/spacenav
[79.976s] -- Install configuration: ""
[79.978s] -- Installing: /home/bmes-endoscope-25/joystick_ws/install/spacenav/lib/libspacenav.so
[80.010s] -- Set non-toolchain portion of runtime path of "/home/bmes-endoscope-25/joystick_ws/install/spacenav/lib/libspacenav.so" to ""
[80.013s] -- Installing: /home/bmes-endoscope-25/joystick_ws/install/spacenav/lib/spacenav/spacenav_node
[80.024s] -- Set non-toolchain portion of runtime path of "/home/bmes-endoscope-25/joystick_ws/install/spacenav/lib/spacenav/spacenav_node" to ""
[80.025s] -- Installing: /home/bmes-endoscope-25/joystick_ws/install/spacenav/include/spacenav
[80.030s] -- Installing: /home/bmes-endoscope-25/joystick_ws/install/spacenav/include/spacenav/spacenav
[80.031s] -- Installing: /home/bmes-endoscope-25/joystick_ws/install/spacenav/include/spacenav/spacenav/spacenav.hpp
[80.035s] -- Installing: /home/bmes-endoscope-25/joystick_ws/install/spacenav/share/spacenav//launch
[80.036s] -- Installing: /home/bmes-endoscope-25/joystick_ws/install/spacenav/share/spacenav//launch/classic-launch.py
[80.037s] -- Installing: /home/bmes-endoscope-25/joystick_ws/install/spacenav/share/spacenav//launch/no_deadband-launch.py
[80.039s] -- Installing: /home/bmes-endoscope-25/joystick_ws/install/spacenav/share/spacenav//launch/static_deadband-launch.py
[80.047s] -- Installing: /home/bmes-endoscope-25/joystick_ws/install/spacenav/share/ament_index/resource_index/package_run_dependencies/spacenav
[80.050s] -- Installing: /home/bmes-endoscope-25/joystick_ws/install/spacenav/share/ament_index/resource_index/parent_prefix_path/spacenav
[80.054s] -- Installing: /home/bmes-endoscope-25/joystick_ws/install/spacenav/share/spacenav/environment/ament_prefix_path.sh
[80.060s] -- Installing: /home/bmes-endoscope-25/joystick_ws/install/spacenav/share/spacenav/environment/ament_prefix_path.dsv
[80.067s] -- Installing: /home/bmes-endoscope-25/joystick_ws/install/spacenav/share/spacenav/environment/path.sh
[80.072s] -- Installing: /home/bmes-endoscope-25/joystick_ws/install/spacenav/share/spacenav/environment/path.dsv
[80.079s] -- Installing: /home/bmes-endoscope-25/joystick_ws/install/spacenav/share/spacenav/local_setup.bash
[80.084s] -- Installing: /home/bmes-endoscope-25/joystick_ws/install/spacenav/share/spacenav/local_setup.sh
[80.096s] -- Installing: /home/bmes-endoscope-25/joystick_ws/install/spacenav/share/spacenav/local_setup.zsh
[80.107s] -- Installing: /home/bmes-endoscope-25/joystick_ws/install/spacenav/share/spacenav/local_setup.dsv
[80.111s] -- Installing: /home/bmes-endoscope-25/joystick_ws/install/spacenav/share/spacenav/package.dsv
[80.113s] -- Installing: /home/bmes-endoscope-25/joystick_ws/install/spacenav/share/ament_index/resource_index/packages/spacenav
[80.114s] -- Installing: /home/bmes-endoscope-25/joystick_ws/install/spacenav/share/ament_index/resource_index/rclcpp_components/spacenav
[80.119s] -- Installing: /home/bmes-endoscope-25/joystick_ws/install/spacenav/share/spacenav/cmake/export_spacenavExport.cmake
[80.124s] -- Installing: /home/bmes-endoscope-25/joystick_ws/install/spacenav/share/spacenav/cmake/export_spacenavExport-noconfig.cmake
[80.131s] -- Installing: /home/bmes-endoscope-25/joystick_ws/install/spacenav/share/spacenav/cmake/ament_cmake_export_targets-extras.cmake
[80.138s] -- Installing: /home/bmes-endoscope-25/joystick_ws/install/spacenav/share/spacenav/cmake/spacenavConfig.cmake
[80.145s] -- Installing: /home/bmes-endoscope-25/joystick_ws/install/spacenav/share/spacenav/cmake/spacenavConfig-version.cmake
[80.146s] -- Installing: /home/bmes-endoscope-25/joystick_ws/install/spacenav/share/spacenav/package.xml
[80.155s] Invoked command in '/home/bmes-endoscope-25/joystick_ws/build/spacenav' returned '0': CMAKE_PREFIX_PATH=${CMAKE_PREFIX_PATH}:/opt/ros/jazzy DEBUGINFOD_URLS=https://debuginfod.ubuntu.com /usr/bin/cmake --install /home/bmes-endoscope-25/joystick_ws/build/spacenav
