[0.161s] Invoking command in '/home/bmes-endoscope-25/joystick_ws/build/my_teleop': CMAKE_PREFIX_PATH=${CMAKE_PREFIX_PATH}:/opt/ros/jazzy DEBUGINFOD_URLS=https://debuginfod.ubuntu.com /usr/bin/cmake --build /home/bmes-endoscope-25/joystick_ws/build/my_teleop -- -j4 -l4
[0.752s] [ 50%] [32mBuilding CXX object CMakeFiles/controller_dpad.dir/src/controller_dpad.cpp.o[0m
[47.102s] [100%] [32m[1mLinking CXX executable controller_dpad[0m
[49.313s] [100%] Built target controller_dpad
[49.383s] Invoked command in '/home/bmes-endoscope-25/joystick_ws/build/my_teleop' returned '0': CMAKE_PREFIX_PATH=${CMAKE_PREFIX_PATH}:/opt/ros/jazzy DEBUGINFOD_URLS=https://debuginfod.ubuntu.com /usr/bin/cmake --build /home/bmes-endoscope-25/joystick_ws/build/my_teleop -- -j4 -l4
[49.389s] Invoking command in '/home/bmes-endoscope-25/joystick_ws/build/my_teleop': CMAKE_PREFIX_PATH=${CMAKE_PREFIX_PATH}:/opt/ros/jazzy DEBUGINFOD_URLS=https://debuginfod.ubuntu.com /usr/bin/cmake --install /home/bmes-endoscope-25/joystick_ws/build/my_teleop
[49.440s] -- Install configuration: ""
[49.441s] -- Up-to-date: /home/bmes-endoscope-25/joystick_ws/install/my_teleop/share/ament_index/resource_index/package_run_dependencies/my_teleop
[49.441s] -- Up-to-date: /home/bmes-endoscope-25/joystick_ws/install/my_teleop/share/ament_index/resource_index/parent_prefix_path/my_teleop
[49.442s] -- Up-to-date: /home/bmes-endoscope-25/joystick_ws/install/my_teleop/share/my_teleop/environment/ament_prefix_path.sh
[49.443s] -- Up-to-date: /home/bmes-endoscope-25/joystick_ws/install/my_teleop/share/my_teleop/environment/ament_prefix_path.dsv
[49.443s] -- Up-to-date: /home/bmes-endoscope-25/joystick_ws/install/my_teleop/share/my_teleop/environment/path.sh
[49.444s] -- Up-to-date: /home/bmes-endoscope-25/joystick_ws/install/my_teleop/share/my_teleop/environment/path.dsv
[49.444s] -- Up-to-date: /home/bmes-endoscope-25/joystick_ws/install/my_teleop/share/my_teleop/local_setup.bash
[49.445s] -- Up-to-date: /home/bmes-endoscope-25/joystick_ws/install/my_teleop/share/my_teleop/local_setup.sh
[49.445s] -- Up-to-date: /home/bmes-endoscope-25/joystick_ws/install/my_teleop/share/my_teleop/local_setup.zsh
[49.446s] -- Up-to-date: /home/bmes-endoscope-25/joystick_ws/install/my_teleop/share/my_teleop/local_setup.dsv
[49.446s] -- Installing: /home/bmes-endoscope-25/joystick_ws/install/my_teleop/share/my_teleop/package.dsv
[49.446s] -- Up-to-date: /home/bmes-endoscope-25/joystick_ws/install/my_teleop/share/ament_index/resource_index/packages/my_teleop
[49.447s] -- Up-to-date: /home/bmes-endoscope-25/joystick_ws/install/my_teleop/share/my_teleop/cmake/my_teleopConfig.cmake
[49.447s] -- Up-to-date: /home/bmes-endoscope-25/joystick_ws/install/my_teleop/share/my_teleop/cmake/my_teleopConfig-version.cmake
[49.448s] -- Up-to-date: /home/bmes-endoscope-25/joystick_ws/install/my_teleop/share/my_teleop/package.xml
[49.448s] -- Installing: /home/bmes-endoscope-25/joystick_ws/install/my_teleop/lib/my_teleop/controller_dpad
[49.481s] -- Set non-toolchain portion of runtime path of "/home/bmes-endoscope-25/joystick_ws/install/my_teleop/lib/my_teleop/controller_dpad" to ""
[49.489s] Invoked command in '/home/bmes-endoscope-25/joystick_ws/build/my_teleop' returned '0': CMAKE_PREFIX_PATH=${CMAKE_PREFIX_PATH}:/opt/ros/jazzy DEBUGINFOD_URLS=https://debuginfod.ubuntu.com /usr/bin/cmake --install /home/bmes-endoscope-25/joystick_ws/build/my_teleop
