-- Found ament_cmake: 2.5.3 (/opt/ros/jazzy/share/ament_cmake/cmake)
-- Found rclcpp: 28.1.6 (/opt/ros/jazzy/share/rclcpp/cmake)
-- Found rosidl_generator_c: 4.6.5 (/opt/ros/jazzy/share/rosidl_generator_c/cmake)
-- Found rosidl_generator_cpp: 4.6.5 (/opt/ros/jazzy/share/rosidl_generator_cpp/cmake)
-- Using all available rosidl_typesupport_c: rosidl_typesupport_fastrtps_c;rosidl_typesupport_introspection_c
-- Using all available rosidl_typesupport_cpp: rosidl_typesupport_fastrtps_cpp;rosidl_typesupport_introspection_cpp
-- Found rmw_implementation_cmake: 7.3.1 (/opt/ros/jazzy/share/rmw_implementation_cmake/cmake)
-- Found rmw_fastrtps_cpp: 8.4.1 (/opt/ros/jazzy/share/rmw_fastrtps_cpp/cmake)
-- Using RMW implementation 'rmw_fastrtps_cpp' as default
-- Found sensor_msgs: 5.3.5 (/opt/ros/jazzy/share/sensor_msgs/cmake)
-- Found ament_lint_auto: 0.17.1 (/opt/ros/jazzy/share/ament_lint_auto/cmake)
-- Added test 'cppcheck' to perform static code analysis on C / C++ code
-- Configured cppcheck include dirs: 
-- Configured cppcheck exclude dirs and/or files: 
-- Added test 'lint_cmake' to check CMake code style
-- Added test 'uncrustify' to check C / C++ code style
-- Configured uncrustify additional arguments: 
-- Added test 'xmllint' to check XML markup files
-- Configuring done (3.2s)
-- Generating done (0.0s)
-- Build files have been written to: /home/bmes-endoscope-25/joystick_ws/build/my_teleop
[ 50%] [32mBuilding CXX object CMakeFiles/controller_dpad.dir/src/controller_dpad.cpp.o[0m
[100%] [32m[1mLinking CXX executable controller_dpad[0m
[100%] Built target controller_dpad
-- Install configuration: ""
-- Installing: /home/bmes-endoscope-25/joystick_ws/install/my_teleop/share/ament_index/resource_index/package_run_dependencies/my_teleop
-- Installing: /home/bmes-endoscope-25/joystick_ws/install/my_teleop/share/ament_index/resource_index/parent_prefix_path/my_teleop
-- Installing: /home/bmes-endoscope-25/joystick_ws/install/my_teleop/share/my_teleop/environment/ament_prefix_path.sh
-- Installing: /home/bmes-endoscope-25/joystick_ws/install/my_teleop/share/my_teleop/environment/ament_prefix_path.dsv
-- Installing: /home/bmes-endoscope-25/joystick_ws/install/my_teleop/share/my_teleop/environment/path.sh
-- Installing: /home/bmes-endoscope-25/joystick_ws/install/my_teleop/share/my_teleop/environment/path.dsv
-- Installing: /home/bmes-endoscope-25/joystick_ws/install/my_teleop/share/my_teleop/local_setup.bash
-- Installing: /home/bmes-endoscope-25/joystick_ws/install/my_teleop/share/my_teleop/local_setup.sh
-- Installing: /home/bmes-endoscope-25/joystick_ws/install/my_teleop/share/my_teleop/local_setup.zsh
-- Installing: /home/bmes-endoscope-25/joystick_ws/install/my_teleop/share/my_teleop/local_setup.dsv
-- Installing: /home/bmes-endoscope-25/joystick_ws/install/my_teleop/share/my_teleop/package.dsv
-- Installing: /home/bmes-endoscope-25/joystick_ws/install/my_teleop/share/ament_index/resource_index/packages/my_teleop
-- Installing: /home/bmes-endoscope-25/joystick_ws/install/my_teleop/share/my_teleop/cmake/my_teleopConfig.cmake
-- Installing: /home/bmes-endoscope-25/joystick_ws/install/my_teleop/share/my_teleop/cmake/my_teleopConfig-version.cmake
-- Installing: /home/bmes-endoscope-25/joystick_ws/install/my_teleop/share/my_teleop/package.xml
-- Installing: /home/bmes-endoscope-25/joystick_ws/install/my_teleop/lib/my_teleop/controller_dpad
-- Set non-toolchain portion of runtime path of "/home/bmes-endoscope-25/joystick_ws/install/my_teleop/lib/my_teleop/controller_dpad" to ""
