[0.277s] Invoking command in '/home/bmes-endoscope-25/joystick_ws/build/joy': CMAKE_PREFIX_PATH=/home/bmes-endoscope-25/joystick_ws/install/sdl2_vendor:/home/bmes-endoscope-25/joystick_ws/install/wiimote:/home/bmes-endoscope-25/joystick_ws/install/wiimote_msgs:/home/bmes-endoscope-25/joystick_ws/install/spacenav:/home/bmes-endoscope-25/joystick_ws/install/joy:/home/bmes-endoscope-25/joystick_ws/install/my_teleop:/home/bmes-endoscope-25/joystick_ws/install/joy_linux:/opt/ros/jazzy/opt/gz_math_vendor:/opt/ros/jazzy/opt/gz_utils_vendor:/opt/ros/jazzy/opt/gz_cmake_vendor:/opt/ros/jazzy DEBUGINFOD_URLS=https://debuginfod.ubuntu.com /usr/bin/cmake --build /home/bmes-endoscope-25/joystick_ws/build/joy -- -j4 -l4
[0.936s] [ 20%] Built target joy_node
[0.942s] [ 40%] Built target game_controller_node
[0.981s] [ 60%] Built target joy
[0.997s] [ 80%] Built target game_controller
[1.123s] [100%] Built target joy_enumerate_devices
[1.216s] Invoked command in '/home/bmes-endoscope-25/joystick_ws/build/joy' returned '0': CMAKE_PREFIX_PATH=/home/bmes-endoscope-25/joystick_ws/install/sdl2_vendor:/home/bmes-endoscope-25/joystick_ws/install/wiimote:/home/bmes-endoscope-25/joystick_ws/install/wiimote_msgs:/home/bmes-endoscope-25/joystick_ws/install/spacenav:/home/bmes-endoscope-25/joystick_ws/install/joy:/home/bmes-endoscope-25/joystick_ws/install/my_teleop:/home/bmes-endoscope-25/joystick_ws/install/joy_linux:/opt/ros/jazzy/opt/gz_math_vendor:/opt/ros/jazzy/opt/gz_utils_vendor:/opt/ros/jazzy/opt/gz_cmake_vendor:/opt/ros/jazzy DEBUGINFOD_URLS=https://debuginfod.ubuntu.com /usr/bin/cmake --build /home/bmes-endoscope-25/joystick_ws/build/joy -- -j4 -l4
[1.225s] Invoking command in '/home/bmes-endoscope-25/joystick_ws/build/joy': CMAKE_PREFIX_PATH=/home/bmes-endoscope-25/joystick_ws/install/sdl2_vendor:/home/bmes-endoscope-25/joystick_ws/install/wiimote:/home/bmes-endoscope-25/joystick_ws/install/wiimote_msgs:/home/bmes-endoscope-25/joystick_ws/install/spacenav:/home/bmes-endoscope-25/joystick_ws/install/joy:/home/bmes-endoscope-25/joystick_ws/install/my_teleop:/home/bmes-endoscope-25/joystick_ws/install/joy_linux:/opt/ros/jazzy/opt/gz_math_vendor:/opt/ros/jazzy/opt/gz_utils_vendor:/opt/ros/jazzy/opt/gz_cmake_vendor:/opt/ros/jazzy DEBUGINFOD_URLS=https://debuginfod.ubuntu.com /usr/bin/cmake --install /home/bmes-endoscope-25/joystick_ws/build/joy
[1.301s] -- Install configuration: ""
[1.302s] -- Up-to-date: /home/bmes-endoscope-25/joystick_ws/install/joy/lib/libjoy.so
[1.305s] -- Up-to-date: /home/bmes-endoscope-25/joystick_ws/install/joy/lib/joy/joy_node
[1.308s] -- Up-to-date: /home/bmes-endoscope-25/joystick_ws/install/joy/lib/libgame_controller.so
[1.310s] -- Up-to-date: /home/bmes-endoscope-25/joystick_ws/install/joy/lib/joy/game_controller_node
[1.312s] -- Up-to-date: /home/bmes-endoscope-25/joystick_ws/install/joy/lib/joy/joy_enumerate_devices
[1.313s] -- Up-to-date: /home/bmes-endoscope-25/joystick_ws/install/joy/include/joy
[1.313s] -- Up-to-date: /home/bmes-endoscope-25/joystick_ws/install/joy/include/joy/joy
[1.314s] -- Up-to-date: /home/bmes-endoscope-25/joystick_ws/install/joy/include/joy/joy/game_controller.hpp
[1.315s] -- Up-to-date: /home/bmes-endoscope-25/joystick_ws/install/joy/include/joy/joy/joy.hpp
[1.315s] -- Up-to-date: /home/bmes-endoscope-25/joystick_ws/install/joy/share/joy/config
[1.316s] -- Up-to-date: /home/bmes-endoscope-25/joystick_ws/install/joy/share/joy/config/joy-params.yaml
[1.316s] -- Up-to-date: /home/bmes-endoscope-25/joystick_ws/install/joy/share/joy/launch
[1.317s] -- Up-to-date: /home/bmes-endoscope-25/joystick_ws/install/joy/share/joy/launch/joy-launch.py
[1.318s] -- Up-to-date: /home/bmes-endoscope-25/joystick_ws/install/joy/share/joy/launch/joy-composed-launch.py
[1.318s] -- Up-to-date: /home/bmes-endoscope-25/joystick_ws/install/joy/share/ament_index/resource_index/package_run_dependencies/joy
[1.319s] -- Up-to-date: /home/bmes-endoscope-25/joystick_ws/install/joy/share/ament_index/resource_index/parent_prefix_path/joy
[1.320s] -- Up-to-date: /home/bmes-endoscope-25/joystick_ws/install/joy/share/joy/environment/ament_prefix_path.sh
[1.320s] -- Up-to-date: /home/bmes-endoscope-25/joystick_ws/install/joy/share/joy/environment/ament_prefix_path.dsv
[1.321s] -- Up-to-date: /home/bmes-endoscope-25/joystick_ws/install/joy/share/joy/environment/path.sh
[1.321s] -- Up-to-date: /home/bmes-endoscope-25/joystick_ws/install/joy/share/joy/environment/path.dsv
[1.322s] -- Up-to-date: /home/bmes-endoscope-25/joystick_ws/install/joy/share/joy/local_setup.bash
[1.323s] -- Up-to-date: /home/bmes-endoscope-25/joystick_ws/install/joy/share/joy/local_setup.sh
[1.323s] -- Up-to-date: /home/bmes-endoscope-25/joystick_ws/install/joy/share/joy/local_setup.zsh
[1.324s] -- Up-to-date: /home/bmes-endoscope-25/joystick_ws/install/joy/share/joy/local_setup.dsv
[1.324s] -- Installing: /home/bmes-endoscope-25/joystick_ws/install/joy/share/joy/package.dsv
[1.325s] -- Up-to-date: /home/bmes-endoscope-25/joystick_ws/install/joy/share/ament_index/resource_index/packages/joy
[1.326s] -- Up-to-date: /home/bmes-endoscope-25/joystick_ws/install/joy/share/ament_index/resource_index/rclcpp_components/joy
[1.326s] -- Up-to-date: /home/bmes-endoscope-25/joystick_ws/install/joy/share/joy/cmake/export_joyExport.cmake
[1.327s] -- Up-to-date: /home/bmes-endoscope-25/joystick_ws/install/joy/share/joy/cmake/export_joyExport-noconfig.cmake
[1.327s] -- Up-to-date: /home/bmes-endoscope-25/joystick_ws/install/joy/share/joy/cmake/export_game_controllerExport.cmake
[1.328s] -- Up-to-date: /home/bmes-endoscope-25/joystick_ws/install/joy/share/joy/cmake/export_game_controllerExport-noconfig.cmake
[1.328s] -- Up-to-date: /home/bmes-endoscope-25/joystick_ws/install/joy/share/joy/cmake/ament_cmake_export_targets-extras.cmake
[1.329s] -- Up-to-date: /home/bmes-endoscope-25/joystick_ws/install/joy/share/joy/cmake/ament_cmake_export_dependencies-extras.cmake
[1.329s] -- Up-to-date: /home/bmes-endoscope-25/joystick_ws/install/joy/share/joy/cmake/joyConfig.cmake
[1.330s] -- Up-to-date: /home/bmes-endoscope-25/joystick_ws/install/joy/share/joy/cmake/joyConfig-version.cmake
[1.331s] -- Up-to-date: /home/bmes-endoscope-25/joystick_ws/install/joy/share/joy/package.xml
[1.334s] Invoked command in '/home/bmes-endoscope-25/joystick_ws/build/joy' returned '0': CMAKE_PREFIX_PATH=/home/bmes-endoscope-25/joystick_ws/install/sdl2_vendor:/home/bmes-endoscope-25/joystick_ws/install/wiimote:/home/bmes-endoscope-25/joystick_ws/install/wiimote_msgs:/home/bmes-endoscope-25/joystick_ws/install/spacenav:/home/bmes-endoscope-25/joystick_ws/install/joy:/home/bmes-endoscope-25/joystick_ws/install/my_teleop:/home/bmes-endoscope-25/joystick_ws/install/joy_linux:/opt/ros/jazzy/opt/gz_math_vendor:/opt/ros/jazzy/opt/gz_utils_vendor:/opt/ros/jazzy/opt/gz_cmake_vendor:/opt/ros/jazzy DEBUGINFOD_URLS=https://debuginfod.ubuntu.com /usr/bin/cmake --install /home/bmes-endoscope-25/joystick_ws/build/joy
