[0.137s] Invoking command in '/home/bmes-endoscope-25/joystick_ws/build/joy': AMENT_PREFIX_PATH=/home/bmes-endoscope-25/joystick_ws/install/sdl2_vendor:${AMENT_PREFIX_PATH} CMAKE_PREFIX_PATH=/home/bmes-endoscope-25/joystick_ws/install/sdl2_vendor:/opt/ros/jazzy/opt/gz_math_vendor:/opt/ros/jazzy/opt/gz_utils_vendor:/opt/ros/jazzy/opt/gz_cmake_vendor:/opt/ros/jazzy DEBUGINFOD_URLS=https://debuginfod.ubuntu.com /usr/bin/cmake --build /home/bmes-endoscope-25/joystick_ws/build/joy -- -j4 -l4
[1.003s] [ 20%] Built target game_controller_node
[1.040s] [ 40%] Built target joy_node
[1.107s] [ 60%] Built target joy
[1.131s] [ 80%] Built target game_controller
[1.259s] [100%] Built target joy_enumerate_devices
[1.338s] Invoked command in '/home/bmes-endoscope-25/joystick_ws/build/joy' returned '0': AMENT_PREFIX_PATH=/home/bmes-endoscope-25/joystick_ws/install/sdl2_vendor:${AMENT_PREFIX_PATH} CMAKE_PREFIX_PATH=/home/bmes-endoscope-25/joystick_ws/install/sdl2_vendor:/opt/ros/jazzy/opt/gz_math_vendor:/opt/ros/jazzy/opt/gz_utils_vendor:/opt/ros/jazzy/opt/gz_cmake_vendor:/opt/ros/jazzy DEBUGINFOD_URLS=https://debuginfod.ubuntu.com /usr/bin/cmake --build /home/bmes-endoscope-25/joystick_ws/build/joy -- -j4 -l4
[1.348s] Invoking command in '/home/bmes-endoscope-25/joystick_ws/build/joy': AMENT_PREFIX_PATH=/home/bmes-endoscope-25/joystick_ws/install/sdl2_vendor:${AMENT_PREFIX_PATH} CMAKE_PREFIX_PATH=/home/bmes-endoscope-25/joystick_ws/install/sdl2_vendor:/opt/ros/jazzy/opt/gz_math_vendor:/opt/ros/jazzy/opt/gz_utils_vendor:/opt/ros/jazzy/opt/gz_cmake_vendor:/opt/ros/jazzy DEBUGINFOD_URLS=https://debuginfod.ubuntu.com /usr/bin/cmake --install /home/bmes-endoscope-25/joystick_ws/build/joy
[1.398s] -- Install configuration: ""
[1.404s] -- Up-to-date: /home/bmes-endoscope-25/joystick_ws/install/joy/lib/libjoy.so
[1.419s] -- Up-to-date: /home/bmes-endoscope-25/joystick_ws/install/joy/lib/joy/joy_node
[1.425s] -- Up-to-date: /home/bmes-endoscope-25/joystick_ws/install/joy/lib/libgame_controller.so
[1.429s] -- Up-to-date: /home/bmes-endoscope-25/joystick_ws/install/joy/lib/joy/game_controller_node
[1.434s] -- Up-to-date: /home/bmes-endoscope-25/joystick_ws/install/joy/lib/joy/joy_enumerate_devices
[1.435s] -- Up-to-date: /home/bmes-endoscope-25/joystick_ws/install/joy/include/joy
[1.437s] -- Up-to-date: /home/bmes-endoscope-25/joystick_ws/install/joy/include/joy/joy
[1.438s] -- Up-to-date: /home/bmes-endoscope-25/joystick_ws/install/joy/include/joy/joy/game_controller.hpp
[1.439s] -- Up-to-date: /home/bmes-endoscope-25/joystick_ws/install/joy/include/joy/joy/joy.hpp
[1.440s] -- Up-to-date: /home/bmes-endoscope-25/joystick_ws/install/joy/share/joy/config
[1.441s] -- Up-to-date: /home/bmes-endoscope-25/joystick_ws/install/joy/share/joy/config/joy-params.yaml
[1.442s] -- Up-to-date: /home/bmes-endoscope-25/joystick_ws/install/joy/share/joy/launch
[1.444s] -- Up-to-date: /home/bmes-endoscope-25/joystick_ws/install/joy/share/joy/launch/joy-launch.py
[1.445s] -- Up-to-date: /home/bmes-endoscope-25/joystick_ws/install/joy/share/joy/launch/joy-composed-launch.py
[1.446s] -- Up-to-date: /home/bmes-endoscope-25/joystick_ws/install/joy/share/ament_index/resource_index/package_run_dependencies/joy
[1.448s] -- Up-to-date: /home/bmes-endoscope-25/joystick_ws/install/joy/share/ament_index/resource_index/parent_prefix_path/joy
[1.449s] -- Up-to-date: /home/bmes-endoscope-25/joystick_ws/install/joy/share/joy/environment/ament_prefix_path.sh
[1.450s] -- Up-to-date: /home/bmes-endoscope-25/joystick_ws/install/joy/share/joy/environment/ament_prefix_path.dsv
[1.452s] -- Up-to-date: /home/bmes-endoscope-25/joystick_ws/install/joy/share/joy/environment/path.sh
[1.453s] -- Up-to-date: /home/bmes-endoscope-25/joystick_ws/install/joy/share/joy/environment/path.dsv
[1.454s] -- Up-to-date: /home/bmes-endoscope-25/joystick_ws/install/joy/share/joy/local_setup.bash
[1.454s] -- Up-to-date: /home/bmes-endoscope-25/joystick_ws/install/joy/share/joy/local_setup.sh
[1.455s] -- Up-to-date: /home/bmes-endoscope-25/joystick_ws/install/joy/share/joy/local_setup.zsh
[1.455s] -- Up-to-date: /home/bmes-endoscope-25/joystick_ws/install/joy/share/joy/local_setup.dsv
[1.456s] -- Installing: /home/bmes-endoscope-25/joystick_ws/install/joy/share/joy/package.dsv
[1.458s] -- Up-to-date: /home/bmes-endoscope-25/joystick_ws/install/joy/share/ament_index/resource_index/packages/joy
[1.459s] -- Up-to-date: /home/bmes-endoscope-25/joystick_ws/install/joy/share/ament_index/resource_index/rclcpp_components/joy
[1.463s] -- Up-to-date: /home/bmes-endoscope-25/joystick_ws/install/joy/share/joy/cmake/export_joyExport.cmake
[1.464s] -- Up-to-date: /home/bmes-endoscope-25/joystick_ws/install/joy/share/joy/cmake/export_joyExport-noconfig.cmake
[1.466s] -- Up-to-date: /home/bmes-endoscope-25/joystick_ws/install/joy/share/joy/cmake/export_game_controllerExport.cmake
[1.467s] -- Up-to-date: /home/bmes-endoscope-25/joystick_ws/install/joy/share/joy/cmake/export_game_controllerExport-noconfig.cmake
[1.467s] -- Up-to-date: /home/bmes-endoscope-25/joystick_ws/install/joy/share/joy/cmake/ament_cmake_export_targets-extras.cmake
[1.468s] -- Up-to-date: /home/bmes-endoscope-25/joystick_ws/install/joy/share/joy/cmake/ament_cmake_export_dependencies-extras.cmake
[1.469s] -- Up-to-date: /home/bmes-endoscope-25/joystick_ws/install/joy/share/joy/cmake/joyConfig.cmake
[1.470s] -- Up-to-date: /home/bmes-endoscope-25/joystick_ws/install/joy/share/joy/cmake/joyConfig-version.cmake
[1.471s] -- Up-to-date: /home/bmes-endoscope-25/joystick_ws/install/joy/share/joy/package.xml
[1.476s] Invoked command in '/home/bmes-endoscope-25/joystick_ws/build/joy' returned '0': AMENT_PREFIX_PATH=/home/bmes-endoscope-25/joystick_ws/install/sdl2_vendor:${AMENT_PREFIX_PATH} CMAKE_PREFIX_PATH=/home/bmes-endoscope-25/joystick_ws/install/sdl2_vendor:/opt/ros/jazzy/opt/gz_math_vendor:/opt/ros/jazzy/opt/gz_utils_vendor:/opt/ros/jazzy/opt/gz_cmake_vendor:/opt/ros/jazzy DEBUGINFOD_URLS=https://debuginfod.ubuntu.com /usr/bin/cmake --install /home/bmes-endoscope-25/joystick_ws/build/joy
