[0.166s] Invoking command in '/home/bmes-endoscope-25/joystick_ws/build/sdl2_vendor': CMAKE_PREFIX_PATH=${CMAKE_PREFIX_PATH}:/opt/ros/jazzy DEBUGINFOD_URLS=https://debuginfod.ubuntu.com /usr/bin/cmake --build /home/bmes-endoscope-25/joystick_ws/build/sdl2_vendor -- -j4 -l4
[0.520s] gmake: Warning: File 'Makefile' has modification time 29763688 s in the future
[0.750s] gmake[1]: Warning: File 'CMakeFiles/Makefile2' has modification time 29763688 s in the future
[0.751s] gmake[1]: warning:  Clock skew detected.  Your build may be incomplete.
[0.804s] gmake: warning:  Clock skew detected.  Your build may be incomplete.
[0.827s] Invoked command in '/home/bmes-endoscope-25/joystick_ws/build/sdl2_vendor' returned '0': CMAKE_PREFIX_PATH=${CMAKE_PREFIX_PATH}:/opt/ros/jazzy DEBUGINFOD_URLS=https://debuginfod.ubuntu.com /usr/bin/cmake --build /home/bmes-endoscope-25/joystick_ws/build/sdl2_vendor -- -j4 -l4
[0.974s] Invoking command in '/home/bmes-endoscope-25/joystick_ws/build/sdl2_vendor': CMAKE_PREFIX_PATH=${CMAKE_PREFIX_PATH}:/opt/ros/jazzy DEBUGINFOD_URLS=https://debuginfod.ubuntu.com /usr/bin/cmake --install /home/bmes-endoscope-25/joystick_ws/build/sdl2_vendor
[1.044s] -- Install configuration: ""
[1.055s] -- Up-to-date: /home/bmes-endoscope-25/joystick_ws/install/sdl2_vendor/share/sdl2_vendor/cmake
[1.061s] -- Up-to-date: /home/bmes-endoscope-25/joystick_ws/install/sdl2_vendor/share/sdl2_vendor/cmake/Modules
[1.066s] -- Up-to-date: /home/bmes-endoscope-25/joystick_ws/install/sdl2_vendor/share/sdl2_vendor/cmake/Modules/Findsdl2_custom.cmake
[1.072s] -- Up-to-date: /home/bmes-endoscope-25/joystick_ws/install/sdl2_vendor/share/ament_index/resource_index/package_run_dependencies/sdl2_vendor
[1.073s] -- Up-to-date: /home/bmes-endoscope-25/joystick_ws/install/sdl2_vendor/share/ament_index/resource_index/parent_prefix_path/sdl2_vendor
[1.080s] -- Up-to-date: /home/bmes-endoscope-25/joystick_ws/install/sdl2_vendor/share/sdl2_vendor/environment/ament_prefix_path.sh
[1.081s] -- Up-to-date: /home/bmes-endoscope-25/joystick_ws/install/sdl2_vendor/share/sdl2_vendor/environment/ament_prefix_path.dsv
[1.085s] -- Up-to-date: /home/bmes-endoscope-25/joystick_ws/install/sdl2_vendor/share/sdl2_vendor/environment/path.sh
[1.086s] -- Up-to-date: /home/bmes-endoscope-25/joystick_ws/install/sdl2_vendor/share/sdl2_vendor/environment/path.dsv
[1.086s] -- Up-to-date: /home/bmes-endoscope-25/joystick_ws/install/sdl2_vendor/share/sdl2_vendor/local_setup.bash
[1.087s] -- Up-to-date: /home/bmes-endoscope-25/joystick_ws/install/sdl2_vendor/share/sdl2_vendor/local_setup.sh
[1.088s] -- Up-to-date: /home/bmes-endoscope-25/joystick_ws/install/sdl2_vendor/share/sdl2_vendor/local_setup.zsh
[1.089s] -- Up-to-date: /home/bmes-endoscope-25/joystick_ws/install/sdl2_vendor/share/sdl2_vendor/local_setup.dsv
[1.096s] -- Up-to-date: /home/bmes-endoscope-25/joystick_ws/install/sdl2_vendor/share/sdl2_vendor/package.dsv
[1.099s] -- Up-to-date: /home/bmes-endoscope-25/joystick_ws/install/sdl2_vendor/share/ament_index/resource_index/packages/sdl2_vendor
[1.100s] -- Up-to-date: /home/bmes-endoscope-25/joystick_ws/install/sdl2_vendor/share/sdl2_vendor/cmake/sdl2_vendor-extras.cmake
[1.100s] -- Up-to-date: /home/bmes-endoscope-25/joystick_ws/install/sdl2_vendor/share/sdl2_vendor/cmake/sdl2_vendorConfig.cmake
[1.101s] -- Up-to-date: /home/bmes-endoscope-25/joystick_ws/install/sdl2_vendor/share/sdl2_vendor/cmake/sdl2_vendorConfig-version.cmake
[1.104s] -- Up-to-date: /home/bmes-endoscope-25/joystick_ws/install/sdl2_vendor/share/sdl2_vendor/package.xml
[1.106s] Invoked command in '/home/bmes-endoscope-25/joystick_ws/build/sdl2_vendor' returned '0': CMAKE_PREFIX_PATH=${CMAKE_PREFIX_PATH}:/opt/ros/jazzy DEBUGINFOD_URLS=https://debuginfod.ubuntu.com /usr/bin/cmake --install /home/bmes-endoscope-25/joystick_ws/build/sdl2_vendor
