[0.163s] Invoking command in '/home/bmes-endoscope-25/joystick_ws/build/sdl2_vendor': CMAKE_PREFIX_PATH=${CMAKE_PREFIX_PATH}:/opt/ros/jazzy DEBUGINFOD_URLS=https://debuginfod.ubuntu.com /usr/bin/cmake --build /home/bmes-endoscope-25/joystick_ws/build/sdl2_vendor -- -j4 -l4
[0.828s] Invoked command in '/home/bmes-endoscope-25/joystick_ws/build/sdl2_vendor' returned '0': CMAKE_PREFIX_PATH=${CMAKE_PREFIX_PATH}:/opt/ros/jazzy DEBUGINFOD_URLS=https://debuginfod.ubuntu.com /usr/bin/cmake --build /home/bmes-endoscope-25/joystick_ws/build/sdl2_vendor -- -j4 -l4
[0.917s] Invoking command in '/home/bmes-endoscope-25/joystick_ws/build/sdl2_vendor': CMAKE_PREFIX_PATH=${CMAKE_PREFIX_PATH}:/opt/ros/jazzy DEBUGINFOD_URLS=https://debuginfod.ubuntu.com /usr/bin/cmake --install /home/bmes-endoscope-25/joystick_ws/build/sdl2_vendor
[0.993s] -- Install configuration: ""
[0.994s] -- Up-to-date: /home/bmes-endoscope-25/joystick_ws/install/sdl2_vendor/share/sdl2_vendor/cmake
[0.999s] -- Up-to-date: /home/bmes-endoscope-25/joystick_ws/install/sdl2_vendor/share/sdl2_vendor/cmake/Modules
[0.999s] -- Up-to-date: /home/bmes-endoscope-25/joystick_ws/install/sdl2_vendor/share/sdl2_vendor/cmake/Modules/Findsdl2_custom.cmake
[1.001s] -- Up-to-date: /home/bmes-endoscope-25/joystick_ws/install/sdl2_vendor/share/ament_index/resource_index/package_run_dependencies/sdl2_vendor
[1.003s] -- Up-to-date: /home/bmes-endoscope-25/joystick_ws/install/sdl2_vendor/share/ament_index/resource_index/parent_prefix_path/sdl2_vendor
[1.007s] -- Up-to-date: /home/bmes-endoscope-25/joystick_ws/install/sdl2_vendor/share/sdl2_vendor/environment/ament_prefix_path.sh
[1.012s] -- Up-to-date: /home/bmes-endoscope-25/joystick_ws/install/sdl2_vendor/share/sdl2_vendor/environment/ament_prefix_path.dsv
[1.013s] -- Up-to-date: /home/bmes-endoscope-25/joystick_ws/install/sdl2_vendor/share/sdl2_vendor/environment/path.sh
[1.020s] -- Up-to-date: /home/bmes-endoscope-25/joystick_ws/install/sdl2_vendor/share/sdl2_vendor/environment/path.dsv
[1.026s] -- Up-to-date: /home/bmes-endoscope-25/joystick_ws/install/sdl2_vendor/share/sdl2_vendor/local_setup.bash
[1.032s] -- Up-to-date: /home/bmes-endoscope-25/joystick_ws/install/sdl2_vendor/share/sdl2_vendor/local_setup.sh
[1.033s] -- Up-to-date: /home/bmes-endoscope-25/joystick_ws/install/sdl2_vendor/share/sdl2_vendor/local_setup.zsh
[1.045s] -- Up-to-date: /home/bmes-endoscope-25/joystick_ws/install/sdl2_vendor/share/sdl2_vendor/local_setup.dsv
[1.047s] -- Installing: /home/bmes-endoscope-25/joystick_ws/install/sdl2_vendor/share/sdl2_vendor/package.dsv
[1.049s] -- Up-to-date: /home/bmes-endoscope-25/joystick_ws/install/sdl2_vendor/share/ament_index/resource_index/packages/sdl2_vendor
[1.050s] -- Up-to-date: /home/bmes-endoscope-25/joystick_ws/install/sdl2_vendor/share/sdl2_vendor/cmake/sdl2_vendor-extras.cmake
[1.051s] -- Up-to-date: /home/bmes-endoscope-25/joystick_ws/install/sdl2_vendor/share/sdl2_vendor/cmake/sdl2_vendorConfig.cmake
[1.056s] -- Up-to-date: /home/bmes-endoscope-25/joystick_ws/install/sdl2_vendor/share/sdl2_vendor/cmake/sdl2_vendorConfig-version.cmake
[1.056s] -- Up-to-date: /home/bmes-endoscope-25/joystick_ws/install/sdl2_vendor/share/sdl2_vendor/package.xml
[1.075s] Invoked command in '/home/bmes-endoscope-25/joystick_ws/build/sdl2_vendor' returned '0': CMAKE_PREFIX_PATH=${CMAKE_PREFIX_PATH}:/opt/ros/jazzy DEBUGINFOD_URLS=https://debuginfod.ubuntu.com /usr/bin/cmake --install /home/bmes-endoscope-25/joystick_ws/build/sdl2_vendor
