[0.166s] Invoking command in '/home/bmes-endoscope-25/joystick_ws/build/sdl2_vendor': CMAKE_PREFIX_PATH=${CMAKE_PREFIX_PATH}:/opt/ros/jazzy DEBUGINFOD_URLS=https://debuginfod.ubuntu.com /usr/bin/cmake --build /home/bmes-endoscope-25/joystick_ws/build/sdl2_vendor -- -j4 -l4
[0.653s] Invoked command in '/home/bmes-endoscope-25/joystick_ws/build/sdl2_vendor' returned '0': CMAKE_PREFIX_PATH=${CMAKE_PREFIX_PATH}:/opt/ros/jazzy DEBUGINFOD_URLS=https://debuginfod.ubuntu.com /usr/bin/cmake --build /home/bmes-endoscope-25/joystick_ws/build/sdl2_vendor -- -j4 -l4
[0.857s] Invoking command in '/home/bmes-endoscope-25/joystick_ws/build/sdl2_vendor': CMAKE_PREFIX_PATH=${CMAKE_PREFIX_PATH}:/opt/ros/jazzy DEBUGINFOD_URLS=https://debuginfod.ubuntu.com /usr/bin/cmake --install /home/bmes-endoscope-25/joystick_ws/build/sdl2_vendor
[1.051s] -- Install configuration: ""
[1.061s] -- Up-to-date: /home/bmes-endoscope-25/joystick_ws/install/sdl2_vendor/share/sdl2_vendor/cmake
[1.062s] -- Up-to-date: /home/bmes-endoscope-25/joystick_ws/install/sdl2_vendor/share/sdl2_vendor/cmake/Modules
[1.074s] -- Up-to-date: /home/bmes-endoscope-25/joystick_ws/install/sdl2_vendor/share/sdl2_vendor/cmake/Modules/Findsdl2_custom.cmake
[1.075s] -- Up-to-date: /home/bmes-endoscope-25/joystick_ws/install/sdl2_vendor/share/ament_index/resource_index/package_run_dependencies/sdl2_vendor
[1.075s] -- Up-to-date: /home/bmes-endoscope-25/joystick_ws/install/sdl2_vendor/share/ament_index/resource_index/parent_prefix_path/sdl2_vendor
[1.076s] -- Up-to-date: /home/bmes-endoscope-25/joystick_ws/install/sdl2_vendor/share/sdl2_vendor/environment/ament_prefix_path.sh
[1.080s] -- Up-to-date: /home/bmes-endoscope-25/joystick_ws/install/sdl2_vendor/share/sdl2_vendor/environment/ament_prefix_path.dsv
[1.081s] -- Up-to-date: /home/bmes-endoscope-25/joystick_ws/install/sdl2_vendor/share/sdl2_vendor/environment/path.sh
[1.081s] -- Up-to-date: /home/bmes-endoscope-25/joystick_ws/install/sdl2_vendor/share/sdl2_vendor/environment/path.dsv
[1.082s] -- Up-to-date: /home/bmes-endoscope-25/joystick_ws/install/sdl2_vendor/share/sdl2_vendor/local_setup.bash
[1.085s] -- Up-to-date: /home/bmes-endoscope-25/joystick_ws/install/sdl2_vendor/share/sdl2_vendor/local_setup.sh
[1.089s] -- Up-to-date: /home/bmes-endoscope-25/joystick_ws/install/sdl2_vendor/share/sdl2_vendor/local_setup.zsh
[1.089s] -- Up-to-date: /home/bmes-endoscope-25/joystick_ws/install/sdl2_vendor/share/sdl2_vendor/local_setup.dsv
[1.090s] -- Installing: /home/bmes-endoscope-25/joystick_ws/install/sdl2_vendor/share/sdl2_vendor/package.dsv
[1.094s] -- Up-to-date: /home/bmes-endoscope-25/joystick_ws/install/sdl2_vendor/share/ament_index/resource_index/packages/sdl2_vendor
[1.095s] -- Up-to-date: /home/bmes-endoscope-25/joystick_ws/install/sdl2_vendor/share/sdl2_vendor/cmake/sdl2_vendor-extras.cmake
[1.095s] -- Up-to-date: /home/bmes-endoscope-25/joystick_ws/install/sdl2_vendor/share/sdl2_vendor/cmake/sdl2_vendorConfig.cmake
[1.100s] -- Up-to-date: /home/bmes-endoscope-25/joystick_ws/install/sdl2_vendor/share/sdl2_vendor/cmake/sdl2_vendorConfig-version.cmake
[1.100s] -- Up-to-date: /home/bmes-endoscope-25/joystick_ws/install/sdl2_vendor/share/sdl2_vendor/package.xml
[1.123s] Invoked command in '/home/bmes-endoscope-25/joystick_ws/build/sdl2_vendor' returned '0': CMAKE_PREFIX_PATH=${CMAKE_PREFIX_PATH}:/opt/ros/jazzy DEBUGINFOD_URLS=https://debuginfod.ubuntu.com /usr/bin/cmake --install /home/bmes-endoscope-25/joystick_ws/build/sdl2_vendor
