[0.150s] Invoking command in '/home/bmes-endoscope-25/joystick_ws/build/my_teleop': CMAKE_PREFIX_PATH=${CMAKE_PREFIX_PATH}:/opt/ros/jazzy DEBUGINFOD_URLS=https://debuginfod.ubuntu.com /usr/bin/cmake --build /home/bmes-endoscope-25/joystick_ws/build/my_teleop -- -j4 -l4
[1.144s] [100%] Built target controller_dpad
[1.385s] Invoked command in '/home/bmes-endoscope-25/joystick_ws/build/my_teleop' returned '0': CMAKE_PREFIX_PATH=${CMAKE_PREFIX_PATH}:/opt/ros/jazzy DEBUGINFOD_URLS=https://debuginfod.ubuntu.com /usr/bin/cmake --build /home/bmes-endoscope-25/joystick_ws/build/my_teleop -- -j4 -l4
[1.405s] Invoking command in '/home/bmes-endoscope-25/joystick_ws/build/my_teleop': CMAKE_PREFIX_PATH=${CMAKE_PREFIX_PATH}:/opt/ros/jazzy DEBUGINFOD_URLS=https://debuginfod.ubuntu.com /usr/bin/cmake --install /home/bmes-endoscope-25/joystick_ws/build/my_teleop
[1.500s] -- Install configuration: ""
[1.508s] -- Up-to-date: /home/bmes-endoscope-25/joystick_ws/install/my_teleop/share/ament_index/resource_index/package_run_dependencies/my_teleop
[1.509s] -- Up-to-date: /home/bmes-endoscope-25/joystick_ws/install/my_teleop/share/ament_index/resource_index/parent_prefix_path/my_teleop
[1.512s] -- Up-to-date: /home/bmes-endoscope-25/joystick_ws/install/my_teleop/share/my_teleop/environment/ament_prefix_path.sh
[1.517s] -- Up-to-date: /home/bmes-endoscope-25/joystick_ws/install/my_teleop/share/my_teleop/environment/ament_prefix_path.dsv
[1.517s] -- Up-to-date: /home/bmes-endoscope-25/joystick_ws/install/my_teleop/share/my_teleop/environment/path.sh
[1.518s] -- Up-to-date: /home/bmes-endoscope-25/joystick_ws/install/my_teleop/share/my_teleop/environment/path.dsv
[1.518s] -- Up-to-date: /home/bmes-endoscope-25/joystick_ws/install/my_teleop/share/my_teleop/local_setup.bash
[1.522s] -- Up-to-date: /home/bmes-endoscope-25/joystick_ws/install/my_teleop/share/my_teleop/local_setup.sh
[1.530s] -- Up-to-date: /home/bmes-endoscope-25/joystick_ws/install/my_teleop/share/my_teleop/local_setup.zsh
[1.532s] -- Up-to-date: /home/bmes-endoscope-25/joystick_ws/install/my_teleop/share/my_teleop/local_setup.dsv
[1.559s] -- Installing: /home/bmes-endoscope-25/joystick_ws/install/my_teleop/share/my_teleop/package.dsv
[1.559s] -- Up-to-date: /home/bmes-endoscope-25/joystick_ws/install/my_teleop/share/ament_index/resource_index/packages/my_teleop
[1.560s] -- Up-to-date: /home/bmes-endoscope-25/joystick_ws/install/my_teleop/share/my_teleop/cmake/my_teleopConfig.cmake
[1.560s] -- Up-to-date: /home/bmes-endoscope-25/joystick_ws/install/my_teleop/share/my_teleop/cmake/my_teleopConfig-version.cmake
[1.571s] -- Up-to-date: /home/bmes-endoscope-25/joystick_ws/install/my_teleop/share/my_teleop/package.xml
[1.595s] -- Up-to-date: /home/bmes-endoscope-25/joystick_ws/install/my_teleop/lib/my_teleop/controller_dpad
[1.599s] Invoked command in '/home/bmes-endoscope-25/joystick_ws/build/my_teleop' returned '0': CMAKE_PREFIX_PATH=${CMAKE_PREFIX_PATH}:/opt/ros/jazzy DEBUGINFOD_URLS=https://debuginfod.ubuntu.com /usr/bin/cmake --install /home/bmes-endoscope-25/joystick_ws/build/my_teleop
