[0.094s] Invoking command in '/home/bmes-endoscope-25/joystick_ws/build/my_teleop': CMAKE_PREFIX_PATH=${CMAKE_PREFIX_PATH}:/opt/ros/jazzy DEBUGINFOD_URLS=https://debuginfod.ubuntu.com /usr/bin/cmake --build /home/bmes-endoscope-25/joystick_ws/build/my_teleop -- -j4 -l4
[0.478s] [ 50%] [32mBuilding CXX object CMakeFiles/controller_dpad.dir/src/controller_dpad.cpp.o[0m
[41.092s] [100%] [32m[1mLinking CXX executable controller_dpad[0m
[43.192s] [100%] Built target controller_dpad
[43.254s] Invoked command in '/home/bmes-endoscope-25/joystick_ws/build/my_teleop' returned '0': CMAKE_PREFIX_PATH=${CMAKE_PREFIX_PATH}:/opt/ros/jazzy DEBUGINFOD_URLS=https://debuginfod.ubuntu.com /usr/bin/cmake --build /home/bmes-endoscope-25/joystick_ws/build/my_teleop -- -j4 -l4
[43.317s] Invoking command in '/home/bmes-endoscope-25/joystick_ws/build/my_teleop': CMAKE_PREFIX_PATH=${CMAKE_PREFIX_PATH}:/opt/ros/jazzy DEBUGINFOD_URLS=https://debuginfod.ubuntu.com /usr/bin/cmake --install /home/bmes-endoscope-25/joystick_ws/build/my_teleop
[43.369s] -- Install configuration: ""
[43.372s] -- Up-to-date: /home/bmes-endoscope-25/joystick_ws/install/my_teleop/share/ament_index/resource_index/package_run_dependencies/my_teleop
[43.374s] -- Up-to-date: /home/bmes-endoscope-25/joystick_ws/install/my_teleop/share/ament_index/resource_index/parent_prefix_path/my_teleop
[43.375s] -- Up-to-date: /home/bmes-endoscope-25/joystick_ws/install/my_teleop/share/my_teleop/environment/ament_prefix_path.sh
[43.377s] -- Up-to-date: /home/bmes-endoscope-25/joystick_ws/install/my_teleop/share/my_teleop/environment/ament_prefix_path.dsv
[43.378s] -- Up-to-date: /home/bmes-endoscope-25/joystick_ws/install/my_teleop/share/my_teleop/environment/path.sh
[43.380s] -- Up-to-date: /home/bmes-endoscope-25/joystick_ws/install/my_teleop/share/my_teleop/environment/path.dsv
[43.380s] -- Up-to-date: /home/bmes-endoscope-25/joystick_ws/install/my_teleop/share/my_teleop/local_setup.bash
[43.381s] -- Up-to-date: /home/bmes-endoscope-25/joystick_ws/install/my_teleop/share/my_teleop/local_setup.sh
[43.381s] -- Up-to-date: /home/bmes-endoscope-25/joystick_ws/install/my_teleop/share/my_teleop/local_setup.zsh
[43.382s] -- Up-to-date: /home/bmes-endoscope-25/joystick_ws/install/my_teleop/share/my_teleop/local_setup.dsv
[43.382s] -- Installing: /home/bmes-endoscope-25/joystick_ws/install/my_teleop/share/my_teleop/package.dsv
[43.383s] -- Up-to-date: /home/bmes-endoscope-25/joystick_ws/install/my_teleop/share/ament_index/resource_index/packages/my_teleop
[43.383s] -- Up-to-date: /home/bmes-endoscope-25/joystick_ws/install/my_teleop/share/my_teleop/cmake/my_teleopConfig.cmake
[43.383s] -- Up-to-date: /home/bmes-endoscope-25/joystick_ws/install/my_teleop/share/my_teleop/cmake/my_teleopConfig-version.cmake
[43.384s] -- Up-to-date: /home/bmes-endoscope-25/joystick_ws/install/my_teleop/share/my_teleop/package.xml
[43.384s] -- Installing: /home/bmes-endoscope-25/joystick_ws/install/my_teleop/lib/my_teleop/controller_dpad
[43.421s] -- Set non-toolchain portion of runtime path of "/home/bmes-endoscope-25/joystick_ws/install/my_teleop/lib/my_teleop/controller_dpad" to ""
[43.428s] Invoked command in '/home/bmes-endoscope-25/joystick_ws/build/my_teleop' returned '0': CMAKE_PREFIX_PATH=${CMAKE_PREFIX_PATH}:/opt/ros/jazzy DEBUGINFOD_URLS=https://debuginfod.ubuntu.com /usr/bin/cmake --install /home/bmes-endoscope-25/joystick_ws/build/my_teleop
