-- Found bluetooth library.
-- Found bluetooth header.
-- Found cwiid library.
-- Found cwiid header.
-- Found ament_cmake: 2.5.3 (/opt/ros/jazzy/share/ament_cmake/cmake)
-- Found geometry_msgs: 5.3.5 (/opt/ros/jazzy/share/geometry_msgs/cmake)
-- Found rosidl_generator_c: 4.6.5 (/opt/ros/jazzy/share/rosidl_generator_c/cmake)
-- Found rosidl_generator_cpp: 4.6.5 (/opt/ros/jazzy/share/rosidl_generator_cpp/cmake)
-- Using all available rosidl_typesupport_c: rosidl_typesupport_fastrtps_c;rosidl_typesupport_introspection_c
-- Using all available rosidl_typesupport_cpp: rosidl_typesupport_fastrtps_cpp;rosidl_typesupport_introspection_cpp
-- Found rclcpp: 28.1.6 (/opt/ros/jazzy/share/rclcpp/cmake)
-- Found rmw_implementation_cmake: 7.3.1 (/opt/ros/jazzy/share/rmw_implementation_cmake/cmake)
-- Found rmw_fastrtps_cpp: 8.4.1 (/opt/ros/jazzy/share/rmw_fastrtps_cpp/cmake)
-- Using RMW implementation 'rmw_fastrtps_cpp' as default
-- Found rclcpp_components: 28.1.6 (/opt/ros/jazzy/share/rclcpp_components/cmake)
-- Found rclcpp_lifecycle: 28.1.6 (/opt/ros/jazzy/share/rclcpp_lifecycle/cmake)
-- Found sensor_msgs: 5.3.5 (/opt/ros/jazzy/share/sensor_msgs/cmake)
-- Found std_srvs: 5.3.5 (/opt/ros/jazzy/share/std_srvs/cmake)
-- Found wiimote_msgs: 3.3.0 (/home/bmes-endoscope-25/joystick_ws/install/wiimote_msgs/share/wiimote_msgs/cmake)
-- Found ament_lint_auto: 0.17.1 (/opt/ros/jazzy/share/ament_lint_auto/cmake)
-- Added test 'copyright' to check source files copyright and LICENSE
-- Added test 'cppcheck' to perform static code analysis on C / C++ code
-- Configured cppcheck include dirs: $<BUILD_INTERFACE:/home/bmes-endoscope-25/joystick_ws/src/joystick_drivers/wiimote/include>
-- Configured cppcheck exclude dirs and/or files: 
-- Added test 'cpplint' to check C / C++ code against the Google style
-- Configured cpplint exclude dirs and/or files: 
-- Added test 'flake8' to check Python code syntax and style conventions
-- Configured 'flake8' exclude dirs and/or files: 
-- Added test 'lint_cmake' to check CMake code style
-- Added test 'pep257' to check Python code against some of the docstring style conventions in PEP 257
-- Added test 'uncrustify' to check C / C++ code style
-- Configured uncrustify additional arguments: 
-- Added test 'xmllint' to check XML markup files
-- Configuring done (4.0s)
-- Generating done (0.1s)
-- Build files have been written to: /home/bmes-endoscope-25/joystick_ws/build/wiimote
[ 11%] [32mBuilding CXX object CMakeFiles/wiimote_lib.dir/src/wiimote_controller.cpp.o[0m
[ 22%] [32mBuilding CXX object CMakeFiles/teleop_wiimote.dir/src/teleop_wiimote.cpp.o[0m
[ 33%] [32mBuilding CXX object CMakeFiles/teleop_wiimote_node.dir/rclcpp_components/node_main_teleop_wiimote_node.cpp.o[0m
[ 44%] [32mBuilding CXX object CMakeFiles/wiimote_node.dir/rclcpp_components/node_main_wiimote_node.cpp.o[0m
[ 55%] [32m[1mLinking CXX executable wiimote_node[0m
[ 55%] Built target wiimote_node
[ 66%] [32m[1mLinking CXX executable teleop_wiimote_node[0m
[ 66%] Built target teleop_wiimote_node
[ 77%] [32m[1mLinking CXX shared library libteleop_wiimote.so[0m
[ 88%] [32mBuilding CXX object CMakeFiles/wiimote_lib.dir/src/stat_vector_3d.cpp.o[0m
[ 88%] Built target teleop_wiimote
[100%] [32m[1mLinking CXX shared library libwiimote_lib.so[0m
[100%] Built target wiimote_lib
-- Install configuration: ""
-- Installing: /home/bmes-endoscope-25/joystick_ws/install/wiimote/lib/wiimote/wiimote_node
-- Set non-toolchain portion of runtime path of "/home/bmes-endoscope-25/joystick_ws/install/wiimote/lib/wiimote/wiimote_node" to ""
-- Installing: /home/bmes-endoscope-25/joystick_ws/install/wiimote/lib/wiimote/teleop_wiimote_node
-- Set non-toolchain portion of runtime path of "/home/bmes-endoscope-25/joystick_ws/install/wiimote/lib/wiimote/teleop_wiimote_node" to ""
-- Installing: /home/bmes-endoscope-25/joystick_ws/install/wiimote/lib/libwiimote_lib.so
-- Set non-toolchain portion of runtime path of "/home/bmes-endoscope-25/joystick_ws/install/wiimote/lib/libwiimote_lib.so" to ""
-- Installing: /home/bmes-endoscope-25/joystick_ws/install/wiimote/lib/libteleop_wiimote.so
-- Set non-toolchain portion of runtime path of "/home/bmes-endoscope-25/joystick_ws/install/wiimote/lib/libteleop_wiimote.so" to ""
-- Installing: /home/bmes-endoscope-25/joystick_ws/install/wiimote/include/wiimote
-- Installing: /home/bmes-endoscope-25/joystick_ws/install/wiimote/include/wiimote/wiimote
-- Installing: /home/bmes-endoscope-25/joystick_ws/install/wiimote/include/wiimote/wiimote/stat_vector_3d.hpp
-- Installing: /home/bmes-endoscope-25/joystick_ws/install/wiimote/include/wiimote/wiimote/wiimote_controller.hpp
-- Installing: /home/bmes-endoscope-25/joystick_ws/install/wiimote/include/wiimote/wiimote/teleop_wiimote.hpp
-- Installing: /home/bmes-endoscope-25/joystick_ws/install/wiimote/share/wiimote/launch
-- Installing: /home/bmes-endoscope-25/joystick_ws/install/wiimote/share/wiimote/launch/turtlesim.launch.py
-- Installing: /home/bmes-endoscope-25/joystick_ws/install/wiimote/share/wiimote/launch/feedback_test.launch.py
-- Installing: /home/bmes-endoscope-25/joystick_ws/install/wiimote/share/wiimote/launch/wiimote_lifecycle.launch.py
-- Installing: /home/bmes-endoscope-25/joystick_ws/install/wiimote/share/wiimote/config
-- Installing: /home/bmes-endoscope-25/joystick_ws/install/wiimote/share/wiimote/config/wiimote_params.yaml
-- Installing: /home/bmes-endoscope-25/joystick_ws/install/wiimote/share/wiimote/config/teleop_wiimote_params.yaml
-- Up-to-date: /home/bmes-endoscope-25/joystick_ws/install/wiimote/lib/wiimote/wiimote_node
-- Installing: /home/bmes-endoscope-25/joystick_ws/install/wiimote/lib/wiimote/feedback_tester.py
-- Installing: /home/bmes-endoscope-25/joystick_ws/install/wiimote/share/ament_index/resource_index/package_run_dependencies/wiimote
-- Installing: /home/bmes-endoscope-25/joystick_ws/install/wiimote/share/ament_index/resource_index/parent_prefix_path/wiimote
-- Installing: /home/bmes-endoscope-25/joystick_ws/install/wiimote/share/wiimote/environment/ament_prefix_path.sh
-- Installing: /home/bmes-endoscope-25/joystick_ws/install/wiimote/share/wiimote/environment/ament_prefix_path.dsv
-- Installing: /home/bmes-endoscope-25/joystick_ws/install/wiimote/share/wiimote/environment/path.sh
-- Installing: /home/bmes-endoscope-25/joystick_ws/install/wiimote/share/wiimote/environment/path.dsv
-- Installing: /home/bmes-endoscope-25/joystick_ws/install/wiimote/share/wiimote/local_setup.bash
-- Installing: /home/bmes-endoscope-25/joystick_ws/install/wiimote/share/wiimote/local_setup.sh
-- Installing: /home/bmes-endoscope-25/joystick_ws/install/wiimote/share/wiimote/local_setup.zsh
-- Installing: /home/bmes-endoscope-25/joystick_ws/install/wiimote/share/wiimote/local_setup.dsv
-- Installing: /home/bmes-endoscope-25/joystick_ws/install/wiimote/share/wiimote/package.dsv
-- Installing: /home/bmes-endoscope-25/joystick_ws/install/wiimote/share/ament_index/resource_index/packages/wiimote
-- Installing: /home/bmes-endoscope-25/joystick_ws/install/wiimote/share/ament_index/resource_index/rclcpp_components/wiimote
-- Installing: /home/bmes-endoscope-25/joystick_ws/install/wiimote/share/wiimote/cmake/export_wiimoteExport.cmake
-- Installing: /home/bmes-endoscope-25/joystick_ws/install/wiimote/share/wiimote/cmake/export_wiimoteExport-noconfig.cmake
-- Installing: /home/bmes-endoscope-25/joystick_ws/install/wiimote/share/wiimote/cmake/wiimote-extras.cmake
-- Installing: /home/bmes-endoscope-25/joystick_ws/install/wiimote/share/wiimote/cmake/ament_cmake_export_targets-extras.cmake
-- Installing: /home/bmes-endoscope-25/joystick_ws/install/wiimote/share/wiimote/cmake/ament_cmake_export_dependencies-extras.cmake
-- Installing: /home/bmes-endoscope-25/joystick_ws/install/wiimote/share/wiimote/cmake/wiimoteConfig.cmake
-- Installing: /home/bmes-endoscope-25/joystick_ws/install/wiimote/share/wiimote/cmake/wiimoteConfig-version.cmake
-- Installing: /home/bmes-endoscope-25/joystick_ws/install/wiimote/share/wiimote/package.xml
