[0.134s] Invoking command in '/home/bmes-endoscope-25/joystick_ws/build/wiimote_msgs': CMAKE_PREFIX_PATH=${CMAKE_PREFIX_PATH}:/opt/ros/jazzy DEBUGINFOD_URLS=https://debuginfod.ubuntu.com /usr/bin/cmake --build /home/bmes-endoscope-25/joystick_ws/build/wiimote_msgs -- -j4 -l4
[0.681s] [  1%] Built target wiimote_msgs__rosidl_generator_type_description
[0.856s] [  1%] Built target ament_cmake_python_copy_wiimote_msgs
[0.982s] [  3%] Built target wiimote_msgs__cpp
[1.046s] [ 24%] Built target wiimote_msgs__rosidl_generator_c
[1.507s] [ 33%] Built target wiimote_msgs__rosidl_typesupport_fastrtps_c
[1.516s] [ 42%] Built target wiimote_msgs__rosidl_typesupport_cpp
[1.567s] [ 51%] Built target wiimote_msgs__rosidl_typesupport_fastrtps_cpp
[2.001s] [ 61%] Built target wiimote_msgs__rosidl_typesupport_introspection_c
[2.052s] [ 70%] Built target wiimote_msgs__rosidl_typesupport_introspection_cpp
[2.067s] [ 79%] Built target wiimote_msgs__rosidl_typesupport_c
[2.235s] [ 79%] Built target wiimote_msgs
[2.408s] [ 81%] Built target wiimote_msgs__py
[2.637s] [ 88%] Built target wiimote_msgs__rosidl_generator_py
[2.851s] [ 92%] Built target wiimote_msgs_s__rosidl_typesupport_introspection_c
[2.866s] [ 96%] Built target wiimote_msgs_s__rosidl_typesupport_c
[2.894s] [100%] Built target wiimote_msgs_s__rosidl_typesupport_fastrtps_c
[3.072s] running egg_info
[3.163s] writing wiimote_msgs.egg-info/PKG-INFO
[3.166s] writing dependency_links to wiimote_msgs.egg-info/dependency_links.txt
[3.170s] writing top-level names to wiimote_msgs.egg-info/top_level.txt
[3.442s] reading manifest file 'wiimote_msgs.egg-info/SOURCES.txt'
[3.447s] writing manifest file 'wiimote_msgs.egg-info/SOURCES.txt'
[3.627s] [100%] Built target ament_cmake_python_build_wiimote_msgs_egg
[3.697s] Invoked command in '/home/bmes-endoscope-25/joystick_ws/build/wiimote_msgs' returned '0': CMAKE_PREFIX_PATH=${CMAKE_PREFIX_PATH}:/opt/ros/jazzy DEBUGINFOD_URLS=https://debuginfod.ubuntu.com /usr/bin/cmake --build /home/bmes-endoscope-25/joystick_ws/build/wiimote_msgs -- -j4 -l4
[3.710s] Invoking command in '/home/bmes-endoscope-25/joystick_ws/build/wiimote_msgs': CMAKE_PREFIX_PATH=${CMAKE_PREFIX_PATH}:/opt/ros/jazzy DEBUGINFOD_URLS=https://debuginfod.ubuntu.com /usr/bin/cmake --install /home/bmes-endoscope-25/joystick_ws/build/wiimote_msgs
[3.756s] -- Install configuration: ""
[3.759s] -- Up-to-date: /home/bmes-endoscope-25/joystick_ws/install/wiimote_msgs/share/ament_index/resource_index/rosidl_interfaces/wiimote_msgs
[3.761s] -- Up-to-date: /home/bmes-endoscope-25/joystick_ws/install/wiimote_msgs/share/wiimote_msgs/msg/IrSourceInfo.json
[3.761s] -- Up-to-date: /home/bmes-endoscope-25/joystick_ws/install/wiimote_msgs/share/wiimote_msgs/msg/State.json
[3.762s] -- Up-to-date: /home/bmes-endoscope-25/joystick_ws/install/wiimote_msgs/share/wiimote_msgs/msg/TimedSwitch.json
[3.764s] -- Up-to-date: /home/bmes-endoscope-25/joystick_ws/install/wiimote_msgs/include/wiimote_msgs/wiimote_msgs
[3.769s] -- Up-to-date: /home/bmes-endoscope-25/joystick_ws/install/wiimote_msgs/include/wiimote_msgs/wiimote_msgs/msg
[3.771s] -- Up-to-date: /home/bmes-endoscope-25/joystick_ws/install/wiimote_msgs/include/wiimote_msgs/wiimote_msgs/msg/timed_switch.h
[3.773s] -- Up-to-date: /home/bmes-endoscope-25/joystick_ws/install/wiimote_msgs/include/wiimote_msgs/wiimote_msgs/msg/state.h
[3.775s] -- Up-to-date: /home/bmes-endoscope-25/joystick_ws/install/wiimote_msgs/include/wiimote_msgs/wiimote_msgs/msg/detail
[3.776s] -- Up-to-date: /home/bmes-endoscope-25/joystick_ws/install/wiimote_msgs/include/wiimote_msgs/wiimote_msgs/msg/detail/timed_switch__functions.h
[3.777s] -- Installing: /home/bmes-endoscope-25/joystick_ws/install/wiimote_msgs/include/wiimote_msgs/wiimote_msgs/msg/detail/ir_source_info__type_support.c
[3.779s] -- Up-to-date: /home/bmes-endoscope-25/joystick_ws/install/wiimote_msgs/include/wiimote_msgs/wiimote_msgs/msg/detail/ir_source_info__type_support.h
[3.781s] -- Up-to-date: /home/bmes-endoscope-25/joystick_ws/install/wiimote_msgs/include/wiimote_msgs/wiimote_msgs/msg/detail/state__functions.h
[3.781s] -- Up-to-date: /home/bmes-endoscope-25/joystick_ws/install/wiimote_msgs/include/wiimote_msgs/wiimote_msgs/msg/detail/ir_source_info__functions.h
[3.782s] -- Up-to-date: /home/bmes-endoscope-25/joystick_ws/install/wiimote_msgs/include/wiimote_msgs/wiimote_msgs/msg/detail/state__functions.c
[3.783s] -- Installing: /home/bmes-endoscope-25/joystick_ws/install/wiimote_msgs/include/wiimote_msgs/wiimote_msgs/msg/detail/timed_switch__type_support.c
[3.783s] -- Up-to-date: /home/bmes-endoscope-25/joystick_ws/install/wiimote_msgs/include/wiimote_msgs/wiimote_msgs/msg/detail/ir_source_info__functions.c
[3.784s] -- Up-to-date: /home/bmes-endoscope-25/joystick_ws/install/wiimote_msgs/include/wiimote_msgs/wiimote_msgs/msg/detail/state__struct.h
[3.784s] -- Up-to-date: /home/bmes-endoscope-25/joystick_ws/install/wiimote_msgs/include/wiimote_msgs/wiimote_msgs/msg/detail/state__type_support.h
[3.785s] -- Up-to-date: /home/bmes-endoscope-25/joystick_ws/install/wiimote_msgs/include/wiimote_msgs/wiimote_msgs/msg/detail/timed_switch__type_support.h
[3.785s] -- Up-to-date: /home/bmes-endoscope-25/joystick_ws/install/wiimote_msgs/include/wiimote_msgs/wiimote_msgs/msg/detail/timed_switch__functions.c
[3.786s] -- Up-to-date: /home/bmes-endoscope-25/joystick_ws/install/wiimote_msgs/include/wiimote_msgs/wiimote_msgs/msg/detail/timed_switch__description.c
[3.786s] -- Up-to-date: /home/bmes-endoscope-25/joystick_ws/install/wiimote_msgs/include/wiimote_msgs/wiimote_msgs/msg/detail/ir_source_info__description.c
[3.786s] -- Installing: /home/bmes-endoscope-25/joystick_ws/install/wiimote_msgs/include/wiimote_msgs/wiimote_msgs/msg/detail/state__type_support.c
[3.787s] -- Up-to-date: /home/bmes-endoscope-25/joystick_ws/install/wiimote_msgs/include/wiimote_msgs/wiimote_msgs/msg/detail/timed_switch__struct.h
[3.787s] -- Up-to-date: /home/bmes-endoscope-25/joystick_ws/install/wiimote_msgs/include/wiimote_msgs/wiimote_msgs/msg/detail/ir_source_info__struct.h
[3.788s] -- Up-to-date: /home/bmes-endoscope-25/joystick_ws/install/wiimote_msgs/include/wiimote_msgs/wiimote_msgs/msg/detail/state__description.c
[3.788s] -- Up-to-date: /home/bmes-endoscope-25/joystick_ws/install/wiimote_msgs/include/wiimote_msgs/wiimote_msgs/msg/rosidl_generator_c__visibility_control.h
[3.789s] -- Up-to-date: /home/bmes-endoscope-25/joystick_ws/install/wiimote_msgs/include/wiimote_msgs/wiimote_msgs/msg/ir_source_info.h
[3.789s] -- Up-to-date: /home/bmes-endoscope-25/joystick_ws/install/wiimote_msgs/share/wiimote_msgs/environment/library_path.sh
[3.790s] -- Up-to-date: /home/bmes-endoscope-25/joystick_ws/install/wiimote_msgs/share/wiimote_msgs/environment/library_path.dsv
[3.793s] -- Up-to-date: /home/bmes-endoscope-25/joystick_ws/install/wiimote_msgs/lib/libwiimote_msgs__rosidl_generator_c.so
[3.794s] -- Up-to-date: /home/bmes-endoscope-25/joystick_ws/install/wiimote_msgs/include/wiimote_msgs/wiimote_msgs
[3.795s] -- Up-to-date: /home/bmes-endoscope-25/joystick_ws/install/wiimote_msgs/include/wiimote_msgs/wiimote_msgs/msg
[3.795s] -- Up-to-date: /home/bmes-endoscope-25/joystick_ws/install/wiimote_msgs/include/wiimote_msgs/wiimote_msgs/msg/rosidl_typesupport_fastrtps_c__visibility_control.h
[3.796s] -- Up-to-date: /home/bmes-endoscope-25/joystick_ws/install/wiimote_msgs/include/wiimote_msgs/wiimote_msgs/msg/detail
[3.796s] -- Up-to-date: /home/bmes-endoscope-25/joystick_ws/install/wiimote_msgs/include/wiimote_msgs/wiimote_msgs/msg/detail/state__rosidl_typesupport_fastrtps_c.h
[3.797s] -- Up-to-date: /home/bmes-endoscope-25/joystick_ws/install/wiimote_msgs/include/wiimote_msgs/wiimote_msgs/msg/detail/timed_switch__rosidl_typesupport_fastrtps_c.h
[3.797s] -- Up-to-date: /home/bmes-endoscope-25/joystick_ws/install/wiimote_msgs/include/wiimote_msgs/wiimote_msgs/msg/detail/ir_source_info__rosidl_typesupport_fastrtps_c.h
[3.800s] -- Up-to-date: /home/bmes-endoscope-25/joystick_ws/install/wiimote_msgs/lib/libwiimote_msgs__rosidl_typesupport_fastrtps_c.so
[3.801s] -- Up-to-date: /home/bmes-endoscope-25/joystick_ws/install/wiimote_msgs/include/wiimote_msgs/wiimote_msgs
[3.802s] -- Up-to-date: /home/bmes-endoscope-25/joystick_ws/install/wiimote_msgs/include/wiimote_msgs/wiimote_msgs/msg
[3.803s] -- Up-to-date: /home/bmes-endoscope-25/joystick_ws/install/wiimote_msgs/include/wiimote_msgs/wiimote_msgs/msg/rosidl_generator_cpp__visibility_control.hpp
[3.803s] -- Up-to-date: /home/bmes-endoscope-25/joystick_ws/install/wiimote_msgs/include/wiimote_msgs/wiimote_msgs/msg/ir_source_info.hpp
[3.804s] -- Up-to-date: /home/bmes-endoscope-25/joystick_ws/install/wiimote_msgs/include/wiimote_msgs/wiimote_msgs/msg/timed_switch.hpp
[3.804s] -- Up-to-date: /home/bmes-endoscope-25/joystick_ws/install/wiimote_msgs/include/wiimote_msgs/wiimote_msgs/msg/detail
[3.805s] -- Up-to-date: /home/bmes-endoscope-25/joystick_ws/install/wiimote_msgs/include/wiimote_msgs/wiimote_msgs/msg/detail/state__struct.hpp
[3.805s] -- Up-to-date: /home/bmes-endoscope-25/joystick_ws/install/wiimote_msgs/include/wiimote_msgs/wiimote_msgs/msg/detail/ir_source_info__traits.hpp
[3.806s] -- Up-to-date: /home/bmes-endoscope-25/joystick_ws/install/wiimote_msgs/include/wiimote_msgs/wiimote_msgs/msg/detail/ir_source_info__type_support.hpp
[3.807s] -- Up-to-date: /home/bmes-endoscope-25/joystick_ws/install/wiimote_msgs/include/wiimote_msgs/wiimote_msgs/msg/detail/timed_switch__builder.hpp
[3.807s] -- Up-to-date: /home/bmes-endoscope-25/joystick_ws/install/wiimote_msgs/include/wiimote_msgs/wiimote_msgs/msg/detail/state__type_support.hpp
[3.808s] -- Up-to-date: /home/bmes-endoscope-25/joystick_ws/install/wiimote_msgs/include/wiimote_msgs/wiimote_msgs/msg/detail/timed_switch__traits.hpp
[3.808s] -- Up-to-date: /home/bmes-endoscope-25/joystick_ws/install/wiimote_msgs/include/wiimote_msgs/wiimote_msgs/msg/detail/timed_switch__type_support.hpp
[3.809s] -- Up-to-date: /home/bmes-endoscope-25/joystick_ws/install/wiimote_msgs/include/wiimote_msgs/wiimote_msgs/msg/detail/ir_source_info__builder.hpp
[3.809s] -- Up-to-date: /home/bmes-endoscope-25/joystick_ws/install/wiimote_msgs/include/wiimote_msgs/wiimote_msgs/msg/detail/state__traits.hpp
[3.810s] -- Up-to-date: /home/bmes-endoscope-25/joystick_ws/install/wiimote_msgs/include/wiimote_msgs/wiimote_msgs/msg/detail/state__builder.hpp
[3.810s] -- Up-to-date: /home/bmes-endoscope-25/joystick_ws/install/wiimote_msgs/include/wiimote_msgs/wiimote_msgs/msg/detail/ir_source_info__struct.hpp
[3.811s] -- Up-to-date: /home/bmes-endoscope-25/joystick_ws/install/wiimote_msgs/include/wiimote_msgs/wiimote_msgs/msg/detail/timed_switch__struct.hpp
[3.812s] -- Up-to-date: /home/bmes-endoscope-25/joystick_ws/install/wiimote_msgs/include/wiimote_msgs/wiimote_msgs/msg/state.hpp
[3.812s] -- Up-to-date: /home/bmes-endoscope-25/joystick_ws/install/wiimote_msgs/include/wiimote_msgs/wiimote_msgs
[3.812s] -- Up-to-date: /home/bmes-endoscope-25/joystick_ws/install/wiimote_msgs/include/wiimote_msgs/wiimote_msgs/msg
[3.813s] -- Up-to-date: /home/bmes-endoscope-25/joystick_ws/install/wiimote_msgs/include/wiimote_msgs/wiimote_msgs/msg/rosidl_typesupport_fastrtps_cpp__visibility_control.h
[3.814s] -- Up-to-date: /home/bmes-endoscope-25/joystick_ws/install/wiimote_msgs/include/wiimote_msgs/wiimote_msgs/msg/detail
[3.814s] -- Up-to-date: /home/bmes-endoscope-25/joystick_ws/install/wiimote_msgs/include/wiimote_msgs/wiimote_msgs/msg/detail/timed_switch__rosidl_typesupport_fastrtps_cpp.hpp
[3.814s] -- Up-to-date: /home/bmes-endoscope-25/joystick_ws/install/wiimote_msgs/include/wiimote_msgs/wiimote_msgs/msg/detail/dds_fastrtps
[3.814s] -- Up-to-date: /home/bmes-endoscope-25/joystick_ws/install/wiimote_msgs/include/wiimote_msgs/wiimote_msgs/msg/detail/state__rosidl_typesupport_fastrtps_cpp.hpp
[3.815s] -- Up-to-date: /home/bmes-endoscope-25/joystick_ws/install/wiimote_msgs/include/wiimote_msgs/wiimote_msgs/msg/detail/ir_source_info__rosidl_typesupport_fastrtps_cpp.hpp
[3.817s] -- Up-to-date: /home/bmes-endoscope-25/joystick_ws/install/wiimote_msgs/lib/libwiimote_msgs__rosidl_typesupport_fastrtps_cpp.so
[3.818s] -- Up-to-date: /home/bmes-endoscope-25/joystick_ws/install/wiimote_msgs/include/wiimote_msgs/wiimote_msgs
[3.819s] -- Up-to-date: /home/bmes-endoscope-25/joystick_ws/install/wiimote_msgs/include/wiimote_msgs/wiimote_msgs/msg
[3.819s] -- Up-to-date: /home/bmes-endoscope-25/joystick_ws/install/wiimote_msgs/include/wiimote_msgs/wiimote_msgs/msg/rosidl_typesupport_introspection_c__visibility_control.h
[3.820s] -- Up-to-date: /home/bmes-endoscope-25/joystick_ws/install/wiimote_msgs/include/wiimote_msgs/wiimote_msgs/msg/detail
[3.820s] -- Installing: /home/bmes-endoscope-25/joystick_ws/install/wiimote_msgs/include/wiimote_msgs/wiimote_msgs/msg/detail/ir_source_info__type_support.c
[3.822s] -- Up-to-date: /home/bmes-endoscope-25/joystick_ws/install/wiimote_msgs/include/wiimote_msgs/wiimote_msgs/msg/detail/timed_switch__rosidl_typesupport_introspection_c.h
[3.823s] -- Installing: /home/bmes-endoscope-25/joystick_ws/install/wiimote_msgs/include/wiimote_msgs/wiimote_msgs/msg/detail/timed_switch__type_support.c
[3.825s] -- Up-to-date: /home/bmes-endoscope-25/joystick_ws/install/wiimote_msgs/include/wiimote_msgs/wiimote_msgs/msg/detail/ir_source_info__rosidl_typesupport_introspection_c.h
[3.825s] -- Up-to-date: /home/bmes-endoscope-25/joystick_ws/install/wiimote_msgs/include/wiimote_msgs/wiimote_msgs/msg/detail/state__rosidl_typesupport_introspection_c.h
[3.826s] -- Installing: /home/bmes-endoscope-25/joystick_ws/install/wiimote_msgs/include/wiimote_msgs/wiimote_msgs/msg/detail/state__type_support.c
[3.832s] -- Up-to-date: /home/bmes-endoscope-25/joystick_ws/install/wiimote_msgs/lib/libwiimote_msgs__rosidl_typesupport_introspection_c.so
[3.836s] -- Up-to-date: /home/bmes-endoscope-25/joystick_ws/install/wiimote_msgs/lib/libwiimote_msgs__rosidl_typesupport_c.so
[3.837s] -- Up-to-date: /home/bmes-endoscope-25/joystick_ws/install/wiimote_msgs/include/wiimote_msgs/wiimote_msgs
[3.838s] -- Up-to-date: /home/bmes-endoscope-25/joystick_ws/install/wiimote_msgs/include/wiimote_msgs/wiimote_msgs/msg
[3.838s] -- Up-to-date: /home/bmes-endoscope-25/joystick_ws/install/wiimote_msgs/include/wiimote_msgs/wiimote_msgs/msg/detail
[3.839s] -- Up-to-date: /home/bmes-endoscope-25/joystick_ws/install/wiimote_msgs/include/wiimote_msgs/wiimote_msgs/msg/detail/timed_switch__rosidl_typesupport_introspection_cpp.hpp
[3.840s] -- Up-to-date: /home/bmes-endoscope-25/joystick_ws/install/wiimote_msgs/include/wiimote_msgs/wiimote_msgs/msg/detail/state__rosidl_typesupport_introspection_cpp.hpp
[3.840s] -- Up-to-date: /home/bmes-endoscope-25/joystick_ws/install/wiimote_msgs/include/wiimote_msgs/wiimote_msgs/msg/detail/ir_source_info__type_support.cpp
[3.841s] -- Up-to-date: /home/bmes-endoscope-25/joystick_ws/install/wiimote_msgs/include/wiimote_msgs/wiimote_msgs/msg/detail/state__type_support.cpp
[3.841s] -- Up-to-date: /home/bmes-endoscope-25/joystick_ws/install/wiimote_msgs/include/wiimote_msgs/wiimote_msgs/msg/detail/ir_source_info__rosidl_typesupport_introspection_cpp.hpp
[3.842s] -- Up-to-date: /home/bmes-endoscope-25/joystick_ws/install/wiimote_msgs/include/wiimote_msgs/wiimote_msgs/msg/detail/timed_switch__type_support.cpp
[3.845s] -- Up-to-date: /home/bmes-endoscope-25/joystick_ws/install/wiimote_msgs/lib/libwiimote_msgs__rosidl_typesupport_introspection_cpp.so
[3.849s] -- Up-to-date: /home/bmes-endoscope-25/joystick_ws/install/wiimote_msgs/lib/libwiimote_msgs__rosidl_typesupport_cpp.so
[3.850s] -- Up-to-date: /home/bmes-endoscope-25/joystick_ws/install/wiimote_msgs/share/wiimote_msgs/environment/pythonpath.sh
[3.851s] -- Up-to-date: /home/bmes-endoscope-25/joystick_ws/install/wiimote_msgs/share/wiimote_msgs/environment/pythonpath.dsv
[3.852s] -- Up-to-date: /home/bmes-endoscope-25/joystick_ws/install/wiimote_msgs/lib/python3.12/site-packages/wiimote_msgs-3.3.0-py3.12.egg-info
[3.853s] -- Installing: /home/bmes-endoscope-25/joystick_ws/install/wiimote_msgs/lib/python3.12/site-packages/wiimote_msgs-3.3.0-py3.12.egg-info/SOURCES.txt
[3.855s] -- Installing: /home/bmes-endoscope-25/joystick_ws/install/wiimote_msgs/lib/python3.12/site-packages/wiimote_msgs-3.3.0-py3.12.egg-info/top_level.txt
[3.857s] -- Installing: /home/bmes-endoscope-25/joystick_ws/install/wiimote_msgs/lib/python3.12/site-packages/wiimote_msgs-3.3.0-py3.12.egg-info/PKG-INFO
[3.859s] -- Installing: /home/bmes-endoscope-25/joystick_ws/install/wiimote_msgs/lib/python3.12/site-packages/wiimote_msgs-3.3.0-py3.12.egg-info/dependency_links.txt
[3.861s] -- Up-to-date: /home/bmes-endoscope-25/joystick_ws/install/wiimote_msgs/lib/python3.12/site-packages/wiimote_msgs
[3.862s] -- Up-to-date: /home/bmes-endoscope-25/joystick_ws/install/wiimote_msgs/lib/python3.12/site-packages/wiimote_msgs/wiimote_msgs_s__rosidl_typesupport_c.so
[3.863s] -- Up-to-date: /home/bmes-endoscope-25/joystick_ws/install/wiimote_msgs/lib/python3.12/site-packages/wiimote_msgs/wiimote_msgs_s__rosidl_typesupport_introspection_c.so
[3.864s] -- Up-to-date: /home/bmes-endoscope-25/joystick_ws/install/wiimote_msgs/lib/python3.12/site-packages/wiimote_msgs/__init__.py
[3.865s] -- Up-to-date: /home/bmes-endoscope-25/joystick_ws/install/wiimote_msgs/lib/python3.12/site-packages/wiimote_msgs/_wiimote_msgs_s.ep.rosidl_typesupport_introspection_c.c
[3.865s] -- Up-to-date: /home/bmes-endoscope-25/joystick_ws/install/wiimote_msgs/lib/python3.12/site-packages/wiimote_msgs/msg
[3.870s] -- Up-to-date: /home/bmes-endoscope-25/joystick_ws/install/wiimote_msgs/lib/python3.12/site-packages/wiimote_msgs/msg/__init__.py
[3.873s] -- Up-to-date: /home/bmes-endoscope-25/joystick_ws/install/wiimote_msgs/lib/python3.12/site-packages/wiimote_msgs/msg/_state.py
[3.875s] -- Up-to-date: /home/bmes-endoscope-25/joystick_ws/install/wiimote_msgs/lib/python3.12/site-packages/wiimote_msgs/msg/_ir_source_info.py
[3.876s] -- Up-to-date: /home/bmes-endoscope-25/joystick_ws/install/wiimote_msgs/lib/python3.12/site-packages/wiimote_msgs/msg/_timed_switch.py
[3.877s] -- Up-to-date: /home/bmes-endoscope-25/joystick_ws/install/wiimote_msgs/lib/python3.12/site-packages/wiimote_msgs/msg/_timed_switch_s.c
[3.878s] -- Up-to-date: /home/bmes-endoscope-25/joystick_ws/install/wiimote_msgs/lib/python3.12/site-packages/wiimote_msgs/msg/_state_s.c
[3.879s] -- Up-to-date: /home/bmes-endoscope-25/joystick_ws/install/wiimote_msgs/lib/python3.12/site-packages/wiimote_msgs/msg/_ir_source_info_s.c
[3.880s] -- Up-to-date: /home/bmes-endoscope-25/joystick_ws/install/wiimote_msgs/lib/python3.12/site-packages/wiimote_msgs/wiimote_msgs_s__rosidl_typesupport_fastrtps_c.so
[3.881s] -- Up-to-date: /home/bmes-endoscope-25/joystick_ws/install/wiimote_msgs/lib/python3.12/site-packages/wiimote_msgs/_wiimote_msgs_s.ep.rosidl_typesupport_c.c
[3.881s] -- Up-to-date: /home/bmes-endoscope-25/joystick_ws/install/wiimote_msgs/lib/python3.12/site-packages/wiimote_msgs/_wiimote_msgs_s.ep.rosidl_typesupport_fastrtps_c.c
[4.054s] Listing '/home/bmes-endoscope-25/joystick_ws/install/wiimote_msgs/lib/python3.12/site-packages/wiimote_msgs'...
[4.055s] Listing '/home/bmes-endoscope-25/joystick_ws/install/wiimote_msgs/lib/python3.12/site-packages/wiimote_msgs/msg'...
[4.102s] -- Up-to-date: /home/bmes-endoscope-25/joystick_ws/install/wiimote_msgs/lib/python3.12/site-packages/wiimote_msgs/wiimote_msgs_s__rosidl_typesupport_fastrtps_c.so
[4.106s] -- Up-to-date: /home/bmes-endoscope-25/joystick_ws/install/wiimote_msgs/lib/python3.12/site-packages/wiimote_msgs/wiimote_msgs_s__rosidl_typesupport_introspection_c.so
[4.110s] -- Up-to-date: /home/bmes-endoscope-25/joystick_ws/install/wiimote_msgs/lib/python3.12/site-packages/wiimote_msgs/wiimote_msgs_s__rosidl_typesupport_c.so
[4.115s] -- Up-to-date: /home/bmes-endoscope-25/joystick_ws/install/wiimote_msgs/lib/libwiimote_msgs__rosidl_generator_py.so
[4.117s] -- Up-to-date: /home/bmes-endoscope-25/joystick_ws/install/wiimote_msgs/share/wiimote_msgs/msg/IrSourceInfo.idl
[4.117s] -- Up-to-date: /home/bmes-endoscope-25/joystick_ws/install/wiimote_msgs/share/wiimote_msgs/msg/State.idl
[4.118s] -- Up-to-date: /home/bmes-endoscope-25/joystick_ws/install/wiimote_msgs/share/wiimote_msgs/msg/TimedSwitch.idl
[4.118s] -- Up-to-date: /home/bmes-endoscope-25/joystick_ws/install/wiimote_msgs/share/wiimote_msgs/msg/IrSourceInfo.msg
[4.119s] -- Up-to-date: /home/bmes-endoscope-25/joystick_ws/install/wiimote_msgs/share/wiimote_msgs/msg/State.msg
[4.120s] -- Up-to-date: /home/bmes-endoscope-25/joystick_ws/install/wiimote_msgs/share/wiimote_msgs/msg/TimedSwitch.msg
[4.121s] -- Up-to-date: /home/bmes-endoscope-25/joystick_ws/install/wiimote_msgs/share/ament_index/resource_index/package_run_dependencies/wiimote_msgs
[4.122s] -- Up-to-date: /home/bmes-endoscope-25/joystick_ws/install/wiimote_msgs/share/ament_index/resource_index/parent_prefix_path/wiimote_msgs
[4.123s] -- Up-to-date: /home/bmes-endoscope-25/joystick_ws/install/wiimote_msgs/share/wiimote_msgs/environment/ament_prefix_path.sh
[4.123s] -- Up-to-date: /home/bmes-endoscope-25/joystick_ws/install/wiimote_msgs/share/wiimote_msgs/environment/ament_prefix_path.dsv
[4.124s] -- Up-to-date: /home/bmes-endoscope-25/joystick_ws/install/wiimote_msgs/share/wiimote_msgs/environment/path.sh
[4.124s] -- Up-to-date: /home/bmes-endoscope-25/joystick_ws/install/wiimote_msgs/share/wiimote_msgs/environment/path.dsv
[4.125s] -- Up-to-date: /home/bmes-endoscope-25/joystick_ws/install/wiimote_msgs/share/wiimote_msgs/local_setup.bash
[4.126s] -- Up-to-date: /home/bmes-endoscope-25/joystick_ws/install/wiimote_msgs/share/wiimote_msgs/local_setup.sh
[4.126s] -- Up-to-date: /home/bmes-endoscope-25/joystick_ws/install/wiimote_msgs/share/wiimote_msgs/local_setup.zsh
[4.127s] -- Up-to-date: /home/bmes-endoscope-25/joystick_ws/install/wiimote_msgs/share/wiimote_msgs/local_setup.dsv
[4.127s] -- Installing: /home/bmes-endoscope-25/joystick_ws/install/wiimote_msgs/share/wiimote_msgs/package.dsv
[4.130s] -- Up-to-date: /home/bmes-endoscope-25/joystick_ws/install/wiimote_msgs/share/ament_index/resource_index/packages/wiimote_msgs
[4.133s] -- Up-to-date: /home/bmes-endoscope-25/joystick_ws/install/wiimote_msgs/share/wiimote_msgs/cmake/export_wiimote_msgs__rosidl_generator_cExport.cmake
[4.134s] -- Up-to-date: /home/bmes-endoscope-25/joystick_ws/install/wiimote_msgs/share/wiimote_msgs/cmake/export_wiimote_msgs__rosidl_generator_cExport-noconfig.cmake
[4.136s] -- Up-to-date: /home/bmes-endoscope-25/joystick_ws/install/wiimote_msgs/share/wiimote_msgs/cmake/export_wiimote_msgs__rosidl_typesupport_fastrtps_cExport.cmake
[4.137s] -- Up-to-date: /home/bmes-endoscope-25/joystick_ws/install/wiimote_msgs/share/wiimote_msgs/cmake/export_wiimote_msgs__rosidl_typesupport_fastrtps_cExport-noconfig.cmake
[4.139s] -- Up-to-date: /home/bmes-endoscope-25/joystick_ws/install/wiimote_msgs/share/wiimote_msgs/cmake/export_wiimote_msgs__rosidl_generator_cppExport.cmake
[4.141s] -- Up-to-date: /home/bmes-endoscope-25/joystick_ws/install/wiimote_msgs/share/wiimote_msgs/cmake/export_wiimote_msgs__rosidl_typesupport_fastrtps_cppExport.cmake
[4.142s] -- Up-to-date: /home/bmes-endoscope-25/joystick_ws/install/wiimote_msgs/share/wiimote_msgs/cmake/export_wiimote_msgs__rosidl_typesupport_fastrtps_cppExport-noconfig.cmake
[4.145s] -- Up-to-date: /home/bmes-endoscope-25/joystick_ws/install/wiimote_msgs/share/wiimote_msgs/cmake/wiimote_msgs__rosidl_typesupport_introspection_cExport.cmake
[4.145s] -- Up-to-date: /home/bmes-endoscope-25/joystick_ws/install/wiimote_msgs/share/wiimote_msgs/cmake/wiimote_msgs__rosidl_typesupport_introspection_cExport-noconfig.cmake
[4.148s] -- Up-to-date: /home/bmes-endoscope-25/joystick_ws/install/wiimote_msgs/share/wiimote_msgs/cmake/wiimote_msgs__rosidl_typesupport_cExport.cmake
[4.148s] -- Up-to-date: /home/bmes-endoscope-25/joystick_ws/install/wiimote_msgs/share/wiimote_msgs/cmake/wiimote_msgs__rosidl_typesupport_cExport-noconfig.cmake
[4.151s] -- Up-to-date: /home/bmes-endoscope-25/joystick_ws/install/wiimote_msgs/share/wiimote_msgs/cmake/wiimote_msgs__rosidl_typesupport_introspection_cppExport.cmake
[4.151s] -- Up-to-date: /home/bmes-endoscope-25/joystick_ws/install/wiimote_msgs/share/wiimote_msgs/cmake/wiimote_msgs__rosidl_typesupport_introspection_cppExport-noconfig.cmake
[4.154s] -- Up-to-date: /home/bmes-endoscope-25/joystick_ws/install/wiimote_msgs/share/wiimote_msgs/cmake/wiimote_msgs__rosidl_typesupport_cppExport.cmake
[4.154s] -- Up-to-date: /home/bmes-endoscope-25/joystick_ws/install/wiimote_msgs/share/wiimote_msgs/cmake/wiimote_msgs__rosidl_typesupport_cppExport-noconfig.cmake
[4.156s] -- Up-to-date: /home/bmes-endoscope-25/joystick_ws/install/wiimote_msgs/share/wiimote_msgs/cmake/export_wiimote_msgs__rosidl_generator_pyExport.cmake
[4.157s] -- Up-to-date: /home/bmes-endoscope-25/joystick_ws/install/wiimote_msgs/share/wiimote_msgs/cmake/export_wiimote_msgs__rosidl_generator_pyExport-noconfig.cmake
[4.158s] -- Up-to-date: /home/bmes-endoscope-25/joystick_ws/install/wiimote_msgs/share/wiimote_msgs/cmake/rosidl_cmake-extras.cmake
[4.159s] -- Up-to-date: /home/bmes-endoscope-25/joystick_ws/install/wiimote_msgs/share/wiimote_msgs/cmake/ament_cmake_export_dependencies-extras.cmake
[4.160s] -- Up-to-date: /home/bmes-endoscope-25/joystick_ws/install/wiimote_msgs/share/wiimote_msgs/cmake/ament_cmake_export_include_directories-extras.cmake
[4.161s] -- Up-to-date: /home/bmes-endoscope-25/joystick_ws/install/wiimote_msgs/share/wiimote_msgs/cmake/ament_cmake_export_libraries-extras.cmake
[4.161s] -- Up-to-date: /home/bmes-endoscope-25/joystick_ws/install/wiimote_msgs/share/wiimote_msgs/cmake/ament_cmake_export_targets-extras.cmake
[4.162s] -- Up-to-date: /home/bmes-endoscope-25/joystick_ws/install/wiimote_msgs/share/wiimote_msgs/cmake/rosidl_cmake_export_typesupport_targets-extras.cmake
[4.163s] -- Up-to-date: /home/bmes-endoscope-25/joystick_ws/install/wiimote_msgs/share/wiimote_msgs/cmake/rosidl_cmake_export_typesupport_libraries-extras.cmake
[4.164s] -- Up-to-date: /home/bmes-endoscope-25/joystick_ws/install/wiimote_msgs/share/wiimote_msgs/cmake/wiimote_msgsConfig.cmake
[4.164s] -- Up-to-date: /home/bmes-endoscope-25/joystick_ws/install/wiimote_msgs/share/wiimote_msgs/cmake/wiimote_msgsConfig-version.cmake
[4.165s] -- Up-to-date: /home/bmes-endoscope-25/joystick_ws/install/wiimote_msgs/share/wiimote_msgs/package.xml
[4.182s] Invoked command in '/home/bmes-endoscope-25/joystick_ws/build/wiimote_msgs' returned '0': CMAKE_PREFIX_PATH=${CMAKE_PREFIX_PATH}:/opt/ros/jazzy DEBUGINFOD_URLS=https://debuginfod.ubuntu.com /usr/bin/cmake --install /home/bmes-endoscope-25/joystick_ws/build/wiimote_msgs
