[0.248s] Invoking command in '/home/bmes-endoscope-25/joystick_ws/build/joy': AMENT_PREFIX_PATH=/home/bmes-endoscope-25/joystick_ws/install/sdl2_vendor:${AMENT_PREFIX_PATH} CMAKE_PREFIX_PATH=/home/bmes-endoscope-25/joystick_ws/install/sdl2_vendor:/opt/ros/jazzy/opt/gz_math_vendor:/opt/ros/jazzy/opt/gz_utils_vendor:/opt/ros/jazzy/opt/gz_cmake_vendor:/opt/ros/jazzy DEBUGINFOD_URLS=https://debuginfod.ubuntu.com /usr/bin/cmake --build /home/bmes-endoscope-25/joystick_ws/build/joy -- -j4 -l4
[0.930s] [ 20%] Built target joy
[0.935s] [ 40%] Built target game_controller_node
[0.950s] [ 60%] Built target game_controller
[0.971s] [ 80%] Built target joy_node
[1.137s] [100%] Built target joy_enumerate_devices
[1.249s] Invoked command in '/home/bmes-endoscope-25/joystick_ws/build/joy' returned '0': AMENT_PREFIX_PATH=/home/bmes-endoscope-25/joystick_ws/install/sdl2_vendor:${AMENT_PREFIX_PATH} CMAKE_PREFIX_PATH=/home/bmes-endoscope-25/joystick_ws/install/sdl2_vendor:/opt/ros/jazzy/opt/gz_math_vendor:/opt/ros/jazzy/opt/gz_utils_vendor:/opt/ros/jazzy/opt/gz_cmake_vendor:/opt/ros/jazzy DEBUGINFOD_URLS=https://debuginfod.ubuntu.com /usr/bin/cmake --build /home/bmes-endoscope-25/joystick_ws/build/joy -- -j4 -l4
[1.259s] Invoking command in '/home/bmes-endoscope-25/joystick_ws/build/joy': AMENT_PREFIX_PATH=/home/bmes-endoscope-25/joystick_ws/install/sdl2_vendor:${AMENT_PREFIX_PATH} CMAKE_PREFIX_PATH=/home/bmes-endoscope-25/joystick_ws/install/sdl2_vendor:/opt/ros/jazzy/opt/gz_math_vendor:/opt/ros/jazzy/opt/gz_utils_vendor:/opt/ros/jazzy/opt/gz_cmake_vendor:/opt/ros/jazzy DEBUGINFOD_URLS=https://debuginfod.ubuntu.com /usr/bin/cmake --install /home/bmes-endoscope-25/joystick_ws/build/joy
[1.311s] -- Install configuration: ""
[1.314s] -- Up-to-date: /home/bmes-endoscope-25/joystick_ws/install/joy/lib/libjoy.so
[1.319s] -- Up-to-date: /home/bmes-endoscope-25/joystick_ws/install/joy/lib/joy/joy_node
[1.324s] -- Up-to-date: /home/bmes-endoscope-25/joystick_ws/install/joy/lib/libgame_controller.so
[1.328s] -- Up-to-date: /home/bmes-endoscope-25/joystick_ws/install/joy/lib/joy/game_controller_node
[1.332s] -- Up-to-date: /home/bmes-endoscope-25/joystick_ws/install/joy/lib/joy/joy_enumerate_devices
[1.334s] -- Up-to-date: /home/bmes-endoscope-25/joystick_ws/install/joy/include/joy
[1.335s] -- Up-to-date: /home/bmes-endoscope-25/joystick_ws/install/joy/include/joy/joy
[1.335s] -- Up-to-date: /home/bmes-endoscope-25/joystick_ws/install/joy/include/joy/joy/game_controller.hpp
[1.336s] -- Up-to-date: /home/bmes-endoscope-25/joystick_ws/install/joy/include/joy/joy/joy.hpp
[1.337s] -- Up-to-date: /home/bmes-endoscope-25/joystick_ws/install/joy/share/joy/config
[1.338s] -- Up-to-date: /home/bmes-endoscope-25/joystick_ws/install/joy/share/joy/config/joy-params.yaml
[1.338s] -- Up-to-date: /home/bmes-endoscope-25/joystick_ws/install/joy/share/joy/launch
[1.340s] -- Up-to-date: /home/bmes-endoscope-25/joystick_ws/install/joy/share/joy/launch/joy-launch.py
[1.340s] -- Up-to-date: /home/bmes-endoscope-25/joystick_ws/install/joy/share/joy/launch/joy-composed-launch.py
[1.341s] -- Up-to-date: /home/bmes-endoscope-25/joystick_ws/install/joy/share/ament_index/resource_index/package_run_dependencies/joy
[1.342s] -- Up-to-date: /home/bmes-endoscope-25/joystick_ws/install/joy/share/ament_index/resource_index/parent_prefix_path/joy
[1.343s] -- Up-to-date: /home/bmes-endoscope-25/joystick_ws/install/joy/share/joy/environment/ament_prefix_path.sh
[1.343s] -- Up-to-date: /home/bmes-endoscope-25/joystick_ws/install/joy/share/joy/environment/ament_prefix_path.dsv
[1.344s] -- Up-to-date: /home/bmes-endoscope-25/joystick_ws/install/joy/share/joy/environment/path.sh
[1.345s] -- Up-to-date: /home/bmes-endoscope-25/joystick_ws/install/joy/share/joy/environment/path.dsv
[1.345s] -- Up-to-date: /home/bmes-endoscope-25/joystick_ws/install/joy/share/joy/local_setup.bash
[1.346s] -- Up-to-date: /home/bmes-endoscope-25/joystick_ws/install/joy/share/joy/local_setup.sh
[1.346s] -- Up-to-date: /home/bmes-endoscope-25/joystick_ws/install/joy/share/joy/local_setup.zsh
[1.347s] -- Up-to-date: /home/bmes-endoscope-25/joystick_ws/install/joy/share/joy/local_setup.dsv
[1.347s] -- Installing: /home/bmes-endoscope-25/joystick_ws/install/joy/share/joy/package.dsv
[1.348s] -- Up-to-date: /home/bmes-endoscope-25/joystick_ws/install/joy/share/ament_index/resource_index/packages/joy
[1.349s] -- Up-to-date: /home/bmes-endoscope-25/joystick_ws/install/joy/share/ament_index/resource_index/rclcpp_components/joy
[1.353s] -- Up-to-date: /home/bmes-endoscope-25/joystick_ws/install/joy/share/joy/cmake/export_joyExport.cmake
[1.354s] -- Up-to-date: /home/bmes-endoscope-25/joystick_ws/install/joy/share/joy/cmake/export_joyExport-noconfig.cmake
[1.356s] -- Up-to-date: /home/bmes-endoscope-25/joystick_ws/install/joy/share/joy/cmake/export_game_controllerExport.cmake
[1.356s] -- Up-to-date: /home/bmes-endoscope-25/joystick_ws/install/joy/share/joy/cmake/export_game_controllerExport-noconfig.cmake
[1.357s] -- Up-to-date: /home/bmes-endoscope-25/joystick_ws/install/joy/share/joy/cmake/ament_cmake_export_targets-extras.cmake
[1.358s] -- Up-to-date: /home/bmes-endoscope-25/joystick_ws/install/joy/share/joy/cmake/ament_cmake_export_dependencies-extras.cmake
[1.358s] -- Up-to-date: /home/bmes-endoscope-25/joystick_ws/install/joy/share/joy/cmake/joyConfig.cmake
[1.359s] -- Up-to-date: /home/bmes-endoscope-25/joystick_ws/install/joy/share/joy/cmake/joyConfig-version.cmake
[1.360s] -- Up-to-date: /home/bmes-endoscope-25/joystick_ws/install/joy/share/joy/package.xml
[1.368s] Invoked command in '/home/bmes-endoscope-25/joystick_ws/build/joy' returned '0': AMENT_PREFIX_PATH=/home/bmes-endoscope-25/joystick_ws/install/sdl2_vendor:${AMENT_PREFIX_PATH} CMAKE_PREFIX_PATH=/home/bmes-endoscope-25/joystick_ws/install/sdl2_vendor:/opt/ros/jazzy/opt/gz_math_vendor:/opt/ros/jazzy/opt/gz_utils_vendor:/opt/ros/jazzy/opt/gz_cmake_vendor:/opt/ros/jazzy DEBUGINFOD_URLS=https://debuginfod.ubuntu.com /usr/bin/cmake --install /home/bmes-endoscope-25/joystick_ws/build/joy
