[0.081s] Invoking command in '/home/bmes-endoscope-25/joystick_ws/build/my_teleop': CMAKE_PREFIX_PATH=${CMAKE_PREFIX_PATH}:/opt/ros/jazzy DEBUGINFOD_URLS=https://debuginfod.ubuntu.com /usr/bin/cmake --build /home/bmes-endoscope-25/joystick_ws/build/my_teleop -- -j4 -l4
[0.442s] [ 50%] [32mBuilding CXX object CMakeFiles/controller_dpad.dir/src/controller_dpad.cpp.o[0m
[11.032s] [01m[K/home/bmes-endoscope-25/joystick_ws/src/my_teleop/src/controller_dpad.cpp:[m[K In member function ‘[01m[Kvoid DpadTeleop::[01;32m[Kjoy_callback[m[K(sensor_msgs::msg::Joy_<std::allocator<void> >::SharedPtr)[m[K’:
[11.033s] [01m[K/home/bmes-endoscope-25/joystick_ws/src/my_teleop/src/controller_dpad.cpp:19:9:[m[K [01;31m[Kerror: [m[K‘[01m[Kenable_[m[K’ was not declared in this scope
[11.033s]    19 |         [01;31m[Kenable_[m[K = msg->buttons[0];
[11.034s]       |         [01;31m[K^~~~~~~[m[K
[11.057s] [01m[K/home/bmes-endoscope-25/joystick_ws/src/my_teleop/src/controller_dpad.cpp:20:9:[m[K [01;31m[Kerror: [m[K‘[01m[Kdpad_up[m[K’ was not declared in this scope
[11.058s]    20 |         [01;31m[Kdpad_up[m[K = msg->buttons[13];
[11.058s]       |         [01;31m[K^~~~~~~[m[K
[11.088s] [01m[K/home/bmes-endoscope-25/joystick_ws/src/my_teleop/src/controller_dpad.cpp:21:9:[m[K [01;31m[Kerror: [m[K‘[01m[Kdpad_down[m[K’ was not declared in this scope
[11.089s]    21 |         [01;31m[Kdpad_down[m[K = msg->buttons[14];
[11.089s]       |         [01;31m[K^~~~~~~~~[m[K
[11.118s] [01m[K/home/bmes-endoscope-25/joystick_ws/src/my_teleop/src/controller_dpad.cpp:22:9:[m[K [01;31m[Kerror: [m[K‘[01m[Klb[m[K’ was not declared in this scope
[11.119s]    22 |         [01;31m[Klb[m[K = msg->buttons[4];
[11.119s]       |         [01;31m[K^~[m[K
[11.140s] [01m[K/home/bmes-endoscope-25/joystick_ws/src/my_teleop/src/controller_dpad.cpp:23:9:[m[K [01;31m[Kerror: [m[K‘[01m[Krb[m[K’ was not declared in this scope
[11.144s]    23 |         [01;31m[Krb[m[K = msg->buttons[5];
[11.145s]       |         [01;31m[K^~[m[K
[11.166s] [01m[K/home/bmes-endoscope-25/joystick_ws/src/my_teleop/src/controller_dpad.cpp:[m[K In member function ‘[01m[Kvoid DpadTeleop::[01;32m[Ktimer_callback[m[K(sensor_msgs::msg::Joy_<std::allocator<void> >::SharedPtr)[m[K’:
[11.166s] [01m[K/home/bmes-endoscope-25/joystick_ws/src/my_teleop/src/controller_dpad.cpp:30:12:[m[K [01;31m[Kerror: [m[K‘[01m[Kenable_[m[K’ was not declared in this scope
[11.167s]    30 |         if([01;31m[Kenable_[m[K)
[11.167s]       |            [01;31m[K^~~~~~~[m[K
[11.198s] [01m[K/home/bmes-endoscope-25/joystick_ws/src/my_teleop/src/controller_dpad.cpp:32:21:[m[K [01;31m[Kerror: [m[K‘[01m[Kdpad_up[m[K’ was not declared in this scope
[11.199s]    32 |                 if ([01;31m[Kdpad_up[m[K)
[11.200s]       |                     [01;31m[K^~~~~~~[m[K
[11.225s] [01m[K/home/bmes-endoscope-25/joystick_ws/src/my_teleop/src/controller_dpad.cpp:34:26:[m[K [01;31m[Kerror: [m[K‘[01m[Kdpad_down[m[K’ was not declared in this scope
[11.226s]    34 |                 else if ([01;31m[Kdpad_down[m[K)
[11.226s]       |                          [01;31m[K^~~~~~~~~[m[K
[11.247s] [01m[K/home/bmes-endoscope-25/joystick_ws/src/my_teleop/src/controller_dpad.cpp:37:21:[m[K [01;31m[Kerror: [m[K‘[01m[Klb[m[K’ was not declared in this scope
[11.247s]    37 |                 if ([01;31m[Klb[m[K)
[11.248s]       |                     [01;31m[K^~[m[K
[11.269s] [01m[K/home/bmes-endoscope-25/joystick_ws/src/my_teleop/src/controller_dpad.cpp:39:26:[m[K [01;31m[Kerror: [m[K‘[01m[Krb[m[K’ was not declared in this scope
[11.269s]    39 |                 else if ([01;31m[Krb[m[K)
[11.270s]       |                          [01;31m[K^~[m[K
[11.276s] [01m[K/home/bmes-endoscope-25/joystick_ws/src/my_teleop/src/controller_dpad.cpp:26:64:[m[K [01;35m[Kwarning: [m[Kunused parameter ‘[01m[Kmsg[m[K’ [[01;35m[K]8;;https://gcc.gnu.org/onlinedocs/gcc/Warning-Options.html#index-Wunused-parameter-Wunused-parameter]8;;[m[K]
[11.276s]    26 |     void timer_callback([01;35m[Kconst sensor_msgs::msg::Joy::SharedPtr msg[m[K)
[11.277s]       |                         [01;35m[K~~~~~~~~~~~~~~~~~~~~~~~~~~~~~~~~~~~~~~~^~~[m[K
[20.549s] gmake[2]: *** [CMakeFiles/controller_dpad.dir/build.make:76: CMakeFiles/controller_dpad.dir/src/controller_dpad.cpp.o] Error 1
[20.551s] gmake[1]: *** [CMakeFiles/Makefile2:137: CMakeFiles/controller_dpad.dir/all] Error 2
[20.551s] gmake: *** [Makefile:146: all] Error 2
[20.565s] Invoked command in '/home/bmes-endoscope-25/joystick_ws/build/my_teleop' returned '2': CMAKE_PREFIX_PATH=${CMAKE_PREFIX_PATH}:/opt/ros/jazzy DEBUGINFOD_URLS=https://debuginfod.ubuntu.com /usr/bin/cmake --build /home/bmes-endoscope-25/joystick_ws/build/my_teleop -- -j4 -l4
