[0.552s] DEBUG:colcon:Command line arguments: ['/usr/bin/colcon', 'list']
[0.552s] DEBUG:colcon:Parsed command line arguments: Namespace(log_base=None, log_level=None, verb_name='list', build_base='build', ignore_user_meta=False, metas=['./colcon.meta'], base_paths=['.'], packages_ignore=None, packages_ignore_regex=None, paths=None, packages_up_to=None, packages_up_to_regex=None, packages_above=None, packages_above_and_dependencies=None, packages_above_depth=None, packages_select_by_dep=None, packages_skip_by_dep=None, packages_skip_up_to=None, packages_select_build_failed=False, packages_skip_build_finished=False, packages_select_test_failures=False, packages_skip_test_passed=False, packages_select=None, packages_skip=None, packages_select_regex=None, packages_skip_regex=None, packages_start=None, packages_end=None, topological_order=False, names_only=False, paths_only=False, topological_graph=False, topological_graph_dot=False, topological_graph_density=False, topological_graph_legend=False, topological_graph_dot_cluster=False, topological_graph_dot_include_skipped=False, verb_parser=<colcon_defaults.argument_parser.defaults.DefaultArgumentsDecorator object at 0xffffa04f3c80>, verb_extension=<colcon_package_information.verb.list.ListVerb object at 0xffffa04f2bd0>, main=<bound method ListVerb.main of <colcon_package_information.verb.list.ListVerb object at 0xffffa04f2bd0>>)
[0.840s] Level 1:colcon.colcon_core.package_discovery:discover_packages(colcon_meta) check parameters
[0.840s] Level 1:colcon.colcon_core.package_discovery:discover_packages(recursive) check parameters
[0.841s] Level 1:colcon.colcon_core.package_discovery:discover_packages(ignore) check parameters
[0.841s] Level 1:colcon.colcon_core.package_discovery:discover_packages(path) check parameters
[0.841s] Level 1:colcon.colcon_core.package_discovery:discover_packages(colcon_meta) discover
[0.841s] Level 1:colcon.colcon_core.package_discovery:discover_packages(recursive) discover
[0.841s] INFO:colcon.colcon_core.package_discovery:Crawling recursively for packages in '/home/bmes-endoscope-25/joystick_ws'
[0.842s] Level 1:colcon.colcon_core.package_identification:_identify(.) by extensions ['ignore', 'ignore_ament_install']
[0.842s] Level 1:colcon.colcon_core.package_identification:_identify(.) by extension 'ignore'
[0.842s] Level 1:colcon.colcon_core.package_identification:_identify(.) by extension 'ignore_ament_install'
[0.843s] Level 1:colcon.colcon_core.package_identification:_identify(.) by extensions ['colcon_pkg']
[0.843s] Level 1:colcon.colcon_core.package_identification:_identify(.) by extension 'colcon_pkg'
[0.843s] Level 1:colcon.colcon_core.package_identification:_identify(.) by extensions ['colcon_meta']
[0.843s] Level 1:colcon.colcon_core.package_identification:_identify(.) by extension 'colcon_meta'
[0.843s] Level 1:colcon.colcon_core.package_identification:_identify(.) by extensions ['ros']
[0.843s] Level 1:colcon.colcon_core.package_identification:_identify(.) by extension 'ros'
[0.993s] Level 1:colcon.colcon_core.package_identification:_identify(.) by extensions ['cmake', 'python']
[0.993s] Level 1:colcon.colcon_core.package_identification:_identify(.) by extension 'cmake'
[0.993s] Level 1:colcon.colcon_core.package_identification:_identify(.) by extension 'python'
[0.994s] Level 1:colcon.colcon_core.package_identification:_identify(.) by extensions ['python_setup_py']
[0.994s] Level 1:colcon.colcon_core.package_identification:_identify(.) by extension 'python_setup_py'
[0.995s] Level 1:colcon.colcon_core.package_identification:_identify(build) by extensions ['ignore', 'ignore_ament_install']
[0.996s] Level 1:colcon.colcon_core.package_identification:_identify(build) by extension 'ignore'
[0.996s] Level 1:colcon.colcon_core.package_identification:_identify(build) ignored
[0.997s] Level 1:colcon.colcon_core.package_identification:_identify(install) by extensions ['ignore', 'ignore_ament_install']
[0.997s] Level 1:colcon.colcon_core.package_identification:_identify(install) by extension 'ignore'
[0.997s] Level 1:colcon.colcon_core.package_identification:_identify(install) ignored
[0.998s] Level 1:colcon.colcon_core.package_identification:_identify(log) by extensions ['ignore', 'ignore_ament_install']
[0.998s] Level 1:colcon.colcon_core.package_identification:_identify(log) by extension 'ignore'
[0.998s] Level 1:colcon.colcon_core.package_identification:_identify(log) ignored
[0.999s] Level 1:colcon.colcon_core.package_identification:_identify(src) by extensions ['ignore', 'ignore_ament_install']
[0.999s] Level 1:colcon.colcon_core.package_identification:_identify(src) by extension 'ignore'
[0.999s] Level 1:colcon.colcon_core.package_identification:_identify(src) by extension 'ignore_ament_install'
[0.999s] Level 1:colcon.colcon_core.package_identification:_identify(src) by extensions ['colcon_pkg']
[0.999s] Level 1:colcon.colcon_core.package_identification:_identify(src) by extension 'colcon_pkg'
[1.000s] Level 1:colcon.colcon_core.package_identification:_identify(src) by extensions ['colcon_meta']
[1.000s] Level 1:colcon.colcon_core.package_identification:_identify(src) by extension 'colcon_meta'
[1.000s] Level 1:colcon.colcon_core.package_identification:_identify(src) by extensions ['ros']
[1.000s] Level 1:colcon.colcon_core.package_identification:_identify(src) by extension 'ros'
[1.000s] Level 1:colcon.colcon_core.package_identification:_identify(src) by extensions ['cmake', 'python']
[1.000s] Level 1:colcon.colcon_core.package_identification:_identify(src) by extension 'cmake'
[1.001s] Level 1:colcon.colcon_core.package_identification:_identify(src) by extension 'python'
[1.001s] Level 1:colcon.colcon_core.package_identification:_identify(src) by extensions ['python_setup_py']
[1.001s] Level 1:colcon.colcon_core.package_identification:_identify(src) by extension 'python_setup_py'
[1.001s] Level 1:colcon.colcon_core.package_identification:_identify(src/joystick_drivers) by extensions ['ignore', 'ignore_ament_install']
[1.002s] Level 1:colcon.colcon_core.package_identification:_identify(src/joystick_drivers) by extension 'ignore'
[1.002s] Level 1:colcon.colcon_core.package_identification:_identify(src/joystick_drivers) by extension 'ignore_ament_install'
[1.002s] Level 1:colcon.colcon_core.package_identification:_identify(src/joystick_drivers) by extensions ['colcon_pkg']
[1.002s] Level 1:colcon.colcon_core.package_identification:_identify(src/joystick_drivers) by extension 'colcon_pkg'
[1.002s] Level 1:colcon.colcon_core.package_identification:_identify(src/joystick_drivers) by extensions ['colcon_meta']
[1.003s] Level 1:colcon.colcon_core.package_identification:_identify(src/joystick_drivers) by extension 'colcon_meta'
[1.003s] Level 1:colcon.colcon_core.package_identification:_identify(src/joystick_drivers) by extensions ['ros']
[1.003s] Level 1:colcon.colcon_core.package_identification:_identify(src/joystick_drivers) by extension 'ros'
[1.003s] Level 1:colcon.colcon_core.package_identification:_identify(src/joystick_drivers) by extensions ['cmake', 'python']
[1.003s] Level 1:colcon.colcon_core.package_identification:_identify(src/joystick_drivers) by extension 'cmake'
[1.004s] Level 1:colcon.colcon_core.package_identification:_identify(src/joystick_drivers) by extension 'python'
[1.004s] Level 1:colcon.colcon_core.package_identification:_identify(src/joystick_drivers) by extensions ['python_setup_py']
[1.004s] Level 1:colcon.colcon_core.package_identification:_identify(src/joystick_drivers) by extension 'python_setup_py'
[1.004s] Level 1:colcon.colcon_core.package_identification:_identify(src/joystick_drivers/joy) by extensions ['ignore', 'ignore_ament_install']
[1.005s] Level 1:colcon.colcon_core.package_identification:_identify(src/joystick_drivers/joy) by extension 'ignore'
[1.005s] Level 1:colcon.colcon_core.package_identification:_identify(src/joystick_drivers/joy) by extension 'ignore_ament_install'
[1.005s] Level 1:colcon.colcon_core.package_identification:_identify(src/joystick_drivers/joy) by extensions ['colcon_pkg']
[1.006s] Level 1:colcon.colcon_core.package_identification:_identify(src/joystick_drivers/joy) by extension 'colcon_pkg'
[1.006s] Level 1:colcon.colcon_core.package_identification:_identify(src/joystick_drivers/joy) by extensions ['colcon_meta']
[1.006s] Level 1:colcon.colcon_core.package_identification:_identify(src/joystick_drivers/joy) by extension 'colcon_meta'
[1.006s] Level 1:colcon.colcon_core.package_identification:_identify(src/joystick_drivers/joy) by extensions ['ros']
[1.006s] Level 1:colcon.colcon_core.package_identification:_identify(src/joystick_drivers/joy) by extension 'ros'
[1.022s] DEBUG:colcon.colcon_core.package_identification:Package 'src/joystick_drivers/joy' with type 'ros.ament_cmake' and name 'joy'
[1.022s] Level 1:colcon.colcon_core.package_identification:_identify(src/joystick_drivers/joy_linux) by extensions ['ignore', 'ignore_ament_install']
[1.023s] Level 1:colcon.colcon_core.package_identification:_identify(src/joystick_drivers/joy_linux) by extension 'ignore'
[1.023s] Level 1:colcon.colcon_core.package_identification:_identify(src/joystick_drivers/joy_linux) by extension 'ignore_ament_install'
[1.023s] Level 1:colcon.colcon_core.package_identification:_identify(src/joystick_drivers/joy_linux) by extensions ['colcon_pkg']
[1.023s] Level 1:colcon.colcon_core.package_identification:_identify(src/joystick_drivers/joy_linux) by extension 'colcon_pkg'
[1.024s] Level 1:colcon.colcon_core.package_identification:_identify(src/joystick_drivers/joy_linux) by extensions ['colcon_meta']
[1.024s] Level 1:colcon.colcon_core.package_identification:_identify(src/joystick_drivers/joy_linux) by extension 'colcon_meta'
[1.024s] Level 1:colcon.colcon_core.package_identification:_identify(src/joystick_drivers/joy_linux) by extensions ['ros']
[1.024s] Level 1:colcon.colcon_core.package_identification:_identify(src/joystick_drivers/joy_linux) by extension 'ros'
[1.027s] DEBUG:colcon.colcon_core.package_identification:Package 'src/joystick_drivers/joy_linux' with type 'ros.ament_cmake' and name 'joy_linux'
[1.028s] Level 1:colcon.colcon_core.package_identification:_identify(src/joystick_drivers/joystick_drivers) by extensions ['ignore', 'ignore_ament_install']
[1.028s] Level 1:colcon.colcon_core.package_identification:_identify(src/joystick_drivers/joystick_drivers) by extension 'ignore'
[1.028s] Level 1:colcon.colcon_core.package_identification:_identify(src/joystick_drivers/joystick_drivers) by extension 'ignore_ament_install'
[1.029s] Level 1:colcon.colcon_core.package_identification:_identify(src/joystick_drivers/joystick_drivers) by extensions ['colcon_pkg']
[1.029s] Level 1:colcon.colcon_core.package_identification:_identify(src/joystick_drivers/joystick_drivers) by extension 'colcon_pkg'
[1.029s] Level 1:colcon.colcon_core.package_identification:_identify(src/joystick_drivers/joystick_drivers) by extensions ['colcon_meta']
[1.029s] Level 1:colcon.colcon_core.package_identification:_identify(src/joystick_drivers/joystick_drivers) by extension 'colcon_meta'
[1.029s] Level 1:colcon.colcon_core.package_identification:_identify(src/joystick_drivers/joystick_drivers) by extensions ['ros']
[1.030s] Level 1:colcon.colcon_core.package_identification:_identify(src/joystick_drivers/joystick_drivers) by extension 'ros'
[1.030s] Level 1:colcon.colcon_core.package_identification:_identify(src/joystick_drivers/joystick_drivers) ignored
[1.030s] Level 1:colcon.colcon_core.package_identification:_identify(src/joystick_drivers/ps3joy) by extensions ['ignore', 'ignore_ament_install']
[1.031s] Level 1:colcon.colcon_core.package_identification:_identify(src/joystick_drivers/ps3joy) by extension 'ignore'
[1.031s] Level 1:colcon.colcon_core.package_identification:_identify(src/joystick_drivers/ps3joy) by extension 'ignore_ament_install'
[1.031s] Level 1:colcon.colcon_core.package_identification:_identify(src/joystick_drivers/ps3joy) by extensions ['colcon_pkg']
[1.031s] Level 1:colcon.colcon_core.package_identification:_identify(src/joystick_drivers/ps3joy) by extension 'colcon_pkg'
[1.032s] Level 1:colcon.colcon_core.package_identification:_identify(src/joystick_drivers/ps3joy) by extensions ['colcon_meta']
[1.032s] Level 1:colcon.colcon_core.package_identification:_identify(src/joystick_drivers/ps3joy) by extension 'colcon_meta'
[1.032s] Level 1:colcon.colcon_core.package_identification:_identify(src/joystick_drivers/ps3joy) by extensions ['ros']
[1.032s] Level 1:colcon.colcon_core.package_identification:_identify(src/joystick_drivers/ps3joy) by extension 'ros'
[1.032s] Level 1:colcon.colcon_core.package_identification:_identify(src/joystick_drivers/ps3joy) ignored
[1.033s] Level 1:colcon.colcon_core.package_identification:_identify(src/joystick_drivers/sdl2_vendor) by extensions ['ignore', 'ignore_ament_install']
[1.033s] Level 1:colcon.colcon_core.package_identification:_identify(src/joystick_drivers/sdl2_vendor) by extension 'ignore'
[1.033s] Level 1:colcon.colcon_core.package_identification:_identify(src/joystick_drivers/sdl2_vendor) by extension 'ignore_ament_install'
[1.034s] Level 1:colcon.colcon_core.package_identification:_identify(src/joystick_drivers/sdl2_vendor) by extensions ['colcon_pkg']
[1.034s] Level 1:colcon.colcon_core.package_identification:_identify(src/joystick_drivers/sdl2_vendor) by extension 'colcon_pkg'
[1.034s] Level 1:colcon.colcon_core.package_identification:_identify(src/joystick_drivers/sdl2_vendor) by extensions ['colcon_meta']
[1.034s] Level 1:colcon.colcon_core.package_identification:_identify(src/joystick_drivers/sdl2_vendor) by extension 'colcon_meta'
[1.034s] Level 1:colcon.colcon_core.package_identification:_identify(src/joystick_drivers/sdl2_vendor) by extensions ['ros']
[1.034s] Level 1:colcon.colcon_core.package_identification:_identify(src/joystick_drivers/sdl2_vendor) by extension 'ros'
[1.036s] DEBUG:colcon.colcon_core.package_identification:Package 'src/joystick_drivers/sdl2_vendor' with type 'ros.ament_cmake' and name 'sdl2_vendor'
[1.037s] Level 1:colcon.colcon_core.package_identification:_identify(src/joystick_drivers/spacenav) by extensions ['ignore', 'ignore_ament_install']
[1.037s] Level 1:colcon.colcon_core.package_identification:_identify(src/joystick_drivers/spacenav) by extension 'ignore'
[1.038s] Level 1:colcon.colcon_core.package_identification:_identify(src/joystick_drivers/spacenav) by extension 'ignore_ament_install'
[1.038s] Level 1:colcon.colcon_core.package_identification:_identify(src/joystick_drivers/spacenav) by extensions ['colcon_pkg']
[1.038s] Level 1:colcon.colcon_core.package_identification:_identify(src/joystick_drivers/spacenav) by extension 'colcon_pkg'
[1.038s] Level 1:colcon.colcon_core.package_identification:_identify(src/joystick_drivers/spacenav) by extensions ['colcon_meta']
[1.038s] Level 1:colcon.colcon_core.package_identification:_identify(src/joystick_drivers/spacenav) by extension 'colcon_meta'
[1.039s] Level 1:colcon.colcon_core.package_identification:_identify(src/joystick_drivers/spacenav) by extensions ['ros']
[1.039s] Level 1:colcon.colcon_core.package_identification:_identify(src/joystick_drivers/spacenav) by extension 'ros'
[1.042s] DEBUG:colcon.colcon_core.package_identification:Package 'src/joystick_drivers/spacenav' with type 'ros.ament_cmake' and name 'spacenav'
[1.042s] Level 1:colcon.colcon_core.package_identification:_identify(src/joystick_drivers/wiimote) by extensions ['ignore', 'ignore_ament_install']
[1.043s] Level 1:colcon.colcon_core.package_identification:_identify(src/joystick_drivers/wiimote) by extension 'ignore'
[1.043s] Level 1:colcon.colcon_core.package_identification:_identify(src/joystick_drivers/wiimote) by extension 'ignore_ament_install'
[1.043s] Level 1:colcon.colcon_core.package_identification:_identify(src/joystick_drivers/wiimote) by extensions ['colcon_pkg']
[1.043s] Level 1:colcon.colcon_core.package_identification:_identify(src/joystick_drivers/wiimote) by extension 'colcon_pkg'
[1.043s] Level 1:colcon.colcon_core.package_identification:_identify(src/joystick_drivers/wiimote) by extensions ['colcon_meta']
[1.043s] Level 1:colcon.colcon_core.package_identification:_identify(src/joystick_drivers/wiimote) by extension 'colcon_meta'
[1.044s] Level 1:colcon.colcon_core.package_identification:_identify(src/joystick_drivers/wiimote) by extensions ['ros']
[1.044s] Level 1:colcon.colcon_core.package_identification:_identify(src/joystick_drivers/wiimote) by extension 'ros'
[1.048s] DEBUG:colcon.colcon_core.package_identification:Package 'src/joystick_drivers/wiimote' with type 'ros.ament_cmake' and name 'wiimote'
[1.048s] Level 1:colcon.colcon_core.package_identification:_identify(src/joystick_drivers/wiimote_msgs) by extensions ['ignore', 'ignore_ament_install']
[1.049s] Level 1:colcon.colcon_core.package_identification:_identify(src/joystick_drivers/wiimote_msgs) by extension 'ignore'
[1.049s] Level 1:colcon.colcon_core.package_identification:_identify(src/joystick_drivers/wiimote_msgs) by extension 'ignore_ament_install'
[1.049s] Level 1:colcon.colcon_core.package_identification:_identify(src/joystick_drivers/wiimote_msgs) by extensions ['colcon_pkg']
[1.049s] Level 1:colcon.colcon_core.package_identification:_identify(src/joystick_drivers/wiimote_msgs) by extension 'colcon_pkg'
[1.049s] Level 1:colcon.colcon_core.package_identification:_identify(src/joystick_drivers/wiimote_msgs) by extensions ['colcon_meta']
[1.050s] Level 1:colcon.colcon_core.package_identification:_identify(src/joystick_drivers/wiimote_msgs) by extension 'colcon_meta'
[1.050s] Level 1:colcon.colcon_core.package_identification:_identify(src/joystick_drivers/wiimote_msgs) by extensions ['ros']
[1.050s] Level 1:colcon.colcon_core.package_identification:_identify(src/joystick_drivers/wiimote_msgs) by extension 'ros'
[1.053s] DEBUG:colcon.colcon_core.package_identification:Package 'src/joystick_drivers/wiimote_msgs' with type 'ros.ament_cmake' and name 'wiimote_msgs'
[1.053s] Level 1:colcon.colcon_core.package_discovery:discover_packages(recursive) using defaults
[1.053s] Level 1:colcon.colcon_core.package_discovery:discover_packages(ignore) discover
[1.053s] Level 1:colcon.colcon_core.package_discovery:discover_packages(ignore) using defaults
[1.053s] Level 1:colcon.colcon_core.package_discovery:discover_packages(path) discover
[1.053s] Level 1:colcon.colcon_core.package_discovery:discover_packages(path) using defaults
