[0.139s] Invoking command in '/home/bmes-endoscope-25/joystick_ws/build/joy_linux': CMAKE_PREFIX_PATH=${CMAKE_PREFIX_PATH}:/opt/ros/jazzy DEBUGINFOD_URLS=https://debuginfod.ubuntu.com /usr/bin/cmake --build /home/bmes-endoscope-25/joystick_ws/build/joy_linux -- -j4 -l4
[1.150s] [100%] Built target joy_linux_node
[1.363s] Invoked command in '/home/bmes-endoscope-25/joystick_ws/build/joy_linux' returned '0': CMAKE_PREFIX_PATH=${CMAKE_PREFIX_PATH}:/opt/ros/jazzy DEBUGINFOD_URLS=https://debuginfod.ubuntu.com /usr/bin/cmake --build /home/bmes-endoscope-25/joystick_ws/build/joy_linux -- -j4 -l4
[1.390s] Invoking command in '/home/bmes-endoscope-25/joystick_ws/build/joy_linux': CMAKE_PREFIX_PATH=${CMAKE_PREFIX_PATH}:/opt/ros/jazzy DEBUGINFOD_URLS=https://debuginfod.ubuntu.com /usr/bin/cmake --install /home/bmes-endoscope-25/joystick_ws/build/joy_linux
[1.529s] -- Install configuration: ""
[1.570s] -- Up-to-date: /home/bmes-endoscope-25/joystick_ws/install/joy_linux/lib/joy_linux/joy_linux_node
[1.598s] -- Up-to-date: /home/bmes-endoscope-25/joystick_ws/install/joy_linux/share/ament_index/resource_index/package_run_dependencies/joy_linux
[1.602s] -- Up-to-date: /home/bmes-endoscope-25/joystick_ws/install/joy_linux/share/ament_index/resource_index/parent_prefix_path/joy_linux
[1.602s] -- Up-to-date: /home/bmes-endoscope-25/joystick_ws/install/joy_linux/share/joy_linux/environment/ament_prefix_path.sh
[1.603s] -- Up-to-date: /home/bmes-endoscope-25/joystick_ws/install/joy_linux/share/joy_linux/environment/ament_prefix_path.dsv
[1.608s] -- Up-to-date: /home/bmes-endoscope-25/joystick_ws/install/joy_linux/share/joy_linux/environment/path.sh
[1.608s] -- Up-to-date: /home/bmes-endoscope-25/joystick_ws/install/joy_linux/share/joy_linux/environment/path.dsv
[1.613s] -- Up-to-date: /home/bmes-endoscope-25/joystick_ws/install/joy_linux/share/joy_linux/local_setup.bash
[1.615s] -- Up-to-date: /home/bmes-endoscope-25/joystick_ws/install/joy_linux/share/joy_linux/local_setup.sh
[1.615s] -- Up-to-date: /home/bmes-endoscope-25/joystick_ws/install/joy_linux/share/joy_linux/local_setup.zsh
[1.616s] -- Up-to-date: /home/bmes-endoscope-25/joystick_ws/install/joy_linux/share/joy_linux/local_setup.dsv
[1.621s] -- Installing: /home/bmes-endoscope-25/joystick_ws/install/joy_linux/share/joy_linux/package.dsv
[1.634s] -- Up-to-date: /home/bmes-endoscope-25/joystick_ws/install/joy_linux/share/ament_index/resource_index/packages/joy_linux
[1.635s] -- Up-to-date: /home/bmes-endoscope-25/joystick_ws/install/joy_linux/share/joy_linux/cmake/joy_linuxConfig.cmake
[1.636s] -- Up-to-date: /home/bmes-endoscope-25/joystick_ws/install/joy_linux/share/joy_linux/cmake/joy_linuxConfig-version.cmake
[1.644s] -- Up-to-date: /home/bmes-endoscope-25/joystick_ws/install/joy_linux/share/joy_linux/package.xml
[1.775s] Invoked command in '/home/bmes-endoscope-25/joystick_ws/build/joy_linux' returned '0': CMAKE_PREFIX_PATH=${CMAKE_PREFIX_PATH}:/opt/ros/jazzy DEBUGINFOD_URLS=https://debuginfod.ubuntu.com /usr/bin/cmake --install /home/bmes-endoscope-25/joystick_ws/build/joy_linux
