[0.185s] Invoking command in '/home/bmes-endoscope-25/joystick_ws/build/joy': CMAKE_PREFIX_PATH=/home/bmes-endoscope-25/joystick_ws/install/sdl2_vendor:/home/bmes-endoscope-25/joystick_ws/install/wiimote:/home/bmes-endoscope-25/joystick_ws/install/wiimote_msgs:/home/bmes-endoscope-25/joystick_ws/install/spacenav:/home/bmes-endoscope-25/joystick_ws/install/joy:/home/bmes-endoscope-25/joystick_ws/install/my_teleop:/home/bmes-endoscope-25/joystick_ws/install/joy_linux:/opt/ros/jazzy/opt/gz_math_vendor:/opt/ros/jazzy/opt/gz_utils_vendor:/opt/ros/jazzy/opt/gz_cmake_vendor:/opt/ros/jazzy DEBUGINFOD_URLS=https://debuginfod.ubuntu.com /usr/bin/cmake --build /home/bmes-endoscope-25/joystick_ws/build/joy -- -j4 -l4
[1.074s] [ 20%] Built target joy
[1.129s] [ 40%] Built target game_controller
[1.130s] [ 60%] Built target joy_node
[1.144s] [ 80%] Built target game_controller_node
[1.342s] [100%] Built target joy_enumerate_devices
[1.534s] Invoked command in '/home/bmes-endoscope-25/joystick_ws/build/joy' returned '0': CMAKE_PREFIX_PATH=/home/bmes-endoscope-25/joystick_ws/install/sdl2_vendor:/home/bmes-endoscope-25/joystick_ws/install/wiimote:/home/bmes-endoscope-25/joystick_ws/install/wiimote_msgs:/home/bmes-endoscope-25/joystick_ws/install/spacenav:/home/bmes-endoscope-25/joystick_ws/install/joy:/home/bmes-endoscope-25/joystick_ws/install/my_teleop:/home/bmes-endoscope-25/joystick_ws/install/joy_linux:/opt/ros/jazzy/opt/gz_math_vendor:/opt/ros/jazzy/opt/gz_utils_vendor:/opt/ros/jazzy/opt/gz_cmake_vendor:/opt/ros/jazzy DEBUGINFOD_URLS=https://debuginfod.ubuntu.com /usr/bin/cmake --build /home/bmes-endoscope-25/joystick_ws/build/joy -- -j4 -l4
[1.536s] Invoking command in '/home/bmes-endoscope-25/joystick_ws/build/joy': CMAKE_PREFIX_PATH=/home/bmes-endoscope-25/joystick_ws/install/sdl2_vendor:/home/bmes-endoscope-25/joystick_ws/install/wiimote:/home/bmes-endoscope-25/joystick_ws/install/wiimote_msgs:/home/bmes-endoscope-25/joystick_ws/install/spacenav:/home/bmes-endoscope-25/joystick_ws/install/joy:/home/bmes-endoscope-25/joystick_ws/install/my_teleop:/home/bmes-endoscope-25/joystick_ws/install/joy_linux:/opt/ros/jazzy/opt/gz_math_vendor:/opt/ros/jazzy/opt/gz_utils_vendor:/opt/ros/jazzy/opt/gz_cmake_vendor:/opt/ros/jazzy DEBUGINFOD_URLS=https://debuginfod.ubuntu.com /usr/bin/cmake --install /home/bmes-endoscope-25/joystick_ws/build/joy
[1.640s] -- Install configuration: ""
[1.641s] -- Up-to-date: /home/bmes-endoscope-25/joystick_ws/install/joy/lib/libjoy.so
[1.644s] -- Up-to-date: /home/bmes-endoscope-25/joystick_ws/install/joy/lib/joy/joy_node
[1.645s] -- Up-to-date: /home/bmes-endoscope-25/joystick_ws/install/joy/lib/libgame_controller.so
[1.649s] -- Up-to-date: /home/bmes-endoscope-25/joystick_ws/install/joy/lib/joy/game_controller_node
[1.653s] -- Up-to-date: /home/bmes-endoscope-25/joystick_ws/install/joy/lib/joy/joy_enumerate_devices
[1.656s] -- Up-to-date: /home/bmes-endoscope-25/joystick_ws/install/joy/include/joy
[1.658s] -- Up-to-date: /home/bmes-endoscope-25/joystick_ws/install/joy/include/joy/joy
[1.659s] -- Up-to-date: /home/bmes-endoscope-25/joystick_ws/install/joy/include/joy/joy/game_controller.hpp
[1.662s] -- Up-to-date: /home/bmes-endoscope-25/joystick_ws/install/joy/include/joy/joy/joy.hpp
[1.663s] -- Up-to-date: /home/bmes-endoscope-25/joystick_ws/install/joy/share/joy/config
[1.663s] -- Up-to-date: /home/bmes-endoscope-25/joystick_ws/install/joy/share/joy/config/joy-params.yaml
[1.666s] -- Up-to-date: /home/bmes-endoscope-25/joystick_ws/install/joy/share/joy/launch
[1.667s] -- Up-to-date: /home/bmes-endoscope-25/joystick_ws/install/joy/share/joy/launch/joy-launch.py
[1.669s] -- Up-to-date: /home/bmes-endoscope-25/joystick_ws/install/joy/share/joy/launch/joy-composed-launch.py
[1.670s] -- Up-to-date: /home/bmes-endoscope-25/joystick_ws/install/joy/share/ament_index/resource_index/package_run_dependencies/joy
[1.676s] -- Up-to-date: /home/bmes-endoscope-25/joystick_ws/install/joy/share/ament_index/resource_index/parent_prefix_path/joy
[1.677s] -- Up-to-date: /home/bmes-endoscope-25/joystick_ws/install/joy/share/joy/environment/ament_prefix_path.sh
[1.677s] -- Up-to-date: /home/bmes-endoscope-25/joystick_ws/install/joy/share/joy/environment/ament_prefix_path.dsv
[1.681s] -- Up-to-date: /home/bmes-endoscope-25/joystick_ws/install/joy/share/joy/environment/path.sh
[1.682s] -- Up-to-date: /home/bmes-endoscope-25/joystick_ws/install/joy/share/joy/environment/path.dsv
[1.682s] -- Up-to-date: /home/bmes-endoscope-25/joystick_ws/install/joy/share/joy/local_setup.bash
[1.687s] -- Up-to-date: /home/bmes-endoscope-25/joystick_ws/install/joy/share/joy/local_setup.sh
[1.688s] -- Up-to-date: /home/bmes-endoscope-25/joystick_ws/install/joy/share/joy/local_setup.zsh
[1.689s] -- Up-to-date: /home/bmes-endoscope-25/joystick_ws/install/joy/share/joy/local_setup.dsv
[1.689s] -- Installing: /home/bmes-endoscope-25/joystick_ws/install/joy/share/joy/package.dsv
[1.695s] -- Up-to-date: /home/bmes-endoscope-25/joystick_ws/install/joy/share/ament_index/resource_index/packages/joy
[1.696s] -- Up-to-date: /home/bmes-endoscope-25/joystick_ws/install/joy/share/ament_index/resource_index/rclcpp_components/joy
[1.697s] -- Up-to-date: /home/bmes-endoscope-25/joystick_ws/install/joy/share/joy/cmake/export_joyExport.cmake
[1.700s] -- Up-to-date: /home/bmes-endoscope-25/joystick_ws/install/joy/share/joy/cmake/export_joyExport-noconfig.cmake
[1.701s] -- Up-to-date: /home/bmes-endoscope-25/joystick_ws/install/joy/share/joy/cmake/export_game_controllerExport.cmake
[1.710s] -- Up-to-date: /home/bmes-endoscope-25/joystick_ws/install/joy/share/joy/cmake/export_game_controllerExport-noconfig.cmake
[1.715s] -- Up-to-date: /home/bmes-endoscope-25/joystick_ws/install/joy/share/joy/cmake/ament_cmake_export_targets-extras.cmake
[1.716s] -- Up-to-date: /home/bmes-endoscope-25/joystick_ws/install/joy/share/joy/cmake/ament_cmake_export_dependencies-extras.cmake
[1.717s] -- Up-to-date: /home/bmes-endoscope-25/joystick_ws/install/joy/share/joy/cmake/joyConfig.cmake
[1.718s] -- Up-to-date: /home/bmes-endoscope-25/joystick_ws/install/joy/share/joy/cmake/joyConfig-version.cmake
[1.719s] -- Up-to-date: /home/bmes-endoscope-25/joystick_ws/install/joy/share/joy/package.xml
[1.723s] Invoked command in '/home/bmes-endoscope-25/joystick_ws/build/joy' returned '0': CMAKE_PREFIX_PATH=/home/bmes-endoscope-25/joystick_ws/install/sdl2_vendor:/home/bmes-endoscope-25/joystick_ws/install/wiimote:/home/bmes-endoscope-25/joystick_ws/install/wiimote_msgs:/home/bmes-endoscope-25/joystick_ws/install/spacenav:/home/bmes-endoscope-25/joystick_ws/install/joy:/home/bmes-endoscope-25/joystick_ws/install/my_teleop:/home/bmes-endoscope-25/joystick_ws/install/joy_linux:/opt/ros/jazzy/opt/gz_math_vendor:/opt/ros/jazzy/opt/gz_utils_vendor:/opt/ros/jazzy/opt/gz_cmake_vendor:/opt/ros/jazzy DEBUGINFOD_URLS=https://debuginfod.ubuntu.com /usr/bin/cmake --install /home/bmes-endoscope-25/joystick_ws/build/joy
