[0.165s] Invoking command in '/home/bmes-endoscope-25/joystick_ws/build/sdl2_vendor': CMAKE_PREFIX_PATH=${CMAKE_PREFIX_PATH}:/opt/ros/jazzy DEBUGINFOD_URLS=https://debuginfod.ubuntu.com /usr/bin/cmake --build /home/bmes-endoscope-25/joystick_ws/build/sdl2_vendor -- -j4 -l4
[0.469s] Invoked command in '/home/bmes-endoscope-25/joystick_ws/build/sdl2_vendor' returned '0': CMAKE_PREFIX_PATH=${CMAKE_PREFIX_PATH}:/opt/ros/jazzy DEBUGINFOD_URLS=https://debuginfod.ubuntu.com /usr/bin/cmake --build /home/bmes-endoscope-25/joystick_ws/build/sdl2_vendor -- -j4 -l4
[0.543s] Invoking command in '/home/bmes-endoscope-25/joystick_ws/build/sdl2_vendor': CMAKE_PREFIX_PATH=${CMAKE_PREFIX_PATH}:/opt/ros/jazzy DEBUGINFOD_URLS=https://debuginfod.ubuntu.com /usr/bin/cmake --install /home/bmes-endoscope-25/joystick_ws/build/sdl2_vendor
[0.623s] -- Install configuration: ""
[0.624s] -- Up-to-date: /home/bmes-endoscope-25/joystick_ws/install/sdl2_vendor/share/sdl2_vendor/cmake
[0.626s] -- Up-to-date: /home/bmes-endoscope-25/joystick_ws/install/sdl2_vendor/share/sdl2_vendor/cmake/Modules
[0.627s] -- Up-to-date: /home/bmes-endoscope-25/joystick_ws/install/sdl2_vendor/share/sdl2_vendor/cmake/Modules/Findsdl2_custom.cmake
[0.631s] -- Up-to-date: /home/bmes-endoscope-25/joystick_ws/install/sdl2_vendor/share/ament_index/resource_index/package_run_dependencies/sdl2_vendor
[0.633s] -- Up-to-date: /home/bmes-endoscope-25/joystick_ws/install/sdl2_vendor/share/ament_index/resource_index/parent_prefix_path/sdl2_vendor
[0.637s] -- Up-to-date: /home/bmes-endoscope-25/joystick_ws/install/sdl2_vendor/share/sdl2_vendor/environment/ament_prefix_path.sh
[0.640s] -- Up-to-date: /home/bmes-endoscope-25/joystick_ws/install/sdl2_vendor/share/sdl2_vendor/environment/ament_prefix_path.dsv
[0.643s] -- Up-to-date: /home/bmes-endoscope-25/joystick_ws/install/sdl2_vendor/share/sdl2_vendor/environment/path.sh
[0.644s] -- Up-to-date: /home/bmes-endoscope-25/joystick_ws/install/sdl2_vendor/share/sdl2_vendor/environment/path.dsv
[0.647s] -- Up-to-date: /home/bmes-endoscope-25/joystick_ws/install/sdl2_vendor/share/sdl2_vendor/local_setup.bash
[0.648s] -- Up-to-date: /home/bmes-endoscope-25/joystick_ws/install/sdl2_vendor/share/sdl2_vendor/local_setup.sh
[0.652s] -- Up-to-date: /home/bmes-endoscope-25/joystick_ws/install/sdl2_vendor/share/sdl2_vendor/local_setup.zsh
[0.653s] -- Up-to-date: /home/bmes-endoscope-25/joystick_ws/install/sdl2_vendor/share/sdl2_vendor/local_setup.dsv
[0.654s] -- Installing: /home/bmes-endoscope-25/joystick_ws/install/sdl2_vendor/share/sdl2_vendor/package.dsv
[0.657s] -- Up-to-date: /home/bmes-endoscope-25/joystick_ws/install/sdl2_vendor/share/ament_index/resource_index/packages/sdl2_vendor
[0.658s] -- Up-to-date: /home/bmes-endoscope-25/joystick_ws/install/sdl2_vendor/share/sdl2_vendor/cmake/sdl2_vendor-extras.cmake
[0.659s] -- Up-to-date: /home/bmes-endoscope-25/joystick_ws/install/sdl2_vendor/share/sdl2_vendor/cmake/sdl2_vendorConfig.cmake
[0.659s] -- Up-to-date: /home/bmes-endoscope-25/joystick_ws/install/sdl2_vendor/share/sdl2_vendor/cmake/sdl2_vendorConfig-version.cmake
[0.663s] -- Up-to-date: /home/bmes-endoscope-25/joystick_ws/install/sdl2_vendor/share/sdl2_vendor/package.xml
[0.670s] Invoked command in '/home/bmes-endoscope-25/joystick_ws/build/sdl2_vendor' returned '0': CMAKE_PREFIX_PATH=${CMAKE_PREFIX_PATH}:/opt/ros/jazzy DEBUGINFOD_URLS=https://debuginfod.ubuntu.com /usr/bin/cmake --install /home/bmes-endoscope-25/joystick_ws/build/sdl2_vendor
