gmake: Warning: File 'Makefile' has modification time 29763700 s in the future
gmake[1]: Warning: File 'CMakeFiles/Makefile2' has modification time 29763699 s in the future
gmake[2]: Warning: File 'CMakeFiles/joy_node.dir/flags.make' has modification time 29763699 s in the future
gmake[2]: Warning: File 'CMakeFiles/joy.dir/flags.make' has modification time 29763699 s in the future
gmake[2]: Warning: File 'CMakeFiles/game_controller.dir/flags.make' has modification time 29763699 s in the future
gmake[2]: Warning: File 'CMakeFiles/game_controller_node.dir/flags.make' has modification time 29763699 s in the future
gmake[2]: warning:  Clock skew detected.  Your build may be incomplete.
gmake[2]: Warning: File 'CMakeFiles/game_controller.dir/flags.make' has modification time 29763699 s in the future
gmake[2]: warning:  Clock skew detected.  Your build may be incomplete.
gmake[2]: Warning: File 'CMakeFiles/joy.dir/flags.make' has modification time 29763699 s in the future
gmake[2]: warning:  Clock skew detected.  Your build may be incomplete.
gmake[2]: warning:  Clock skew detected.  Your build may be incomplete.
gmake[2]: Warning: File 'CMakeFiles/joy_node.dir/flags.make' has modification time 29763699 s in the future
gmake[2]: warning:  Clock skew detected.  Your build may be incomplete.
gmake[2]: Warning: File 'CMakeFiles/game_controller_node.dir/flags.make' has modification time 29763699 s in the future
gmake[2]: warning:  Clock skew detected.  Your build may be incomplete.
gmake[2]: Warning: File 'CMakeFiles/joy_enumerate_devices.dir/flags.make' has modification time 29763699 s in the future
gmake[2]: warning:  Clock skew detected.  Your build may be incomplete.
gmake[2]: Warning: File 'CMakeFiles/joy_enumerate_devices.dir/flags.make' has modification time 29763699 s in the future
gmake[2]: warning:  Clock skew detected.  Your build may be incomplete.
gmake[2]: warning:  Clock skew detected.  Your build may be incomplete.
gmake[2]: warning:  Clock skew detected.  Your build may be incomplete.
gmake[1]: warning:  Clock skew detected.  Your build may be incomplete.
gmake: warning:  Clock skew detected.  Your build may be incomplete.
