[ 10%] [32mBuilding CXX object CMakeFiles/game_controller.dir/src/game_controller.cpp.o[0m
[ 30%] Built target joy_node
[ 40%] [32mBuilding CXX object CMakeFiles/joy.dir/src/joy.cpp.o[0m
[ 60%] Built target game_controller_node
[ 70%] [32mBuilding CXX object CMakeFiles/joy_enumerate_devices.dir/src/joy_enumerate_devices.cpp.o[0m
[ 80%] [32m[1mLinking CXX executable joy_enumerate_devices[0m
[ 80%] Built target joy_enumerate_devices
[ 90%] [32m[1mLinking CXX shared library libgame_controller.so[0m
[100%] [32m[1mLinking CXX shared library libjoy.so[0m
[100%] Built target game_controller
[100%] Built target joy
-- Install configuration: ""
-- Installing: /home/bmes-endoscope-25/joystick_ws/install/joy/lib/libjoy.so
-- Set non-toolchain portion of runtime path of "/home/bmes-endoscope-25/joystick_ws/install/joy/lib/libjoy.so" to ""
-- Installing: /home/bmes-endoscope-25/joystick_ws/install/joy/lib/joy/joy_node
-- Set non-toolchain portion of runtime path of "/home/bmes-endoscope-25/joystick_ws/install/joy/lib/joy/joy_node" to ""
-- Installing: /home/bmes-endoscope-25/joystick_ws/install/joy/lib/libgame_controller.so
-- Set non-toolchain portion of runtime path of "/home/bmes-endoscope-25/joystick_ws/install/joy/lib/libgame_controller.so" to ""
-- Installing: /home/bmes-endoscope-25/joystick_ws/install/joy/lib/joy/game_controller_node
-- Set non-toolchain portion of runtime path of "/home/bmes-endoscope-25/joystick_ws/install/joy/lib/joy/game_controller_node" to ""
-- Installing: /home/bmes-endoscope-25/joystick_ws/install/joy/lib/joy/joy_enumerate_devices
-- Installing: /home/bmes-endoscope-25/joystick_ws/install/joy/include/joy
-- Installing: /home/bmes-endoscope-25/joystick_ws/install/joy/include/joy/joy
-- Installing: /home/bmes-endoscope-25/joystick_ws/install/joy/include/joy/joy/game_controller.hpp
-- Installing: /home/bmes-endoscope-25/joystick_ws/install/joy/include/joy/joy/joy.hpp
-- Installing: /home/bmes-endoscope-25/joystick_ws/install/joy/share/joy/config
-- Installing: /home/bmes-endoscope-25/joystick_ws/install/joy/share/joy/config/joy-params.yaml
-- Installing: /home/bmes-endoscope-25/joystick_ws/install/joy/share/joy/launch
-- Installing: /home/bmes-endoscope-25/joystick_ws/install/joy/share/joy/launch/joy-launch.py
-- Installing: /home/bmes-endoscope-25/joystick_ws/install/joy/share/joy/launch/joy-composed-launch.py
-- Installing: /home/bmes-endoscope-25/joystick_ws/install/joy/share/ament_index/resource_index/package_run_dependencies/joy
-- Installing: /home/bmes-endoscope-25/joystick_ws/install/joy/share/ament_index/resource_index/parent_prefix_path/joy
-- Installing: /home/bmes-endoscope-25/joystick_ws/install/joy/share/joy/environment/ament_prefix_path.sh
-- Installing: /home/bmes-endoscope-25/joystick_ws/install/joy/share/joy/environment/ament_prefix_path.dsv
-- Installing: /home/bmes-endoscope-25/joystick_ws/install/joy/share/joy/environment/path.sh
-- Installing: /home/bmes-endoscope-25/joystick_ws/install/joy/share/joy/environment/path.dsv
-- Installing: /home/bmes-endoscope-25/joystick_ws/install/joy/share/joy/local_setup.bash
-- Installing: /home/bmes-endoscope-25/joystick_ws/install/joy/share/joy/local_setup.sh
-- Installing: /home/bmes-endoscope-25/joystick_ws/install/joy/share/joy/local_setup.zsh
-- Installing: /home/bmes-endoscope-25/joystick_ws/install/joy/share/joy/local_setup.dsv
-- Installing: /home/bmes-endoscope-25/joystick_ws/install/joy/share/joy/package.dsv
-- Installing: /home/bmes-endoscope-25/joystick_ws/install/joy/share/ament_index/resource_index/packages/joy
-- Installing: /home/bmes-endoscope-25/joystick_ws/install/joy/share/ament_index/resource_index/rclcpp_components/joy
-- Installing: /home/bmes-endoscope-25/joystick_ws/install/joy/share/joy/cmake/export_joyExport.cmake
-- Installing: /home/bmes-endoscope-25/joystick_ws/install/joy/share/joy/cmake/export_joyExport-noconfig.cmake
-- Installing: /home/bmes-endoscope-25/joystick_ws/install/joy/share/joy/cmake/export_game_controllerExport.cmake
-- Installing: /home/bmes-endoscope-25/joystick_ws/install/joy/share/joy/cmake/export_game_controllerExport-noconfig.cmake
-- Installing: /home/bmes-endoscope-25/joystick_ws/install/joy/share/joy/cmake/ament_cmake_export_targets-extras.cmake
-- Installing: /home/bmes-endoscope-25/joystick_ws/install/joy/share/joy/cmake/ament_cmake_export_dependencies-extras.cmake
-- Installing: /home/bmes-endoscope-25/joystick_ws/install/joy/share/joy/cmake/joyConfig.cmake
-- Installing: /home/bmes-endoscope-25/joystick_ws/install/joy/share/joy/cmake/joyConfig-version.cmake
-- Installing: /home/bmes-endoscope-25/joystick_ws/install/joy/share/joy/package.xml
