[0.146s] Invoking command in '/home/bmes-endoscope-25/joystick_ws/build/joy': AMENT_PREFIX_PATH=/home/bmes-endoscope-25/joystick_ws/install/sdl2_vendor:${AMENT_PREFIX_PATH} CMAKE_PREFIX_PATH=/home/bmes-endoscope-25/joystick_ws/install/sdl2_vendor:/opt/ros/jazzy/opt/gz_math_vendor:/opt/ros/jazzy/opt/gz_utils_vendor:/opt/ros/jazzy/opt/gz_cmake_vendor:/opt/ros/jazzy DEBUGINFOD_URLS=https://debuginfod.ubuntu.com /usr/bin/cmake --build /home/bmes-endoscope-25/joystick_ws/build/joy -- -j4 -l4
[0.246s] gmake: Warning: File 'Makefile' has modification time 29763700 s in the future
[0.509s] gmake[1]: Warning: File 'CMakeFiles/Makefile2' has modification time 29763699 s in the future
[0.563s] gmake[2]: Warning: File 'CMakeFiles/joy_node.dir/flags.make' has modification time 29763699 s in the future
[0.567s] gmake[2]: Warning: File 'CMakeFiles/joy.dir/flags.make' has modification time 29763699 s in the future
[0.568s] gmake[2]: Warning: File 'CMakeFiles/game_controller.dir/flags.make' has modification time 29763699 s in the future
[0.572s] gmake[2]: Warning: File 'CMakeFiles/game_controller_node.dir/flags.make' has modification time 29763699 s in the future
[0.660s] gmake[2]: warning:  Clock skew detected.  Your build may be incomplete.
[0.666s] gmake[2]: Warning: File 'CMakeFiles/game_controller.dir/flags.make' has modification time 29763699 s in the future
[0.784s] [ 10%] [32mBuilding CXX object CMakeFiles/game_controller.dir/src/game_controller.cpp.o[0m
[0.828s] gmake[2]: warning:  Clock skew detected.  Your build may be incomplete.
[0.861s] gmake[2]: Warning: File 'CMakeFiles/joy.dir/flags.make' has modification time 29763699 s in the future
[0.863s] gmake[2]: warning:  Clock skew detected.  Your build may be incomplete.
[0.883s] gmake[2]: warning:  Clock skew detected.  Your build may be incomplete.
[0.889s] gmake[2]: Warning: File 'CMakeFiles/joy_node.dir/flags.make' has modification time 29763699 s in the future
[0.926s] gmake[2]: warning:  Clock skew detected.  Your build may be incomplete.
[0.926s] gmake[2]: Warning: File 'CMakeFiles/game_controller_node.dir/flags.make' has modification time 29763699 s in the future
[0.941s] gmake[2]: warning:  Clock skew detected.  Your build may be incomplete.
[1.008s] [ 30%] Built target joy_node
[1.048s] [ 40%] [32mBuilding CXX object CMakeFiles/joy.dir/src/joy.cpp.o[0m
[1.049s] gmake[2]: Warning: File 'CMakeFiles/joy_enumerate_devices.dir/flags.make' has modification time 29763699 s in the future
[1.085s] [ 60%] Built target game_controller_node
[1.152s] gmake[2]: warning:  Clock skew detected.  Your build may be incomplete.
[1.167s] gmake[2]: Warning: File 'CMakeFiles/joy_enumerate_devices.dir/flags.make' has modification time 29763699 s in the future
[1.263s] [ 70%] [32mBuilding CXX object CMakeFiles/joy_enumerate_devices.dir/src/joy_enumerate_devices.cpp.o[0m
[8.162s] [ 80%] [32m[1mLinking CXX executable joy_enumerate_devices[0m
[9.511s] gmake[2]: warning:  Clock skew detected.  Your build may be incomplete.
[9.596s] [ 80%] Built target joy_enumerate_devices
[85.587s] [ 90%] [32m[1mLinking CXX shared library libgame_controller.so[0m
[87.682s] [100%] [32m[1mLinking CXX shared library libjoy.so[0m
[88.450s] gmake[2]: warning:  Clock skew detected.  Your build may be incomplete.
[88.549s] [100%] Built target game_controller
[90.035s] gmake[2]: warning:  Clock skew detected.  Your build may be incomplete.
[90.081s] [100%] Built target joy
[90.086s] gmake[1]: warning:  Clock skew detected.  Your build may be incomplete.
[90.136s] gmake: warning:  Clock skew detected.  Your build may be incomplete.
[90.144s] Invoked command in '/home/bmes-endoscope-25/joystick_ws/build/joy' returned '0': AMENT_PREFIX_PATH=/home/bmes-endoscope-25/joystick_ws/install/sdl2_vendor:${AMENT_PREFIX_PATH} CMAKE_PREFIX_PATH=/home/bmes-endoscope-25/joystick_ws/install/sdl2_vendor:/opt/ros/jazzy/opt/gz_math_vendor:/opt/ros/jazzy/opt/gz_utils_vendor:/opt/ros/jazzy/opt/gz_cmake_vendor:/opt/ros/jazzy DEBUGINFOD_URLS=https://debuginfod.ubuntu.com /usr/bin/cmake --build /home/bmes-endoscope-25/joystick_ws/build/joy -- -j4 -l4
[90.153s] Invoking command in '/home/bmes-endoscope-25/joystick_ws/build/joy': AMENT_PREFIX_PATH=/home/bmes-endoscope-25/joystick_ws/install/sdl2_vendor:${AMENT_PREFIX_PATH} CMAKE_PREFIX_PATH=/home/bmes-endoscope-25/joystick_ws/install/sdl2_vendor:/opt/ros/jazzy/opt/gz_math_vendor:/opt/ros/jazzy/opt/gz_utils_vendor:/opt/ros/jazzy/opt/gz_cmake_vendor:/opt/ros/jazzy DEBUGINFOD_URLS=https://debuginfod.ubuntu.com /usr/bin/cmake --install /home/bmes-endoscope-25/joystick_ws/build/joy
[90.195s] -- Install configuration: ""
[90.196s] -- Installing: /home/bmes-endoscope-25/joystick_ws/install/joy/lib/libjoy.so
[90.240s] -- Set non-toolchain portion of runtime path of "/home/bmes-endoscope-25/joystick_ws/install/joy/lib/libjoy.so" to ""
[90.241s] -- Installing: /home/bmes-endoscope-25/joystick_ws/install/joy/lib/joy/joy_node
[90.251s] -- Set non-toolchain portion of runtime path of "/home/bmes-endoscope-25/joystick_ws/install/joy/lib/joy/joy_node" to ""
[90.252s] -- Installing: /home/bmes-endoscope-25/joystick_ws/install/joy/lib/libgame_controller.so
[90.291s] -- Set non-toolchain portion of runtime path of "/home/bmes-endoscope-25/joystick_ws/install/joy/lib/libgame_controller.so" to ""
[90.292s] -- Installing: /home/bmes-endoscope-25/joystick_ws/install/joy/lib/joy/game_controller_node
[90.305s] -- Set non-toolchain portion of runtime path of "/home/bmes-endoscope-25/joystick_ws/install/joy/lib/joy/game_controller_node" to ""
[90.305s] -- Installing: /home/bmes-endoscope-25/joystick_ws/install/joy/lib/joy/joy_enumerate_devices
[90.306s] -- Installing: /home/bmes-endoscope-25/joystick_ws/install/joy/include/joy
[90.307s] -- Installing: /home/bmes-endoscope-25/joystick_ws/install/joy/include/joy/joy
[90.308s] -- Installing: /home/bmes-endoscope-25/joystick_ws/install/joy/include/joy/joy/game_controller.hpp
[90.309s] -- Installing: /home/bmes-endoscope-25/joystick_ws/install/joy/include/joy/joy/joy.hpp
[90.314s] -- Installing: /home/bmes-endoscope-25/joystick_ws/install/joy/share/joy/config
[90.315s] -- Installing: /home/bmes-endoscope-25/joystick_ws/install/joy/share/joy/config/joy-params.yaml
[90.320s] -- Installing: /home/bmes-endoscope-25/joystick_ws/install/joy/share/joy/launch
[90.321s] -- Installing: /home/bmes-endoscope-25/joystick_ws/install/joy/share/joy/launch/joy-launch.py
[90.322s] -- Installing: /home/bmes-endoscope-25/joystick_ws/install/joy/share/joy/launch/joy-composed-launch.py
[90.324s] -- Installing: /home/bmes-endoscope-25/joystick_ws/install/joy/share/ament_index/resource_index/package_run_dependencies/joy
[90.326s] -- Installing: /home/bmes-endoscope-25/joystick_ws/install/joy/share/ament_index/resource_index/parent_prefix_path/joy
[90.328s] -- Installing: /home/bmes-endoscope-25/joystick_ws/install/joy/share/joy/environment/ament_prefix_path.sh
[90.329s] -- Installing: /home/bmes-endoscope-25/joystick_ws/install/joy/share/joy/environment/ament_prefix_path.dsv
[90.331s] -- Installing: /home/bmes-endoscope-25/joystick_ws/install/joy/share/joy/environment/path.sh
[90.332s] -- Installing: /home/bmes-endoscope-25/joystick_ws/install/joy/share/joy/environment/path.dsv
[90.333s] -- Installing: /home/bmes-endoscope-25/joystick_ws/install/joy/share/joy/local_setup.bash
[90.335s] -- Installing: /home/bmes-endoscope-25/joystick_ws/install/joy/share/joy/local_setup.sh
[90.337s] -- Installing: /home/bmes-endoscope-25/joystick_ws/install/joy/share/joy/local_setup.zsh
[90.339s] -- Installing: /home/bmes-endoscope-25/joystick_ws/install/joy/share/joy/local_setup.dsv
[90.340s] -- Installing: /home/bmes-endoscope-25/joystick_ws/install/joy/share/joy/package.dsv
[90.342s] -- Installing: /home/bmes-endoscope-25/joystick_ws/install/joy/share/ament_index/resource_index/packages/joy
[90.344s] -- Installing: /home/bmes-endoscope-25/joystick_ws/install/joy/share/ament_index/resource_index/rclcpp_components/joy
[90.348s] -- Installing: /home/bmes-endoscope-25/joystick_ws/install/joy/share/joy/cmake/export_joyExport.cmake
[90.349s] -- Installing: /home/bmes-endoscope-25/joystick_ws/install/joy/share/joy/cmake/export_joyExport-noconfig.cmake
[90.351s] -- Installing: /home/bmes-endoscope-25/joystick_ws/install/joy/share/joy/cmake/export_game_controllerExport.cmake
[90.354s] -- Installing: /home/bmes-endoscope-25/joystick_ws/install/joy/share/joy/cmake/export_game_controllerExport-noconfig.cmake
[90.356s] -- Installing: /home/bmes-endoscope-25/joystick_ws/install/joy/share/joy/cmake/ament_cmake_export_targets-extras.cmake
[90.358s] -- Installing: /home/bmes-endoscope-25/joystick_ws/install/joy/share/joy/cmake/ament_cmake_export_dependencies-extras.cmake
[90.360s] -- Installing: /home/bmes-endoscope-25/joystick_ws/install/joy/share/joy/cmake/joyConfig.cmake
[90.361s] -- Installing: /home/bmes-endoscope-25/joystick_ws/install/joy/share/joy/cmake/joyConfig-version.cmake
[90.363s] -- Installing: /home/bmes-endoscope-25/joystick_ws/install/joy/share/joy/package.xml
[90.371s] Invoked command in '/home/bmes-endoscope-25/joystick_ws/build/joy' returned '0': AMENT_PREFIX_PATH=/home/bmes-endoscope-25/joystick_ws/install/sdl2_vendor:${AMENT_PREFIX_PATH} CMAKE_PREFIX_PATH=/home/bmes-endoscope-25/joystick_ws/install/sdl2_vendor:/opt/ros/jazzy/opt/gz_math_vendor:/opt/ros/jazzy/opt/gz_utils_vendor:/opt/ros/jazzy/opt/gz_cmake_vendor:/opt/ros/jazzy DEBUGINFOD_URLS=https://debuginfod.ubuntu.com /usr/bin/cmake --install /home/bmes-endoscope-25/joystick_ws/build/joy
