gmake: Warning: File 'Makefile' has modification time 29763723 s in the future
gmake[1]: Warning: File 'CMakeFiles/Makefile2' has modification time 29763723 s in the future
gmake[2]: Warning: File 'CMakeFiles/wiimote_msgs__rosidl_generator_type_description.dir/progress.make' has modification time 29763723 s in the future
gmake[2]: Warning: File 'CMakeFiles/ament_cmake_python_copy_wiimote_msgs.dir/progress.make' has modification time 29763723 s in the future
gmake[2]: warning:  Clock skew detected.  Your build may be incomplete.
gmake[2]: Warning: File 'CMakeFiles/wiimote_msgs__rosidl_generator_type_description.dir/progress.make' has modification time 29763723 s in the future
gmake[2]: warning:  Clock skew detected.  Your build may be incomplete.
gmake[2]: warning:  Clock skew detected.  Your build may be incomplete.
gmake[2]: Warning: File 'CMakeFiles/ament_cmake_python_copy_wiimote_msgs.dir/progress.make' has modification time 29763723 s in the future
gmake[2]: warning:  Clock skew detected.  Your build may be incomplete.
gmake[2]: Warning: File 'CMakeFiles/wiimote_msgs__cpp.dir/progress.make' has modification time 29763723 s in the future
gmake[2]: Warning: File 'CMakeFiles/wiimote_msgs__rosidl_generator_c.dir/flags.make' has modification time 29763722 s in the future
gmake[2]: warning:  Clock skew detected.  Your build may be incomplete.
gmake[2]: Warning: File 'CMakeFiles/wiimote_msgs__cpp.dir/progress.make' has modification time 29763723 s in the future
gmake[2]: Warning: File 'CMakeFiles/ament_cmake_python_build_wiimote_msgs_egg.dir/progress.make' has modification time 29763723 s in the future
gmake[2]: warning:  Clock skew detected.  Your build may be incomplete.
gmake[2]: Warning: File 'CMakeFiles/wiimote_msgs__rosidl_generator_c.dir/flags.make' has modification time 29763722 s in the future
gmake[2]: warning:  Clock skew detected.  Your build may be incomplete.
gmake[2]: Warning: File 'CMakeFiles/ament_cmake_python_build_wiimote_msgs_egg.dir/progress.make' has modification time 29763723 s in the future
gmake[2]: warning:  Clock skew detected.  Your build may be incomplete.
gmake[2]: Warning: File 'CMakeFiles/wiimote_msgs__rosidl_typesupport_fastrtps_c.dir/flags.make' has modification time 29763722 s in the future
gmake[2]: Warning: File 'CMakeFiles/wiimote_msgs__rosidl_typesupport_introspection_c.dir/flags.make' has modification time 29763722 s in the future
gmake[2]: warning:  Clock skew detected.  Your build may be incomplete.
gmake[2]: Warning: File 'CMakeFiles/wiimote_msgs__rosidl_typesupport_introspection_c.dir/flags.make' has modification time 29763722 s in the future
gmake[2]: warning:  Clock skew detected.  Your build may be incomplete.
gmake[2]: Warning: File 'CMakeFiles/wiimote_msgs__rosidl_typesupport_c.dir/flags.make' has modification time 29763721 s in the future
gmake[2]: warning:  Clock skew detected.  Your build may be incomplete.
gmake[2]: warning:  Clock skew detected.  Your build may be incomplete.
gmake[2]: Warning: File 'CMakeFiles/wiimote_msgs__rosidl_typesupport_cpp.dir/flags.make' has modification time 29763715 s in the future
gmake[2]: Warning: File 'CMakeFiles/wiimote_msgs__rosidl_typesupport_fastrtps_cpp.dir/flags.make' has modification time 29763715 s in the future
gmake[2]: warning:  Clock skew detected.  Your build may be incomplete.
gmake[2]: Warning: File 'CMakeFiles/wiimote_msgs__rosidl_typesupport_c.dir/flags.make' has modification time 29763713 s in the future
gmake[2]: warning:  Clock skew detected.  Your build may be incomplete.
gmake[2]: Warning: File 'CMakeFiles/wiimote_msgs__rosidl_typesupport_fastrtps_c.dir/flags.make' has modification time 29763711 s in the future
gmake[2]: warning:  Clock skew detected.  Your build may be incomplete.
gmake[2]: Warning: File 'CMakeFiles/wiimote_msgs__rosidl_typesupport_cpp.dir/flags.make' has modification time 29763706 s in the future
gmake[2]: warning:  Clock skew detected.  Your build may be incomplete.
gmake[2]: Warning: File 'CMakeFiles/wiimote_msgs__rosidl_typesupport_fastrtps_cpp.dir/flags.make' has modification time 29763704 s in the future
gmake[2]: warning:  Clock skew detected.  Your build may be incomplete.
gmake[2]: Warning: File 'CMakeFiles/wiimote_msgs__rosidl_typesupport_introspection_cpp.dir/flags.make' has modification time 29763701 s in the future
gmake[2]: warning:  Clock skew detected.  Your build may be incomplete.
gmake[2]: Warning: File 'CMakeFiles/wiimote_msgs__rosidl_typesupport_introspection_cpp.dir/flags.make' has modification time 29763692 s in the future
gmake[2]: warning:  Clock skew detected.  Your build may be incomplete.
gmake[2]: warning:  Clock skew detected.  Your build may be incomplete.
gmake[2]: warning:  Clock skew detected.  Your build may be incomplete.
gmake[2]: warning:  Clock skew detected.  Your build may be incomplete.
gmake[2]: Warning: File 'CMakeFiles/wiimote_msgs.dir/progress.make' has modification time 29763670 s in the future
gmake[2]: warning:  Clock skew detected.  Your build may be incomplete.
gmake[2]: Warning: File 'CMakeFiles/wiimote_msgs.dir/progress.make' has modification time 29763670 s in the future
gmake[2]: warning:  Clock skew detected.  Your build may be incomplete.
gmake[2]: Warning: File '/home/bmes-endoscope-25/joystick_ws/build/wiimote_msgs/wiimote_msgs__py/CMakeFiles/wiimote_msgs__py.dir/progress.make' has modification time 29763670 s in the future
gmake[2]: warning:  Clock skew detected.  Your build may be incomplete.
gmake[2]: Warning: File '/home/bmes-endoscope-25/joystick_ws/build/wiimote_msgs/wiimote_msgs__py/CMakeFiles/wiimote_msgs__py.dir/progress.make' has modification time 29763670 s in the future
gmake[2]: warning:  Clock skew detected.  Your build may be incomplete.
gmake[2]: Warning: File 'CMakeFiles/wiimote_msgs__rosidl_generator_py.dir/flags.make' has modification time 29763659 s in the future
gmake[2]: warning:  Clock skew detected.  Your build may be incomplete.
gmake[2]: Warning: File 'CMakeFiles/wiimote_msgs__rosidl_generator_py.dir/flags.make' has modification time 29763659 s in the future
gmake[2]: warning:  Clock skew detected.  Your build may be incomplete.
gmake[2]: Warning: File 'CMakeFiles/wiimote_msgs_s__rosidl_typesupport_fastrtps_c.dir/flags.make' has modification time 29763654 s in the future
gmake[2]: warning:  Clock skew detected.  Your build may be incomplete.
gmake[2]: Warning: File 'CMakeFiles/wiimote_msgs_s__rosidl_typesupport_fastrtps_c.dir/flags.make' has modification time 29763654 s in the future
gmake[2]: warning:  Clock skew detected.  Your build may be incomplete.
gmake[2]: Warning: File 'CMakeFiles/wiimote_msgs_s__rosidl_typesupport_c.dir/flags.make' has modification time 29763653 s in the future
gmake[2]: warning:  Clock skew detected.  Your build may be incomplete.
gmake[2]: Warning: File 'CMakeFiles/wiimote_msgs_s__rosidl_typesupport_c.dir/flags.make' has modification time 29763653 s in the future
gmake[2]: warning:  Clock skew detected.  Your build may be incomplete.
gmake[2]: Warning: File 'CMakeFiles/wiimote_msgs_s__rosidl_typesupport_introspection_c.dir/flags.make' has modification time 29763652 s in the future
gmake[2]: warning:  Clock skew detected.  Your build may be incomplete.
gmake[2]: Warning: File 'CMakeFiles/wiimote_msgs_s__rosidl_typesupport_introspection_c.dir/flags.make' has modification time 29763651 s in the future
gmake[2]: warning:  Clock skew detected.  Your build may be incomplete.
gmake[1]: warning:  Clock skew detected.  Your build may be incomplete.
gmake: warning:  Clock skew detected.  Your build may be incomplete.
