[0.315s] DEBUG:colcon:Command line arguments: ['/usr/bin/colcon', 'list']
[0.316s] DEBUG:colcon:Parsed command line arguments: Namespace(log_base=None, log_level=None, verb_name='list', build_base='build', ignore_user_meta=False, metas=['./colcon.meta'], base_paths=['.'], packages_ignore=None, packages_ignore_regex=None, paths=None, packages_up_to=None, packages_up_to_regex=None, packages_above=None, packages_above_and_dependencies=None, packages_above_depth=None, packages_select_by_dep=None, packages_skip_by_dep=None, packages_skip_up_to=None, packages_select_build_failed=False, packages_skip_build_finished=False, packages_select_test_failures=False, packages_skip_test_passed=False, packages_select=None, packages_skip=None, packages_select_regex=None, packages_skip_regex=None, packages_start=None, packages_end=None, topological_order=False, names_only=False, paths_only=False, topological_graph=False, topological_graph_dot=False, topological_graph_density=False, topological_graph_legend=False, topological_graph_dot_cluster=False, topological_graph_dot_include_skipped=False, verb_parser=<colcon_defaults.argument_parser.defaults.DefaultArgumentsDecorator object at 0xffff872c6a80>, verb_extension=<colcon_package_information.verb.list.ListVerb object at 0xffff872c5910>, main=<bound method ListVerb.main of <colcon_package_information.verb.list.ListVerb object at 0xffff872c5910>>)
[0.476s] Level 1:colcon.colcon_core.package_discovery:discover_packages(colcon_meta) check parameters
[0.477s] Level 1:colcon.colcon_core.package_discovery:discover_packages(recursive) check parameters
[0.477s] Level 1:colcon.colcon_core.package_discovery:discover_packages(ignore) check parameters
[0.477s] Level 1:colcon.colcon_core.package_discovery:discover_packages(path) check parameters
[0.477s] Level 1:colcon.colcon_core.package_discovery:discover_packages(colcon_meta) discover
[0.477s] Level 1:colcon.colcon_core.package_discovery:discover_packages(recursive) discover
[0.478s] INFO:colcon.colcon_core.package_discovery:Crawling recursively for packages in '/home/bmes-endoscope-25/joystick_ws'
[0.478s] Level 1:colcon.colcon_core.package_identification:_identify(.) by extensions ['ignore', 'ignore_ament_install']
[0.478s] Level 1:colcon.colcon_core.package_identification:_identify(.) by extension 'ignore'
[0.479s] Level 1:colcon.colcon_core.package_identification:_identify(.) by extension 'ignore_ament_install'
[0.479s] Level 1:colcon.colcon_core.package_identification:_identify(.) by extensions ['colcon_pkg']
[0.479s] Level 1:colcon.colcon_core.package_identification:_identify(.) by extension 'colcon_pkg'
[0.479s] Level 1:colcon.colcon_core.package_identification:_identify(.) by extensions ['colcon_meta']
[0.479s] Level 1:colcon.colcon_core.package_identification:_identify(.) by extension 'colcon_meta'
[0.479s] Level 1:colcon.colcon_core.package_identification:_identify(.) by extensions ['ros']
[0.479s] Level 1:colcon.colcon_core.package_identification:_identify(.) by extension 'ros'
[0.582s] Level 1:colcon.colcon_core.package_identification:_identify(.) by extensions ['cmake', 'python']
[0.582s] Level 1:colcon.colcon_core.package_identification:_identify(.) by extension 'cmake'
[0.582s] Level 1:colcon.colcon_core.package_identification:_identify(.) by extension 'python'
[0.582s] Level 1:colcon.colcon_core.package_identification:_identify(.) by extensions ['python_setup_py']
[0.582s] Level 1:colcon.colcon_core.package_identification:_identify(.) by extension 'python_setup_py'
[0.583s] Level 1:colcon.colcon_core.package_identification:_identify(build) by extensions ['ignore', 'ignore_ament_install']
[0.587s] Level 1:colcon.colcon_core.package_identification:_identify(build) by extension 'ignore'
[0.587s] Level 1:colcon.colcon_core.package_identification:_identify(build) ignored
[0.588s] Level 1:colcon.colcon_core.package_identification:_identify(install) by extensions ['ignore', 'ignore_ament_install']
[0.588s] Level 1:colcon.colcon_core.package_identification:_identify(install) by extension 'ignore'
[0.588s] Level 1:colcon.colcon_core.package_identification:_identify(install) ignored
[0.589s] Level 1:colcon.colcon_core.package_identification:_identify(log) by extensions ['ignore', 'ignore_ament_install']
[0.589s] Level 1:colcon.colcon_core.package_identification:_identify(log) by extension 'ignore'
[0.589s] Level 1:colcon.colcon_core.package_identification:_identify(log) ignored
[0.590s] Level 1:colcon.colcon_core.package_identification:_identify(src) by extensions ['ignore', 'ignore_ament_install']
[0.590s] Level 1:colcon.colcon_core.package_identification:_identify(src) by extension 'ignore'
[0.591s] Level 1:colcon.colcon_core.package_identification:_identify(src) by extension 'ignore_ament_install'
[0.591s] Level 1:colcon.colcon_core.package_identification:_identify(src) by extensions ['colcon_pkg']
[0.591s] Level 1:colcon.colcon_core.package_identification:_identify(src) by extension 'colcon_pkg'
[0.591s] Level 1:colcon.colcon_core.package_identification:_identify(src) by extensions ['colcon_meta']
[0.591s] Level 1:colcon.colcon_core.package_identification:_identify(src) by extension 'colcon_meta'
[0.592s] Level 1:colcon.colcon_core.package_identification:_identify(src) by extensions ['ros']
[0.592s] Level 1:colcon.colcon_core.package_identification:_identify(src) by extension 'ros'
[0.592s] Level 1:colcon.colcon_core.package_identification:_identify(src) by extensions ['cmake', 'python']
[0.592s] Level 1:colcon.colcon_core.package_identification:_identify(src) by extension 'cmake'
[0.593s] Level 1:colcon.colcon_core.package_identification:_identify(src) by extension 'python'
[0.593s] Level 1:colcon.colcon_core.package_identification:_identify(src) by extensions ['python_setup_py']
[0.593s] Level 1:colcon.colcon_core.package_identification:_identify(src) by extension 'python_setup_py'
[0.593s] Level 1:colcon.colcon_core.package_identification:_identify(src/joystick_drivers) by extensions ['ignore', 'ignore_ament_install']
[0.594s] Level 1:colcon.colcon_core.package_identification:_identify(src/joystick_drivers) by extension 'ignore'
[0.594s] Level 1:colcon.colcon_core.package_identification:_identify(src/joystick_drivers) by extension 'ignore_ament_install'
[0.594s] Level 1:colcon.colcon_core.package_identification:_identify(src/joystick_drivers) by extensions ['colcon_pkg']
[0.595s] Level 1:colcon.colcon_core.package_identification:_identify(src/joystick_drivers) by extension 'colcon_pkg'
[0.595s] Level 1:colcon.colcon_core.package_identification:_identify(src/joystick_drivers) by extensions ['colcon_meta']
[0.595s] Level 1:colcon.colcon_core.package_identification:_identify(src/joystick_drivers) by extension 'colcon_meta'
[0.595s] Level 1:colcon.colcon_core.package_identification:_identify(src/joystick_drivers) by extensions ['ros']
[0.595s] Level 1:colcon.colcon_core.package_identification:_identify(src/joystick_drivers) by extension 'ros'
[0.596s] Level 1:colcon.colcon_core.package_identification:_identify(src/joystick_drivers) by extensions ['cmake', 'python']
[0.596s] Level 1:colcon.colcon_core.package_identification:_identify(src/joystick_drivers) by extension 'cmake'
[0.596s] Level 1:colcon.colcon_core.package_identification:_identify(src/joystick_drivers) by extension 'python'
[0.596s] Level 1:colcon.colcon_core.package_identification:_identify(src/joystick_drivers) by extensions ['python_setup_py']
[0.596s] Level 1:colcon.colcon_core.package_identification:_identify(src/joystick_drivers) by extension 'python_setup_py'
[0.597s] Level 1:colcon.colcon_core.package_identification:_identify(src/joystick_drivers/joy) by extensions ['ignore', 'ignore_ament_install']
[0.597s] Level 1:colcon.colcon_core.package_identification:_identify(src/joystick_drivers/joy) by extension 'ignore'
[0.598s] Level 1:colcon.colcon_core.package_identification:_identify(src/joystick_drivers/joy) by extension 'ignore_ament_install'
[0.598s] Level 1:colcon.colcon_core.package_identification:_identify(src/joystick_drivers/joy) by extensions ['colcon_pkg']
[0.598s] Level 1:colcon.colcon_core.package_identification:_identify(src/joystick_drivers/joy) by extension 'colcon_pkg'
[0.598s] Level 1:colcon.colcon_core.package_identification:_identify(src/joystick_drivers/joy) by extensions ['colcon_meta']
[0.598s] Level 1:colcon.colcon_core.package_identification:_identify(src/joystick_drivers/joy) by extension 'colcon_meta'
[0.599s] Level 1:colcon.colcon_core.package_identification:_identify(src/joystick_drivers/joy) by extensions ['ros']
[0.599s] Level 1:colcon.colcon_core.package_identification:_identify(src/joystick_drivers/joy) by extension 'ros'
[0.609s] DEBUG:colcon.colcon_core.package_identification:Package 'src/joystick_drivers/joy' with type 'ros.ament_cmake' and name 'joy'
[0.609s] Level 1:colcon.colcon_core.package_identification:_identify(src/joystick_drivers/joy_linux) by extensions ['ignore', 'ignore_ament_install']
[0.610s] Level 1:colcon.colcon_core.package_identification:_identify(src/joystick_drivers/joy_linux) by extension 'ignore'
[0.610s] Level 1:colcon.colcon_core.package_identification:_identify(src/joystick_drivers/joy_linux) by extension 'ignore_ament_install'
[0.610s] Level 1:colcon.colcon_core.package_identification:_identify(src/joystick_drivers/joy_linux) by extensions ['colcon_pkg']
[0.610s] Level 1:colcon.colcon_core.package_identification:_identify(src/joystick_drivers/joy_linux) by extension 'colcon_pkg'
[0.611s] Level 1:colcon.colcon_core.package_identification:_identify(src/joystick_drivers/joy_linux) by extensions ['colcon_meta']
[0.611s] Level 1:colcon.colcon_core.package_identification:_identify(src/joystick_drivers/joy_linux) by extension 'colcon_meta'
[0.611s] Level 1:colcon.colcon_core.package_identification:_identify(src/joystick_drivers/joy_linux) by extensions ['ros']
[0.611s] Level 1:colcon.colcon_core.package_identification:_identify(src/joystick_drivers/joy_linux) by extension 'ros'
[0.614s] DEBUG:colcon.colcon_core.package_identification:Package 'src/joystick_drivers/joy_linux' with type 'ros.ament_cmake' and name 'joy_linux'
[0.615s] Level 1:colcon.colcon_core.package_identification:_identify(src/joystick_drivers/joystick_drivers) by extensions ['ignore', 'ignore_ament_install']
[0.615s] Level 1:colcon.colcon_core.package_identification:_identify(src/joystick_drivers/joystick_drivers) by extension 'ignore'
[0.615s] Level 1:colcon.colcon_core.package_identification:_identify(src/joystick_drivers/joystick_drivers) by extension 'ignore_ament_install'
[0.615s] Level 1:colcon.colcon_core.package_identification:_identify(src/joystick_drivers/joystick_drivers) by extensions ['colcon_pkg']
[0.615s] Level 1:colcon.colcon_core.package_identification:_identify(src/joystick_drivers/joystick_drivers) by extension 'colcon_pkg'
[0.616s] Level 1:colcon.colcon_core.package_identification:_identify(src/joystick_drivers/joystick_drivers) by extensions ['colcon_meta']
[0.616s] Level 1:colcon.colcon_core.package_identification:_identify(src/joystick_drivers/joystick_drivers) by extension 'colcon_meta'
[0.616s] Level 1:colcon.colcon_core.package_identification:_identify(src/joystick_drivers/joystick_drivers) by extensions ['ros']
[0.616s] Level 1:colcon.colcon_core.package_identification:_identify(src/joystick_drivers/joystick_drivers) by extension 'ros'
[0.616s] Level 1:colcon.colcon_core.package_identification:_identify(src/joystick_drivers/joystick_drivers) ignored
[0.617s] Level 1:colcon.colcon_core.package_identification:_identify(src/joystick_drivers/ps3joy) by extensions ['ignore', 'ignore_ament_install']
[0.617s] Level 1:colcon.colcon_core.package_identification:_identify(src/joystick_drivers/ps3joy) by extension 'ignore'
[0.617s] Level 1:colcon.colcon_core.package_identification:_identify(src/joystick_drivers/ps3joy) by extension 'ignore_ament_install'
[0.617s] Level 1:colcon.colcon_core.package_identification:_identify(src/joystick_drivers/ps3joy) by extensions ['colcon_pkg']
[0.617s] Level 1:colcon.colcon_core.package_identification:_identify(src/joystick_drivers/ps3joy) by extension 'colcon_pkg'
[0.618s] Level 1:colcon.colcon_core.package_identification:_identify(src/joystick_drivers/ps3joy) by extensions ['colcon_meta']
[0.618s] Level 1:colcon.colcon_core.package_identification:_identify(src/joystick_drivers/ps3joy) by extension 'colcon_meta'
[0.618s] Level 1:colcon.colcon_core.package_identification:_identify(src/joystick_drivers/ps3joy) by extensions ['ros']
[0.618s] Level 1:colcon.colcon_core.package_identification:_identify(src/joystick_drivers/ps3joy) by extension 'ros'
[0.618s] Level 1:colcon.colcon_core.package_identification:_identify(src/joystick_drivers/ps3joy) ignored
[0.619s] Level 1:colcon.colcon_core.package_identification:_identify(src/joystick_drivers/sdl2_vendor) by extensions ['ignore', 'ignore_ament_install']
[0.619s] Level 1:colcon.colcon_core.package_identification:_identify(src/joystick_drivers/sdl2_vendor) by extension 'ignore'
[0.619s] Level 1:colcon.colcon_core.package_identification:_identify(src/joystick_drivers/sdl2_vendor) by extension 'ignore_ament_install'
[0.619s] Level 1:colcon.colcon_core.package_identification:_identify(src/joystick_drivers/sdl2_vendor) by extensions ['colcon_pkg']
[0.619s] Level 1:colcon.colcon_core.package_identification:_identify(src/joystick_drivers/sdl2_vendor) by extension 'colcon_pkg'
[0.620s] Level 1:colcon.colcon_core.package_identification:_identify(src/joystick_drivers/sdl2_vendor) by extensions ['colcon_meta']
[0.620s] Level 1:colcon.colcon_core.package_identification:_identify(src/joystick_drivers/sdl2_vendor) by extension 'colcon_meta'
[0.620s] Level 1:colcon.colcon_core.package_identification:_identify(src/joystick_drivers/sdl2_vendor) by extensions ['ros']
[0.620s] Level 1:colcon.colcon_core.package_identification:_identify(src/joystick_drivers/sdl2_vendor) by extension 'ros'
[0.622s] DEBUG:colcon.colcon_core.package_identification:Package 'src/joystick_drivers/sdl2_vendor' with type 'ros.ament_cmake' and name 'sdl2_vendor'
[0.622s] Level 1:colcon.colcon_core.package_identification:_identify(src/joystick_drivers/spacenav) by extensions ['ignore', 'ignore_ament_install']
[0.623s] Level 1:colcon.colcon_core.package_identification:_identify(src/joystick_drivers/spacenav) by extension 'ignore'
[0.623s] Level 1:colcon.colcon_core.package_identification:_identify(src/joystick_drivers/spacenav) by extension 'ignore_ament_install'
[0.624s] Level 1:colcon.colcon_core.package_identification:_identify(src/joystick_drivers/spacenav) by extensions ['colcon_pkg']
[0.624s] Level 1:colcon.colcon_core.package_identification:_identify(src/joystick_drivers/spacenav) by extension 'colcon_pkg'
[0.624s] Level 1:colcon.colcon_core.package_identification:_identify(src/joystick_drivers/spacenav) by extensions ['colcon_meta']
[0.624s] Level 1:colcon.colcon_core.package_identification:_identify(src/joystick_drivers/spacenav) by extension 'colcon_meta'
[0.624s] Level 1:colcon.colcon_core.package_identification:_identify(src/joystick_drivers/spacenav) by extensions ['ros']
[0.624s] Level 1:colcon.colcon_core.package_identification:_identify(src/joystick_drivers/spacenav) by extension 'ros'
[0.627s] DEBUG:colcon.colcon_core.package_identification:Package 'src/joystick_drivers/spacenav' with type 'ros.ament_cmake' and name 'spacenav'
[0.628s] Level 1:colcon.colcon_core.package_identification:_identify(src/joystick_drivers/wiimote) by extensions ['ignore', 'ignore_ament_install']
[0.628s] Level 1:colcon.colcon_core.package_identification:_identify(src/joystick_drivers/wiimote) by extension 'ignore'
[0.628s] Level 1:colcon.colcon_core.package_identification:_identify(src/joystick_drivers/wiimote) by extension 'ignore_ament_install'
[0.628s] Level 1:colcon.colcon_core.package_identification:_identify(src/joystick_drivers/wiimote) by extensions ['colcon_pkg']
[0.629s] Level 1:colcon.colcon_core.package_identification:_identify(src/joystick_drivers/wiimote) by extension 'colcon_pkg'
[0.629s] Level 1:colcon.colcon_core.package_identification:_identify(src/joystick_drivers/wiimote) by extensions ['colcon_meta']
[0.629s] Level 1:colcon.colcon_core.package_identification:_identify(src/joystick_drivers/wiimote) by extension 'colcon_meta'
[0.629s] Level 1:colcon.colcon_core.package_identification:_identify(src/joystick_drivers/wiimote) by extensions ['ros']
[0.629s] Level 1:colcon.colcon_core.package_identification:_identify(src/joystick_drivers/wiimote) by extension 'ros'
[0.633s] DEBUG:colcon.colcon_core.package_identification:Package 'src/joystick_drivers/wiimote' with type 'ros.ament_cmake' and name 'wiimote'
[0.634s] Level 1:colcon.colcon_core.package_identification:_identify(src/joystick_drivers/wiimote_msgs) by extensions ['ignore', 'ignore_ament_install']
[0.634s] Level 1:colcon.colcon_core.package_identification:_identify(src/joystick_drivers/wiimote_msgs) by extension 'ignore'
[0.634s] Level 1:colcon.colcon_core.package_identification:_identify(src/joystick_drivers/wiimote_msgs) by extension 'ignore_ament_install'
[0.634s] Level 1:colcon.colcon_core.package_identification:_identify(src/joystick_drivers/wiimote_msgs) by extensions ['colcon_pkg']
[0.634s] Level 1:colcon.colcon_core.package_identification:_identify(src/joystick_drivers/wiimote_msgs) by extension 'colcon_pkg'
[0.635s] Level 1:colcon.colcon_core.package_identification:_identify(src/joystick_drivers/wiimote_msgs) by extensions ['colcon_meta']
[0.635s] Level 1:colcon.colcon_core.package_identification:_identify(src/joystick_drivers/wiimote_msgs) by extension 'colcon_meta'
[0.635s] Level 1:colcon.colcon_core.package_identification:_identify(src/joystick_drivers/wiimote_msgs) by extensions ['ros']
[0.635s] Level 1:colcon.colcon_core.package_identification:_identify(src/joystick_drivers/wiimote_msgs) by extension 'ros'
[0.638s] DEBUG:colcon.colcon_core.package_identification:Package 'src/joystick_drivers/wiimote_msgs' with type 'ros.ament_cmake' and name 'wiimote_msgs'
[0.638s] Level 1:colcon.colcon_core.package_discovery:discover_packages(recursive) using defaults
[0.638s] Level 1:colcon.colcon_core.package_discovery:discover_packages(ignore) discover
[0.638s] Level 1:colcon.colcon_core.package_discovery:discover_packages(ignore) using defaults
[0.638s] Level 1:colcon.colcon_core.package_discovery:discover_packages(path) discover
[0.638s] Level 1:colcon.colcon_core.package_discovery:discover_packages(path) using defaults
