[0.080s] Invoking command in '/home/bmes-endoscope-25/joystick_ws/build/my_teleop': CMAKE_PREFIX_PATH=${CMAKE_PREFIX_PATH}:/opt/ros/jazzy DEBUGINFOD_URLS=https://debuginfod.ubuntu.com /usr/bin/cmake /home/bmes-endoscope-25/joystick_ws/src/my_teleop -DCMAKE_INSTALL_PREFIX=/home/bmes-endoscope-25/joystick_ws/install/my_teleop
[0.938s] -- The C compiler identification is GNU 13.3.0
[1.842s] -- The CXX compiler identification is GNU 13.3.0
[1.953s] -- Detecting C compiler ABI info
[2.550s] -- Detecting C compiler ABI info - done
[2.585s] -- Check for working C compiler: /usr/bin/cc - skipped
[2.589s] -- Detecting C compile features
[2.592s] -- Detecting C compile features - done
[2.656s] -- Detecting CXX compiler ABI info
[3.281s] -- Detecting CXX compiler ABI info - done
[3.318s] -- Check for working CXX compiler: /usr/bin/c++ - skipped
[3.319s] -- Detecting CXX compile features
[3.321s] -- Detecting CXX compile features - done
[3.359s] -- Found ament_cmake: 2.5.3 (/opt/ros/jazzy/share/ament_cmake/cmake)
[4.223s] -- Found Python3: /usr/bin/python3 (found version "3.12.3") found components: Interpreter 
[5.128s] -- Found rclcpp: 28.1.6 (/opt/ros/jazzy/share/rclcpp/cmake)
[5.548s] -- Found rosidl_generator_c: 4.6.5 (/opt/ros/jazzy/share/rosidl_generator_c/cmake)
[5.674s] -- Found rosidl_generator_cpp: 4.6.5 (/opt/ros/jazzy/share/rosidl_generator_cpp/cmake)
[5.819s] -- Using all available rosidl_typesupport_c: rosidl_typesupport_fastrtps_c;rosidl_typesupport_introspection_c
[5.972s] -- Using all available rosidl_typesupport_cpp: rosidl_typesupport_fastrtps_cpp;rosidl_typesupport_introspection_cpp
[6.539s] -- Found rmw_implementation_cmake: 7.3.1 (/opt/ros/jazzy/share/rmw_implementation_cmake/cmake)
[6.574s] -- Found rmw_fastrtps_cpp: 8.4.1 (/opt/ros/jazzy/share/rmw_fastrtps_cpp/cmake)
[7.216s] -- Found OpenSSL: /usr/lib/aarch64-linux-gnu/libcrypto.so (found version "3.0.13")  
[7.337s] -- Found FastRTPS: /opt/ros/jazzy/include (Required is at least version "2.13") 
[7.442s] -- Using RMW implementation 'rmw_fastrtps_cpp' as default
[7.938s] -- Found sensor_msgs: 5.3.5 (/opt/ros/jazzy/share/sensor_msgs/cmake)
[8.302s] -- Found ament_lint_auto: 0.17.1 (/opt/ros/jazzy/share/ament_lint_auto/cmake)
[9.012s] -- Added test 'cppcheck' to perform static code analysis on C / C++ code
[9.012s] -- Configured cppcheck include dirs: 
[9.013s] -- Configured cppcheck exclude dirs and/or files: 
[9.018s] -- Added test 'lint_cmake' to check CMake code style
[9.028s] -- Added test 'uncrustify' to check C / C++ code style
[9.028s] -- Configured uncrustify additional arguments: 
[9.032s] -- Added test 'xmllint' to check XML markup files
[9.043s] [31mCMake Error at /opt/ros/jazzy/share/ament_cmake_target_dependencies/cmake/ament_target_dependencies.cmake:77 (message):
[9.044s]   ament_target_dependencies() the passed package name 'geometry_messages' was
[9.044s]   not found before
[9.044s] Call Stack (most recent call first):
[9.045s]   CMakeLists.txt:29 (ament_target_dependencies)
[9.045s] 
[9.046s] [0m
[9.046s] -- Configuring incomplete, errors occurred!
[9.100s] Invoked command in '/home/bmes-endoscope-25/joystick_ws/build/my_teleop' returned '1': CMAKE_PREFIX_PATH=${CMAKE_PREFIX_PATH}:/opt/ros/jazzy DEBUGINFOD_URLS=https://debuginfod.ubuntu.com /usr/bin/cmake /home/bmes-endoscope-25/joystick_ws/src/my_teleop -DCMAKE_INSTALL_PREFIX=/home/bmes-endoscope-25/joystick_ws/install/my_teleop
