[0.090s] Invoking command in '/home/bmes-endoscope-25/joystick_ws/build/joy_linux': CMAKE_PREFIX_PATH=${CMAKE_PREFIX_PATH}:/opt/ros/jazzy DEBUGINFOD_URLS=https://debuginfod.ubuntu.com /usr/bin/cmake /home/bmes-endoscope-25/joystick_ws/src/joystick_drivers/joy_linux -DCMAKE_INSTALL_PREFIX=/home/bmes-endoscope-25/joystick_ws/install/joy_linux
[1.458s] -- The C compiler identification is GNU 13.3.0
[2.375s] -- The CXX compiler identification is GNU 13.3.0
[2.498s] -- Detecting C compiler ABI info
[3.095s] -- Detecting C compiler ABI info - done
[3.131s] -- Check for working C compiler: /usr/bin/cc - skipped
[3.138s] -- Detecting C compile features
[3.141s] -- Detecting C compile features - done
[3.197s] -- Detecting CXX compiler ABI info
[3.753s] -- Detecting CXX compiler ABI info - done
[3.788s] -- Check for working CXX compiler: /usr/bin/c++ - skipped
[3.789s] -- Detecting CXX compile features
[3.791s] -- Detecting CXX compile features - done
[3.824s] -- Found ament_cmake: 2.5.3 (/opt/ros/jazzy/share/ament_cmake/cmake)
[4.618s] -- Found Python3: /usr/bin/python3 (found version "3.12.3") found components: Interpreter 
[5.461s] -- Found diagnostic_msgs: 5.3.5 (/opt/ros/jazzy/share/diagnostic_msgs/cmake)
[5.887s] -- Found rosidl_generator_c: 4.6.5 (/opt/ros/jazzy/share/rosidl_generator_c/cmake)
[6.005s] -- Found rosidl_generator_cpp: 4.6.5 (/opt/ros/jazzy/share/rosidl_generator_cpp/cmake)
[6.150s] -- Using all available rosidl_typesupport_c: rosidl_typesupport_fastrtps_c;rosidl_typesupport_introspection_c
[6.299s] -- Using all available rosidl_typesupport_cpp: rosidl_typesupport_fastrtps_cpp;rosidl_typesupport_introspection_cpp
[6.875s] [31mCMake Error at CMakeLists.txt:15 (find_package):
[6.875s]   By not providing "Finddiagnostic_updater.cmake" in CMAKE_MODULE_PATH this
[6.876s]   project has asked CMake to find a package configuration file provided by
[6.876s]   "diagnostic_updater", but CMake did not find one.
[6.876s] 
[6.877s]   Could not find a package configuration file provided by
[6.877s]   "diagnostic_updater" with any of the following names:
[6.878s] 
[6.879s]     diagnostic_updaterConfig.cmake
[6.880s]     diagnostic_updater-config.cmake
[6.881s] 
[6.881s]   Add the installation prefix of "diagnostic_updater" to CMAKE_PREFIX_PATH or
[6.881s]   set "diagnostic_updater_DIR" to a directory containing one of the above
[6.882s]   files.  If "diagnostic_updater" provides a separate development package or
[6.882s]   SDK, be sure it has been installed.
[6.883s] 
[6.883s] [0m
[6.884s] -- Configuring incomplete, errors occurred!
[6.902s] Invoked command in '/home/bmes-endoscope-25/joystick_ws/build/joy_linux' returned '1': CMAKE_PREFIX_PATH=${CMAKE_PREFIX_PATH}:/opt/ros/jazzy DEBUGINFOD_URLS=https://debuginfod.ubuntu.com /usr/bin/cmake /home/bmes-endoscope-25/joystick_ws/src/joystick_drivers/joy_linux -DCMAKE_INSTALL_PREFIX=/home/bmes-endoscope-25/joystick_ws/install/joy_linux
