[0.147s] Invoking command in '/home/bmes-endoscope-25/joystick_ws/build/spacenav': CMAKE_PREFIX_PATH=${CMAKE_PREFIX_PATH}:/opt/ros/jazzy DEBUGINFOD_URLS=https://debuginfod.ubuntu.com /usr/bin/cmake --build /home/bmes-endoscope-25/joystick_ws/build/spacenav -- -j4 -l4
[0.890s] [ 50%] Built target spacenav
[0.914s] [100%] Built target spacenav_node
[1.050s] Invoked command in '/home/bmes-endoscope-25/joystick_ws/build/spacenav' returned '0': CMAKE_PREFIX_PATH=${CMAKE_PREFIX_PATH}:/opt/ros/jazzy DEBUGINFOD_URLS=https://debuginfod.ubuntu.com /usr/bin/cmake --build /home/bmes-endoscope-25/joystick_ws/build/spacenav -- -j4 -l4
[1.058s] Invoking command in '/home/bmes-endoscope-25/joystick_ws/build/spacenav': CMAKE_PREFIX_PATH=${CMAKE_PREFIX_PATH}:/opt/ros/jazzy DEBUGINFOD_URLS=https://debuginfod.ubuntu.com /usr/bin/cmake --install /home/bmes-endoscope-25/joystick_ws/build/spacenav
[1.185s] -- Install configuration: ""
[1.188s] -- Up-to-date: /home/bmes-endoscope-25/joystick_ws/install/spacenav/lib/libspacenav.so
[1.189s] -- Up-to-date: /home/bmes-endoscope-25/joystick_ws/install/spacenav/lib/spacenav/spacenav_node
[1.193s] -- Up-to-date: /home/bmes-endoscope-25/joystick_ws/install/spacenav/include/spacenav
[1.195s] -- Up-to-date: /home/bmes-endoscope-25/joystick_ws/install/spacenav/include/spacenav/spacenav
[1.199s] -- Up-to-date: /home/bmes-endoscope-25/joystick_ws/install/spacenav/include/spacenav/spacenav/spacenav.hpp
[1.199s] -- Up-to-date: /home/bmes-endoscope-25/joystick_ws/install/spacenav/share/spacenav//launch
[1.200s] -- Up-to-date: /home/bmes-endoscope-25/joystick_ws/install/spacenav/share/spacenav//launch/classic-launch.py
[1.202s] -- Up-to-date: /home/bmes-endoscope-25/joystick_ws/install/spacenav/share/spacenav//launch/no_deadband-launch.py
[1.203s] -- Up-to-date: /home/bmes-endoscope-25/joystick_ws/install/spacenav/share/spacenav//launch/static_deadband-launch.py
[1.203s] -- Up-to-date: /home/bmes-endoscope-25/joystick_ws/install/spacenav/share/ament_index/resource_index/package_run_dependencies/spacenav
[1.204s] -- Up-to-date: /home/bmes-endoscope-25/joystick_ws/install/spacenav/share/ament_index/resource_index/parent_prefix_path/spacenav
[1.204s] -- Up-to-date: /home/bmes-endoscope-25/joystick_ws/install/spacenav/share/spacenav/environment/ament_prefix_path.sh
[1.205s] -- Up-to-date: /home/bmes-endoscope-25/joystick_ws/install/spacenav/share/spacenav/environment/ament_prefix_path.dsv
[1.205s] -- Up-to-date: /home/bmes-endoscope-25/joystick_ws/install/spacenav/share/spacenav/environment/path.sh
[1.210s] -- Up-to-date: /home/bmes-endoscope-25/joystick_ws/install/spacenav/share/spacenav/environment/path.dsv
[1.210s] -- Up-to-date: /home/bmes-endoscope-25/joystick_ws/install/spacenav/share/spacenav/local_setup.bash
[1.211s] -- Up-to-date: /home/bmes-endoscope-25/joystick_ws/install/spacenav/share/spacenav/local_setup.sh
[1.212s] -- Up-to-date: /home/bmes-endoscope-25/joystick_ws/install/spacenav/share/spacenav/local_setup.zsh
[1.215s] -- Up-to-date: /home/bmes-endoscope-25/joystick_ws/install/spacenav/share/spacenav/local_setup.dsv
[1.219s] -- Installing: /home/bmes-endoscope-25/joystick_ws/install/spacenav/share/spacenav/package.dsv
[1.220s] -- Up-to-date: /home/bmes-endoscope-25/joystick_ws/install/spacenav/share/ament_index/resource_index/packages/spacenav
[1.220s] -- Up-to-date: /home/bmes-endoscope-25/joystick_ws/install/spacenav/share/ament_index/resource_index/rclcpp_components/spacenav
[1.221s] -- Up-to-date: /home/bmes-endoscope-25/joystick_ws/install/spacenav/share/spacenav/cmake/export_spacenavExport.cmake
[1.221s] -- Up-to-date: /home/bmes-endoscope-25/joystick_ws/install/spacenav/share/spacenav/cmake/export_spacenavExport-noconfig.cmake
[1.225s] -- Up-to-date: /home/bmes-endoscope-25/joystick_ws/install/spacenav/share/spacenav/cmake/ament_cmake_export_targets-extras.cmake
[1.225s] -- Up-to-date: /home/bmes-endoscope-25/joystick_ws/install/spacenav/share/spacenav/cmake/spacenavConfig.cmake
[1.226s] -- Up-to-date: /home/bmes-endoscope-25/joystick_ws/install/spacenav/share/spacenav/cmake/spacenavConfig-version.cmake
[1.226s] -- Up-to-date: /home/bmes-endoscope-25/joystick_ws/install/spacenav/share/spacenav/package.xml
[1.227s] Invoked command in '/home/bmes-endoscope-25/joystick_ws/build/spacenav' returned '0': CMAKE_PREFIX_PATH=${CMAKE_PREFIX_PATH}:/opt/ros/jazzy DEBUGINFOD_URLS=https://debuginfod.ubuntu.com /usr/bin/cmake --install /home/bmes-endoscope-25/joystick_ws/build/spacenav
