[0.127s] Invoking command in '/home/bmes-endoscope-25/joystick_ws/build/spacenav': CMAKE_PREFIX_PATH=${CMAKE_PREFIX_PATH}:/opt/ros/jazzy DEBUGINFOD_URLS=https://debuginfod.ubuntu.com /usr/bin/cmake --build /home/bmes-endoscope-25/joystick_ws/build/spacenav -- -j4 -l4
[0.918s] [ 50%] Built target spacenav_node
[0.941s] [100%] Built target spacenav
[1.030s] Invoked command in '/home/bmes-endoscope-25/joystick_ws/build/spacenav' returned '0': CMAKE_PREFIX_PATH=${CMAKE_PREFIX_PATH}:/opt/ros/jazzy DEBUGINFOD_URLS=https://debuginfod.ubuntu.com /usr/bin/cmake --build /home/bmes-endoscope-25/joystick_ws/build/spacenav -- -j4 -l4
[1.043s] Invoking command in '/home/bmes-endoscope-25/joystick_ws/build/spacenav': CMAKE_PREFIX_PATH=${CMAKE_PREFIX_PATH}:/opt/ros/jazzy DEBUGINFOD_URLS=https://debuginfod.ubuntu.com /usr/bin/cmake --install /home/bmes-endoscope-25/joystick_ws/build/spacenav
[1.128s] -- Install configuration: ""
[1.138s] -- Up-to-date: /home/bmes-endoscope-25/joystick_ws/install/spacenav/lib/libspacenav.so
[1.145s] -- Up-to-date: /home/bmes-endoscope-25/joystick_ws/install/spacenav/lib/spacenav/spacenav_node
[1.149s] -- Up-to-date: /home/bmes-endoscope-25/joystick_ws/install/spacenav/include/spacenav
[1.153s] -- Up-to-date: /home/bmes-endoscope-25/joystick_ws/install/spacenav/include/spacenav/spacenav
[1.154s] -- Up-to-date: /home/bmes-endoscope-25/joystick_ws/install/spacenav/include/spacenav/spacenav/spacenav.hpp
[1.160s] -- Up-to-date: /home/bmes-endoscope-25/joystick_ws/install/spacenav/share/spacenav//launch
[1.161s] -- Up-to-date: /home/bmes-endoscope-25/joystick_ws/install/spacenav/share/spacenav//launch/classic-launch.py
[1.161s] -- Up-to-date: /home/bmes-endoscope-25/joystick_ws/install/spacenav/share/spacenav//launch/no_deadband-launch.py
[1.173s] -- Up-to-date: /home/bmes-endoscope-25/joystick_ws/install/spacenav/share/spacenav//launch/static_deadband-launch.py
[1.174s] -- Up-to-date: /home/bmes-endoscope-25/joystick_ws/install/spacenav/share/ament_index/resource_index/package_run_dependencies/spacenav
[1.175s] -- Up-to-date: /home/bmes-endoscope-25/joystick_ws/install/spacenav/share/ament_index/resource_index/parent_prefix_path/spacenav
[1.185s] -- Up-to-date: /home/bmes-endoscope-25/joystick_ws/install/spacenav/share/spacenav/environment/ament_prefix_path.sh
[1.186s] -- Up-to-date: /home/bmes-endoscope-25/joystick_ws/install/spacenav/share/spacenav/environment/ament_prefix_path.dsv
[1.187s] -- Up-to-date: /home/bmes-endoscope-25/joystick_ws/install/spacenav/share/spacenav/environment/path.sh
[1.197s] -- Up-to-date: /home/bmes-endoscope-25/joystick_ws/install/spacenav/share/spacenav/environment/path.dsv
[1.207s] -- Up-to-date: /home/bmes-endoscope-25/joystick_ws/install/spacenav/share/spacenav/local_setup.bash
[1.208s] -- Up-to-date: /home/bmes-endoscope-25/joystick_ws/install/spacenav/share/spacenav/local_setup.sh
[1.213s] -- Up-to-date: /home/bmes-endoscope-25/joystick_ws/install/spacenav/share/spacenav/local_setup.zsh
[1.214s] -- Up-to-date: /home/bmes-endoscope-25/joystick_ws/install/spacenav/share/spacenav/local_setup.dsv
[1.214s] -- Installing: /home/bmes-endoscope-25/joystick_ws/install/spacenav/share/spacenav/package.dsv
[1.229s] -- Up-to-date: /home/bmes-endoscope-25/joystick_ws/install/spacenav/share/ament_index/resource_index/packages/spacenav
[1.230s] -- Up-to-date: /home/bmes-endoscope-25/joystick_ws/install/spacenav/share/ament_index/resource_index/rclcpp_components/spacenav
[1.231s] -- Up-to-date: /home/bmes-endoscope-25/joystick_ws/install/spacenav/share/spacenav/cmake/export_spacenavExport.cmake
[1.236s] -- Up-to-date: /home/bmes-endoscope-25/joystick_ws/install/spacenav/share/spacenav/cmake/export_spacenavExport-noconfig.cmake
[1.237s] -- Up-to-date: /home/bmes-endoscope-25/joystick_ws/install/spacenav/share/spacenav/cmake/ament_cmake_export_targets-extras.cmake
[1.244s] -- Up-to-date: /home/bmes-endoscope-25/joystick_ws/install/spacenav/share/spacenav/cmake/spacenavConfig.cmake
[1.245s] -- Up-to-date: /home/bmes-endoscope-25/joystick_ws/install/spacenav/share/spacenav/cmake/spacenavConfig-version.cmake
[1.246s] -- Up-to-date: /home/bmes-endoscope-25/joystick_ws/install/spacenav/share/spacenav/package.xml
[1.247s] Invoked command in '/home/bmes-endoscope-25/joystick_ws/build/spacenav' returned '0': CMAKE_PREFIX_PATH=${CMAKE_PREFIX_PATH}:/opt/ros/jazzy DEBUGINFOD_URLS=https://debuginfod.ubuntu.com /usr/bin/cmake --install /home/bmes-endoscope-25/joystick_ws/build/spacenav
