[0.618s] DEBUG:colcon:Command line arguments: ['/usr/bin/colcon', 'build']
[0.619s] DEBUG:colcon:Parsed command line arguments: Namespace(log_base=None, log_level=None, verb_name='build', build_base='build', install_base='install', merge_install=False, symlink_install=False, test_result_base=None, continue_on_error=False, executor='parallel', parallel_workers=4, event_handlers=None, ignore_user_meta=False, metas=['./colcon.meta'], base_paths=['.'], packages_ignore=None, packages_ignore_regex=None, paths=None, packages_up_to=None, packages_up_to_regex=None, packages_above=None, packages_above_and_dependencies=None, packages_above_depth=None, packages_select_by_dep=None, packages_skip_by_dep=None, packages_skip_up_to=None, packages_select_build_failed=False, packages_skip_build_finished=False, packages_select_test_failures=False, packages_skip_test_passed=False, packages_select=None, packages_skip=None, packages_select_regex=None, packages_skip_regex=None, packages_start=None, packages_end=None, cmake_args=None, cmake_target=None, cmake_target_skip_unavailable=False, cmake_clean_cache=False, cmake_clean_first=False, cmake_force_configure=False, ament_cmake_args=None, catkin_cmake_args=None, catkin_skip_building_tests=False, verb_parser=<colcon_defaults.argument_parser.defaults.DefaultArgumentsDecorator object at 0xffffa27fb350>, verb_extension=<colcon_core.verb.build.BuildVerb object at 0xffffa2717aa0>, main=<bound method BuildVerb.main of <colcon_core.verb.build.BuildVerb object at 0xffffa2717aa0>>)
[0.848s] Level 1:colcon.colcon_core.package_discovery:discover_packages(colcon_meta) check parameters
[0.849s] Level 1:colcon.colcon_core.package_discovery:discover_packages(recursive) check parameters
[0.849s] Level 1:colcon.colcon_core.package_discovery:discover_packages(ignore) check parameters
[0.849s] Level 1:colcon.colcon_core.package_discovery:discover_packages(path) check parameters
[0.850s] Level 1:colcon.colcon_core.package_discovery:discover_packages(colcon_meta) discover
[0.850s] Level 1:colcon.colcon_core.package_discovery:discover_packages(recursive) discover
[0.850s] INFO:colcon.colcon_core.package_discovery:Crawling recursively for packages in '/home/bmes-endoscope-25/joystick_ws'
[0.851s] Level 1:colcon.colcon_core.package_identification:_identify(.) by extensions ['ignore', 'ignore_ament_install']
[0.851s] Level 1:colcon.colcon_core.package_identification:_identify(.) by extension 'ignore'
[0.852s] Level 1:colcon.colcon_core.package_identification:_identify(.) by extension 'ignore_ament_install'
[0.852s] Level 1:colcon.colcon_core.package_identification:_identify(.) by extensions ['colcon_pkg']
[0.852s] Level 1:colcon.colcon_core.package_identification:_identify(.) by extension 'colcon_pkg'
[0.853s] Level 1:colcon.colcon_core.package_identification:_identify(.) by extensions ['colcon_meta']
[0.853s] Level 1:colcon.colcon_core.package_identification:_identify(.) by extension 'colcon_meta'
[0.853s] Level 1:colcon.colcon_core.package_identification:_identify(.) by extensions ['ros']
[0.853s] Level 1:colcon.colcon_core.package_identification:_identify(.) by extension 'ros'
[0.984s] Level 1:colcon.colcon_core.package_identification:_identify(.) by extensions ['cmake', 'python']
[0.984s] Level 1:colcon.colcon_core.package_identification:_identify(.) by extension 'cmake'
[0.985s] Level 1:colcon.colcon_core.package_identification:_identify(.) by extension 'python'
[0.985s] Level 1:colcon.colcon_core.package_identification:_identify(.) by extensions ['python_setup_py']
[0.985s] Level 1:colcon.colcon_core.package_identification:_identify(.) by extension 'python_setup_py'
[0.986s] Level 1:colcon.colcon_core.package_identification:_identify(build) by extensions ['ignore', 'ignore_ament_install']
[0.987s] Level 1:colcon.colcon_core.package_identification:_identify(build) by extension 'ignore'
[0.987s] Level 1:colcon.colcon_core.package_identification:_identify(build) ignored
[0.988s] Level 1:colcon.colcon_core.package_identification:_identify(install) by extensions ['ignore', 'ignore_ament_install']
[0.988s] Level 1:colcon.colcon_core.package_identification:_identify(install) by extension 'ignore'
[0.989s] Level 1:colcon.colcon_core.package_identification:_identify(install) ignored
[0.989s] Level 1:colcon.colcon_core.package_identification:_identify(log) by extensions ['ignore', 'ignore_ament_install']
[0.990s] Level 1:colcon.colcon_core.package_identification:_identify(log) by extension 'ignore'
[0.990s] Level 1:colcon.colcon_core.package_identification:_identify(log) ignored
[0.991s] Level 1:colcon.colcon_core.package_identification:_identify(src) by extensions ['ignore', 'ignore_ament_install']
[0.991s] Level 1:colcon.colcon_core.package_identification:_identify(src) by extension 'ignore'
[0.992s] Level 1:colcon.colcon_core.package_identification:_identify(src) by extension 'ignore_ament_install'
[0.992s] Level 1:colcon.colcon_core.package_identification:_identify(src) by extensions ['colcon_pkg']
[0.992s] Level 1:colcon.colcon_core.package_identification:_identify(src) by extension 'colcon_pkg'
[0.993s] Level 1:colcon.colcon_core.package_identification:_identify(src) by extensions ['colcon_meta']
[0.993s] Level 1:colcon.colcon_core.package_identification:_identify(src) by extension 'colcon_meta'
[0.993s] Level 1:colcon.colcon_core.package_identification:_identify(src) by extensions ['ros']
[0.993s] Level 1:colcon.colcon_core.package_identification:_identify(src) by extension 'ros'
[0.994s] Level 1:colcon.colcon_core.package_identification:_identify(src) by extensions ['cmake', 'python']
[0.994s] Level 1:colcon.colcon_core.package_identification:_identify(src) by extension 'cmake'
[0.994s] Level 1:colcon.colcon_core.package_identification:_identify(src) by extension 'python'
[0.994s] Level 1:colcon.colcon_core.package_identification:_identify(src) by extensions ['python_setup_py']
[0.994s] Level 1:colcon.colcon_core.package_identification:_identify(src) by extension 'python_setup_py'
[0.995s] Level 1:colcon.colcon_core.package_identification:_identify(src/joystick_drivers) by extensions ['ignore', 'ignore_ament_install']
[0.995s] Level 1:colcon.colcon_core.package_identification:_identify(src/joystick_drivers) by extension 'ignore'
[0.996s] Level 1:colcon.colcon_core.package_identification:_identify(src/joystick_drivers) by extension 'ignore_ament_install'
[0.996s] Level 1:colcon.colcon_core.package_identification:_identify(src/joystick_drivers) by extensions ['colcon_pkg']
[0.996s] Level 1:colcon.colcon_core.package_identification:_identify(src/joystick_drivers) by extension 'colcon_pkg'
[0.996s] Level 1:colcon.colcon_core.package_identification:_identify(src/joystick_drivers) by extensions ['colcon_meta']
[0.996s] Level 1:colcon.colcon_core.package_identification:_identify(src/joystick_drivers) by extension 'colcon_meta'
[0.996s] Level 1:colcon.colcon_core.package_identification:_identify(src/joystick_drivers) by extensions ['ros']
[0.997s] Level 1:colcon.colcon_core.package_identification:_identify(src/joystick_drivers) by extension 'ros'
[0.997s] Level 1:colcon.colcon_core.package_identification:_identify(src/joystick_drivers) by extensions ['cmake', 'python']
[0.997s] Level 1:colcon.colcon_core.package_identification:_identify(src/joystick_drivers) by extension 'cmake'
[0.997s] Level 1:colcon.colcon_core.package_identification:_identify(src/joystick_drivers) by extension 'python'
[0.997s] Level 1:colcon.colcon_core.package_identification:_identify(src/joystick_drivers) by extensions ['python_setup_py']
[0.998s] Level 1:colcon.colcon_core.package_identification:_identify(src/joystick_drivers) by extension 'python_setup_py'
[0.998s] Level 1:colcon.colcon_core.package_identification:_identify(src/joystick_drivers/joy) by extensions ['ignore', 'ignore_ament_install']
[0.998s] Level 1:colcon.colcon_core.package_identification:_identify(src/joystick_drivers/joy) by extension 'ignore'
[0.999s] Level 1:colcon.colcon_core.package_identification:_identify(src/joystick_drivers/joy) by extension 'ignore_ament_install'
[0.999s] Level 1:colcon.colcon_core.package_identification:_identify(src/joystick_drivers/joy) by extensions ['colcon_pkg']
[0.999s] Level 1:colcon.colcon_core.package_identification:_identify(src/joystick_drivers/joy) by extension 'colcon_pkg'
[0.999s] Level 1:colcon.colcon_core.package_identification:_identify(src/joystick_drivers/joy) by extensions ['colcon_meta']
[0.999s] Level 1:colcon.colcon_core.package_identification:_identify(src/joystick_drivers/joy) by extension 'colcon_meta'
[1.000s] Level 1:colcon.colcon_core.package_identification:_identify(src/joystick_drivers/joy) by extensions ['ros']
[1.000s] Level 1:colcon.colcon_core.package_identification:_identify(src/joystick_drivers/joy) by extension 'ros'
[1.009s] DEBUG:colcon.colcon_core.package_identification:Package 'src/joystick_drivers/joy' with type 'ros.ament_cmake' and name 'joy'
[1.010s] Level 1:colcon.colcon_core.package_identification:_identify(src/joystick_drivers/joy_linux) by extensions ['ignore', 'ignore_ament_install']
[1.014s] Level 1:colcon.colcon_core.package_identification:_identify(src/joystick_drivers/joy_linux) by extension 'ignore'
[1.017s] Level 1:colcon.colcon_core.package_identification:_identify(src/joystick_drivers/joy_linux) by extension 'ignore_ament_install'
[1.019s] Level 1:colcon.colcon_core.package_identification:_identify(src/joystick_drivers/joy_linux) by extensions ['colcon_pkg']
[1.019s] Level 1:colcon.colcon_core.package_identification:_identify(src/joystick_drivers/joy_linux) by extension 'colcon_pkg'
[1.020s] Level 1:colcon.colcon_core.package_identification:_identify(src/joystick_drivers/joy_linux) by extensions ['colcon_meta']
[1.020s] Level 1:colcon.colcon_core.package_identification:_identify(src/joystick_drivers/joy_linux) by extension 'colcon_meta'
[1.020s] Level 1:colcon.colcon_core.package_identification:_identify(src/joystick_drivers/joy_linux) by extensions ['ros']
[1.020s] Level 1:colcon.colcon_core.package_identification:_identify(src/joystick_drivers/joy_linux) by extension 'ros'
[1.024s] DEBUG:colcon.colcon_core.package_identification:Package 'src/joystick_drivers/joy_linux' with type 'ros.ament_cmake' and name 'joy_linux'
[1.024s] Level 1:colcon.colcon_core.package_identification:_identify(src/joystick_drivers/joystick_drivers) by extensions ['ignore', 'ignore_ament_install']
[1.025s] Level 1:colcon.colcon_core.package_identification:_identify(src/joystick_drivers/joystick_drivers) by extension 'ignore'
[1.025s] Level 1:colcon.colcon_core.package_identification:_identify(src/joystick_drivers/joystick_drivers) by extension 'ignore_ament_install'
[1.026s] Level 1:colcon.colcon_core.package_identification:_identify(src/joystick_drivers/joystick_drivers) by extensions ['colcon_pkg']
[1.026s] Level 1:colcon.colcon_core.package_identification:_identify(src/joystick_drivers/joystick_drivers) by extension 'colcon_pkg'
[1.026s] Level 1:colcon.colcon_core.package_identification:_identify(src/joystick_drivers/joystick_drivers) by extensions ['colcon_meta']
[1.026s] Level 1:colcon.colcon_core.package_identification:_identify(src/joystick_drivers/joystick_drivers) by extension 'colcon_meta'
[1.026s] Level 1:colcon.colcon_core.package_identification:_identify(src/joystick_drivers/joystick_drivers) by extensions ['ros']
[1.027s] Level 1:colcon.colcon_core.package_identification:_identify(src/joystick_drivers/joystick_drivers) by extension 'ros'
[1.027s] Level 1:colcon.colcon_core.package_identification:_identify(src/joystick_drivers/joystick_drivers) ignored
[1.028s] Level 1:colcon.colcon_core.package_identification:_identify(src/joystick_drivers/ps3joy) by extensions ['ignore', 'ignore_ament_install']
[1.028s] Level 1:colcon.colcon_core.package_identification:_identify(src/joystick_drivers/ps3joy) by extension 'ignore'
[1.028s] Level 1:colcon.colcon_core.package_identification:_identify(src/joystick_drivers/ps3joy) by extension 'ignore_ament_install'
[1.029s] Level 1:colcon.colcon_core.package_identification:_identify(src/joystick_drivers/ps3joy) by extensions ['colcon_pkg']
[1.029s] Level 1:colcon.colcon_core.package_identification:_identify(src/joystick_drivers/ps3joy) by extension 'colcon_pkg'
[1.029s] Level 1:colcon.colcon_core.package_identification:_identify(src/joystick_drivers/ps3joy) by extensions ['colcon_meta']
[1.029s] Level 1:colcon.colcon_core.package_identification:_identify(src/joystick_drivers/ps3joy) by extension 'colcon_meta'
[1.030s] Level 1:colcon.colcon_core.package_identification:_identify(src/joystick_drivers/ps3joy) by extensions ['ros']
[1.030s] Level 1:colcon.colcon_core.package_identification:_identify(src/joystick_drivers/ps3joy) by extension 'ros'
[1.030s] Level 1:colcon.colcon_core.package_identification:_identify(src/joystick_drivers/ps3joy) ignored
[1.031s] Level 1:colcon.colcon_core.package_identification:_identify(src/joystick_drivers/sdl2_vendor) by extensions ['ignore', 'ignore_ament_install']
[1.031s] Level 1:colcon.colcon_core.package_identification:_identify(src/joystick_drivers/sdl2_vendor) by extension 'ignore'
[1.031s] Level 1:colcon.colcon_core.package_identification:_identify(src/joystick_drivers/sdl2_vendor) by extension 'ignore_ament_install'
[1.032s] Level 1:colcon.colcon_core.package_identification:_identify(src/joystick_drivers/sdl2_vendor) by extensions ['colcon_pkg']
[1.032s] Level 1:colcon.colcon_core.package_identification:_identify(src/joystick_drivers/sdl2_vendor) by extension 'colcon_pkg'
[1.032s] Level 1:colcon.colcon_core.package_identification:_identify(src/joystick_drivers/sdl2_vendor) by extensions ['colcon_meta']
[1.032s] Level 1:colcon.colcon_core.package_identification:_identify(src/joystick_drivers/sdl2_vendor) by extension 'colcon_meta'
[1.032s] Level 1:colcon.colcon_core.package_identification:_identify(src/joystick_drivers/sdl2_vendor) by extensions ['ros']
[1.033s] Level 1:colcon.colcon_core.package_identification:_identify(src/joystick_drivers/sdl2_vendor) by extension 'ros'
[1.035s] DEBUG:colcon.colcon_core.package_identification:Package 'src/joystick_drivers/sdl2_vendor' with type 'ros.ament_cmake' and name 'sdl2_vendor'
[1.036s] Level 1:colcon.colcon_core.package_identification:_identify(src/joystick_drivers/spacenav) by extensions ['ignore', 'ignore_ament_install']
[1.041s] Level 1:colcon.colcon_core.package_identification:_identify(src/joystick_drivers/spacenav) by extension 'ignore'
[1.042s] Level 1:colcon.colcon_core.package_identification:_identify(src/joystick_drivers/spacenav) by extension 'ignore_ament_install'
[1.042s] Level 1:colcon.colcon_core.package_identification:_identify(src/joystick_drivers/spacenav) by extensions ['colcon_pkg']
[1.042s] Level 1:colcon.colcon_core.package_identification:_identify(src/joystick_drivers/spacenav) by extension 'colcon_pkg'
[1.043s] Level 1:colcon.colcon_core.package_identification:_identify(src/joystick_drivers/spacenav) by extensions ['colcon_meta']
[1.043s] Level 1:colcon.colcon_core.package_identification:_identify(src/joystick_drivers/spacenav) by extension 'colcon_meta'
[1.043s] Level 1:colcon.colcon_core.package_identification:_identify(src/joystick_drivers/spacenav) by extensions ['ros']
[1.043s] Level 1:colcon.colcon_core.package_identification:_identify(src/joystick_drivers/spacenav) by extension 'ros'
[1.047s] DEBUG:colcon.colcon_core.package_identification:Package 'src/joystick_drivers/spacenav' with type 'ros.ament_cmake' and name 'spacenav'
[1.048s] Level 1:colcon.colcon_core.package_identification:_identify(src/joystick_drivers/wiimote) by extensions ['ignore', 'ignore_ament_install']
[1.048s] Level 1:colcon.colcon_core.package_identification:_identify(src/joystick_drivers/wiimote) by extension 'ignore'
[1.048s] Level 1:colcon.colcon_core.package_identification:_identify(src/joystick_drivers/wiimote) by extension 'ignore_ament_install'
[1.049s] Level 1:colcon.colcon_core.package_identification:_identify(src/joystick_drivers/wiimote) by extensions ['colcon_pkg']
[1.049s] Level 1:colcon.colcon_core.package_identification:_identify(src/joystick_drivers/wiimote) by extension 'colcon_pkg'
[1.049s] Level 1:colcon.colcon_core.package_identification:_identify(src/joystick_drivers/wiimote) by extensions ['colcon_meta']
[1.049s] Level 1:colcon.colcon_core.package_identification:_identify(src/joystick_drivers/wiimote) by extension 'colcon_meta'
[1.050s] Level 1:colcon.colcon_core.package_identification:_identify(src/joystick_drivers/wiimote) by extensions ['ros']
[1.050s] Level 1:colcon.colcon_core.package_identification:_identify(src/joystick_drivers/wiimote) by extension 'ros'
[1.055s] DEBUG:colcon.colcon_core.package_identification:Package 'src/joystick_drivers/wiimote' with type 'ros.ament_cmake' and name 'wiimote'
[1.055s] Level 1:colcon.colcon_core.package_identification:_identify(src/joystick_drivers/wiimote_msgs) by extensions ['ignore', 'ignore_ament_install']
[1.056s] Level 1:colcon.colcon_core.package_identification:_identify(src/joystick_drivers/wiimote_msgs) by extension 'ignore'
[1.056s] Level 1:colcon.colcon_core.package_identification:_identify(src/joystick_drivers/wiimote_msgs) by extension 'ignore_ament_install'
[1.057s] Level 1:colcon.colcon_core.package_identification:_identify(src/joystick_drivers/wiimote_msgs) by extensions ['colcon_pkg']
[1.057s] Level 1:colcon.colcon_core.package_identification:_identify(src/joystick_drivers/wiimote_msgs) by extension 'colcon_pkg'
[1.057s] Level 1:colcon.colcon_core.package_identification:_identify(src/joystick_drivers/wiimote_msgs) by extensions ['colcon_meta']
[1.057s] Level 1:colcon.colcon_core.package_identification:_identify(src/joystick_drivers/wiimote_msgs) by extension 'colcon_meta'
[1.058s] Level 1:colcon.colcon_core.package_identification:_identify(src/joystick_drivers/wiimote_msgs) by extensions ['ros']
[1.058s] Level 1:colcon.colcon_core.package_identification:_identify(src/joystick_drivers/wiimote_msgs) by extension 'ros'
[1.061s] DEBUG:colcon.colcon_core.package_identification:Package 'src/joystick_drivers/wiimote_msgs' with type 'ros.ament_cmake' and name 'wiimote_msgs'
[1.062s] Level 1:colcon.colcon_core.package_discovery:discover_packages(recursive) using defaults
[1.062s] Level 1:colcon.colcon_core.package_discovery:discover_packages(ignore) discover
[1.062s] Level 1:colcon.colcon_core.package_discovery:discover_packages(ignore) using defaults
[1.062s] Level 1:colcon.colcon_core.package_discovery:discover_packages(path) discover
[1.062s] Level 1:colcon.colcon_core.package_discovery:discover_packages(path) using defaults
[1.153s] Level 5:colcon.colcon_core.verb:set package 'joy_linux' build argument 'cmake_args' from command line to 'None'
[1.153s] Level 5:colcon.colcon_core.verb:set package 'joy_linux' build argument 'cmake_target' from command line to 'None'
[1.153s] Level 5:colcon.colcon_core.verb:set package 'joy_linux' build argument 'cmake_target_skip_unavailable' from command line to 'False'
[1.153s] Level 5:colcon.colcon_core.verb:set package 'joy_linux' build argument 'cmake_clean_cache' from command line to 'False'
[1.154s] Level 5:colcon.colcon_core.verb:set package 'joy_linux' build argument 'cmake_clean_first' from command line to 'False'
[1.154s] Level 5:colcon.colcon_core.verb:set package 'joy_linux' build argument 'cmake_force_configure' from command line to 'False'
[1.154s] Level 5:colcon.colcon_core.verb:set package 'joy_linux' build argument 'ament_cmake_args' from command line to 'None'
[1.154s] Level 5:colcon.colcon_core.verb:set package 'joy_linux' build argument 'catkin_cmake_args' from command line to 'None'
[1.154s] Level 5:colcon.colcon_core.verb:set package 'joy_linux' build argument 'catkin_skip_building_tests' from command line to 'False'
[1.154s] DEBUG:colcon.colcon_core.verb:Building package 'joy_linux' with the following arguments: {'ament_cmake_args': None, 'build_base': '/home/bmes-endoscope-25/joystick_ws/build/joy_linux', 'catkin_cmake_args': None, 'catkin_skip_building_tests': False, 'cmake_args': None, 'cmake_clean_cache': False, 'cmake_clean_first': False, 'cmake_force_configure': False, 'cmake_target': None, 'cmake_target_skip_unavailable': False, 'install_base': '/home/bmes-endoscope-25/joystick_ws/install/joy_linux', 'merge_install': False, 'path': '/home/bmes-endoscope-25/joystick_ws/src/joystick_drivers/joy_linux', 'symlink_install': False, 'test_result_base': None}
[1.156s] Level 5:colcon.colcon_core.verb:set package 'sdl2_vendor' build argument 'cmake_args' from command line to 'None'
[1.156s] Level 5:colcon.colcon_core.verb:set package 'sdl2_vendor' build argument 'cmake_target' from command line to 'None'
[1.156s] Level 5:colcon.colcon_core.verb:set package 'sdl2_vendor' build argument 'cmake_target_skip_unavailable' from command line to 'False'
[1.156s] Level 5:colcon.colcon_core.verb:set package 'sdl2_vendor' build argument 'cmake_clean_cache' from command line to 'False'
[1.156s] Level 5:colcon.colcon_core.verb:set package 'sdl2_vendor' build argument 'cmake_clean_first' from command line to 'False'
[1.156s] Level 5:colcon.colcon_core.verb:set package 'sdl2_vendor' build argument 'cmake_force_configure' from command line to 'False'
[1.156s] Level 5:colcon.colcon_core.verb:set package 'sdl2_vendor' build argument 'ament_cmake_args' from command line to 'None'
[1.157s] Level 5:colcon.colcon_core.verb:set package 'sdl2_vendor' build argument 'catkin_cmake_args' from command line to 'None'
[1.157s] Level 5:colcon.colcon_core.verb:set package 'sdl2_vendor' build argument 'catkin_skip_building_tests' from command line to 'False'
[1.157s] DEBUG:colcon.colcon_core.verb:Building package 'sdl2_vendor' with the following arguments: {'ament_cmake_args': None, 'build_base': '/home/bmes-endoscope-25/joystick_ws/build/sdl2_vendor', 'catkin_cmake_args': None, 'catkin_skip_building_tests': False, 'cmake_args': None, 'cmake_clean_cache': False, 'cmake_clean_first': False, 'cmake_force_configure': False, 'cmake_target': None, 'cmake_target_skip_unavailable': False, 'install_base': '/home/bmes-endoscope-25/joystick_ws/install/sdl2_vendor', 'merge_install': False, 'path': '/home/bmes-endoscope-25/joystick_ws/src/joystick_drivers/sdl2_vendor', 'symlink_install': False, 'test_result_base': None}
[1.158s] Level 5:colcon.colcon_core.verb:set package 'spacenav' build argument 'cmake_args' from command line to 'None'
[1.158s] Level 5:colcon.colcon_core.verb:set package 'spacenav' build argument 'cmake_target' from command line to 'None'
[1.159s] Level 5:colcon.colcon_core.verb:set package 'spacenav' build argument 'cmake_target_skip_unavailable' from command line to 'False'
[1.159s] Level 5:colcon.colcon_core.verb:set package 'spacenav' build argument 'cmake_clean_cache' from command line to 'False'
[1.159s] Level 5:colcon.colcon_core.verb:set package 'spacenav' build argument 'cmake_clean_first' from command line to 'False'
[1.159s] Level 5:colcon.colcon_core.verb:set package 'spacenav' build argument 'cmake_force_configure' from command line to 'False'
[1.159s] Level 5:colcon.colcon_core.verb:set package 'spacenav' build argument 'ament_cmake_args' from command line to 'None'
[1.159s] Level 5:colcon.colcon_core.verb:set package 'spacenav' build argument 'catkin_cmake_args' from command line to 'None'
[1.159s] Level 5:colcon.colcon_core.verb:set package 'spacenav' build argument 'catkin_skip_building_tests' from command line to 'False'
[1.159s] DEBUG:colcon.colcon_core.verb:Building package 'spacenav' with the following arguments: {'ament_cmake_args': None, 'build_base': '/home/bmes-endoscope-25/joystick_ws/build/spacenav', 'catkin_cmake_args': None, 'catkin_skip_building_tests': False, 'cmake_args': None, 'cmake_clean_cache': False, 'cmake_clean_first': False, 'cmake_force_configure': False, 'cmake_target': None, 'cmake_target_skip_unavailable': False, 'install_base': '/home/bmes-endoscope-25/joystick_ws/install/spacenav', 'merge_install': False, 'path': '/home/bmes-endoscope-25/joystick_ws/src/joystick_drivers/spacenav', 'symlink_install': False, 'test_result_base': None}
[1.161s] Level 5:colcon.colcon_core.verb:set package 'wiimote_msgs' build argument 'cmake_args' from command line to 'None'
[1.161s] Level 5:colcon.colcon_core.verb:set package 'wiimote_msgs' build argument 'cmake_target' from command line to 'None'
[1.161s] Level 5:colcon.colcon_core.verb:set package 'wiimote_msgs' build argument 'cmake_target_skip_unavailable' from command line to 'False'
[1.161s] Level 5:colcon.colcon_core.verb:set package 'wiimote_msgs' build argument 'cmake_clean_cache' from command line to 'False'
[1.161s] Level 5:colcon.colcon_core.verb:set package 'wiimote_msgs' build argument 'cmake_clean_first' from command line to 'False'
[1.162s] Level 5:colcon.colcon_core.verb:set package 'wiimote_msgs' build argument 'cmake_force_configure' from command line to 'False'
[1.162s] Level 5:colcon.colcon_core.verb:set package 'wiimote_msgs' build argument 'ament_cmake_args' from command line to 'None'
[1.162s] Level 5:colcon.colcon_core.verb:set package 'wiimote_msgs' build argument 'catkin_cmake_args' from command line to 'None'
[1.162s] Level 5:colcon.colcon_core.verb:set package 'wiimote_msgs' build argument 'catkin_skip_building_tests' from command line to 'False'
[1.162s] DEBUG:colcon.colcon_core.verb:Building package 'wiimote_msgs' with the following arguments: {'ament_cmake_args': None, 'build_base': '/home/bmes-endoscope-25/joystick_ws/build/wiimote_msgs', 'catkin_cmake_args': None, 'catkin_skip_building_tests': False, 'cmake_args': None, 'cmake_clean_cache': False, 'cmake_clean_first': False, 'cmake_force_configure': False, 'cmake_target': None, 'cmake_target_skip_unavailable': False, 'install_base': '/home/bmes-endoscope-25/joystick_ws/install/wiimote_msgs', 'merge_install': False, 'path': '/home/bmes-endoscope-25/joystick_ws/src/joystick_drivers/wiimote_msgs', 'symlink_install': False, 'test_result_base': None}
[1.163s] Level 5:colcon.colcon_core.verb:set package 'joy' build argument 'cmake_args' from command line to 'None'
[1.164s] Level 5:colcon.colcon_core.verb:set package 'joy' build argument 'cmake_target' from command line to 'None'
[1.164s] Level 5:colcon.colcon_core.verb:set package 'joy' build argument 'cmake_target_skip_unavailable' from command line to 'False'
[1.164s] Level 5:colcon.colcon_core.verb:set package 'joy' build argument 'cmake_clean_cache' from command line to 'False'
[1.164s] Level 5:colcon.colcon_core.verb:set package 'joy' build argument 'cmake_clean_first' from command line to 'False'
[1.164s] Level 5:colcon.colcon_core.verb:set package 'joy' build argument 'cmake_force_configure' from command line to 'False'
[1.164s] Level 5:colcon.colcon_core.verb:set package 'joy' build argument 'ament_cmake_args' from command line to 'None'
[1.164s] Level 5:colcon.colcon_core.verb:set package 'joy' build argument 'catkin_cmake_args' from command line to 'None'
[1.164s] Level 5:colcon.colcon_core.verb:set package 'joy' build argument 'catkin_skip_building_tests' from command line to 'False'
[1.165s] DEBUG:colcon.colcon_core.verb:Building package 'joy' with the following arguments: {'ament_cmake_args': None, 'build_base': '/home/bmes-endoscope-25/joystick_ws/build/joy', 'catkin_cmake_args': None, 'catkin_skip_building_tests': False, 'cmake_args': None, 'cmake_clean_cache': False, 'cmake_clean_first': False, 'cmake_force_configure': False, 'cmake_target': None, 'cmake_target_skip_unavailable': False, 'install_base': '/home/bmes-endoscope-25/joystick_ws/install/joy', 'merge_install': False, 'path': '/home/bmes-endoscope-25/joystick_ws/src/joystick_drivers/joy', 'symlink_install': False, 'test_result_base': None}
[1.166s] Level 5:colcon.colcon_core.verb:set package 'wiimote' build argument 'cmake_args' from command line to 'None'
[1.166s] Level 5:colcon.colcon_core.verb:set package 'wiimote' build argument 'cmake_target' from command line to 'None'
[1.166s] Level 5:colcon.colcon_core.verb:set package 'wiimote' build argument 'cmake_target_skip_unavailable' from command line to 'False'
[1.167s] Level 5:colcon.colcon_core.verb:set package 'wiimote' build argument 'cmake_clean_cache' from command line to 'False'
[1.167s] Level 5:colcon.colcon_core.verb:set package 'wiimote' build argument 'cmake_clean_first' from command line to 'False'
[1.167s] Level 5:colcon.colcon_core.verb:set package 'wiimote' build argument 'cmake_force_configure' from command line to 'False'
[1.167s] Level 5:colcon.colcon_core.verb:set package 'wiimote' build argument 'ament_cmake_args' from command line to 'None'
[1.167s] Level 5:colcon.colcon_core.verb:set package 'wiimote' build argument 'catkin_cmake_args' from command line to 'None'
[1.167s] Level 5:colcon.colcon_core.verb:set package 'wiimote' build argument 'catkin_skip_building_tests' from command line to 'False'
[1.167s] DEBUG:colcon.colcon_core.verb:Building package 'wiimote' with the following arguments: {'ament_cmake_args': None, 'build_base': '/home/bmes-endoscope-25/joystick_ws/build/wiimote', 'catkin_cmake_args': None, 'catkin_skip_building_tests': False, 'cmake_args': None, 'cmake_clean_cache': False, 'cmake_clean_first': False, 'cmake_force_configure': False, 'cmake_target': None, 'cmake_target_skip_unavailable': False, 'install_base': '/home/bmes-endoscope-25/joystick_ws/install/wiimote', 'merge_install': False, 'path': '/home/bmes-endoscope-25/joystick_ws/src/joystick_drivers/wiimote', 'symlink_install': False, 'test_result_base': None}
[1.168s] INFO:colcon.colcon_core.executor:Executing jobs using 'parallel' executor
[1.172s] DEBUG:colcon.colcon_parallel_executor.executor.parallel:run_until_complete
[1.173s] INFO:colcon.colcon_ros.task.ament_cmake.build:Building ROS package in '/home/bmes-endoscope-25/joystick_ws/src/joystick_drivers/sdl2_vendor' with build type 'ament_cmake'
[1.174s] INFO:colcon.colcon_cmake.task.cmake.build:Building CMake package in '/home/bmes-endoscope-25/joystick_ws/src/joystick_drivers/sdl2_vendor'
[1.195s] INFO:colcon.colcon_core.plugin_system:Skipping extension 'colcon_core.shell.bat': Not used on non-Windows systems
[1.197s] DEBUG:colcon.colcon_core.shell:Skip shell extension 'dsv' for command environment
[1.229s] INFO:colcon.colcon_ros.task.ament_cmake.build:Building ROS package in '/home/bmes-endoscope-25/joystick_ws/src/joystick_drivers/wiimote_msgs' with build type 'ament_cmake'
[1.230s] INFO:colcon.colcon_cmake.task.cmake.build:Building CMake package in '/home/bmes-endoscope-25/joystick_ws/src/joystick_drivers/wiimote_msgs'
[1.231s] DEBUG:colcon.colcon_core.shell:Skip shell extension 'dsv' for command environment
[1.253s] INFO:colcon.colcon_ros.task.ament_cmake.build:Building ROS package in '/home/bmes-endoscope-25/joystick_ws/src/joystick_drivers/joy_linux' with build type 'ament_cmake'
[1.257s] INFO:colcon.colcon_cmake.task.cmake.build:Building CMake package in '/home/bmes-endoscope-25/joystick_ws/src/joystick_drivers/joy_linux'
[1.262s] DEBUG:colcon.colcon_core.shell:Skip shell extension 'dsv' for command environment
[1.288s] INFO:colcon.colcon_ros.task.ament_cmake.build:Building ROS package in '/home/bmes-endoscope-25/joystick_ws/src/joystick_drivers/spacenav' with build type 'ament_cmake'
[1.289s] INFO:colcon.colcon_cmake.task.cmake.build:Building CMake package in '/home/bmes-endoscope-25/joystick_ws/src/joystick_drivers/spacenav'
[1.290s] DEBUG:colcon.colcon_core.shell:Skip shell extension 'dsv' for command environment
[1.343s] DEBUG:colcon.colcon_core.event_handler.log_command:Invoking command in '/home/bmes-endoscope-25/joystick_ws/build/sdl2_vendor': CMAKE_PREFIX_PATH=${CMAKE_PREFIX_PATH}:/opt/ros/jazzy DEBUGINFOD_URLS=https://debuginfod.ubuntu.com /usr/bin/cmake --build /home/bmes-endoscope-25/joystick_ws/build/sdl2_vendor -- -j4 -l4
[1.362s] DEBUG:colcon.colcon_core.event_handler.log_command:Invoking command in '/home/bmes-endoscope-25/joystick_ws/build/wiimote_msgs': CMAKE_PREFIX_PATH=${CMAKE_PREFIX_PATH}:/opt/ros/jazzy DEBUGINFOD_URLS=https://debuginfod.ubuntu.com /usr/bin/cmake --build /home/bmes-endoscope-25/joystick_ws/build/wiimote_msgs -- -j4 -l4
[1.376s] DEBUG:colcon.colcon_core.event_handler.log_command:Invoking command in '/home/bmes-endoscope-25/joystick_ws/build/joy_linux': CMAKE_PREFIX_PATH=${CMAKE_PREFIX_PATH}:/opt/ros/jazzy DEBUGINFOD_URLS=https://debuginfod.ubuntu.com /usr/bin/cmake --build /home/bmes-endoscope-25/joystick_ws/build/joy_linux -- -j4 -l4
[1.456s] DEBUG:colcon.colcon_core.event_handler.log_command:Invoking command in '/home/bmes-endoscope-25/joystick_ws/build/spacenav': CMAKE_PREFIX_PATH=${CMAKE_PREFIX_PATH}:/opt/ros/jazzy DEBUGINFOD_URLS=https://debuginfod.ubuntu.com /usr/bin/cmake --build /home/bmes-endoscope-25/joystick_ws/build/spacenav -- -j4 -l4
[1.834s] DEBUG:colcon.colcon_core.event_handler.log_command:Invoked command in '/home/bmes-endoscope-25/joystick_ws/build/sdl2_vendor' returned '0': CMAKE_PREFIX_PATH=${CMAKE_PREFIX_PATH}:/opt/ros/jazzy DEBUGINFOD_URLS=https://debuginfod.ubuntu.com /usr/bin/cmake --build /home/bmes-endoscope-25/joystick_ws/build/sdl2_vendor -- -j4 -l4
[2.034s] DEBUG:colcon.colcon_core.event_handler.log_command:Invoking command in '/home/bmes-endoscope-25/joystick_ws/build/sdl2_vendor': CMAKE_PREFIX_PATH=${CMAKE_PREFIX_PATH}:/opt/ros/jazzy DEBUGINFOD_URLS=https://debuginfod.ubuntu.com /usr/bin/cmake --install /home/bmes-endoscope-25/joystick_ws/build/sdl2_vendor
[2.298s] Level 1:colcon.colcon_core.environment:create_environment_scripts_only(sdl2_vendor)
[2.300s] DEBUG:colcon.colcon_core.event_handler.log_command:Invoked command in '/home/bmes-endoscope-25/joystick_ws/build/sdl2_vendor' returned '0': CMAKE_PREFIX_PATH=${CMAKE_PREFIX_PATH}:/opt/ros/jazzy DEBUGINFOD_URLS=https://debuginfod.ubuntu.com /usr/bin/cmake --install /home/bmes-endoscope-25/joystick_ws/build/sdl2_vendor
[2.352s] Level 1:colcon.colcon_core.environment:checking '/home/bmes-endoscope-25/joystick_ws/install/sdl2_vendor' for CMake module files
[2.364s] Level 1:colcon.colcon_core.environment:checking '/home/bmes-endoscope-25/joystick_ws/install/sdl2_vendor' for CMake config files
[2.367s] Level 1:colcon.colcon_core.shell:create_environment_hook('sdl2_vendor', 'cmake_prefix_path')
[2.371s] INFO:colcon.colcon_core.shell:Creating environment descriptor '/home/bmes-endoscope-25/joystick_ws/install/sdl2_vendor/share/sdl2_vendor/hook/cmake_prefix_path.dsv'
[2.376s] INFO:colcon.colcon_core.shell:Creating environment hook '/home/bmes-endoscope-25/joystick_ws/install/sdl2_vendor/share/sdl2_vendor/hook/cmake_prefix_path.sh'
[2.385s] Level 1:colcon.colcon_core.environment:checking '/home/bmes-endoscope-25/joystick_ws/install/sdl2_vendor/bin'
[2.386s] Level 1:colcon.colcon_core.environment:checking '/home/bmes-endoscope-25/joystick_ws/install/sdl2_vendor/lib/pkgconfig/sdl2_vendor.pc'
[2.397s] Level 1:colcon.colcon_core.environment:checking '/home/bmes-endoscope-25/joystick_ws/install/sdl2_vendor/lib/python3.12/site-packages'
[2.398s] Level 1:colcon.colcon_core.environment:checking '/home/bmes-endoscope-25/joystick_ws/install/sdl2_vendor/bin'
[2.399s] INFO:colcon.colcon_core.shell:Creating package descriptor '/home/bmes-endoscope-25/joystick_ws/install/sdl2_vendor/share/sdl2_vendor/package.dsv'
[2.405s] INFO:colcon.colcon_core.shell:Creating package script '/home/bmes-endoscope-25/joystick_ws/install/sdl2_vendor/share/sdl2_vendor/package.sh'
[2.411s] INFO:colcon.colcon_core.shell:Creating package script '/home/bmes-endoscope-25/joystick_ws/install/sdl2_vendor/share/sdl2_vendor/package.bash'
[2.430s] INFO:colcon.colcon_core.shell:Creating package script '/home/bmes-endoscope-25/joystick_ws/install/sdl2_vendor/share/sdl2_vendor/package.zsh'
[2.436s] Level 1:colcon.colcon_core.environment:create_file_with_runtime_dependencies(/home/bmes-endoscope-25/joystick_ws/install/sdl2_vendor/share/colcon-core/packages/sdl2_vendor)
[2.454s] Level 1:colcon.colcon_core.environment:create_environment_scripts_only(sdl2_vendor)
[2.456s] Level 1:colcon.colcon_core.environment:checking '/home/bmes-endoscope-25/joystick_ws/install/sdl2_vendor' for CMake module files
[2.467s] Level 1:colcon.colcon_core.environment:checking '/home/bmes-endoscope-25/joystick_ws/install/sdl2_vendor' for CMake config files
[2.472s] Level 1:colcon.colcon_core.shell:create_environment_hook('sdl2_vendor', 'cmake_prefix_path')
[2.473s] INFO:colcon.colcon_core.shell:Creating environment descriptor '/home/bmes-endoscope-25/joystick_ws/install/sdl2_vendor/share/sdl2_vendor/hook/cmake_prefix_path.dsv'
[2.479s] INFO:colcon.colcon_core.shell:Creating environment hook '/home/bmes-endoscope-25/joystick_ws/install/sdl2_vendor/share/sdl2_vendor/hook/cmake_prefix_path.sh'
[2.489s] Level 1:colcon.colcon_core.environment:checking '/home/bmes-endoscope-25/joystick_ws/install/sdl2_vendor/bin'
[2.489s] Level 1:colcon.colcon_core.environment:checking '/home/bmes-endoscope-25/joystick_ws/install/sdl2_vendor/lib/pkgconfig/sdl2_vendor.pc'
[2.491s] Level 1:colcon.colcon_core.environment:checking '/home/bmes-endoscope-25/joystick_ws/install/sdl2_vendor/lib/python3.12/site-packages'
[2.496s] Level 1:colcon.colcon_core.environment:checking '/home/bmes-endoscope-25/joystick_ws/install/sdl2_vendor/bin'
[2.497s] INFO:colcon.colcon_core.shell:Creating package descriptor '/home/bmes-endoscope-25/joystick_ws/install/sdl2_vendor/share/sdl2_vendor/package.dsv'
[2.502s] INFO:colcon.colcon_core.shell:Creating package script '/home/bmes-endoscope-25/joystick_ws/install/sdl2_vendor/share/sdl2_vendor/package.sh'
[2.506s] INFO:colcon.colcon_core.shell:Creating package script '/home/bmes-endoscope-25/joystick_ws/install/sdl2_vendor/share/sdl2_vendor/package.bash'
[2.509s] INFO:colcon.colcon_core.shell:Creating package script '/home/bmes-endoscope-25/joystick_ws/install/sdl2_vendor/share/sdl2_vendor/package.zsh'
[2.515s] Level 1:colcon.colcon_core.environment:create_file_with_runtime_dependencies(/home/bmes-endoscope-25/joystick_ws/install/sdl2_vendor/share/colcon-core/packages/sdl2_vendor)
[2.527s] INFO:colcon.colcon_ros.task.ament_cmake.build:Building ROS package in '/home/bmes-endoscope-25/joystick_ws/src/joystick_drivers/joy' with build type 'ament_cmake'
[2.528s] INFO:colcon.colcon_cmake.task.cmake.build:Building CMake package in '/home/bmes-endoscope-25/joystick_ws/src/joystick_drivers/joy'
[2.533s] DEBUG:colcon.colcon_core.shell:Skip shell extension 'dsv' for command environment
[2.581s] DEBUG:colcon.colcon_core.event_handler.log_command:Invoked command in '/home/bmes-endoscope-25/joystick_ws/build/joy_linux' returned '0': CMAKE_PREFIX_PATH=${CMAKE_PREFIX_PATH}:/opt/ros/jazzy DEBUGINFOD_URLS=https://debuginfod.ubuntu.com /usr/bin/cmake --build /home/bmes-endoscope-25/joystick_ws/build/joy_linux -- -j4 -l4
[2.602s] DEBUG:colcon.colcon_core.event_handler.log_command:Invoking command in '/home/bmes-endoscope-25/joystick_ws/build/joy_linux': CMAKE_PREFIX_PATH=${CMAKE_PREFIX_PATH}:/opt/ros/jazzy DEBUGINFOD_URLS=https://debuginfod.ubuntu.com /usr/bin/cmake --install /home/bmes-endoscope-25/joystick_ws/build/joy_linux
[2.654s] DEBUG:colcon.colcon_core.event_handler.log_command:Invoking command in '/home/bmes-endoscope-25/joystick_ws/build/joy': AMENT_PREFIX_PATH=/home/bmes-endoscope-25/joystick_ws/install/sdl2_vendor:${AMENT_PREFIX_PATH} CMAKE_PREFIX_PATH=/home/bmes-endoscope-25/joystick_ws/install/sdl2_vendor:/opt/ros/jazzy/opt/gz_math_vendor:/opt/ros/jazzy/opt/gz_utils_vendor:/opt/ros/jazzy/opt/gz_cmake_vendor:/opt/ros/jazzy DEBUGINFOD_URLS=https://debuginfod.ubuntu.com /usr/bin/cmake --build /home/bmes-endoscope-25/joystick_ws/build/joy -- -j4 -l4
[2.808s] Level 1:colcon.colcon_core.environment:create_environment_scripts_only(joy_linux)
[2.809s] Level 1:colcon.colcon_core.environment:checking '/home/bmes-endoscope-25/joystick_ws/install/joy_linux' for CMake module files
[2.831s] DEBUG:colcon.colcon_core.event_handler.log_command:Invoked command in '/home/bmes-endoscope-25/joystick_ws/build/joy_linux' returned '0': CMAKE_PREFIX_PATH=${CMAKE_PREFIX_PATH}:/opt/ros/jazzy DEBUGINFOD_URLS=https://debuginfod.ubuntu.com /usr/bin/cmake --install /home/bmes-endoscope-25/joystick_ws/build/joy_linux
[2.845s] Level 1:colcon.colcon_core.environment:checking '/home/bmes-endoscope-25/joystick_ws/install/joy_linux' for CMake config files
[2.854s] Level 1:colcon.colcon_core.shell:create_environment_hook('joy_linux', 'cmake_prefix_path')
[2.858s] INFO:colcon.colcon_core.shell:Creating environment descriptor '/home/bmes-endoscope-25/joystick_ws/install/joy_linux/share/joy_linux/hook/cmake_prefix_path.dsv'
[2.867s] INFO:colcon.colcon_core.shell:Creating environment hook '/home/bmes-endoscope-25/joystick_ws/install/joy_linux/share/joy_linux/hook/cmake_prefix_path.sh'
[2.888s] Level 1:colcon.colcon_core.environment:checking '/home/bmes-endoscope-25/joystick_ws/install/joy_linux/lib'
[2.896s] Level 1:colcon.colcon_core.environment:checking '/home/bmes-endoscope-25/joystick_ws/install/joy_linux/bin'
[2.898s] Level 1:colcon.colcon_core.environment:checking '/home/bmes-endoscope-25/joystick_ws/install/joy_linux/lib/pkgconfig/joy_linux.pc'
[2.911s] Level 1:colcon.colcon_core.environment:checking '/home/bmes-endoscope-25/joystick_ws/install/joy_linux/lib/python3.12/site-packages'
[2.922s] Level 1:colcon.colcon_core.environment:checking '/home/bmes-endoscope-25/joystick_ws/install/joy_linux/bin'
[2.937s] INFO:colcon.colcon_core.shell:Creating package descriptor '/home/bmes-endoscope-25/joystick_ws/install/joy_linux/share/joy_linux/package.dsv'
[2.946s] INFO:colcon.colcon_core.shell:Creating package script '/home/bmes-endoscope-25/joystick_ws/install/joy_linux/share/joy_linux/package.sh'
[2.952s] INFO:colcon.colcon_core.shell:Creating package script '/home/bmes-endoscope-25/joystick_ws/install/joy_linux/share/joy_linux/package.bash'
[2.965s] INFO:colcon.colcon_core.shell:Creating package script '/home/bmes-endoscope-25/joystick_ws/install/joy_linux/share/joy_linux/package.zsh'
[2.980s] Level 1:colcon.colcon_core.environment:create_file_with_runtime_dependencies(/home/bmes-endoscope-25/joystick_ws/install/joy_linux/share/colcon-core/packages/joy_linux)
[3.004s] Level 1:colcon.colcon_core.environment:create_environment_scripts_only(joy_linux)
[3.005s] Level 1:colcon.colcon_core.environment:checking '/home/bmes-endoscope-25/joystick_ws/install/joy_linux' for CMake module files
[3.021s] Level 1:colcon.colcon_core.environment:checking '/home/bmes-endoscope-25/joystick_ws/install/joy_linux' for CMake config files
[3.026s] Level 1:colcon.colcon_core.shell:create_environment_hook('joy_linux', 'cmake_prefix_path')
[3.032s] INFO:colcon.colcon_core.shell:Creating environment descriptor '/home/bmes-endoscope-25/joystick_ws/install/joy_linux/share/joy_linux/hook/cmake_prefix_path.dsv'
[3.041s] INFO:colcon.colcon_core.shell:Creating environment hook '/home/bmes-endoscope-25/joystick_ws/install/joy_linux/share/joy_linux/hook/cmake_prefix_path.sh'
[3.051s] Level 1:colcon.colcon_core.environment:checking '/home/bmes-endoscope-25/joystick_ws/install/joy_linux/lib'
[3.051s] Level 1:colcon.colcon_core.environment:checking '/home/bmes-endoscope-25/joystick_ws/install/joy_linux/bin'
[3.052s] Level 1:colcon.colcon_core.environment:checking '/home/bmes-endoscope-25/joystick_ws/install/joy_linux/lib/pkgconfig/joy_linux.pc'
[3.060s] Level 1:colcon.colcon_core.environment:checking '/home/bmes-endoscope-25/joystick_ws/install/joy_linux/lib/python3.12/site-packages'
[3.069s] Level 1:colcon.colcon_core.environment:checking '/home/bmes-endoscope-25/joystick_ws/install/joy_linux/bin'
[3.076s] INFO:colcon.colcon_core.shell:Creating package descriptor '/home/bmes-endoscope-25/joystick_ws/install/joy_linux/share/joy_linux/package.dsv'
[3.089s] INFO:colcon.colcon_core.shell:Creating package script '/home/bmes-endoscope-25/joystick_ws/install/joy_linux/share/joy_linux/package.sh'
[3.104s] INFO:colcon.colcon_core.shell:Creating package script '/home/bmes-endoscope-25/joystick_ws/install/joy_linux/share/joy_linux/package.bash'
[3.116s] INFO:colcon.colcon_core.shell:Creating package script '/home/bmes-endoscope-25/joystick_ws/install/joy_linux/share/joy_linux/package.zsh'
[3.121s] Level 1:colcon.colcon_core.environment:create_file_with_runtime_dependencies(/home/bmes-endoscope-25/joystick_ws/install/joy_linux/share/colcon-core/packages/joy_linux)
[58.481s] DEBUG:colcon.colcon_core.event_handler.log_command:Invoked command in '/home/bmes-endoscope-25/joystick_ws/build/spacenav' returned '0': CMAKE_PREFIX_PATH=${CMAKE_PREFIX_PATH}:/opt/ros/jazzy DEBUGINFOD_URLS=https://debuginfod.ubuntu.com /usr/bin/cmake --build /home/bmes-endoscope-25/joystick_ws/build/spacenav -- -j4 -l4
[58.483s] DEBUG:colcon.colcon_core.event_handler.log_command:Invoking command in '/home/bmes-endoscope-25/joystick_ws/build/spacenav': CMAKE_PREFIX_PATH=${CMAKE_PREFIX_PATH}:/opt/ros/jazzy DEBUGINFOD_URLS=https://debuginfod.ubuntu.com /usr/bin/cmake --install /home/bmes-endoscope-25/joystick_ws/build/spacenav
[58.677s] Level 1:colcon.colcon_core.environment:create_environment_scripts_only(spacenav)
[58.678s] Level 1:colcon.colcon_core.environment:checking '/home/bmes-endoscope-25/joystick_ws/install/spacenav' for CMake module files
[58.697s] Level 1:colcon.colcon_core.environment:checking '/home/bmes-endoscope-25/joystick_ws/install/spacenav' for CMake config files
[58.707s] Level 1:colcon.colcon_core.shell:create_environment_hook('spacenav', 'cmake_prefix_path')
[58.716s] INFO:colcon.colcon_core.shell:Creating environment descriptor '/home/bmes-endoscope-25/joystick_ws/install/spacenav/share/spacenav/hook/cmake_prefix_path.dsv'
[58.737s] INFO:colcon.colcon_core.shell:Creating environment hook '/home/bmes-endoscope-25/joystick_ws/install/spacenav/share/spacenav/hook/cmake_prefix_path.sh'
[58.749s] Level 1:colcon.colcon_core.environment:checking '/home/bmes-endoscope-25/joystick_ws/install/spacenav/lib'
[58.753s] Level 1:colcon.colcon_core.shell:create_environment_hook('spacenav', 'ld_library_path_lib')
[58.754s] INFO:colcon.colcon_core.shell:Creating environment descriptor '/home/bmes-endoscope-25/joystick_ws/install/spacenav/share/spacenav/hook/ld_library_path_lib.dsv'
[58.760s] DEBUG:colcon.colcon_core.event_handler.log_command:Invoked command in '/home/bmes-endoscope-25/joystick_ws/build/spacenav' returned '0': CMAKE_PREFIX_PATH=${CMAKE_PREFIX_PATH}:/opt/ros/jazzy DEBUGINFOD_URLS=https://debuginfod.ubuntu.com /usr/bin/cmake --install /home/bmes-endoscope-25/joystick_ws/build/spacenav
[58.762s] INFO:colcon.colcon_core.shell:Creating environment hook '/home/bmes-endoscope-25/joystick_ws/install/spacenav/share/spacenav/hook/ld_library_path_lib.sh'
[58.770s] Level 1:colcon.colcon_core.environment:checking '/home/bmes-endoscope-25/joystick_ws/install/spacenav/bin'
[58.771s] Level 1:colcon.colcon_core.environment:checking '/home/bmes-endoscope-25/joystick_ws/install/spacenav/lib/pkgconfig/spacenav.pc'
[58.776s] Level 1:colcon.colcon_core.environment:checking '/home/bmes-endoscope-25/joystick_ws/install/spacenav/lib/python3.12/site-packages'
[58.781s] Level 1:colcon.colcon_core.environment:checking '/home/bmes-endoscope-25/joystick_ws/install/spacenav/bin'
[58.783s] INFO:colcon.colcon_core.shell:Creating package descriptor '/home/bmes-endoscope-25/joystick_ws/install/spacenav/share/spacenav/package.dsv'
[58.794s] INFO:colcon.colcon_core.shell:Creating package script '/home/bmes-endoscope-25/joystick_ws/install/spacenav/share/spacenav/package.sh'
[58.804s] INFO:colcon.colcon_core.shell:Creating package script '/home/bmes-endoscope-25/joystick_ws/install/spacenav/share/spacenav/package.bash'
[58.824s] INFO:colcon.colcon_core.shell:Creating package script '/home/bmes-endoscope-25/joystick_ws/install/spacenav/share/spacenav/package.zsh'
[58.829s] Level 1:colcon.colcon_core.environment:create_file_with_runtime_dependencies(/home/bmes-endoscope-25/joystick_ws/install/spacenav/share/colcon-core/packages/spacenav)
[58.840s] Level 1:colcon.colcon_core.environment:create_environment_scripts_only(spacenav)
[58.841s] Level 1:colcon.colcon_core.environment:checking '/home/bmes-endoscope-25/joystick_ws/install/spacenav' for CMake module files
[58.851s] Level 1:colcon.colcon_core.environment:checking '/home/bmes-endoscope-25/joystick_ws/install/spacenav' for CMake config files
[58.855s] Level 1:colcon.colcon_core.shell:create_environment_hook('spacenav', 'cmake_prefix_path')
[58.856s] INFO:colcon.colcon_core.shell:Creating environment descriptor '/home/bmes-endoscope-25/joystick_ws/install/spacenav/share/spacenav/hook/cmake_prefix_path.dsv'
[58.861s] INFO:colcon.colcon_core.shell:Creating environment hook '/home/bmes-endoscope-25/joystick_ws/install/spacenav/share/spacenav/hook/cmake_prefix_path.sh'
[58.866s] Level 1:colcon.colcon_core.environment:checking '/home/bmes-endoscope-25/joystick_ws/install/spacenav/lib'
[58.867s] Level 1:colcon.colcon_core.shell:create_environment_hook('spacenav', 'ld_library_path_lib')
[58.868s] INFO:colcon.colcon_core.shell:Creating environment descriptor '/home/bmes-endoscope-25/joystick_ws/install/spacenav/share/spacenav/hook/ld_library_path_lib.dsv'
[58.871s] INFO:colcon.colcon_core.shell:Creating environment hook '/home/bmes-endoscope-25/joystick_ws/install/spacenav/share/spacenav/hook/ld_library_path_lib.sh'
[58.875s] Level 1:colcon.colcon_core.environment:checking '/home/bmes-endoscope-25/joystick_ws/install/spacenav/bin'
[58.876s] Level 1:colcon.colcon_core.environment:checking '/home/bmes-endoscope-25/joystick_ws/install/spacenav/lib/pkgconfig/spacenav.pc'
[58.880s] Level 1:colcon.colcon_core.environment:checking '/home/bmes-endoscope-25/joystick_ws/install/spacenav/lib/python3.12/site-packages'
[58.882s] Level 1:colcon.colcon_core.environment:checking '/home/bmes-endoscope-25/joystick_ws/install/spacenav/bin'
[58.885s] INFO:colcon.colcon_core.shell:Creating package descriptor '/home/bmes-endoscope-25/joystick_ws/install/spacenav/share/spacenav/package.dsv'
[58.897s] INFO:colcon.colcon_core.shell:Creating package script '/home/bmes-endoscope-25/joystick_ws/install/spacenav/share/spacenav/package.sh'
[58.909s] INFO:colcon.colcon_core.shell:Creating package script '/home/bmes-endoscope-25/joystick_ws/install/spacenav/share/spacenav/package.bash'
[58.924s] INFO:colcon.colcon_core.shell:Creating package script '/home/bmes-endoscope-25/joystick_ws/install/spacenav/share/spacenav/package.zsh'
[58.941s] Level 1:colcon.colcon_core.environment:create_file_with_runtime_dependencies(/home/bmes-endoscope-25/joystick_ws/install/spacenav/share/colcon-core/packages/spacenav)
[71.914s] DEBUG:colcon.colcon_core.event_handler.log_command:Invoked command in '/home/bmes-endoscope-25/joystick_ws/build/wiimote_msgs' returned '0': CMAKE_PREFIX_PATH=${CMAKE_PREFIX_PATH}:/opt/ros/jazzy DEBUGINFOD_URLS=https://debuginfod.ubuntu.com /usr/bin/cmake --build /home/bmes-endoscope-25/joystick_ws/build/wiimote_msgs -- -j4 -l4
[71.920s] DEBUG:colcon.colcon_core.event_handler.log_command:Invoking command in '/home/bmes-endoscope-25/joystick_ws/build/wiimote_msgs': CMAKE_PREFIX_PATH=${CMAKE_PREFIX_PATH}:/opt/ros/jazzy DEBUGINFOD_URLS=https://debuginfod.ubuntu.com /usr/bin/cmake --install /home/bmes-endoscope-25/joystick_ws/build/wiimote_msgs
[72.400s] Level 1:colcon.colcon_core.environment:create_environment_scripts_only(wiimote_msgs)
[72.402s] Level 1:colcon.colcon_core.environment:checking '/home/bmes-endoscope-25/joystick_ws/install/wiimote_msgs' for CMake module files
[72.403s] DEBUG:colcon.colcon_core.event_handler.log_command:Invoked command in '/home/bmes-endoscope-25/joystick_ws/build/wiimote_msgs' returned '0': CMAKE_PREFIX_PATH=${CMAKE_PREFIX_PATH}:/opt/ros/jazzy DEBUGINFOD_URLS=https://debuginfod.ubuntu.com /usr/bin/cmake --install /home/bmes-endoscope-25/joystick_ws/build/wiimote_msgs
[72.407s] Level 1:colcon.colcon_core.environment:checking '/home/bmes-endoscope-25/joystick_ws/install/wiimote_msgs' for CMake config files
[72.410s] Level 1:colcon.colcon_core.shell:create_environment_hook('wiimote_msgs', 'cmake_prefix_path')
[72.411s] INFO:colcon.colcon_core.shell:Creating environment descriptor '/home/bmes-endoscope-25/joystick_ws/install/wiimote_msgs/share/wiimote_msgs/hook/cmake_prefix_path.dsv'
[72.412s] INFO:colcon.colcon_core.shell:Creating environment hook '/home/bmes-endoscope-25/joystick_ws/install/wiimote_msgs/share/wiimote_msgs/hook/cmake_prefix_path.sh'
[72.415s] Level 1:colcon.colcon_core.environment:checking '/home/bmes-endoscope-25/joystick_ws/install/wiimote_msgs/lib'
[72.416s] Level 1:colcon.colcon_core.shell:create_environment_hook('wiimote_msgs', 'ld_library_path_lib')
[72.416s] INFO:colcon.colcon_core.shell:Creating environment descriptor '/home/bmes-endoscope-25/joystick_ws/install/wiimote_msgs/share/wiimote_msgs/hook/ld_library_path_lib.dsv'
[72.418s] INFO:colcon.colcon_core.shell:Creating environment hook '/home/bmes-endoscope-25/joystick_ws/install/wiimote_msgs/share/wiimote_msgs/hook/ld_library_path_lib.sh'
[72.420s] Level 1:colcon.colcon_core.environment:checking '/home/bmes-endoscope-25/joystick_ws/install/wiimote_msgs/bin'
[72.420s] Level 1:colcon.colcon_core.environment:checking '/home/bmes-endoscope-25/joystick_ws/install/wiimote_msgs/lib/pkgconfig/wiimote_msgs.pc'
[72.421s] Level 1:colcon.colcon_core.environment:checking '/home/bmes-endoscope-25/joystick_ws/install/wiimote_msgs/lib/python3.12/site-packages'
[72.422s] Level 1:colcon.colcon_core.shell:create_environment_hook('wiimote_msgs', 'pythonpath')
[72.422s] INFO:colcon.colcon_core.shell:Creating environment descriptor '/home/bmes-endoscope-25/joystick_ws/install/wiimote_msgs/share/wiimote_msgs/hook/pythonpath.dsv'
[72.424s] INFO:colcon.colcon_core.shell:Creating environment hook '/home/bmes-endoscope-25/joystick_ws/install/wiimote_msgs/share/wiimote_msgs/hook/pythonpath.sh'
[72.427s] Level 1:colcon.colcon_core.environment:checking '/home/bmes-endoscope-25/joystick_ws/install/wiimote_msgs/bin'
[72.428s] INFO:colcon.colcon_core.shell:Creating package descriptor '/home/bmes-endoscope-25/joystick_ws/install/wiimote_msgs/share/wiimote_msgs/package.dsv'
[72.430s] INFO:colcon.colcon_core.shell:Creating package script '/home/bmes-endoscope-25/joystick_ws/install/wiimote_msgs/share/wiimote_msgs/package.sh'
[72.432s] INFO:colcon.colcon_core.shell:Creating package script '/home/bmes-endoscope-25/joystick_ws/install/wiimote_msgs/share/wiimote_msgs/package.bash'
[72.436s] INFO:colcon.colcon_core.shell:Creating package script '/home/bmes-endoscope-25/joystick_ws/install/wiimote_msgs/share/wiimote_msgs/package.zsh'
[72.438s] Level 1:colcon.colcon_core.environment:create_file_with_runtime_dependencies(/home/bmes-endoscope-25/joystick_ws/install/wiimote_msgs/share/colcon-core/packages/wiimote_msgs)
[72.441s] Level 1:colcon.colcon_core.environment:create_environment_scripts_only(wiimote_msgs)
[72.442s] Level 1:colcon.colcon_core.environment:checking '/home/bmes-endoscope-25/joystick_ws/install/wiimote_msgs' for CMake module files
[72.446s] Level 1:colcon.colcon_core.environment:checking '/home/bmes-endoscope-25/joystick_ws/install/wiimote_msgs' for CMake config files
[72.449s] Level 1:colcon.colcon_core.shell:create_environment_hook('wiimote_msgs', 'cmake_prefix_path')
[72.450s] INFO:colcon.colcon_core.shell:Creating environment descriptor '/home/bmes-endoscope-25/joystick_ws/install/wiimote_msgs/share/wiimote_msgs/hook/cmake_prefix_path.dsv'
[72.452s] INFO:colcon.colcon_core.shell:Creating environment hook '/home/bmes-endoscope-25/joystick_ws/install/wiimote_msgs/share/wiimote_msgs/hook/cmake_prefix_path.sh'
[72.459s] Level 1:colcon.colcon_core.environment:checking '/home/bmes-endoscope-25/joystick_ws/install/wiimote_msgs/lib'
[72.460s] Level 1:colcon.colcon_core.shell:create_environment_hook('wiimote_msgs', 'ld_library_path_lib')
[72.461s] INFO:colcon.colcon_core.shell:Creating environment descriptor '/home/bmes-endoscope-25/joystick_ws/install/wiimote_msgs/share/wiimote_msgs/hook/ld_library_path_lib.dsv'
[72.464s] INFO:colcon.colcon_core.shell:Creating environment hook '/home/bmes-endoscope-25/joystick_ws/install/wiimote_msgs/share/wiimote_msgs/hook/ld_library_path_lib.sh'
[72.466s] Level 1:colcon.colcon_core.environment:checking '/home/bmes-endoscope-25/joystick_ws/install/wiimote_msgs/bin'
[72.466s] Level 1:colcon.colcon_core.environment:checking '/home/bmes-endoscope-25/joystick_ws/install/wiimote_msgs/lib/pkgconfig/wiimote_msgs.pc'
[72.467s] Level 1:colcon.colcon_core.environment:checking '/home/bmes-endoscope-25/joystick_ws/install/wiimote_msgs/lib/python3.12/site-packages'
[72.467s] Level 1:colcon.colcon_core.shell:create_environment_hook('wiimote_msgs', 'pythonpath')
[72.468s] INFO:colcon.colcon_core.shell:Creating environment descriptor '/home/bmes-endoscope-25/joystick_ws/install/wiimote_msgs/share/wiimote_msgs/hook/pythonpath.dsv'
[72.470s] INFO:colcon.colcon_core.shell:Creating environment hook '/home/bmes-endoscope-25/joystick_ws/install/wiimote_msgs/share/wiimote_msgs/hook/pythonpath.sh'
[72.472s] Level 1:colcon.colcon_core.environment:checking '/home/bmes-endoscope-25/joystick_ws/install/wiimote_msgs/bin'
[72.473s] INFO:colcon.colcon_core.shell:Creating package descriptor '/home/bmes-endoscope-25/joystick_ws/install/wiimote_msgs/share/wiimote_msgs/package.dsv'
[72.475s] INFO:colcon.colcon_core.shell:Creating package script '/home/bmes-endoscope-25/joystick_ws/install/wiimote_msgs/share/wiimote_msgs/package.sh'
[72.478s] INFO:colcon.colcon_core.shell:Creating package script '/home/bmes-endoscope-25/joystick_ws/install/wiimote_msgs/share/wiimote_msgs/package.bash'
[72.480s] INFO:colcon.colcon_core.shell:Creating package script '/home/bmes-endoscope-25/joystick_ws/install/wiimote_msgs/share/wiimote_msgs/package.zsh'
[72.482s] Level 1:colcon.colcon_core.environment:create_file_with_runtime_dependencies(/home/bmes-endoscope-25/joystick_ws/install/wiimote_msgs/share/colcon-core/packages/wiimote_msgs)
[72.483s] INFO:colcon.colcon_ros.task.ament_cmake.build:Building ROS package in '/home/bmes-endoscope-25/joystick_ws/src/joystick_drivers/wiimote' with build type 'ament_cmake'
[72.484s] INFO:colcon.colcon_cmake.task.cmake.build:Building CMake package in '/home/bmes-endoscope-25/joystick_ws/src/joystick_drivers/wiimote'
[72.485s] DEBUG:colcon.colcon_core.shell:Skip shell extension 'dsv' for command environment
[72.544s] DEBUG:colcon.colcon_core.event_handler.log_command:Invoking command in '/home/bmes-endoscope-25/joystick_ws/build/wiimote': AMENT_PREFIX_PATH=/home/bmes-endoscope-25/joystick_ws/install/wiimote_msgs:${AMENT_PREFIX_PATH} CMAKE_PREFIX_PATH=/home/bmes-endoscope-25/joystick_ws/install/wiimote_msgs:/opt/ros/jazzy/opt/gz_math_vendor:/opt/ros/jazzy/opt/gz_utils_vendor:/opt/ros/jazzy/opt/gz_cmake_vendor:/opt/ros/jazzy DEBUGINFOD_URLS=https://debuginfod.ubuntu.com LD_LIBRARY_PATH=/home/bmes-endoscope-25/joystick_ws/install/wiimote_msgs/lib:${LD_LIBRARY_PATH} PYTHONPATH=/home/bmes-endoscope-25/joystick_ws/install/wiimote_msgs/lib/python3.12/site-packages:${PYTHONPATH} /usr/bin/cmake --build /home/bmes-endoscope-25/joystick_ws/build/wiimote -- -j4 -l4
[142.424s] DEBUG:colcon.colcon_core.event_handler.log_command:Invoked command in '/home/bmes-endoscope-25/joystick_ws/build/joy' returned '0': AMENT_PREFIX_PATH=/home/bmes-endoscope-25/joystick_ws/install/sdl2_vendor:${AMENT_PREFIX_PATH} CMAKE_PREFIX_PATH=/home/bmes-endoscope-25/joystick_ws/install/sdl2_vendor:/opt/ros/jazzy/opt/gz_math_vendor:/opt/ros/jazzy/opt/gz_utils_vendor:/opt/ros/jazzy/opt/gz_cmake_vendor:/opt/ros/jazzy DEBUGINFOD_URLS=https://debuginfod.ubuntu.com /usr/bin/cmake --build /home/bmes-endoscope-25/joystick_ws/build/joy -- -j4 -l4
[142.433s] DEBUG:colcon.colcon_core.event_handler.log_command:Invoking command in '/home/bmes-endoscope-25/joystick_ws/build/joy': AMENT_PREFIX_PATH=/home/bmes-endoscope-25/joystick_ws/install/sdl2_vendor:${AMENT_PREFIX_PATH} CMAKE_PREFIX_PATH=/home/bmes-endoscope-25/joystick_ws/install/sdl2_vendor:/opt/ros/jazzy/opt/gz_math_vendor:/opt/ros/jazzy/opt/gz_utils_vendor:/opt/ros/jazzy/opt/gz_cmake_vendor:/opt/ros/jazzy DEBUGINFOD_URLS=https://debuginfod.ubuntu.com /usr/bin/cmake --install /home/bmes-endoscope-25/joystick_ws/build/joy
[142.627s] Level 1:colcon.colcon_core.environment:create_environment_scripts_only(joy)
[142.628s] Level 1:colcon.colcon_core.environment:checking '/home/bmes-endoscope-25/joystick_ws/install/joy' for CMake module files
[142.640s] Level 1:colcon.colcon_core.environment:checking '/home/bmes-endoscope-25/joystick_ws/install/joy' for CMake config files
[142.650s] DEBUG:colcon.colcon_core.event_handler.log_command:Invoked command in '/home/bmes-endoscope-25/joystick_ws/build/joy' returned '0': AMENT_PREFIX_PATH=/home/bmes-endoscope-25/joystick_ws/install/sdl2_vendor:${AMENT_PREFIX_PATH} CMAKE_PREFIX_PATH=/home/bmes-endoscope-25/joystick_ws/install/sdl2_vendor:/opt/ros/jazzy/opt/gz_math_vendor:/opt/ros/jazzy/opt/gz_utils_vendor:/opt/ros/jazzy/opt/gz_cmake_vendor:/opt/ros/jazzy DEBUGINFOD_URLS=https://debuginfod.ubuntu.com /usr/bin/cmake --install /home/bmes-endoscope-25/joystick_ws/build/joy
[142.652s] Level 1:colcon.colcon_core.shell:create_environment_hook('joy', 'cmake_prefix_path')
[142.653s] INFO:colcon.colcon_core.shell:Creating environment descriptor '/home/bmes-endoscope-25/joystick_ws/install/joy/share/joy/hook/cmake_prefix_path.dsv'
[142.656s] INFO:colcon.colcon_core.shell:Creating environment hook '/home/bmes-endoscope-25/joystick_ws/install/joy/share/joy/hook/cmake_prefix_path.sh'
[142.661s] Level 1:colcon.colcon_core.environment:checking '/home/bmes-endoscope-25/joystick_ws/install/joy/lib'
[142.662s] Level 1:colcon.colcon_core.shell:create_environment_hook('joy', 'ld_library_path_lib')
[142.663s] INFO:colcon.colcon_core.shell:Creating environment descriptor '/home/bmes-endoscope-25/joystick_ws/install/joy/share/joy/hook/ld_library_path_lib.dsv'
[142.666s] INFO:colcon.colcon_core.shell:Creating environment hook '/home/bmes-endoscope-25/joystick_ws/install/joy/share/joy/hook/ld_library_path_lib.sh'
[142.670s] Level 1:colcon.colcon_core.environment:checking '/home/bmes-endoscope-25/joystick_ws/install/joy/bin'
[142.671s] Level 1:colcon.colcon_core.environment:checking '/home/bmes-endoscope-25/joystick_ws/install/joy/lib/pkgconfig/joy.pc'
[142.672s] Level 1:colcon.colcon_core.environment:checking '/home/bmes-endoscope-25/joystick_ws/install/joy/lib/python3.12/site-packages'
[142.674s] Level 1:colcon.colcon_core.environment:checking '/home/bmes-endoscope-25/joystick_ws/install/joy/bin'
[142.675s] INFO:colcon.colcon_core.shell:Creating package descriptor '/home/bmes-endoscope-25/joystick_ws/install/joy/share/joy/package.dsv'
[142.678s] INFO:colcon.colcon_core.shell:Creating package script '/home/bmes-endoscope-25/joystick_ws/install/joy/share/joy/package.sh'
[142.683s] INFO:colcon.colcon_core.shell:Creating package script '/home/bmes-endoscope-25/joystick_ws/install/joy/share/joy/package.bash'
[142.687s] INFO:colcon.colcon_core.shell:Creating package script '/home/bmes-endoscope-25/joystick_ws/install/joy/share/joy/package.zsh'
[142.695s] Level 1:colcon.colcon_core.environment:create_file_with_runtime_dependencies(/home/bmes-endoscope-25/joystick_ws/install/joy/share/colcon-core/packages/joy)
[142.701s] Level 1:colcon.colcon_core.environment:create_environment_scripts_only(joy)
[142.702s] Level 1:colcon.colcon_core.environment:checking '/home/bmes-endoscope-25/joystick_ws/install/joy' for CMake module files
[142.706s] Level 1:colcon.colcon_core.environment:checking '/home/bmes-endoscope-25/joystick_ws/install/joy' for CMake config files
[142.709s] Level 1:colcon.colcon_core.shell:create_environment_hook('joy', 'cmake_prefix_path')
[142.710s] INFO:colcon.colcon_core.shell:Creating environment descriptor '/home/bmes-endoscope-25/joystick_ws/install/joy/share/joy/hook/cmake_prefix_path.dsv'
[142.713s] INFO:colcon.colcon_core.shell:Creating environment hook '/home/bmes-endoscope-25/joystick_ws/install/joy/share/joy/hook/cmake_prefix_path.sh'
[142.716s] Level 1:colcon.colcon_core.environment:checking '/home/bmes-endoscope-25/joystick_ws/install/joy/lib'
[142.717s] Level 1:colcon.colcon_core.shell:create_environment_hook('joy', 'ld_library_path_lib')
[142.718s] INFO:colcon.colcon_core.shell:Creating environment descriptor '/home/bmes-endoscope-25/joystick_ws/install/joy/share/joy/hook/ld_library_path_lib.dsv'
[142.721s] INFO:colcon.colcon_core.shell:Creating environment hook '/home/bmes-endoscope-25/joystick_ws/install/joy/share/joy/hook/ld_library_path_lib.sh'
[142.724s] Level 1:colcon.colcon_core.environment:checking '/home/bmes-endoscope-25/joystick_ws/install/joy/bin'
[142.724s] Level 1:colcon.colcon_core.environment:checking '/home/bmes-endoscope-25/joystick_ws/install/joy/lib/pkgconfig/joy.pc'
[142.726s] Level 1:colcon.colcon_core.environment:checking '/home/bmes-endoscope-25/joystick_ws/install/joy/lib/python3.12/site-packages'
[142.727s] Level 1:colcon.colcon_core.environment:checking '/home/bmes-endoscope-25/joystick_ws/install/joy/bin'
[142.728s] INFO:colcon.colcon_core.shell:Creating package descriptor '/home/bmes-endoscope-25/joystick_ws/install/joy/share/joy/package.dsv'
[142.731s] INFO:colcon.colcon_core.shell:Creating package script '/home/bmes-endoscope-25/joystick_ws/install/joy/share/joy/package.sh'
[142.735s] INFO:colcon.colcon_core.shell:Creating package script '/home/bmes-endoscope-25/joystick_ws/install/joy/share/joy/package.bash'
[142.738s] INFO:colcon.colcon_core.shell:Creating package script '/home/bmes-endoscope-25/joystick_ws/install/joy/share/joy/package.zsh'
[142.740s] Level 1:colcon.colcon_core.environment:create_file_with_runtime_dependencies(/home/bmes-endoscope-25/joystick_ws/install/joy/share/colcon-core/packages/joy)
[166.162s] DEBUG:colcon.colcon_core.event_handler.log_command:Invoked command in '/home/bmes-endoscope-25/joystick_ws/build/wiimote' returned '0': AMENT_PREFIX_PATH=/home/bmes-endoscope-25/joystick_ws/install/wiimote_msgs:${AMENT_PREFIX_PATH} CMAKE_PREFIX_PATH=/home/bmes-endoscope-25/joystick_ws/install/wiimote_msgs:/opt/ros/jazzy/opt/gz_math_vendor:/opt/ros/jazzy/opt/gz_utils_vendor:/opt/ros/jazzy/opt/gz_cmake_vendor:/opt/ros/jazzy DEBUGINFOD_URLS=https://debuginfod.ubuntu.com LD_LIBRARY_PATH=/home/bmes-endoscope-25/joystick_ws/install/wiimote_msgs/lib:${LD_LIBRARY_PATH} PYTHONPATH=/home/bmes-endoscope-25/joystick_ws/install/wiimote_msgs/lib/python3.12/site-packages:${PYTHONPATH} /usr/bin/cmake --build /home/bmes-endoscope-25/joystick_ws/build/wiimote -- -j4 -l4
[166.169s] DEBUG:colcon.colcon_core.event_handler.log_command:Invoking command in '/home/bmes-endoscope-25/joystick_ws/build/wiimote': AMENT_PREFIX_PATH=/home/bmes-endoscope-25/joystick_ws/install/wiimote_msgs:${AMENT_PREFIX_PATH} CMAKE_PREFIX_PATH=/home/bmes-endoscope-25/joystick_ws/install/wiimote_msgs:/opt/ros/jazzy/opt/gz_math_vendor:/opt/ros/jazzy/opt/gz_utils_vendor:/opt/ros/jazzy/opt/gz_cmake_vendor:/opt/ros/jazzy DEBUGINFOD_URLS=https://debuginfod.ubuntu.com LD_LIBRARY_PATH=/home/bmes-endoscope-25/joystick_ws/install/wiimote_msgs/lib:${LD_LIBRARY_PATH} PYTHONPATH=/home/bmes-endoscope-25/joystick_ws/install/wiimote_msgs/lib/python3.12/site-packages:${PYTHONPATH} /usr/bin/cmake --install /home/bmes-endoscope-25/joystick_ws/build/wiimote
[166.391s] Level 1:colcon.colcon_core.environment:create_environment_scripts_only(wiimote)
[166.392s] Level 1:colcon.colcon_core.environment:checking '/home/bmes-endoscope-25/joystick_ws/install/wiimote' for CMake module files
[166.392s] DEBUG:colcon.colcon_core.event_handler.log_command:Invoked command in '/home/bmes-endoscope-25/joystick_ws/build/wiimote' returned '0': AMENT_PREFIX_PATH=/home/bmes-endoscope-25/joystick_ws/install/wiimote_msgs:${AMENT_PREFIX_PATH} CMAKE_PREFIX_PATH=/home/bmes-endoscope-25/joystick_ws/install/wiimote_msgs:/opt/ros/jazzy/opt/gz_math_vendor:/opt/ros/jazzy/opt/gz_utils_vendor:/opt/ros/jazzy/opt/gz_cmake_vendor:/opt/ros/jazzy DEBUGINFOD_URLS=https://debuginfod.ubuntu.com LD_LIBRARY_PATH=/home/bmes-endoscope-25/joystick_ws/install/wiimote_msgs/lib:${LD_LIBRARY_PATH} PYTHONPATH=/home/bmes-endoscope-25/joystick_ws/install/wiimote_msgs/lib/python3.12/site-packages:${PYTHONPATH} /usr/bin/cmake --install /home/bmes-endoscope-25/joystick_ws/build/wiimote
[166.396s] Level 1:colcon.colcon_core.environment:checking '/home/bmes-endoscope-25/joystick_ws/install/wiimote' for CMake config files
[166.398s] Level 1:colcon.colcon_core.shell:create_environment_hook('wiimote', 'cmake_prefix_path')
[166.399s] INFO:colcon.colcon_core.shell:Creating environment descriptor '/home/bmes-endoscope-25/joystick_ws/install/wiimote/share/wiimote/hook/cmake_prefix_path.dsv'
[166.402s] INFO:colcon.colcon_core.shell:Creating environment hook '/home/bmes-endoscope-25/joystick_ws/install/wiimote/share/wiimote/hook/cmake_prefix_path.sh'
[166.409s] Level 1:colcon.colcon_core.environment:checking '/home/bmes-endoscope-25/joystick_ws/install/wiimote/lib'
[166.410s] Level 1:colcon.colcon_core.shell:create_environment_hook('wiimote', 'ld_library_path_lib')
[166.411s] INFO:colcon.colcon_core.shell:Creating environment descriptor '/home/bmes-endoscope-25/joystick_ws/install/wiimote/share/wiimote/hook/ld_library_path_lib.dsv'
[166.414s] INFO:colcon.colcon_core.shell:Creating environment hook '/home/bmes-endoscope-25/joystick_ws/install/wiimote/share/wiimote/hook/ld_library_path_lib.sh'
[166.416s] Level 1:colcon.colcon_core.environment:checking '/home/bmes-endoscope-25/joystick_ws/install/wiimote/bin'
[166.416s] Level 1:colcon.colcon_core.environment:checking '/home/bmes-endoscope-25/joystick_ws/install/wiimote/lib/pkgconfig/wiimote.pc'
[166.417s] Level 1:colcon.colcon_core.environment:checking '/home/bmes-endoscope-25/joystick_ws/install/wiimote/lib/python3.12/site-packages'
[166.417s] Level 1:colcon.colcon_core.environment:checking '/home/bmes-endoscope-25/joystick_ws/install/wiimote/bin'
[166.418s] INFO:colcon.colcon_core.shell:Creating package descriptor '/home/bmes-endoscope-25/joystick_ws/install/wiimote/share/wiimote/package.dsv'
[166.420s] INFO:colcon.colcon_core.shell:Creating package script '/home/bmes-endoscope-25/joystick_ws/install/wiimote/share/wiimote/package.sh'
[166.425s] INFO:colcon.colcon_core.shell:Creating package script '/home/bmes-endoscope-25/joystick_ws/install/wiimote/share/wiimote/package.bash'
[166.429s] INFO:colcon.colcon_core.shell:Creating package script '/home/bmes-endoscope-25/joystick_ws/install/wiimote/share/wiimote/package.zsh'
[166.433s] Level 1:colcon.colcon_core.environment:create_file_with_runtime_dependencies(/home/bmes-endoscope-25/joystick_ws/install/wiimote/share/colcon-core/packages/wiimote)
[166.439s] Level 1:colcon.colcon_core.environment:create_environment_scripts_only(wiimote)
[166.440s] Level 1:colcon.colcon_core.environment:checking '/home/bmes-endoscope-25/joystick_ws/install/wiimote' for CMake module files
[166.445s] Level 1:colcon.colcon_core.environment:checking '/home/bmes-endoscope-25/joystick_ws/install/wiimote' for CMake config files
[166.448s] Level 1:colcon.colcon_core.shell:create_environment_hook('wiimote', 'cmake_prefix_path')
[166.448s] INFO:colcon.colcon_core.shell:Creating environment descriptor '/home/bmes-endoscope-25/joystick_ws/install/wiimote/share/wiimote/hook/cmake_prefix_path.dsv'
[166.451s] INFO:colcon.colcon_core.shell:Creating environment hook '/home/bmes-endoscope-25/joystick_ws/install/wiimote/share/wiimote/hook/cmake_prefix_path.sh'
[166.456s] Level 1:colcon.colcon_core.environment:checking '/home/bmes-endoscope-25/joystick_ws/install/wiimote/lib'
[166.456s] Level 1:colcon.colcon_core.shell:create_environment_hook('wiimote', 'ld_library_path_lib')
[166.457s] INFO:colcon.colcon_core.shell:Creating environment descriptor '/home/bmes-endoscope-25/joystick_ws/install/wiimote/share/wiimote/hook/ld_library_path_lib.dsv'
[166.459s] INFO:colcon.colcon_core.shell:Creating environment hook '/home/bmes-endoscope-25/joystick_ws/install/wiimote/share/wiimote/hook/ld_library_path_lib.sh'
[166.463s] Level 1:colcon.colcon_core.environment:checking '/home/bmes-endoscope-25/joystick_ws/install/wiimote/bin'
[166.464s] Level 1:colcon.colcon_core.environment:checking '/home/bmes-endoscope-25/joystick_ws/install/wiimote/lib/pkgconfig/wiimote.pc'
[166.465s] Level 1:colcon.colcon_core.environment:checking '/home/bmes-endoscope-25/joystick_ws/install/wiimote/lib/python3.12/site-packages'
[166.465s] Level 1:colcon.colcon_core.environment:checking '/home/bmes-endoscope-25/joystick_ws/install/wiimote/bin'
[166.467s] INFO:colcon.colcon_core.shell:Creating package descriptor '/home/bmes-endoscope-25/joystick_ws/install/wiimote/share/wiimote/package.dsv'
[166.469s] INFO:colcon.colcon_core.shell:Creating package script '/home/bmes-endoscope-25/joystick_ws/install/wiimote/share/wiimote/package.sh'
[166.472s] INFO:colcon.colcon_core.shell:Creating package script '/home/bmes-endoscope-25/joystick_ws/install/wiimote/share/wiimote/package.bash'
[166.474s] INFO:colcon.colcon_core.shell:Creating package script '/home/bmes-endoscope-25/joystick_ws/install/wiimote/share/wiimote/package.zsh'
[166.477s] Level 1:colcon.colcon_core.environment:create_file_with_runtime_dependencies(/home/bmes-endoscope-25/joystick_ws/install/wiimote/share/colcon-core/packages/wiimote)
[166.481s] DEBUG:colcon.colcon_parallel_executor.executor.parallel:closing loop
[166.482s] DEBUG:colcon.colcon_parallel_executor.executor.parallel:loop closed
[166.483s] DEBUG:colcon.colcon_parallel_executor.executor.parallel:run_until_complete finished with '0'
[166.484s] DEBUG:colcon.colcon_core.event_reactor:joining thread
[166.521s] INFO:colcon.colcon_core.plugin_system:Skipping extension 'colcon_notification.desktop_notification.terminal_notifier': Not used on non-Darwin systems
[166.521s] INFO:colcon.colcon_core.plugin_system:Skipping extension 'colcon_notification.desktop_notification.win32': Not used on non-Windows systems
[166.522s] INFO:colcon.colcon_notification.desktop_notification:Sending desktop notification using 'notify2'
[166.593s] DEBUG:colcon.colcon_core.event_reactor:joined thread
[166.594s] INFO:colcon.colcon_core.shell:Creating prefix script '/home/bmes-endoscope-25/joystick_ws/install/local_setup.sh'
[166.597s] INFO:colcon.colcon_core.shell:Creating prefix util module '/home/bmes-endoscope-25/joystick_ws/install/_local_setup_util_sh.py'
[166.602s] INFO:colcon.colcon_core.shell:Creating prefix chain script '/home/bmes-endoscope-25/joystick_ws/install/setup.sh'
[166.606s] INFO:colcon.colcon_core.shell:Creating prefix script '/home/bmes-endoscope-25/joystick_ws/install/local_setup.bash'
[166.610s] INFO:colcon.colcon_core.shell:Creating prefix chain script '/home/bmes-endoscope-25/joystick_ws/install/setup.bash'
[166.615s] INFO:colcon.colcon_core.shell:Creating prefix script '/home/bmes-endoscope-25/joystick_ws/install/local_setup.zsh'
[166.618s] INFO:colcon.colcon_core.shell:Creating prefix chain script '/home/bmes-endoscope-25/joystick_ws/install/setup.zsh'
