-- Found ament_cmake: 2.5.3 (/opt/ros/jazzy/share/ament_cmake/cmake)
-- Found diagnostic_msgs: 5.3.5 (/opt/ros/jazzy/share/diagnostic_msgs/cmake)
-- Found rosidl_generator_c: 4.6.5 (/opt/ros/jazzy/share/rosidl_generator_c/cmake)
-- Found rosidl_generator_cpp: 4.6.5 (/opt/ros/jazzy/share/rosidl_generator_cpp/cmake)
-- Using all available rosidl_typesupport_c: rosidl_typesupport_fastrtps_c;rosidl_typesupport_introspection_c
-- Using all available rosidl_typesupport_cpp: rosidl_typesupport_fastrtps_cpp;rosidl_typesupport_introspection_cpp
-- Found diagnostic_updater: 4.2.2 (/opt/ros/jazzy/share/diagnostic_updater/cmake)
-- Found rmw_implementation_cmake: 7.3.1 (/opt/ros/jazzy/share/rmw_implementation_cmake/cmake)
-- Found rmw_fastrtps_cpp: 8.4.1 (/opt/ros/jazzy/share/rmw_fastrtps_cpp/cmake)
-- Found OpenSSL: /usr/lib/aarch64-linux-gnu/libcrypto.so (found version "3.0.13")  
-- Found FastRTPS: /opt/ros/jazzy/include (Required is at least version "2.13") 
-- Using RMW implementation 'rmw_fastrtps_cpp' as default
-- Found sensor_msgs: 5.3.5 (/opt/ros/jazzy/share/sensor_msgs/cmake)
-- Looking for include file linux/joystick.h
-- Looking for include file linux/joystick.h - found
-- Found ament_lint_auto: 0.17.1 (/opt/ros/jazzy/share/ament_lint_auto/cmake)
-- Added test 'cppcheck' to perform static code analysis on C / C++ code
-- Configured cppcheck include dirs: /home/bmes-endoscope-25/joystick_ws/src/joystick_drivers/joy_linux/msg/cpp
-- Configured cppcheck exclude dirs and/or files: 
-- Added test 'cpplint' to check C / C++ code against the Google style
-- Configured cpplint exclude dirs and/or files: 
-- Added test 'lint_cmake' to check CMake code style
-- Added test 'uncrustify' to check C / C++ code style
-- Configured uncrustify additional arguments: 
-- Added test 'xmllint' to check XML markup files
-- Configuring done (9.4s)
-- Generating done (0.0s)
-- Build files have been written to: /home/bmes-endoscope-25/joystick_ws/build/joy_linux
[ 50%] [32mBuilding CXX object CMakeFiles/joy_linux_node.dir/src/joy_linux_node.cpp.o[0m
gmake[2]: *** wait: No child processes.  Stop.
gmake[2]: *** Waiting for unfinished jobs....
gmake[2]: *** wait: No child processes.  Stop.
gmake[1]: *** wait: No child processes.  Stop.
gmake[1]: *** Waiting for unfinished jobs....
gmake[1]: *** wait: No child processes.  Stop.
gmake: *** [Makefile:146: all] Error 2
