[0.069s] Invoking command in '/home/bmes-endoscope-25/joystick_ws/build/wiimote': CMAKE_PREFIX_PATH=/home/bmes-endoscope-25/joystick_ws/install/wiimote_msgs:/home/bmes-endoscope-25/joystick_ws/install/wiimote:/home/bmes-endoscope-25/joystick_ws/install/spacenav:/home/bmes-endoscope-25/joystick_ws/install/joy:/home/bmes-endoscope-25/joystick_ws/install/sdl2_vendor:/home/bmes-endoscope-25/joystick_ws/install/my_teleop:/home/bmes-endoscope-25/joystick_ws/install/joy_linux:/opt/ros/jazzy/opt/gz_math_vendor:/opt/ros/jazzy/opt/gz_utils_vendor:/opt/ros/jazzy/opt/gz_cmake_vendor:/opt/ros/jazzy DEBUGINFOD_URLS=https://debuginfod.ubuntu.com LD_LIBRARY_PATH=/home/bmes-endoscope-25/joystick_ws/install/wiimote_msgs/lib:/home/bmes-endoscope-25/joystick_ws/install/wiimote/lib:/home/bmes-endoscope-25/joystick_ws/install/spacenav/lib:/home/bmes-endoscope-25/joystick_ws/install/joy/lib:/opt/ros/jazzy/opt/rviz_ogre_vendor/lib:/opt/ros/jazzy/lib/aarch64-linux-gnu:/opt/ros/jazzy/opt/gz_math_vendor/lib:/opt/ros/jazzy/opt/gz_utils_vendor/lib:/opt/ros/jazzy/opt/gz_cmake_vendor/lib:/opt/ros/jazzy/lib /usr/bin/cmake --build /home/bmes-endoscope-25/joystick_ws/build/wiimote -- -j4 -l4
[0.535s] [ 22%] Built target wiimote_node
[0.574s] [ 44%] Built target teleop_wiimote_node
[0.592s] [ 66%] Built target teleop_wiimote
[0.621s] [100%] Built target wiimote_lib
[0.682s] Invoked command in '/home/bmes-endoscope-25/joystick_ws/build/wiimote' returned '0': CMAKE_PREFIX_PATH=/home/bmes-endoscope-25/joystick_ws/install/wiimote_msgs:/home/bmes-endoscope-25/joystick_ws/install/wiimote:/home/bmes-endoscope-25/joystick_ws/install/spacenav:/home/bmes-endoscope-25/joystick_ws/install/joy:/home/bmes-endoscope-25/joystick_ws/install/sdl2_vendor:/home/bmes-endoscope-25/joystick_ws/install/my_teleop:/home/bmes-endoscope-25/joystick_ws/install/joy_linux:/opt/ros/jazzy/opt/gz_math_vendor:/opt/ros/jazzy/opt/gz_utils_vendor:/opt/ros/jazzy/opt/gz_cmake_vendor:/opt/ros/jazzy DEBUGINFOD_URLS=https://debuginfod.ubuntu.com LD_LIBRARY_PATH=/home/bmes-endoscope-25/joystick_ws/install/wiimote_msgs/lib:/home/bmes-endoscope-25/joystick_ws/install/wiimote/lib:/home/bmes-endoscope-25/joystick_ws/install/spacenav/lib:/home/bmes-endoscope-25/joystick_ws/install/joy/lib:/opt/ros/jazzy/opt/rviz_ogre_vendor/lib:/opt/ros/jazzy/lib/aarch64-linux-gnu:/opt/ros/jazzy/opt/gz_math_vendor/lib:/opt/ros/jazzy/opt/gz_utils_vendor/lib:/opt/ros/jazzy/opt/gz_cmake_vendor/lib:/opt/ros/jazzy/lib /usr/bin/cmake --build /home/bmes-endoscope-25/joystick_ws/build/wiimote -- -j4 -l4
[0.690s] Invoking command in '/home/bmes-endoscope-25/joystick_ws/build/wiimote': CMAKE_PREFIX_PATH=/home/bmes-endoscope-25/joystick_ws/install/wiimote_msgs:/home/bmes-endoscope-25/joystick_ws/install/wiimote:/home/bmes-endoscope-25/joystick_ws/install/spacenav:/home/bmes-endoscope-25/joystick_ws/install/joy:/home/bmes-endoscope-25/joystick_ws/install/sdl2_vendor:/home/bmes-endoscope-25/joystick_ws/install/my_teleop:/home/bmes-endoscope-25/joystick_ws/install/joy_linux:/opt/ros/jazzy/opt/gz_math_vendor:/opt/ros/jazzy/opt/gz_utils_vendor:/opt/ros/jazzy/opt/gz_cmake_vendor:/opt/ros/jazzy DEBUGINFOD_URLS=https://debuginfod.ubuntu.com LD_LIBRARY_PATH=/home/bmes-endoscope-25/joystick_ws/install/wiimote_msgs/lib:/home/bmes-endoscope-25/joystick_ws/install/wiimote/lib:/home/bmes-endoscope-25/joystick_ws/install/spacenav/lib:/home/bmes-endoscope-25/joystick_ws/install/joy/lib:/opt/ros/jazzy/opt/rviz_ogre_vendor/lib:/opt/ros/jazzy/lib/aarch64-linux-gnu:/opt/ros/jazzy/opt/gz_math_vendor/lib:/opt/ros/jazzy/opt/gz_utils_vendor/lib:/opt/ros/jazzy/opt/gz_cmake_vendor/lib:/opt/ros/jazzy/lib /usr/bin/cmake --install /home/bmes-endoscope-25/joystick_ws/build/wiimote
[0.744s] -- Install configuration: ""
[0.745s] -- Up-to-date: /home/bmes-endoscope-25/joystick_ws/install/wiimote/lib/wiimote/wiimote_node
[0.747s] -- Up-to-date: /home/bmes-endoscope-25/joystick_ws/install/wiimote/lib/wiimote/teleop_wiimote_node
[0.750s] -- Up-to-date: /home/bmes-endoscope-25/joystick_ws/install/wiimote/lib/libwiimote_lib.so
[0.752s] -- Up-to-date: /home/bmes-endoscope-25/joystick_ws/install/wiimote/lib/libteleop_wiimote.so
[0.754s] -- Up-to-date: /home/bmes-endoscope-25/joystick_ws/install/wiimote/include/wiimote
[0.756s] -- Up-to-date: /home/bmes-endoscope-25/joystick_ws/install/wiimote/include/wiimote/wiimote
[0.757s] -- Up-to-date: /home/bmes-endoscope-25/joystick_ws/install/wiimote/include/wiimote/wiimote/stat_vector_3d.hpp
[0.758s] -- Up-to-date: /home/bmes-endoscope-25/joystick_ws/install/wiimote/include/wiimote/wiimote/wiimote_controller.hpp
[0.759s] -- Up-to-date: /home/bmes-endoscope-25/joystick_ws/install/wiimote/include/wiimote/wiimote/teleop_wiimote.hpp
[0.760s] -- Up-to-date: /home/bmes-endoscope-25/joystick_ws/install/wiimote/share/wiimote/launch
[0.761s] -- Up-to-date: /home/bmes-endoscope-25/joystick_ws/install/wiimote/share/wiimote/launch/turtlesim.launch.py
[0.762s] -- Up-to-date: /home/bmes-endoscope-25/joystick_ws/install/wiimote/share/wiimote/launch/feedback_test.launch.py
[0.763s] -- Up-to-date: /home/bmes-endoscope-25/joystick_ws/install/wiimote/share/wiimote/launch/wiimote_lifecycle.launch.py
[0.779s] -- Up-to-date: /home/bmes-endoscope-25/joystick_ws/install/wiimote/share/wiimote/config
[0.780s] -- Up-to-date: /home/bmes-endoscope-25/joystick_ws/install/wiimote/share/wiimote/config/wiimote_params.yaml
[0.781s] -- Up-to-date: /home/bmes-endoscope-25/joystick_ws/install/wiimote/share/wiimote/config/teleop_wiimote_params.yaml
[0.783s] -- Up-to-date: /home/bmes-endoscope-25/joystick_ws/install/wiimote/lib/wiimote/wiimote_node
[0.787s] -- Up-to-date: /home/bmes-endoscope-25/joystick_ws/install/wiimote/lib/wiimote/feedback_tester.py
[0.789s] -- Up-to-date: /home/bmes-endoscope-25/joystick_ws/install/wiimote/share/ament_index/resource_index/package_run_dependencies/wiimote
[0.791s] -- Up-to-date: /home/bmes-endoscope-25/joystick_ws/install/wiimote/share/ament_index/resource_index/parent_prefix_path/wiimote
[0.793s] -- Up-to-date: /home/bmes-endoscope-25/joystick_ws/install/wiimote/share/wiimote/environment/ament_prefix_path.sh
[0.794s] -- Up-to-date: /home/bmes-endoscope-25/joystick_ws/install/wiimote/share/wiimote/environment/ament_prefix_path.dsv
[0.801s] -- Up-to-date: /home/bmes-endoscope-25/joystick_ws/install/wiimote/share/wiimote/environment/path.sh
[0.805s] -- Up-to-date: /home/bmes-endoscope-25/joystick_ws/install/wiimote/share/wiimote/environment/path.dsv
[0.808s] -- Up-to-date: /home/bmes-endoscope-25/joystick_ws/install/wiimote/share/wiimote/local_setup.bash
[0.812s] -- Up-to-date: /home/bmes-endoscope-25/joystick_ws/install/wiimote/share/wiimote/local_setup.sh
[0.814s] -- Up-to-date: /home/bmes-endoscope-25/joystick_ws/install/wiimote/share/wiimote/local_setup.zsh
[0.815s] -- Up-to-date: /home/bmes-endoscope-25/joystick_ws/install/wiimote/share/wiimote/local_setup.dsv
[0.817s] -- Installing: /home/bmes-endoscope-25/joystick_ws/install/wiimote/share/wiimote/package.dsv
[0.818s] -- Up-to-date: /home/bmes-endoscope-25/joystick_ws/install/wiimote/share/ament_index/resource_index/packages/wiimote
[0.818s] -- Up-to-date: /home/bmes-endoscope-25/joystick_ws/install/wiimote/share/ament_index/resource_index/rclcpp_components/wiimote
[0.819s] -- Up-to-date: /home/bmes-endoscope-25/joystick_ws/install/wiimote/share/wiimote/cmake/export_wiimoteExport.cmake
[0.819s] -- Up-to-date: /home/bmes-endoscope-25/joystick_ws/install/wiimote/share/wiimote/cmake/export_wiimoteExport-noconfig.cmake
[0.822s] -- Up-to-date: /home/bmes-endoscope-25/joystick_ws/install/wiimote/share/wiimote/cmake/wiimote-extras.cmake
[0.823s] -- Up-to-date: /home/bmes-endoscope-25/joystick_ws/install/wiimote/share/wiimote/cmake/ament_cmake_export_targets-extras.cmake
[0.823s] -- Up-to-date: /home/bmes-endoscope-25/joystick_ws/install/wiimote/share/wiimote/cmake/ament_cmake_export_dependencies-extras.cmake
[0.824s] -- Up-to-date: /home/bmes-endoscope-25/joystick_ws/install/wiimote/share/wiimote/cmake/wiimoteConfig.cmake
[0.824s] -- Up-to-date: /home/bmes-endoscope-25/joystick_ws/install/wiimote/share/wiimote/cmake/wiimoteConfig-version.cmake
[0.825s] -- Up-to-date: /home/bmes-endoscope-25/joystick_ws/install/wiimote/share/wiimote/package.xml
[0.826s] Invoked command in '/home/bmes-endoscope-25/joystick_ws/build/wiimote' returned '0': CMAKE_PREFIX_PATH=/home/bmes-endoscope-25/joystick_ws/install/wiimote_msgs:/home/bmes-endoscope-25/joystick_ws/install/wiimote:/home/bmes-endoscope-25/joystick_ws/install/spacenav:/home/bmes-endoscope-25/joystick_ws/install/joy:/home/bmes-endoscope-25/joystick_ws/install/sdl2_vendor:/home/bmes-endoscope-25/joystick_ws/install/my_teleop:/home/bmes-endoscope-25/joystick_ws/install/joy_linux:/opt/ros/jazzy/opt/gz_math_vendor:/opt/ros/jazzy/opt/gz_utils_vendor:/opt/ros/jazzy/opt/gz_cmake_vendor:/opt/ros/jazzy DEBUGINFOD_URLS=https://debuginfod.ubuntu.com LD_LIBRARY_PATH=/home/bmes-endoscope-25/joystick_ws/install/wiimote_msgs/lib:/home/bmes-endoscope-25/joystick_ws/install/wiimote/lib:/home/bmes-endoscope-25/joystick_ws/install/spacenav/lib:/home/bmes-endoscope-25/joystick_ws/install/joy/lib:/opt/ros/jazzy/opt/rviz_ogre_vendor/lib:/opt/ros/jazzy/lib/aarch64-linux-gnu:/opt/ros/jazzy/opt/gz_math_vendor/lib:/opt/ros/jazzy/opt/gz_utils_vendor/lib:/opt/ros/jazzy/opt/gz_cmake_vendor/lib:/opt/ros/jazzy/lib /usr/bin/cmake --install /home/bmes-endoscope-25/joystick_ws/build/wiimote
