[0.119s] Invoking command in '/home/bmes-endoscope-25/joystick_ws/build/joy': AMENT_PREFIX_PATH=/home/bmes-endoscope-25/joystick_ws/install/sdl2_vendor:${AMENT_PREFIX_PATH} CMAKE_PREFIX_PATH=/home/bmes-endoscope-25/joystick_ws/install/sdl2_vendor:/opt/ros/jazzy/opt/gz_math_vendor:/opt/ros/jazzy/opt/gz_utils_vendor:/opt/ros/jazzy/opt/gz_cmake_vendor:/opt/ros/jazzy DEBUGINFOD_URLS=https://debuginfod.ubuntu.com /usr/bin/cmake --build /home/bmes-endoscope-25/joystick_ws/build/joy -- -j4 -l4
[0.976s] [ 10%] [32mBuilding CXX object CMakeFiles/joy.dir/src/joy.cpp.o[0m
[1.480s] [ 30%] Built target joy_node
[1.636s] [ 50%] Built target game_controller_node
[2.043s] [ 60%] [32mBuilding CXX object CMakeFiles/joy_enumerate_devices.dir/src/joy_enumerate_devices.cpp.o[0m
[9.027s] [ 70%] [32m[1mLinking CXX executable joy_enumerate_devices[0m
[9.994s] [ 70%] Built target joy_enumerate_devices
[66.145s] [ 80%] [32m[1mLinking CXX shared library libjoy.so[0m
[68.791s] [ 80%] Built target joy
[68.999s] [ 90%] [32mBuilding CXX object CMakeFiles/game_controller.dir/src/game_controller.cpp.o[0m
[137.293s] [100%] [32m[1mLinking CXX shared library libgame_controller.so[0m
[139.812s] [100%] Built target game_controller
[139.889s] Invoked command in '/home/bmes-endoscope-25/joystick_ws/build/joy' returned '0': AMENT_PREFIX_PATH=/home/bmes-endoscope-25/joystick_ws/install/sdl2_vendor:${AMENT_PREFIX_PATH} CMAKE_PREFIX_PATH=/home/bmes-endoscope-25/joystick_ws/install/sdl2_vendor:/opt/ros/jazzy/opt/gz_math_vendor:/opt/ros/jazzy/opt/gz_utils_vendor:/opt/ros/jazzy/opt/gz_cmake_vendor:/opt/ros/jazzy DEBUGINFOD_URLS=https://debuginfod.ubuntu.com /usr/bin/cmake --build /home/bmes-endoscope-25/joystick_ws/build/joy -- -j4 -l4
[139.898s] Invoking command in '/home/bmes-endoscope-25/joystick_ws/build/joy': AMENT_PREFIX_PATH=/home/bmes-endoscope-25/joystick_ws/install/sdl2_vendor:${AMENT_PREFIX_PATH} CMAKE_PREFIX_PATH=/home/bmes-endoscope-25/joystick_ws/install/sdl2_vendor:/opt/ros/jazzy/opt/gz_math_vendor:/opt/ros/jazzy/opt/gz_utils_vendor:/opt/ros/jazzy/opt/gz_cmake_vendor:/opt/ros/jazzy DEBUGINFOD_URLS=https://debuginfod.ubuntu.com /usr/bin/cmake --install /home/bmes-endoscope-25/joystick_ws/build/joy
[139.957s] -- Install configuration: ""
[139.961s] -- Installing: /home/bmes-endoscope-25/joystick_ws/install/joy/lib/libjoy.so
[140.003s] -- Set non-toolchain portion of runtime path of "/home/bmes-endoscope-25/joystick_ws/install/joy/lib/libjoy.so" to ""
[140.005s] -- Up-to-date: /home/bmes-endoscope-25/joystick_ws/install/joy/lib/joy/joy_node
[140.007s] -- Installing: /home/bmes-endoscope-25/joystick_ws/install/joy/lib/libgame_controller.so
[140.060s] -- Set non-toolchain portion of runtime path of "/home/bmes-endoscope-25/joystick_ws/install/joy/lib/libgame_controller.so" to ""
[140.071s] -- Up-to-date: /home/bmes-endoscope-25/joystick_ws/install/joy/lib/joy/game_controller_node
[140.073s] -- Installing: /home/bmes-endoscope-25/joystick_ws/install/joy/lib/joy/joy_enumerate_devices
[140.075s] -- Up-to-date: /home/bmes-endoscope-25/joystick_ws/install/joy/include/joy
[140.076s] -- Up-to-date: /home/bmes-endoscope-25/joystick_ws/install/joy/include/joy/joy
[140.077s] -- Up-to-date: /home/bmes-endoscope-25/joystick_ws/install/joy/include/joy/joy/game_controller.hpp
[140.078s] -- Up-to-date: /home/bmes-endoscope-25/joystick_ws/install/joy/include/joy/joy/joy.hpp
[140.080s] -- Up-to-date: /home/bmes-endoscope-25/joystick_ws/install/joy/share/joy/config
[140.082s] -- Up-to-date: /home/bmes-endoscope-25/joystick_ws/install/joy/share/joy/config/joy-params.yaml
[140.084s] -- Up-to-date: /home/bmes-endoscope-25/joystick_ws/install/joy/share/joy/launch
[140.085s] -- Up-to-date: /home/bmes-endoscope-25/joystick_ws/install/joy/share/joy/launch/joy-launch.py
[140.086s] -- Up-to-date: /home/bmes-endoscope-25/joystick_ws/install/joy/share/joy/launch/joy-composed-launch.py
[140.087s] -- Up-to-date: /home/bmes-endoscope-25/joystick_ws/install/joy/share/ament_index/resource_index/package_run_dependencies/joy
[140.088s] -- Up-to-date: /home/bmes-endoscope-25/joystick_ws/install/joy/share/ament_index/resource_index/parent_prefix_path/joy
[140.091s] -- Up-to-date: /home/bmes-endoscope-25/joystick_ws/install/joy/share/joy/environment/ament_prefix_path.sh
[140.094s] -- Up-to-date: /home/bmes-endoscope-25/joystick_ws/install/joy/share/joy/environment/ament_prefix_path.dsv
[140.095s] -- Up-to-date: /home/bmes-endoscope-25/joystick_ws/install/joy/share/joy/environment/path.sh
[140.096s] -- Up-to-date: /home/bmes-endoscope-25/joystick_ws/install/joy/share/joy/environment/path.dsv
[140.101s] -- Up-to-date: /home/bmes-endoscope-25/joystick_ws/install/joy/share/joy/local_setup.bash
[140.102s] -- Up-to-date: /home/bmes-endoscope-25/joystick_ws/install/joy/share/joy/local_setup.sh
[140.102s] -- Up-to-date: /home/bmes-endoscope-25/joystick_ws/install/joy/share/joy/local_setup.zsh
[140.103s] -- Up-to-date: /home/bmes-endoscope-25/joystick_ws/install/joy/share/joy/local_setup.dsv
[140.103s] -- Installing: /home/bmes-endoscope-25/joystick_ws/install/joy/share/joy/package.dsv
[140.105s] -- Up-to-date: /home/bmes-endoscope-25/joystick_ws/install/joy/share/ament_index/resource_index/packages/joy
[140.106s] -- Up-to-date: /home/bmes-endoscope-25/joystick_ws/install/joy/share/ament_index/resource_index/rclcpp_components/joy
[140.107s] -- Up-to-date: /home/bmes-endoscope-25/joystick_ws/install/joy/share/joy/cmake/export_joyExport.cmake
[140.108s] -- Up-to-date: /home/bmes-endoscope-25/joystick_ws/install/joy/share/joy/cmake/export_joyExport-noconfig.cmake
[140.109s] -- Up-to-date: /home/bmes-endoscope-25/joystick_ws/install/joy/share/joy/cmake/export_game_controllerExport.cmake
[140.110s] -- Up-to-date: /home/bmes-endoscope-25/joystick_ws/install/joy/share/joy/cmake/export_game_controllerExport-noconfig.cmake
[140.111s] -- Up-to-date: /home/bmes-endoscope-25/joystick_ws/install/joy/share/joy/cmake/ament_cmake_export_targets-extras.cmake
[140.112s] -- Up-to-date: /home/bmes-endoscope-25/joystick_ws/install/joy/share/joy/cmake/ament_cmake_export_dependencies-extras.cmake
[140.112s] -- Up-to-date: /home/bmes-endoscope-25/joystick_ws/install/joy/share/joy/cmake/joyConfig.cmake
[140.113s] -- Up-to-date: /home/bmes-endoscope-25/joystick_ws/install/joy/share/joy/cmake/joyConfig-version.cmake
[140.114s] -- Up-to-date: /home/bmes-endoscope-25/joystick_ws/install/joy/share/joy/package.xml
[140.115s] Invoked command in '/home/bmes-endoscope-25/joystick_ws/build/joy' returned '0': AMENT_PREFIX_PATH=/home/bmes-endoscope-25/joystick_ws/install/sdl2_vendor:${AMENT_PREFIX_PATH} CMAKE_PREFIX_PATH=/home/bmes-endoscope-25/joystick_ws/install/sdl2_vendor:/opt/ros/jazzy/opt/gz_math_vendor:/opt/ros/jazzy/opt/gz_utils_vendor:/opt/ros/jazzy/opt/gz_cmake_vendor:/opt/ros/jazzy DEBUGINFOD_URLS=https://debuginfod.ubuntu.com /usr/bin/cmake --install /home/bmes-endoscope-25/joystick_ws/build/joy
