[0.167s] Invoking command in '/home/bmes-endoscope-25/joystick_ws/build/spacenav': CMAKE_PREFIX_PATH=${CMAKE_PREFIX_PATH}:/opt/ros/jazzy DEBUGINFOD_URLS=https://debuginfod.ubuntu.com /usr/bin/cmake --build /home/bmes-endoscope-25/joystick_ws/build/spacenav -- -j4 -l4
[0.951s] [ 50%] Built target spacenav_node
[1.001s] [ 75%] [32mBuilding CXX object CMakeFiles/spacenav.dir/src/spacenav.cpp.o[0m
[54.561s] [100%] [32m[1mLinking CXX shared library libspacenav.so[0m
[57.047s] [100%] Built target spacenav
[57.191s] Invoked command in '/home/bmes-endoscope-25/joystick_ws/build/spacenav' returned '0': CMAKE_PREFIX_PATH=${CMAKE_PREFIX_PATH}:/opt/ros/jazzy DEBUGINFOD_URLS=https://debuginfod.ubuntu.com /usr/bin/cmake --build /home/bmes-endoscope-25/joystick_ws/build/spacenav -- -j4 -l4
[57.194s] Invoking command in '/home/bmes-endoscope-25/joystick_ws/build/spacenav': CMAKE_PREFIX_PATH=${CMAKE_PREFIX_PATH}:/opt/ros/jazzy DEBUGINFOD_URLS=https://debuginfod.ubuntu.com /usr/bin/cmake --install /home/bmes-endoscope-25/joystick_ws/build/spacenav
[57.278s] -- Install configuration: ""
[57.279s] -- Installing: /home/bmes-endoscope-25/joystick_ws/install/spacenav/lib/libspacenav.so
[57.335s] -- Set non-toolchain portion of runtime path of "/home/bmes-endoscope-25/joystick_ws/install/spacenav/lib/libspacenav.so" to ""
[57.341s] -- Up-to-date: /home/bmes-endoscope-25/joystick_ws/install/spacenav/lib/spacenav/spacenav_node
[57.342s] -- Up-to-date: /home/bmes-endoscope-25/joystick_ws/install/spacenav/include/spacenav
[57.343s] -- Up-to-date: /home/bmes-endoscope-25/joystick_ws/install/spacenav/include/spacenav/spacenav
[57.347s] -- Up-to-date: /home/bmes-endoscope-25/joystick_ws/install/spacenav/include/spacenav/spacenav/spacenav.hpp
[57.348s] -- Up-to-date: /home/bmes-endoscope-25/joystick_ws/install/spacenav/share/spacenav//launch
[57.353s] -- Up-to-date: /home/bmes-endoscope-25/joystick_ws/install/spacenav/share/spacenav//launch/classic-launch.py
[57.354s] -- Up-to-date: /home/bmes-endoscope-25/joystick_ws/install/spacenav/share/spacenav//launch/no_deadband-launch.py
[57.354s] -- Up-to-date: /home/bmes-endoscope-25/joystick_ws/install/spacenav/share/spacenav//launch/static_deadband-launch.py
[57.359s] -- Up-to-date: /home/bmes-endoscope-25/joystick_ws/install/spacenav/share/ament_index/resource_index/package_run_dependencies/spacenav
[57.361s] -- Up-to-date: /home/bmes-endoscope-25/joystick_ws/install/spacenav/share/ament_index/resource_index/parent_prefix_path/spacenav
[57.364s] -- Up-to-date: /home/bmes-endoscope-25/joystick_ws/install/spacenav/share/spacenav/environment/ament_prefix_path.sh
[57.366s] -- Up-to-date: /home/bmes-endoscope-25/joystick_ws/install/spacenav/share/spacenav/environment/ament_prefix_path.dsv
[57.367s] -- Up-to-date: /home/bmes-endoscope-25/joystick_ws/install/spacenav/share/spacenav/environment/path.sh
[57.374s] -- Up-to-date: /home/bmes-endoscope-25/joystick_ws/install/spacenav/share/spacenav/environment/path.dsv
[57.375s] -- Up-to-date: /home/bmes-endoscope-25/joystick_ws/install/spacenav/share/spacenav/local_setup.bash
[57.377s] -- Up-to-date: /home/bmes-endoscope-25/joystick_ws/install/spacenav/share/spacenav/local_setup.sh
[57.378s] -- Up-to-date: /home/bmes-endoscope-25/joystick_ws/install/spacenav/share/spacenav/local_setup.zsh
[57.382s] -- Up-to-date: /home/bmes-endoscope-25/joystick_ws/install/spacenav/share/spacenav/local_setup.dsv
[57.383s] -- Installing: /home/bmes-endoscope-25/joystick_ws/install/spacenav/share/spacenav/package.dsv
[57.396s] -- Up-to-date: /home/bmes-endoscope-25/joystick_ws/install/spacenav/share/ament_index/resource_index/packages/spacenav
[57.397s] -- Up-to-date: /home/bmes-endoscope-25/joystick_ws/install/spacenav/share/ament_index/resource_index/rclcpp_components/spacenav
[57.403s] -- Up-to-date: /home/bmes-endoscope-25/joystick_ws/install/spacenav/share/spacenav/cmake/export_spacenavExport.cmake
[57.420s] -- Up-to-date: /home/bmes-endoscope-25/joystick_ws/install/spacenav/share/spacenav/cmake/export_spacenavExport-noconfig.cmake
[57.429s] -- Up-to-date: /home/bmes-endoscope-25/joystick_ws/install/spacenav/share/spacenav/cmake/ament_cmake_export_targets-extras.cmake
[57.441s] -- Up-to-date: /home/bmes-endoscope-25/joystick_ws/install/spacenav/share/spacenav/cmake/spacenavConfig.cmake
[57.442s] -- Up-to-date: /home/bmes-endoscope-25/joystick_ws/install/spacenav/share/spacenav/cmake/spacenavConfig-version.cmake
[57.443s] -- Up-to-date: /home/bmes-endoscope-25/joystick_ws/install/spacenav/share/spacenav/package.xml
[57.471s] Invoked command in '/home/bmes-endoscope-25/joystick_ws/build/spacenav' returned '0': CMAKE_PREFIX_PATH=${CMAKE_PREFIX_PATH}:/opt/ros/jazzy DEBUGINFOD_URLS=https://debuginfod.ubuntu.com /usr/bin/cmake --install /home/bmes-endoscope-25/joystick_ws/build/spacenav
