[0.090s] Invoking command in '/home/bmes-endoscope-25/joystick_ws/build/joy_linux': CMAKE_PREFIX_PATH=${CMAKE_PREFIX_PATH}:/opt/ros/jazzy DEBUGINFOD_URLS=https://debuginfod.ubuntu.com /usr/bin/cmake --build /home/bmes-endoscope-25/joystick_ws/build/joy_linux -- -j4 -l4
[0.441s] [100%] Built target joy_linux_node
[0.499s] Invoked command in '/home/bmes-endoscope-25/joystick_ws/build/joy_linux' returned '0': CMAKE_PREFIX_PATH=${CMAKE_PREFIX_PATH}:/opt/ros/jazzy DEBUGINFOD_URLS=https://debuginfod.ubuntu.com /usr/bin/cmake --build /home/bmes-endoscope-25/joystick_ws/build/joy_linux -- -j4 -l4
[0.567s] Invoking command in '/home/bmes-endoscope-25/joystick_ws/build/joy_linux': CMAKE_PREFIX_PATH=${CMAKE_PREFIX_PATH}:/opt/ros/jazzy DEBUGINFOD_URLS=https://debuginfod.ubuntu.com /usr/bin/cmake --install /home/bmes-endoscope-25/joystick_ws/build/joy_linux
[0.614s] -- Install configuration: ""
[0.616s] -- Up-to-date: /home/bmes-endoscope-25/joystick_ws/install/joy_linux/lib/joy_linux/joy_linux_node
[0.619s] -- Up-to-date: /home/bmes-endoscope-25/joystick_ws/install/joy_linux/share/ament_index/resource_index/package_run_dependencies/joy_linux
[0.620s] -- Up-to-date: /home/bmes-endoscope-25/joystick_ws/install/joy_linux/share/ament_index/resource_index/parent_prefix_path/joy_linux
[0.625s] -- Up-to-date: /home/bmes-endoscope-25/joystick_ws/install/joy_linux/share/joy_linux/environment/ament_prefix_path.sh
[0.626s] -- Up-to-date: /home/bmes-endoscope-25/joystick_ws/install/joy_linux/share/joy_linux/environment/ament_prefix_path.dsv
[0.629s] -- Up-to-date: /home/bmes-endoscope-25/joystick_ws/install/joy_linux/share/joy_linux/environment/path.sh
[0.629s] -- Up-to-date: /home/bmes-endoscope-25/joystick_ws/install/joy_linux/share/joy_linux/environment/path.dsv
[0.630s] -- Up-to-date: /home/bmes-endoscope-25/joystick_ws/install/joy_linux/share/joy_linux/local_setup.bash
[0.630s] -- Up-to-date: /home/bmes-endoscope-25/joystick_ws/install/joy_linux/share/joy_linux/local_setup.sh
[0.630s] -- Up-to-date: /home/bmes-endoscope-25/joystick_ws/install/joy_linux/share/joy_linux/local_setup.zsh
[0.631s] -- Up-to-date: /home/bmes-endoscope-25/joystick_ws/install/joy_linux/share/joy_linux/local_setup.dsv
[0.631s] -- Installing: /home/bmes-endoscope-25/joystick_ws/install/joy_linux/share/joy_linux/package.dsv
[0.632s] -- Up-to-date: /home/bmes-endoscope-25/joystick_ws/install/joy_linux/share/ament_index/resource_index/packages/joy_linux
[0.632s] -- Up-to-date: /home/bmes-endoscope-25/joystick_ws/install/joy_linux/share/joy_linux/cmake/joy_linuxConfig.cmake
[0.633s] -- Up-to-date: /home/bmes-endoscope-25/joystick_ws/install/joy_linux/share/joy_linux/cmake/joy_linuxConfig-version.cmake
[0.633s] -- Up-to-date: /home/bmes-endoscope-25/joystick_ws/install/joy_linux/share/joy_linux/package.xml
[0.641s] Invoked command in '/home/bmes-endoscope-25/joystick_ws/build/joy_linux' returned '0': CMAKE_PREFIX_PATH=${CMAKE_PREFIX_PATH}:/opt/ros/jazzy DEBUGINFOD_URLS=https://debuginfod.ubuntu.com /usr/bin/cmake --install /home/bmes-endoscope-25/joystick_ws/build/joy_linux
