[0.101s] Invoking command in '/home/bmes-endoscope-25/joystick_ws/build/wiimote': AMENT_PREFIX_PATH=/home/bmes-endoscope-25/joystick_ws/install/wiimote_msgs:${AMENT_PREFIX_PATH} CMAKE_PREFIX_PATH=/home/bmes-endoscope-25/joystick_ws/install/wiimote_msgs:/opt/ros/jazzy/opt/gz_math_vendor:/opt/ros/jazzy/opt/gz_utils_vendor:/opt/ros/jazzy/opt/gz_cmake_vendor:/opt/ros/jazzy DEBUGINFOD_URLS=https://debuginfod.ubuntu.com LD_LIBRARY_PATH=/home/bmes-endoscope-25/joystick_ws/install/wiimote_msgs/lib:${LD_LIBRARY_PATH} PYTHONPATH=/home/bmes-endoscope-25/joystick_ws/install/wiimote_msgs/lib/python3.12/site-packages:${PYTHONPATH} /usr/bin/cmake /home/bmes-endoscope-25/joystick_ws/src/joystick_drivers/wiimote -DCMAKE_INSTALL_PREFIX=/home/bmes-endoscope-25/joystick_ws/install/wiimote
[0.642s] -- The C compiler identification is GNU 13.3.0
[1.172s] -- The CXX compiler identification is GNU 13.3.0
[1.424s] -- Detecting C compiler ABI info
[2.306s] -- Detecting C compiler ABI info - done
[2.362s] -- Check for working C compiler: /usr/bin/cc - skipped
[2.365s] -- Detecting C compile features
[2.371s] -- Detecting C compile features - done
[2.467s] -- Detecting CXX compiler ABI info
[3.453s] -- Detecting CXX compiler ABI info - done
[3.515s] -- Check for working CXX compiler: /usr/bin/c++ - skipped
[3.516s] -- Detecting CXX compile features
[3.524s] -- Detecting CXX compile features - done
[3.650s] -- Found bluetooth library.
[3.660s] -- Found bluetooth header.
[3.673s] -- Found cwiid library.
[3.678s] -- Found cwiid header.
[3.726s] -- Found ament_cmake: 2.5.3 (/opt/ros/jazzy/share/ament_cmake/cmake)
[5.163s] -- Found Python3: /usr/bin/python3 (found version "3.12.3") found components: Interpreter 
[6.219s] -- Found geometry_msgs: 5.3.5 (/opt/ros/jazzy/share/geometry_msgs/cmake)
[6.609s] -- Found rosidl_generator_c: 4.6.5 (/opt/ros/jazzy/share/rosidl_generator_c/cmake)
[6.741s] -- Found rosidl_generator_cpp: 4.6.5 (/opt/ros/jazzy/share/rosidl_generator_cpp/cmake)
[6.909s] -- Using all available rosidl_typesupport_c: rosidl_typesupport_fastrtps_c;rosidl_typesupport_introspection_c
[7.088s] -- Using all available rosidl_typesupport_cpp: rosidl_typesupport_fastrtps_cpp;rosidl_typesupport_introspection_cpp
[7.491s] -- Found rclcpp: 28.1.6 (/opt/ros/jazzy/share/rclcpp/cmake)
[8.048s] -- Found rmw_implementation_cmake: 7.3.1 (/opt/ros/jazzy/share/rmw_implementation_cmake/cmake)
[8.157s] -- Found rmw_fastrtps_cpp: 8.4.1 (/opt/ros/jazzy/share/rmw_fastrtps_cpp/cmake)
[9.518s] -- Found OpenSSL: /usr/lib/aarch64-linux-gnu/libcrypto.so (found version "3.0.13")  
[9.656s] -- Found FastRTPS: /opt/ros/jazzy/include (Required is at least version "2.13") 
[9.775s] -- Using RMW implementation 'rmw_fastrtps_cpp' as default
[10.724s] -- Found rclcpp_components: 28.1.6 (/opt/ros/jazzy/share/rclcpp_components/cmake)
[11.057s] -- Found rclcpp_lifecycle: 28.1.6 (/opt/ros/jazzy/share/rclcpp_lifecycle/cmake)
[11.369s] -- Found sensor_msgs: 5.3.5 (/opt/ros/jazzy/share/sensor_msgs/cmake)
[11.539s] -- Found std_srvs: 5.3.5 (/opt/ros/jazzy/share/std_srvs/cmake)
[11.689s] -- Found wiimote_msgs: 3.3.0 (/home/bmes-endoscope-25/joystick_ws/install/wiimote_msgs/share/wiimote_msgs/cmake)
[11.843s] -- Found ament_lint_auto: 0.17.1 (/opt/ros/jazzy/share/ament_lint_auto/cmake)
[12.863s] -- Added test 'copyright' to check source files copyright and LICENSE
[12.927s] -- Added test 'cppcheck' to perform static code analysis on C / C++ code
[12.931s] -- Configured cppcheck include dirs: $<BUILD_INTERFACE:/home/bmes-endoscope-25/joystick_ws/src/joystick_drivers/wiimote/include>
[12.934s] -- Configured cppcheck exclude dirs and/or files: 
[12.966s] -- Added test 'cpplint' to check C / C++ code against the Google style
[12.973s] -- Configured cpplint exclude dirs and/or files: 
[12.980s] -- Added test 'flake8' to check Python code syntax and style conventions
[12.985s] -- Configured 'flake8' exclude dirs and/or files: 
[13.005s] -- Added test 'lint_cmake' to check CMake code style
[13.023s] -- Added test 'pep257' to check Python code against some of the docstring style conventions in PEP 257
[13.063s] -- Added test 'uncrustify' to check C / C++ code style
[13.066s] -- Configured uncrustify additional arguments: 
[13.093s] -- Added test 'xmllint' to check XML markup files
[13.135s] -- Configuring done (12.9s)
[13.458s] -- Generating done (0.2s)
[13.546s] -- Build files have been written to: /home/bmes-endoscope-25/joystick_ws/build/wiimote
[13.675s] Invoked command in '/home/bmes-endoscope-25/joystick_ws/build/wiimote' returned '0': AMENT_PREFIX_PATH=/home/bmes-endoscope-25/joystick_ws/install/wiimote_msgs:${AMENT_PREFIX_PATH} CMAKE_PREFIX_PATH=/home/bmes-endoscope-25/joystick_ws/install/wiimote_msgs:/opt/ros/jazzy/opt/gz_math_vendor:/opt/ros/jazzy/opt/gz_utils_vendor:/opt/ros/jazzy/opt/gz_cmake_vendor:/opt/ros/jazzy DEBUGINFOD_URLS=https://debuginfod.ubuntu.com LD_LIBRARY_PATH=/home/bmes-endoscope-25/joystick_ws/install/wiimote_msgs/lib:${LD_LIBRARY_PATH} PYTHONPATH=/home/bmes-endoscope-25/joystick_ws/install/wiimote_msgs/lib/python3.12/site-packages:${PYTHONPATH} /usr/bin/cmake /home/bmes-endoscope-25/joystick_ws/src/joystick_drivers/wiimote -DCMAKE_INSTALL_PREFIX=/home/bmes-endoscope-25/joystick_ws/install/wiimote
[13.684s] Invoking command in '/home/bmes-endoscope-25/joystick_ws/build/wiimote': AMENT_PREFIX_PATH=/home/bmes-endoscope-25/joystick_ws/install/wiimote_msgs:${AMENT_PREFIX_PATH} CMAKE_PREFIX_PATH=/home/bmes-endoscope-25/joystick_ws/install/wiimote_msgs:/opt/ros/jazzy/opt/gz_math_vendor:/opt/ros/jazzy/opt/gz_utils_vendor:/opt/ros/jazzy/opt/gz_cmake_vendor:/opt/ros/jazzy DEBUGINFOD_URLS=https://debuginfod.ubuntu.com LD_LIBRARY_PATH=/home/bmes-endoscope-25/joystick_ws/install/wiimote_msgs/lib:${LD_LIBRARY_PATH} PYTHONPATH=/home/bmes-endoscope-25/joystick_ws/install/wiimote_msgs/lib/python3.12/site-packages:${PYTHONPATH} /usr/bin/cmake --build /home/bmes-endoscope-25/joystick_ws/build/wiimote -- -j4 -l4
[13.939s] -- Found bluetooth library.
[13.941s] -- Found bluetooth header.
[13.942s] -- Found cwiid library.
[13.943s] -- Found cwiid header.
[13.944s] -- Found ament_cmake: 2.5.3 (/opt/ros/jazzy/share/ament_cmake/cmake)
[15.782s] -- Found geometry_msgs: 5.3.5 (/opt/ros/jazzy/share/geometry_msgs/cmake)
[15.992s] -- Found rosidl_generator_c: 4.6.5 (/opt/ros/jazzy/share/rosidl_generator_c/cmake)
[16.054s] -- Found rosidl_generator_cpp: 4.6.5 (/opt/ros/jazzy/share/rosidl_generator_cpp/cmake)
[16.123s] -- Using all available rosidl_typesupport_c: rosidl_typesupport_fastrtps_c;rosidl_typesupport_introspection_c
[16.211s] -- Using all available rosidl_typesupport_cpp: rosidl_typesupport_fastrtps_cpp;rosidl_typesupport_introspection_cpp
[16.406s] -- Found rclcpp: 28.1.6 (/opt/ros/jazzy/share/rclcpp/cmake)
[16.655s] -- Found rmw_implementation_cmake: 7.3.1 (/opt/ros/jazzy/share/rmw_implementation_cmake/cmake)
[16.662s] -- Found rmw_fastrtps_cpp: 8.4.1 (/opt/ros/jazzy/share/rmw_fastrtps_cpp/cmake)
[16.992s] -- Using RMW implementation 'rmw_fastrtps_cpp' as default
[17.220s] -- Found rclcpp_components: 28.1.6 (/opt/ros/jazzy/share/rclcpp_components/cmake)
[17.323s] -- Found rclcpp_lifecycle: 28.1.6 (/opt/ros/jazzy/share/rclcpp_lifecycle/cmake)
[17.427s] -- Found sensor_msgs: 5.3.5 (/opt/ros/jazzy/share/sensor_msgs/cmake)
[17.515s] -- Found std_srvs: 5.3.5 (/opt/ros/jazzy/share/std_srvs/cmake)
[17.577s] -- Found wiimote_msgs: 3.3.0 (/home/bmes-endoscope-25/joystick_ws/install/wiimote_msgs/share/wiimote_msgs/cmake)
[17.661s] -- Found ament_lint_auto: 0.17.1 (/opt/ros/jazzy/share/ament_lint_auto/cmake)
[18.136s] -- Added test 'copyright' to check source files copyright and LICENSE
[18.155s] -- Added test 'cppcheck' to perform static code analysis on C / C++ code
[18.156s] -- Configured cppcheck include dirs: $<BUILD_INTERFACE:/home/bmes-endoscope-25/joystick_ws/src/joystick_drivers/wiimote/include>
[18.157s] -- Configured cppcheck exclude dirs and/or files: 
[18.172s] -- Added test 'cpplint' to check C / C++ code against the Google style
[18.173s] -- Configured cpplint exclude dirs and/or files: 
[18.176s] -- Added test 'flake8' to check Python code syntax and style conventions
[18.176s] -- Configured 'flake8' exclude dirs and/or files: 
[18.181s] -- Added test 'lint_cmake' to check CMake code style
[18.184s] -- Added test 'pep257' to check Python code against some of the docstring style conventions in PEP 257
[18.200s] -- Added test 'uncrustify' to check C / C++ code style
[18.200s] -- Configured uncrustify additional arguments: 
[18.203s] -- Added test 'xmllint' to check XML markup files
[18.212s] -- Configuring done (4.3s)
[18.361s] -- Generating done (0.1s)
[18.398s] -- Build files have been written to: /home/bmes-endoscope-25/joystick_ws/build/wiimote
[18.560s] gmake[2]: Warning: File '/home/bmes-endoscope-25/joystick_ws/src/joystick_drivers/wiimote/src/wiimote_controller.cpp' has modification time 29762296 s in the future
[18.603s] [ 11%] [32mBuilding CXX object CMakeFiles/wiimote_lib.dir/src/wiimote_controller.cpp.o[0m
[67.156s] gmake[2]: *** [CMakeFiles/wiimote_lib.dir/build.make:76: CMakeFiles/wiimote_lib.dir/src/wiimote_controller.cpp.o] Interrupt
[67.161s] gmake[1]: *** [CMakeFiles/Makefile2:143: CMakeFiles/wiimote_lib.dir/all] Interrupt
[67.162s] gmake: *** [Makefile:146: all] Interrupt
[67.674s] Invoked command in '/home/bmes-endoscope-25/joystick_ws/build/wiimote' returned '-2': AMENT_PREFIX_PATH=/home/bmes-endoscope-25/joystick_ws/install/wiimote_msgs:${AMENT_PREFIX_PATH} CMAKE_PREFIX_PATH=/home/bmes-endoscope-25/joystick_ws/install/wiimote_msgs:/opt/ros/jazzy/opt/gz_math_vendor:/opt/ros/jazzy/opt/gz_utils_vendor:/opt/ros/jazzy/opt/gz_cmake_vendor:/opt/ros/jazzy DEBUGINFOD_URLS=https://debuginfod.ubuntu.com LD_LIBRARY_PATH=/home/bmes-endoscope-25/joystick_ws/install/wiimote_msgs/lib:${LD_LIBRARY_PATH} PYTHONPATH=/home/bmes-endoscope-25/joystick_ws/install/wiimote_msgs/lib/python3.12/site-packages:${PYTHONPATH} /usr/bin/cmake --build /home/bmes-endoscope-25/joystick_ws/build/wiimote -- -j4 -l4
