gmake: Warning: File 'Makefile' has modification time 17060317 s in the future
gmake[1]: Warning: File 'CMakeFiles/Makefile2' has modification time 17060316 s in the future
gmake[2]: Warning: File 'CMakeFiles/joy_linux_node.dir/flags.make' has modification time 17060316 s in the future
gmake[2]: warning:  Clock skew detected.  Your build may be incomplete.
gmake[2]: Warning: File 'CMakeFiles/joy_linux_node.dir/flags.make' has modification time 17060316 s in the future
gmake[2]: warning:  Clock skew detected.  Your build may be incomplete.
[100%] Built target joy_linux_node
gmake[1]: warning:  Clock skew detected.  Your build may be incomplete.
gmake: warning:  Clock skew detected.  Your build may be incomplete.
-- Install configuration: ""
-- Up-to-date: /home/bmes-endoscope-25/joystick_ws/install/joy_linux/lib/joy_linux/joy_linux_node
-- Up-to-date: /home/bmes-endoscope-25/joystick_ws/install/joy_linux/share/ament_index/resource_index/package_run_dependencies/joy_linux
-- Up-to-date: /home/bmes-endoscope-25/joystick_ws/install/joy_linux/share/ament_index/resource_index/parent_prefix_path/joy_linux
-- Up-to-date: /home/bmes-endoscope-25/joystick_ws/install/joy_linux/share/joy_linux/environment/ament_prefix_path.sh
-- Up-to-date: /home/bmes-endoscope-25/joystick_ws/install/joy_linux/share/joy_linux/environment/ament_prefix_path.dsv
-- Up-to-date: /home/bmes-endoscope-25/joystick_ws/install/joy_linux/share/joy_linux/environment/path.sh
-- Up-to-date: /home/bmes-endoscope-25/joystick_ws/install/joy_linux/share/joy_linux/environment/path.dsv
-- Up-to-date: /home/bmes-endoscope-25/joystick_ws/install/joy_linux/share/joy_linux/local_setup.bash
-- Up-to-date: /home/bmes-endoscope-25/joystick_ws/install/joy_linux/share/joy_linux/local_setup.sh
-- Up-to-date: /home/bmes-endoscope-25/joystick_ws/install/joy_linux/share/joy_linux/local_setup.zsh
-- Up-to-date: /home/bmes-endoscope-25/joystick_ws/install/joy_linux/share/joy_linux/local_setup.dsv
-- Installing: /home/bmes-endoscope-25/joystick_ws/install/joy_linux/share/joy_linux/package.dsv
-- Up-to-date: /home/bmes-endoscope-25/joystick_ws/install/joy_linux/share/ament_index/resource_index/packages/joy_linux
-- Up-to-date: /home/bmes-endoscope-25/joystick_ws/install/joy_linux/share/joy_linux/cmake/joy_linuxConfig.cmake
-- Up-to-date: /home/bmes-endoscope-25/joystick_ws/install/joy_linux/share/joy_linux/cmake/joy_linuxConfig-version.cmake
-- Up-to-date: /home/bmes-endoscope-25/joystick_ws/install/joy_linux/share/joy_linux/package.xml
