[0.105s] Invoking command in '/home/bmes-endoscope-25/joystick_ws/build/wiimote_msgs': CMAKE_PREFIX_PATH=${CMAKE_PREFIX_PATH}:/opt/ros/jazzy DEBUGINFOD_URLS=https://debuginfod.ubuntu.com /usr/bin/cmake /home/bmes-endoscope-25/joystick_ws/src/joystick_drivers/wiimote_msgs -DCMAKE_INSTALL_PREFIX=/home/bmes-endoscope-25/joystick_ws/install/wiimote_msgs
[0.578s] -- The C compiler identification is GNU 13.3.0
[1.059s] -- The CXX compiler identification is GNU 13.3.0
[1.206s] -- Detecting C compiler ABI info
[2.078s] -- Detecting C compiler ABI info - done
[2.135s] -- Check for working C compiler: /usr/bin/cc - skipped
[2.136s] -- Detecting C compile features
[2.139s] -- Detecting C compile features - done
[2.197s] -- Detecting CXX compiler ABI info
[3.016s] -- Detecting CXX compiler ABI info - done
[3.064s] -- Check for working CXX compiler: /usr/bin/c++ - skipped
[3.066s] -- Detecting CXX compile features
[3.068s] -- Detecting CXX compile features - done
[3.113s] -- Found ament_cmake: 2.5.3 (/opt/ros/jazzy/share/ament_cmake/cmake)
[4.567s] -- Found Python3: /usr/bin/python3 (found version "3.12.3") found components: Interpreter 
[5.478s] -- Found ament_cmake_auto: 2.5.3 (/opt/ros/jazzy/share/ament_cmake_auto/cmake)
[6.576s] -- Found rosidl_generator_c: 4.6.5 (/opt/ros/jazzy/share/rosidl_generator_c/cmake)
[6.703s] -- Found rosidl_generator_cpp: 4.6.5 (/opt/ros/jazzy/share/rosidl_generator_cpp/cmake)
[6.830s] -- Using all available rosidl_typesupport_c: rosidl_typesupport_fastrtps_c;rosidl_typesupport_introspection_c
[6.965s] -- Using all available rosidl_typesupport_cpp: rosidl_typesupport_fastrtps_cpp;rosidl_typesupport_introspection_cpp
[7.945s] -- Found rosidl_adapter: 4.6.5 (/opt/ros/jazzy/share/rosidl_adapter/cmake)
[7.985s] -- Found ament_lint_auto: 0.17.1 (/opt/ros/jazzy/share/ament_lint_auto/cmake)
[12.655s] -- Found ament_cmake_ros: 0.12.0 (/opt/ros/jazzy/share/ament_cmake_ros/cmake)
[21.555s] -- Using all available rosidl_typesupport_c: rosidl_typesupport_fastrtps_c;rosidl_typesupport_introspection_c
[26.478s] -- Using all available rosidl_typesupport_cpp: rosidl_typesupport_fastrtps_cpp;rosidl_typesupport_introspection_cpp
[26.620s] -- Found python_cmake_module: 0.11.1 (/opt/ros/jazzy/share/python_cmake_module/cmake)
[29.261s] -- Found PythonExtra: /usr/bin/python3  
[38.494s] -- Found Python3: /usr/bin/python3 (found version "3.12.3") found components: Interpreter Development NumPy Development.Module Development.Embed 
[39.454s] -- Added test 'copyright' to check source files copyright and LICENSE
[39.534s] -- Added test 'lint_cmake' to check CMake code style
[39.577s] -- Added test 'xmllint' to check XML markup files
[39.794s] -- Configuring done (39.6s)
[41.006s] -- Generating done (0.9s)
[41.171s] -- Build files have been written to: /home/bmes-endoscope-25/joystick_ws/build/wiimote_msgs
[41.273s] Invoked command in '/home/bmes-endoscope-25/joystick_ws/build/wiimote_msgs' returned '0': CMAKE_PREFIX_PATH=${CMAKE_PREFIX_PATH}:/opt/ros/jazzy DEBUGINFOD_URLS=https://debuginfod.ubuntu.com /usr/bin/cmake /home/bmes-endoscope-25/joystick_ws/src/joystick_drivers/wiimote_msgs -DCMAKE_INSTALL_PREFIX=/home/bmes-endoscope-25/joystick_ws/install/wiimote_msgs
[41.288s] Invoking command in '/home/bmes-endoscope-25/joystick_ws/build/wiimote_msgs': CMAKE_PREFIX_PATH=${CMAKE_PREFIX_PATH}:/opt/ros/jazzy DEBUGINFOD_URLS=https://debuginfod.ubuntu.com /usr/bin/cmake --build /home/bmes-endoscope-25/joystick_ws/build/wiimote_msgs -- -j4 -l4
[41.992s] [  1%] [34m[1mGenerating type hashes for ROS interfaces[0m
[50.537s] [  1%] Built target wiimote_msgs__rosidl_generator_type_description
[51.023s] [  1%] Built target ament_cmake_python_copy_wiimote_msgs
[51.131s] [  3%] [34m[1mGenerating C code for ROS interfaces[0m
[66.818s] [  5%] [32mBuilding C object CMakeFiles/wiimote_msgs__rosidl_generator_c.dir/rosidl_generator_c/wiimote_msgs/msg/detail/ir_source_info__description.c.o[0m
[67.495s] [  7%] [32mBuilding C object CMakeFiles/wiimote_msgs__rosidl_generator_c.dir/rosidl_generator_c/wiimote_msgs/msg/detail/ir_source_info__functions.c.o[0m
[68.517s] [  9%] [32mBuilding C object CMakeFiles/wiimote_msgs__rosidl_generator_c.dir/rosidl_generator_c/wiimote_msgs/msg/detail/ir_source_info__type_support.c.o[0m
[69.128s] [ 11%] [32mBuilding C object CMakeFiles/wiimote_msgs__rosidl_generator_c.dir/rosidl_generator_c/wiimote_msgs/msg/detail/state__description.c.o[0m
[69.869s] [ 12%] [32mBuilding C object CMakeFiles/wiimote_msgs__rosidl_generator_c.dir/rosidl_generator_c/wiimote_msgs/msg/detail/state__functions.c.o[0m
[70.906s] [ 14%] [32mBuilding C object CMakeFiles/wiimote_msgs__rosidl_generator_c.dir/rosidl_generator_c/wiimote_msgs/msg/detail/state__type_support.c.o[0m
[71.290s] [ 16%] [32mBuilding C object CMakeFiles/wiimote_msgs__rosidl_generator_c.dir/rosidl_generator_c/wiimote_msgs/msg/detail/timed_switch__description.c.o[0m
[71.658s] [ 18%] [32mBuilding C object CMakeFiles/wiimote_msgs__rosidl_generator_c.dir/rosidl_generator_c/wiimote_msgs/msg/detail/timed_switch__functions.c.o[0m
[72.530s] [ 20%] [32mBuilding C object CMakeFiles/wiimote_msgs__rosidl_generator_c.dir/rosidl_generator_c/wiimote_msgs/msg/detail/timed_switch__type_support.c.o[0m
[73.063s] [ 22%] [32m[1mLinking C shared library libwiimote_msgs__rosidl_generator_c.so[0m
[73.945s] [ 22%] Built target wiimote_msgs__rosidl_generator_c
[77.639s] running egg_info
[77.666s] creating wiimote_msgs.egg-info
[78.215s] writing wiimote_msgs.egg-info/PKG-INFO
[78.219s] writing dependency_links to wiimote_msgs.egg-info/dependency_links.txt
[78.221s] writing top-level names to wiimote_msgs.egg-info/top_level.txt
[78.228s] writing manifest file 'wiimote_msgs.egg-info/SOURCES.txt'
[79.553s] reading manifest file 'wiimote_msgs.egg-info/SOURCES.txt'
[79.559s] writing manifest file 'wiimote_msgs.egg-info/SOURCES.txt'
[79.941s] [ 22%] Built target ament_cmake_python_build_wiimote_msgs_egg
[80.138s] [ 24%] [34m[1mGenerating C introspection for ROS interfaces[0m
[88.635s] [ 25%] [32mBuilding C object CMakeFiles/wiimote_msgs__rosidl_typesupport_introspection_c.dir/rosidl_typesupport_introspection_c/wiimote_msgs/msg/detail/ir_source_info__type_support.c.o[0m
[89.142s] [ 27%] [32mBuilding C object CMakeFiles/wiimote_msgs__rosidl_typesupport_introspection_c.dir/rosidl_typesupport_introspection_c/wiimote_msgs/msg/detail/state__type_support.c.o[0m
[90.163s] [ 29%] [32mBuilding C object CMakeFiles/wiimote_msgs__rosidl_typesupport_introspection_c.dir/rosidl_typesupport_introspection_c/wiimote_msgs/msg/detail/timed_switch__type_support.c.o[0m
[90.793s] [ 31%] [32m[1mLinking C shared library libwiimote_msgs__rosidl_typesupport_introspection_c.so[0m
[90.967s] gmake[2]: *** [CMakeFiles/wiimote_msgs__rosidl_typesupport_introspection_c.dir/build.make:231: libwiimote_msgs__rosidl_typesupport_introspection_c.so] Interrupt
[90.969s] gmake[1]: *** [CMakeFiles/Makefile2:346: CMakeFiles/wiimote_msgs__rosidl_typesupport_introspection_c.dir/all] Interrupt
[90.984s] gmake: *** [Makefile:146: all] Interrupt
[90.992s] Invoked command in '/home/bmes-endoscope-25/joystick_ws/build/wiimote_msgs' returned '-2': CMAKE_PREFIX_PATH=${CMAKE_PREFIX_PATH}:/opt/ros/jazzy DEBUGINFOD_URLS=https://debuginfod.ubuntu.com /usr/bin/cmake --build /home/bmes-endoscope-25/joystick_ws/build/wiimote_msgs -- -j4 -l4
