[0.132s] Invoking command in '/home/bmes-endoscope-25/joystick_ws/build/wiimote_msgs': CMAKE_PREFIX_PATH=${CMAKE_PREFIX_PATH}:/opt/ros/jazzy DEBUGINFOD_URLS=https://debuginfod.ubuntu.com /usr/bin/cmake --build /home/bmes-endoscope-25/joystick_ws/build/wiimote_msgs -- -j4 -l4
[0.657s] [  1%] Built target wiimote_msgs__rosidl_generator_type_description
[0.738s] [  1%] Built target ament_cmake_python_copy_wiimote_msgs
[0.957s] [  3%] [34m[1mGenerating C++ code for ROS interfaces[0m
[1.133s] [ 24%] Built target wiimote_msgs__rosidl_generator_c
[1.714s] [ 25%] [32m[1mLinking C shared library libwiimote_msgs__rosidl_typesupport_introspection_c.so[0m
[2.279s] [ 33%] Built target wiimote_msgs__rosidl_typesupport_introspection_c
[2.478s] [ 35%] [34m[1mGenerating C type support for eProsima Fast-RTPS[0m
[5.085s] running egg_info
[5.836s] writing wiimote_msgs.egg-info/PKG-INFO
[5.845s] writing dependency_links to wiimote_msgs.egg-info/dependency_links.txt
[5.845s] writing top-level names to wiimote_msgs.egg-info/top_level.txt
[7.364s] reading manifest file 'wiimote_msgs.egg-info/SOURCES.txt'
[7.371s] writing manifest file 'wiimote_msgs.egg-info/SOURCES.txt'
[8.010s] [ 35%] Built target ament_cmake_python_build_wiimote_msgs_egg
[12.535s] [ 35%] Built target wiimote_msgs__cpp
[12.937s] [ 37%] [32mBuilding CXX object CMakeFiles/wiimote_msgs__rosidl_typesupport_fastrtps_c.dir/rosidl_typesupport_fastrtps_c/wiimote_msgs/msg/detail/ir_source_info__type_support_c.cpp.o[0m
[16.962s] [ 38%] [32mBuilding CXX object CMakeFiles/wiimote_msgs__rosidl_typesupport_fastrtps_c.dir/rosidl_typesupport_fastrtps_c/wiimote_msgs/msg/detail/state__type_support_c.cpp.o[0m
[20.896s] [ 40%] [32mBuilding CXX object CMakeFiles/wiimote_msgs__rosidl_typesupport_fastrtps_c.dir/rosidl_typesupport_fastrtps_c/wiimote_msgs/msg/detail/timed_switch__type_support_c.cpp.o[0m
[24.081s] [ 42%] [32m[1mLinking CXX shared library libwiimote_msgs__rosidl_typesupport_fastrtps_c.so[0m
[24.430s] [ 42%] Built target wiimote_msgs__rosidl_typesupport_fastrtps_c
[24.510s] [ 44%] [34m[1mGenerating C++ type support for eProsima Fast-RTPS[0m
[29.108s] [ 46%] [32mBuilding CXX object CMakeFiles/wiimote_msgs__rosidl_typesupport_fastrtps_cpp.dir/rosidl_typesupport_fastrtps_cpp/wiimote_msgs/msg/detail/dds_fastrtps/ir_source_info__type_support.cpp.o[0m
[32.362s] [ 48%] [32mBuilding CXX object CMakeFiles/wiimote_msgs__rosidl_typesupport_fastrtps_cpp.dir/rosidl_typesupport_fastrtps_cpp/wiimote_msgs/msg/detail/dds_fastrtps/state__type_support.cpp.o[0m
[36.361s] [ 50%] [32mBuilding CXX object CMakeFiles/wiimote_msgs__rosidl_typesupport_fastrtps_cpp.dir/rosidl_typesupport_fastrtps_cpp/wiimote_msgs/msg/detail/dds_fastrtps/timed_switch__type_support.cpp.o[0m
[39.923s] [ 51%] [32m[1mLinking CXX shared library libwiimote_msgs__rosidl_typesupport_fastrtps_cpp.so[0m
[40.413s] [ 51%] Built target wiimote_msgs__rosidl_typesupport_fastrtps_cpp
[40.486s] [ 53%] [34m[1mGenerating C++ introspection for ROS interfaces[0m
[44.982s] [ 55%] [32mBuilding CXX object CMakeFiles/wiimote_msgs__rosidl_typesupport_introspection_cpp.dir/rosidl_typesupport_introspection_cpp/wiimote_msgs/msg/detail/ir_source_info__type_support.cpp.o[0m
[44.987s] [ 57%] [32mBuilding CXX object CMakeFiles/wiimote_msgs__rosidl_typesupport_introspection_cpp.dir/rosidl_typesupport_introspection_cpp/wiimote_msgs/msg/detail/state__type_support.cpp.o[0m
[47.626s] [ 59%] [32mBuilding CXX object CMakeFiles/wiimote_msgs__rosidl_typesupport_introspection_cpp.dir/rosidl_typesupport_introspection_cpp/wiimote_msgs/msg/detail/timed_switch__type_support.cpp.o[0m
[50.203s] [ 61%] [32m[1mLinking CXX shared library libwiimote_msgs__rosidl_typesupport_introspection_cpp.so[0m
[50.715s] [ 61%] Built target wiimote_msgs__rosidl_typesupport_introspection_cpp
[50.786s] [ 62%] [34m[1mGenerating C++ type support dispatch for ROS interfaces[0m
[50.787s] [ 64%] [34m[1mGenerating C type support dispatch for ROS interfaces[0m
[55.383s] [ 68%] [32mBuilding CXX object CMakeFiles/wiimote_msgs__rosidl_typesupport_cpp.dir/rosidl_typesupport_cpp/wiimote_msgs/msg/state__type_support.cpp.o[0m
[55.385s] [ 68%] [32mBuilding CXX object CMakeFiles/wiimote_msgs__rosidl_typesupport_cpp.dir/rosidl_typesupport_cpp/wiimote_msgs/msg/ir_source_info__type_support.cpp.o[0m
[55.517s] [ 70%] [32mBuilding CXX object CMakeFiles/wiimote_msgs__rosidl_typesupport_c.dir/rosidl_typesupport_c/wiimote_msgs/msg/ir_source_info__type_support.cpp.o[0m
[56.248s] [ 72%] [32mBuilding CXX object CMakeFiles/wiimote_msgs__rosidl_typesupport_c.dir/rosidl_typesupport_c/wiimote_msgs/msg/state__type_support.cpp.o[0m
[56.734s] [ 74%] [32mBuilding CXX object CMakeFiles/wiimote_msgs__rosidl_typesupport_c.dir/rosidl_typesupport_c/wiimote_msgs/msg/timed_switch__type_support.cpp.o[0m
[57.279s] [ 75%] [32m[1mLinking CXX shared library libwiimote_msgs__rosidl_typesupport_c.so[0m
[57.728s] [ 75%] Built target wiimote_msgs__rosidl_typesupport_c
[58.363s] [ 77%] [32mBuilding CXX object CMakeFiles/wiimote_msgs__rosidl_typesupport_cpp.dir/rosidl_typesupport_cpp/wiimote_msgs/msg/timed_switch__type_support.cpp.o[0m
[60.232s] [ 79%] [32m[1mLinking CXX shared library libwiimote_msgs__rosidl_typesupport_cpp.so[0m
[60.468s] [ 79%] Built target wiimote_msgs__rosidl_typesupport_cpp
[60.592s] [ 79%] Built target wiimote_msgs
[60.724s] [ 81%] [34m[1mGenerating Python code for ROS interfaces[0m
[67.359s] [ 81%] Built target wiimote_msgs__py
[67.514s] [ 83%] [32mBuilding C object CMakeFiles/wiimote_msgs__rosidl_generator_py.dir/rosidl_generator_py/wiimote_msgs/msg/_ir_source_info_s.c.o[0m
[67.517s] [ 85%] [32mBuilding C object CMakeFiles/wiimote_msgs__rosidl_generator_py.dir/rosidl_generator_py/wiimote_msgs/msg/_timed_switch_s.c.o[0m
[67.519s] [ 87%] [32mBuilding C object CMakeFiles/wiimote_msgs__rosidl_generator_py.dir/rosidl_generator_py/wiimote_msgs/msg/_state_s.c.o[0m
[68.954s] [ 88%] [32m[1mLinking C shared library libwiimote_msgs__rosidl_generator_py.so[0m
[69.328s] [ 88%] Built target wiimote_msgs__rosidl_generator_py
[69.499s] [ 90%] [32mBuilding C object CMakeFiles/wiimote_msgs_s__rosidl_typesupport_fastrtps_c.dir/rosidl_generator_py/wiimote_msgs/_wiimote_msgs_s.ep.rosidl_typesupport_fastrtps_c.c.o[0m
[69.504s] [ 92%] [32mBuilding C object CMakeFiles/wiimote_msgs_s__rosidl_typesupport_introspection_c.dir/rosidl_generator_py/wiimote_msgs/_wiimote_msgs_s.ep.rosidl_typesupport_introspection_c.c.o[0m
[69.525s] [ 94%] [32mBuilding C object CMakeFiles/wiimote_msgs_s__rosidl_typesupport_c.dir/rosidl_generator_py/wiimote_msgs/_wiimote_msgs_s.ep.rosidl_typesupport_c.c.o[0m
[70.247s] [ 96%] [32m[1mLinking C shared module rosidl_generator_py/wiimote_msgs/wiimote_msgs_s__rosidl_typesupport_c.so[0m
[70.256s] [ 98%] [32m[1mLinking C shared module rosidl_generator_py/wiimote_msgs/wiimote_msgs_s__rosidl_typesupport_introspection_c.so[0m
[70.412s] [100%] [32m[1mLinking C shared module rosidl_generator_py/wiimote_msgs/wiimote_msgs_s__rosidl_typesupport_fastrtps_c.so[0m
[70.476s] [100%] Built target wiimote_msgs_s__rosidl_typesupport_c
[70.489s] [100%] Built target wiimote_msgs_s__rosidl_typesupport_introspection_c
[70.621s] [100%] Built target wiimote_msgs_s__rosidl_typesupport_fastrtps_c
[70.685s] Invoked command in '/home/bmes-endoscope-25/joystick_ws/build/wiimote_msgs' returned '0': CMAKE_PREFIX_PATH=${CMAKE_PREFIX_PATH}:/opt/ros/jazzy DEBUGINFOD_URLS=https://debuginfod.ubuntu.com /usr/bin/cmake --build /home/bmes-endoscope-25/joystick_ws/build/wiimote_msgs -- -j4 -l4
[70.690s] Invoking command in '/home/bmes-endoscope-25/joystick_ws/build/wiimote_msgs': CMAKE_PREFIX_PATH=${CMAKE_PREFIX_PATH}:/opt/ros/jazzy DEBUGINFOD_URLS=https://debuginfod.ubuntu.com /usr/bin/cmake --install /home/bmes-endoscope-25/joystick_ws/build/wiimote_msgs
[70.736s] -- Install configuration: ""
[70.736s] -- Up-to-date: /home/bmes-endoscope-25/joystick_ws/install/wiimote_msgs/share/ament_index/resource_index/rosidl_interfaces/wiimote_msgs
[70.737s] -- Up-to-date: /home/bmes-endoscope-25/joystick_ws/install/wiimote_msgs/share/wiimote_msgs/msg/IrSourceInfo.json
[70.737s] -- Up-to-date: /home/bmes-endoscope-25/joystick_ws/install/wiimote_msgs/share/wiimote_msgs/msg/State.json
[70.738s] -- Up-to-date: /home/bmes-endoscope-25/joystick_ws/install/wiimote_msgs/share/wiimote_msgs/msg/TimedSwitch.json
[70.738s] -- Up-to-date: /home/bmes-endoscope-25/joystick_ws/install/wiimote_msgs/include/wiimote_msgs/wiimote_msgs
[70.739s] -- Up-to-date: /home/bmes-endoscope-25/joystick_ws/install/wiimote_msgs/include/wiimote_msgs/wiimote_msgs/msg
[70.739s] -- Up-to-date: /home/bmes-endoscope-25/joystick_ws/install/wiimote_msgs/include/wiimote_msgs/wiimote_msgs/msg/timed_switch.h
[70.740s] -- Up-to-date: /home/bmes-endoscope-25/joystick_ws/install/wiimote_msgs/include/wiimote_msgs/wiimote_msgs/msg/state.h
[70.740s] -- Up-to-date: /home/bmes-endoscope-25/joystick_ws/install/wiimote_msgs/include/wiimote_msgs/wiimote_msgs/msg/detail
[70.741s] -- Up-to-date: /home/bmes-endoscope-25/joystick_ws/install/wiimote_msgs/include/wiimote_msgs/wiimote_msgs/msg/detail/timed_switch__functions.h
[70.741s] -- Installing: /home/bmes-endoscope-25/joystick_ws/install/wiimote_msgs/include/wiimote_msgs/wiimote_msgs/msg/detail/ir_source_info__type_support.c
[70.742s] -- Up-to-date: /home/bmes-endoscope-25/joystick_ws/install/wiimote_msgs/include/wiimote_msgs/wiimote_msgs/msg/detail/ir_source_info__type_support.h
[70.742s] -- Up-to-date: /home/bmes-endoscope-25/joystick_ws/install/wiimote_msgs/include/wiimote_msgs/wiimote_msgs/msg/detail/state__functions.h
[70.743s] -- Up-to-date: /home/bmes-endoscope-25/joystick_ws/install/wiimote_msgs/include/wiimote_msgs/wiimote_msgs/msg/detail/ir_source_info__functions.h
[70.743s] -- Up-to-date: /home/bmes-endoscope-25/joystick_ws/install/wiimote_msgs/include/wiimote_msgs/wiimote_msgs/msg/detail/state__functions.c
[70.744s] -- Installing: /home/bmes-endoscope-25/joystick_ws/install/wiimote_msgs/include/wiimote_msgs/wiimote_msgs/msg/detail/timed_switch__type_support.c
[70.744s] -- Up-to-date: /home/bmes-endoscope-25/joystick_ws/install/wiimote_msgs/include/wiimote_msgs/wiimote_msgs/msg/detail/ir_source_info__functions.c
[70.745s] -- Up-to-date: /home/bmes-endoscope-25/joystick_ws/install/wiimote_msgs/include/wiimote_msgs/wiimote_msgs/msg/detail/state__struct.h
[70.745s] -- Up-to-date: /home/bmes-endoscope-25/joystick_ws/install/wiimote_msgs/include/wiimote_msgs/wiimote_msgs/msg/detail/state__type_support.h
[70.745s] -- Up-to-date: /home/bmes-endoscope-25/joystick_ws/install/wiimote_msgs/include/wiimote_msgs/wiimote_msgs/msg/detail/timed_switch__type_support.h
[70.746s] -- Up-to-date: /home/bmes-endoscope-25/joystick_ws/install/wiimote_msgs/include/wiimote_msgs/wiimote_msgs/msg/detail/timed_switch__functions.c
[70.746s] -- Up-to-date: /home/bmes-endoscope-25/joystick_ws/install/wiimote_msgs/include/wiimote_msgs/wiimote_msgs/msg/detail/timed_switch__description.c
[70.747s] -- Up-to-date: /home/bmes-endoscope-25/joystick_ws/install/wiimote_msgs/include/wiimote_msgs/wiimote_msgs/msg/detail/ir_source_info__description.c
[70.747s] -- Installing: /home/bmes-endoscope-25/joystick_ws/install/wiimote_msgs/include/wiimote_msgs/wiimote_msgs/msg/detail/state__type_support.c
[70.748s] -- Up-to-date: /home/bmes-endoscope-25/joystick_ws/install/wiimote_msgs/include/wiimote_msgs/wiimote_msgs/msg/detail/timed_switch__struct.h
[70.748s] -- Up-to-date: /home/bmes-endoscope-25/joystick_ws/install/wiimote_msgs/include/wiimote_msgs/wiimote_msgs/msg/detail/ir_source_info__struct.h
[70.749s] -- Up-to-date: /home/bmes-endoscope-25/joystick_ws/install/wiimote_msgs/include/wiimote_msgs/wiimote_msgs/msg/detail/state__description.c
[70.749s] -- Up-to-date: /home/bmes-endoscope-25/joystick_ws/install/wiimote_msgs/include/wiimote_msgs/wiimote_msgs/msg/rosidl_generator_c__visibility_control.h
[70.750s] -- Up-to-date: /home/bmes-endoscope-25/joystick_ws/install/wiimote_msgs/include/wiimote_msgs/wiimote_msgs/msg/ir_source_info.h
[70.750s] -- Up-to-date: /home/bmes-endoscope-25/joystick_ws/install/wiimote_msgs/share/wiimote_msgs/environment/library_path.sh
[70.750s] -- Up-to-date: /home/bmes-endoscope-25/joystick_ws/install/wiimote_msgs/share/wiimote_msgs/environment/library_path.dsv
[70.751s] -- Up-to-date: /home/bmes-endoscope-25/joystick_ws/install/wiimote_msgs/lib/libwiimote_msgs__rosidl_generator_c.so
[70.751s] -- Up-to-date: /home/bmes-endoscope-25/joystick_ws/install/wiimote_msgs/include/wiimote_msgs/wiimote_msgs
[70.752s] -- Up-to-date: /home/bmes-endoscope-25/joystick_ws/install/wiimote_msgs/include/wiimote_msgs/wiimote_msgs/msg
[70.752s] -- Up-to-date: /home/bmes-endoscope-25/joystick_ws/install/wiimote_msgs/include/wiimote_msgs/wiimote_msgs/msg/rosidl_typesupport_fastrtps_c__visibility_control.h
[70.753s] -- Up-to-date: /home/bmes-endoscope-25/joystick_ws/install/wiimote_msgs/include/wiimote_msgs/wiimote_msgs/msg/detail
[70.753s] -- Installing: /home/bmes-endoscope-25/joystick_ws/install/wiimote_msgs/include/wiimote_msgs/wiimote_msgs/msg/detail/state__rosidl_typesupport_fastrtps_c.h
[70.754s] -- Installing: /home/bmes-endoscope-25/joystick_ws/install/wiimote_msgs/include/wiimote_msgs/wiimote_msgs/msg/detail/timed_switch__rosidl_typesupport_fastrtps_c.h
[70.755s] -- Installing: /home/bmes-endoscope-25/joystick_ws/install/wiimote_msgs/include/wiimote_msgs/wiimote_msgs/msg/detail/ir_source_info__rosidl_typesupport_fastrtps_c.h
[70.758s] -- Installing: /home/bmes-endoscope-25/joystick_ws/install/wiimote_msgs/lib/libwiimote_msgs__rosidl_typesupport_fastrtps_c.so
[70.762s] -- Set non-toolchain portion of runtime path of "/home/bmes-endoscope-25/joystick_ws/install/wiimote_msgs/lib/libwiimote_msgs__rosidl_typesupport_fastrtps_c.so" to ""
[70.762s] -- Up-to-date: /home/bmes-endoscope-25/joystick_ws/install/wiimote_msgs/include/wiimote_msgs/wiimote_msgs
[70.763s] -- Up-to-date: /home/bmes-endoscope-25/joystick_ws/install/wiimote_msgs/include/wiimote_msgs/wiimote_msgs/msg
[70.764s] -- Installing: /home/bmes-endoscope-25/joystick_ws/install/wiimote_msgs/include/wiimote_msgs/wiimote_msgs/msg/rosidl_generator_cpp__visibility_control.hpp
[70.765s] -- Installing: /home/bmes-endoscope-25/joystick_ws/install/wiimote_msgs/include/wiimote_msgs/wiimote_msgs/msg/ir_source_info.hpp
[70.766s] -- Installing: /home/bmes-endoscope-25/joystick_ws/install/wiimote_msgs/include/wiimote_msgs/wiimote_msgs/msg/timed_switch.hpp
[70.767s] -- Up-to-date: /home/bmes-endoscope-25/joystick_ws/install/wiimote_msgs/include/wiimote_msgs/wiimote_msgs/msg/detail
[70.767s] -- Installing: /home/bmes-endoscope-25/joystick_ws/install/wiimote_msgs/include/wiimote_msgs/wiimote_msgs/msg/detail/state__struct.hpp
[70.769s] -- Installing: /home/bmes-endoscope-25/joystick_ws/install/wiimote_msgs/include/wiimote_msgs/wiimote_msgs/msg/detail/ir_source_info__traits.hpp
[70.770s] -- Installing: /home/bmes-endoscope-25/joystick_ws/install/wiimote_msgs/include/wiimote_msgs/wiimote_msgs/msg/detail/ir_source_info__type_support.hpp
[70.771s] -- Installing: /home/bmes-endoscope-25/joystick_ws/install/wiimote_msgs/include/wiimote_msgs/wiimote_msgs/msg/detail/timed_switch__builder.hpp
[70.773s] -- Installing: /home/bmes-endoscope-25/joystick_ws/install/wiimote_msgs/include/wiimote_msgs/wiimote_msgs/msg/detail/state__type_support.hpp
[70.774s] -- Installing: /home/bmes-endoscope-25/joystick_ws/install/wiimote_msgs/include/wiimote_msgs/wiimote_msgs/msg/detail/timed_switch__traits.hpp
[70.775s] -- Installing: /home/bmes-endoscope-25/joystick_ws/install/wiimote_msgs/include/wiimote_msgs/wiimote_msgs/msg/detail/timed_switch__type_support.hpp
[70.776s] -- Installing: /home/bmes-endoscope-25/joystick_ws/install/wiimote_msgs/include/wiimote_msgs/wiimote_msgs/msg/detail/ir_source_info__builder.hpp
[70.778s] -- Installing: /home/bmes-endoscope-25/joystick_ws/install/wiimote_msgs/include/wiimote_msgs/wiimote_msgs/msg/detail/state__traits.hpp
[70.779s] -- Installing: /home/bmes-endoscope-25/joystick_ws/install/wiimote_msgs/include/wiimote_msgs/wiimote_msgs/msg/detail/state__builder.hpp
[70.780s] -- Installing: /home/bmes-endoscope-25/joystick_ws/install/wiimote_msgs/include/wiimote_msgs/wiimote_msgs/msg/detail/ir_source_info__struct.hpp
[70.781s] -- Installing: /home/bmes-endoscope-25/joystick_ws/install/wiimote_msgs/include/wiimote_msgs/wiimote_msgs/msg/detail/timed_switch__struct.hpp
[70.782s] -- Installing: /home/bmes-endoscope-25/joystick_ws/install/wiimote_msgs/include/wiimote_msgs/wiimote_msgs/msg/state.hpp
[70.784s] -- Up-to-date: /home/bmes-endoscope-25/joystick_ws/install/wiimote_msgs/include/wiimote_msgs/wiimote_msgs
[70.784s] -- Up-to-date: /home/bmes-endoscope-25/joystick_ws/install/wiimote_msgs/include/wiimote_msgs/wiimote_msgs/msg
[70.785s] -- Up-to-date: /home/bmes-endoscope-25/joystick_ws/install/wiimote_msgs/include/wiimote_msgs/wiimote_msgs/msg/rosidl_typesupport_fastrtps_cpp__visibility_control.h
[70.785s] -- Up-to-date: /home/bmes-endoscope-25/joystick_ws/install/wiimote_msgs/include/wiimote_msgs/wiimote_msgs/msg/detail
[70.786s] -- Installing: /home/bmes-endoscope-25/joystick_ws/install/wiimote_msgs/include/wiimote_msgs/wiimote_msgs/msg/detail/timed_switch__rosidl_typesupport_fastrtps_cpp.hpp
[70.787s] -- Up-to-date: /home/bmes-endoscope-25/joystick_ws/install/wiimote_msgs/include/wiimote_msgs/wiimote_msgs/msg/detail/dds_fastrtps
[70.787s] -- Installing: /home/bmes-endoscope-25/joystick_ws/install/wiimote_msgs/include/wiimote_msgs/wiimote_msgs/msg/detail/state__rosidl_typesupport_fastrtps_cpp.hpp
[70.789s] -- Installing: /home/bmes-endoscope-25/joystick_ws/install/wiimote_msgs/include/wiimote_msgs/wiimote_msgs/msg/detail/ir_source_info__rosidl_typesupport_fastrtps_cpp.hpp
[70.791s] -- Installing: /home/bmes-endoscope-25/joystick_ws/install/wiimote_msgs/lib/libwiimote_msgs__rosidl_typesupport_fastrtps_cpp.so
[70.795s] -- Set non-toolchain portion of runtime path of "/home/bmes-endoscope-25/joystick_ws/install/wiimote_msgs/lib/libwiimote_msgs__rosidl_typesupport_fastrtps_cpp.so" to ""
[70.796s] -- Up-to-date: /home/bmes-endoscope-25/joystick_ws/install/wiimote_msgs/include/wiimote_msgs/wiimote_msgs
[70.796s] -- Up-to-date: /home/bmes-endoscope-25/joystick_ws/install/wiimote_msgs/include/wiimote_msgs/wiimote_msgs/msg
[70.797s] -- Up-to-date: /home/bmes-endoscope-25/joystick_ws/install/wiimote_msgs/include/wiimote_msgs/wiimote_msgs/msg/rosidl_typesupport_introspection_c__visibility_control.h
[70.798s] -- Up-to-date: /home/bmes-endoscope-25/joystick_ws/install/wiimote_msgs/include/wiimote_msgs/wiimote_msgs/msg/detail
[70.798s] -- Installing: /home/bmes-endoscope-25/joystick_ws/install/wiimote_msgs/include/wiimote_msgs/wiimote_msgs/msg/detail/ir_source_info__type_support.c
[70.798s] -- Up-to-date: /home/bmes-endoscope-25/joystick_ws/install/wiimote_msgs/include/wiimote_msgs/wiimote_msgs/msg/detail/timed_switch__rosidl_typesupport_introspection_c.h
[70.799s] -- Installing: /home/bmes-endoscope-25/joystick_ws/install/wiimote_msgs/include/wiimote_msgs/wiimote_msgs/msg/detail/timed_switch__type_support.c
[70.800s] -- Up-to-date: /home/bmes-endoscope-25/joystick_ws/install/wiimote_msgs/include/wiimote_msgs/wiimote_msgs/msg/detail/ir_source_info__rosidl_typesupport_introspection_c.h
[70.801s] -- Up-to-date: /home/bmes-endoscope-25/joystick_ws/install/wiimote_msgs/include/wiimote_msgs/wiimote_msgs/msg/detail/state__rosidl_typesupport_introspection_c.h
[70.801s] -- Installing: /home/bmes-endoscope-25/joystick_ws/install/wiimote_msgs/include/wiimote_msgs/wiimote_msgs/msg/detail/state__type_support.c
[70.803s] -- Installing: /home/bmes-endoscope-25/joystick_ws/install/wiimote_msgs/lib/libwiimote_msgs__rosidl_typesupport_introspection_c.so
[70.806s] -- Set non-toolchain portion of runtime path of "/home/bmes-endoscope-25/joystick_ws/install/wiimote_msgs/lib/libwiimote_msgs__rosidl_typesupport_introspection_c.so" to ""
[70.807s] -- Installing: /home/bmes-endoscope-25/joystick_ws/install/wiimote_msgs/lib/libwiimote_msgs__rosidl_typesupport_c.so
[70.810s] -- Set non-toolchain portion of runtime path of "/home/bmes-endoscope-25/joystick_ws/install/wiimote_msgs/lib/libwiimote_msgs__rosidl_typesupport_c.so" to ""
[70.811s] -- Up-to-date: /home/bmes-endoscope-25/joystick_ws/install/wiimote_msgs/include/wiimote_msgs/wiimote_msgs
[70.811s] -- Up-to-date: /home/bmes-endoscope-25/joystick_ws/install/wiimote_msgs/include/wiimote_msgs/wiimote_msgs/msg
[70.812s] -- Up-to-date: /home/bmes-endoscope-25/joystick_ws/install/wiimote_msgs/include/wiimote_msgs/wiimote_msgs/msg/detail
[70.812s] -- Installing: /home/bmes-endoscope-25/joystick_ws/install/wiimote_msgs/include/wiimote_msgs/wiimote_msgs/msg/detail/timed_switch__rosidl_typesupport_introspection_cpp.hpp
[70.813s] -- Installing: /home/bmes-endoscope-25/joystick_ws/install/wiimote_msgs/include/wiimote_msgs/wiimote_msgs/msg/detail/state__rosidl_typesupport_introspection_cpp.hpp
[70.815s] -- Installing: /home/bmes-endoscope-25/joystick_ws/install/wiimote_msgs/include/wiimote_msgs/wiimote_msgs/msg/detail/ir_source_info__type_support.cpp
[70.816s] -- Installing: /home/bmes-endoscope-25/joystick_ws/install/wiimote_msgs/include/wiimote_msgs/wiimote_msgs/msg/detail/state__type_support.cpp
[70.819s] -- Installing: /home/bmes-endoscope-25/joystick_ws/install/wiimote_msgs/include/wiimote_msgs/wiimote_msgs/msg/detail/ir_source_info__rosidl_typesupport_introspection_cpp.hpp
[70.820s] -- Installing: /home/bmes-endoscope-25/joystick_ws/install/wiimote_msgs/include/wiimote_msgs/wiimote_msgs/msg/detail/timed_switch__type_support.cpp
[70.822s] -- Installing: /home/bmes-endoscope-25/joystick_ws/install/wiimote_msgs/lib/libwiimote_msgs__rosidl_typesupport_introspection_cpp.so
[70.829s] -- Set non-toolchain portion of runtime path of "/home/bmes-endoscope-25/joystick_ws/install/wiimote_msgs/lib/libwiimote_msgs__rosidl_typesupport_introspection_cpp.so" to ""
[70.830s] -- Installing: /home/bmes-endoscope-25/joystick_ws/install/wiimote_msgs/lib/libwiimote_msgs__rosidl_typesupport_cpp.so
[70.833s] -- Set non-toolchain portion of runtime path of "/home/bmes-endoscope-25/joystick_ws/install/wiimote_msgs/lib/libwiimote_msgs__rosidl_typesupport_cpp.so" to ""
[70.834s] -- Up-to-date: /home/bmes-endoscope-25/joystick_ws/install/wiimote_msgs/share/wiimote_msgs/environment/pythonpath.sh
[70.835s] -- Up-to-date: /home/bmes-endoscope-25/joystick_ws/install/wiimote_msgs/share/wiimote_msgs/environment/pythonpath.dsv
[70.836s] -- Up-to-date: /home/bmes-endoscope-25/joystick_ws/install/wiimote_msgs/lib/python3.12/site-packages/wiimote_msgs-3.3.0-py3.12.egg-info
[70.836s] -- Installing: /home/bmes-endoscope-25/joystick_ws/install/wiimote_msgs/lib/python3.12/site-packages/wiimote_msgs-3.3.0-py3.12.egg-info/SOURCES.txt
[70.837s] -- Installing: /home/bmes-endoscope-25/joystick_ws/install/wiimote_msgs/lib/python3.12/site-packages/wiimote_msgs-3.3.0-py3.12.egg-info/top_level.txt
[70.837s] -- Installing: /home/bmes-endoscope-25/joystick_ws/install/wiimote_msgs/lib/python3.12/site-packages/wiimote_msgs-3.3.0-py3.12.egg-info/PKG-INFO
[70.838s] -- Installing: /home/bmes-endoscope-25/joystick_ws/install/wiimote_msgs/lib/python3.12/site-packages/wiimote_msgs-3.3.0-py3.12.egg-info/dependency_links.txt
[70.840s] -- Up-to-date: /home/bmes-endoscope-25/joystick_ws/install/wiimote_msgs/lib/python3.12/site-packages/wiimote_msgs
[70.840s] -- Installing: /home/bmes-endoscope-25/joystick_ws/install/wiimote_msgs/lib/python3.12/site-packages/wiimote_msgs/wiimote_msgs_s__rosidl_typesupport_c.so
[70.842s] -- Installing: /home/bmes-endoscope-25/joystick_ws/install/wiimote_msgs/lib/python3.12/site-packages/wiimote_msgs/wiimote_msgs_s__rosidl_typesupport_introspection_c.so
[70.844s] -- Up-to-date: /home/bmes-endoscope-25/joystick_ws/install/wiimote_msgs/lib/python3.12/site-packages/wiimote_msgs/__init__.py
[70.845s] -- Installing: /home/bmes-endoscope-25/joystick_ws/install/wiimote_msgs/lib/python3.12/site-packages/wiimote_msgs/_wiimote_msgs_s.ep.rosidl_typesupport_introspection_c.c
[70.846s] -- Up-to-date: /home/bmes-endoscope-25/joystick_ws/install/wiimote_msgs/lib/python3.12/site-packages/wiimote_msgs/msg
[70.846s] -- Installing: /home/bmes-endoscope-25/joystick_ws/install/wiimote_msgs/lib/python3.12/site-packages/wiimote_msgs/msg/__init__.py
[70.847s] -- Installing: /home/bmes-endoscope-25/joystick_ws/install/wiimote_msgs/lib/python3.12/site-packages/wiimote_msgs/msg/_state.py
[70.849s] -- Installing: /home/bmes-endoscope-25/joystick_ws/install/wiimote_msgs/lib/python3.12/site-packages/wiimote_msgs/msg/_ir_source_info.py
[70.850s] -- Installing: /home/bmes-endoscope-25/joystick_ws/install/wiimote_msgs/lib/python3.12/site-packages/wiimote_msgs/msg/_timed_switch.py
[70.851s] -- Installing: /home/bmes-endoscope-25/joystick_ws/install/wiimote_msgs/lib/python3.12/site-packages/wiimote_msgs/msg/_timed_switch_s.c
[70.852s] -- Installing: /home/bmes-endoscope-25/joystick_ws/install/wiimote_msgs/lib/python3.12/site-packages/wiimote_msgs/msg/_state_s.c
[70.854s] -- Installing: /home/bmes-endoscope-25/joystick_ws/install/wiimote_msgs/lib/python3.12/site-packages/wiimote_msgs/msg/_ir_source_info_s.c
[70.855s] -- Installing: /home/bmes-endoscope-25/joystick_ws/install/wiimote_msgs/lib/python3.12/site-packages/wiimote_msgs/wiimote_msgs_s__rosidl_typesupport_fastrtps_c.so
[70.857s] -- Installing: /home/bmes-endoscope-25/joystick_ws/install/wiimote_msgs/lib/python3.12/site-packages/wiimote_msgs/_wiimote_msgs_s.ep.rosidl_typesupport_c.c
[70.858s] -- Installing: /home/bmes-endoscope-25/joystick_ws/install/wiimote_msgs/lib/python3.12/site-packages/wiimote_msgs/_wiimote_msgs_s.ep.rosidl_typesupport_fastrtps_c.c
[71.079s] Listing '/home/bmes-endoscope-25/joystick_ws/install/wiimote_msgs/lib/python3.12/site-packages/wiimote_msgs'...
[71.081s] Listing '/home/bmes-endoscope-25/joystick_ws/install/wiimote_msgs/lib/python3.12/site-packages/wiimote_msgs/msg'...
[71.082s] Compiling '/home/bmes-endoscope-25/joystick_ws/install/wiimote_msgs/lib/python3.12/site-packages/wiimote_msgs/msg/__init__.py'...
[71.083s] Compiling '/home/bmes-endoscope-25/joystick_ws/install/wiimote_msgs/lib/python3.12/site-packages/wiimote_msgs/msg/_ir_source_info.py'...
[71.084s] Compiling '/home/bmes-endoscope-25/joystick_ws/install/wiimote_msgs/lib/python3.12/site-packages/wiimote_msgs/msg/_state.py'...
[71.085s] Compiling '/home/bmes-endoscope-25/joystick_ws/install/wiimote_msgs/lib/python3.12/site-packages/wiimote_msgs/msg/_timed_switch.py'...
[71.115s] -- Installing: /home/bmes-endoscope-25/joystick_ws/install/wiimote_msgs/lib/python3.12/site-packages/wiimote_msgs/wiimote_msgs_s__rosidl_typesupport_fastrtps_c.so
[71.118s] -- Set non-toolchain portion of runtime path of "/home/bmes-endoscope-25/joystick_ws/install/wiimote_msgs/lib/python3.12/site-packages/wiimote_msgs/wiimote_msgs_s__rosidl_typesupport_fastrtps_c.so" to ""
[71.120s] -- Installing: /home/bmes-endoscope-25/joystick_ws/install/wiimote_msgs/lib/python3.12/site-packages/wiimote_msgs/wiimote_msgs_s__rosidl_typesupport_introspection_c.so
[71.123s] -- Set non-toolchain portion of runtime path of "/home/bmes-endoscope-25/joystick_ws/install/wiimote_msgs/lib/python3.12/site-packages/wiimote_msgs/wiimote_msgs_s__rosidl_typesupport_introspection_c.so" to ""
[71.127s] -- Installing: /home/bmes-endoscope-25/joystick_ws/install/wiimote_msgs/lib/python3.12/site-packages/wiimote_msgs/wiimote_msgs_s__rosidl_typesupport_c.so
[71.134s] -- Set non-toolchain portion of runtime path of "/home/bmes-endoscope-25/joystick_ws/install/wiimote_msgs/lib/python3.12/site-packages/wiimote_msgs/wiimote_msgs_s__rosidl_typesupport_c.so" to ""
[71.135s] -- Installing: /home/bmes-endoscope-25/joystick_ws/install/wiimote_msgs/lib/libwiimote_msgs__rosidl_generator_py.so
[71.137s] -- Set non-toolchain portion of runtime path of "/home/bmes-endoscope-25/joystick_ws/install/wiimote_msgs/lib/libwiimote_msgs__rosidl_generator_py.so" to ""
[71.138s] -- Up-to-date: /home/bmes-endoscope-25/joystick_ws/install/wiimote_msgs/share/wiimote_msgs/msg/IrSourceInfo.idl
[71.139s] -- Up-to-date: /home/bmes-endoscope-25/joystick_ws/install/wiimote_msgs/share/wiimote_msgs/msg/State.idl
[71.139s] -- Up-to-date: /home/bmes-endoscope-25/joystick_ws/install/wiimote_msgs/share/wiimote_msgs/msg/TimedSwitch.idl
[71.140s] -- Up-to-date: /home/bmes-endoscope-25/joystick_ws/install/wiimote_msgs/share/wiimote_msgs/msg/IrSourceInfo.msg
[71.141s] -- Up-to-date: /home/bmes-endoscope-25/joystick_ws/install/wiimote_msgs/share/wiimote_msgs/msg/State.msg
[71.141s] -- Up-to-date: /home/bmes-endoscope-25/joystick_ws/install/wiimote_msgs/share/wiimote_msgs/msg/TimedSwitch.msg
[71.143s] -- Up-to-date: /home/bmes-endoscope-25/joystick_ws/install/wiimote_msgs/share/ament_index/resource_index/package_run_dependencies/wiimote_msgs
[71.144s] -- Up-to-date: /home/bmes-endoscope-25/joystick_ws/install/wiimote_msgs/share/ament_index/resource_index/parent_prefix_path/wiimote_msgs
[71.144s] -- Up-to-date: /home/bmes-endoscope-25/joystick_ws/install/wiimote_msgs/share/wiimote_msgs/environment/ament_prefix_path.sh
[71.145s] -- Up-to-date: /home/bmes-endoscope-25/joystick_ws/install/wiimote_msgs/share/wiimote_msgs/environment/ament_prefix_path.dsv
[71.145s] -- Up-to-date: /home/bmes-endoscope-25/joystick_ws/install/wiimote_msgs/share/wiimote_msgs/environment/path.sh
[71.146s] -- Up-to-date: /home/bmes-endoscope-25/joystick_ws/install/wiimote_msgs/share/wiimote_msgs/environment/path.dsv
[71.146s] -- Up-to-date: /home/bmes-endoscope-25/joystick_ws/install/wiimote_msgs/share/wiimote_msgs/local_setup.bash
[71.147s] -- Up-to-date: /home/bmes-endoscope-25/joystick_ws/install/wiimote_msgs/share/wiimote_msgs/local_setup.sh
[71.147s] -- Up-to-date: /home/bmes-endoscope-25/joystick_ws/install/wiimote_msgs/share/wiimote_msgs/local_setup.zsh
[71.148s] -- Up-to-date: /home/bmes-endoscope-25/joystick_ws/install/wiimote_msgs/share/wiimote_msgs/local_setup.dsv
[71.148s] -- Installing: /home/bmes-endoscope-25/joystick_ws/install/wiimote_msgs/share/wiimote_msgs/package.dsv
[71.149s] -- Up-to-date: /home/bmes-endoscope-25/joystick_ws/install/wiimote_msgs/share/ament_index/resource_index/packages/wiimote_msgs
[71.149s] -- Up-to-date: /home/bmes-endoscope-25/joystick_ws/install/wiimote_msgs/share/wiimote_msgs/cmake/export_wiimote_msgs__rosidl_generator_cExport.cmake
[71.150s] -- Up-to-date: /home/bmes-endoscope-25/joystick_ws/install/wiimote_msgs/share/wiimote_msgs/cmake/export_wiimote_msgs__rosidl_generator_cExport-noconfig.cmake
[71.151s] -- Up-to-date: /home/bmes-endoscope-25/joystick_ws/install/wiimote_msgs/share/wiimote_msgs/cmake/export_wiimote_msgs__rosidl_typesupport_fastrtps_cExport.cmake
[71.151s] -- Up-to-date: /home/bmes-endoscope-25/joystick_ws/install/wiimote_msgs/share/wiimote_msgs/cmake/export_wiimote_msgs__rosidl_typesupport_fastrtps_cExport-noconfig.cmake
[71.152s] -- Up-to-date: /home/bmes-endoscope-25/joystick_ws/install/wiimote_msgs/share/wiimote_msgs/cmake/export_wiimote_msgs__rosidl_generator_cppExport.cmake
[71.152s] -- Up-to-date: /home/bmes-endoscope-25/joystick_ws/install/wiimote_msgs/share/wiimote_msgs/cmake/export_wiimote_msgs__rosidl_typesupport_fastrtps_cppExport.cmake
[71.153s] -- Up-to-date: /home/bmes-endoscope-25/joystick_ws/install/wiimote_msgs/share/wiimote_msgs/cmake/export_wiimote_msgs__rosidl_typesupport_fastrtps_cppExport-noconfig.cmake
[71.153s] -- Up-to-date: /home/bmes-endoscope-25/joystick_ws/install/wiimote_msgs/share/wiimote_msgs/cmake/wiimote_msgs__rosidl_typesupport_introspection_cExport.cmake
[71.154s] -- Up-to-date: /home/bmes-endoscope-25/joystick_ws/install/wiimote_msgs/share/wiimote_msgs/cmake/wiimote_msgs__rosidl_typesupport_introspection_cExport-noconfig.cmake
[71.155s] -- Up-to-date: /home/bmes-endoscope-25/joystick_ws/install/wiimote_msgs/share/wiimote_msgs/cmake/wiimote_msgs__rosidl_typesupport_cExport.cmake
[71.155s] -- Up-to-date: /home/bmes-endoscope-25/joystick_ws/install/wiimote_msgs/share/wiimote_msgs/cmake/wiimote_msgs__rosidl_typesupport_cExport-noconfig.cmake
[71.156s] -- Up-to-date: /home/bmes-endoscope-25/joystick_ws/install/wiimote_msgs/share/wiimote_msgs/cmake/wiimote_msgs__rosidl_typesupport_introspection_cppExport.cmake
[71.156s] -- Up-to-date: /home/bmes-endoscope-25/joystick_ws/install/wiimote_msgs/share/wiimote_msgs/cmake/wiimote_msgs__rosidl_typesupport_introspection_cppExport-noconfig.cmake
[71.157s] -- Up-to-date: /home/bmes-endoscope-25/joystick_ws/install/wiimote_msgs/share/wiimote_msgs/cmake/wiimote_msgs__rosidl_typesupport_cppExport.cmake
[71.158s] -- Up-to-date: /home/bmes-endoscope-25/joystick_ws/install/wiimote_msgs/share/wiimote_msgs/cmake/wiimote_msgs__rosidl_typesupport_cppExport-noconfig.cmake
[71.158s] -- Up-to-date: /home/bmes-endoscope-25/joystick_ws/install/wiimote_msgs/share/wiimote_msgs/cmake/export_wiimote_msgs__rosidl_generator_pyExport.cmake
[71.159s] -- Up-to-date: /home/bmes-endoscope-25/joystick_ws/install/wiimote_msgs/share/wiimote_msgs/cmake/export_wiimote_msgs__rosidl_generator_pyExport-noconfig.cmake
[71.160s] -- Up-to-date: /home/bmes-endoscope-25/joystick_ws/install/wiimote_msgs/share/wiimote_msgs/cmake/rosidl_cmake-extras.cmake
[71.160s] -- Up-to-date: /home/bmes-endoscope-25/joystick_ws/install/wiimote_msgs/share/wiimote_msgs/cmake/ament_cmake_export_dependencies-extras.cmake
[71.161s] -- Up-to-date: /home/bmes-endoscope-25/joystick_ws/install/wiimote_msgs/share/wiimote_msgs/cmake/ament_cmake_export_include_directories-extras.cmake
[71.161s] -- Up-to-date: /home/bmes-endoscope-25/joystick_ws/install/wiimote_msgs/share/wiimote_msgs/cmake/ament_cmake_export_libraries-extras.cmake
[71.162s] -- Up-to-date: /home/bmes-endoscope-25/joystick_ws/install/wiimote_msgs/share/wiimote_msgs/cmake/ament_cmake_export_targets-extras.cmake
[71.162s] -- Up-to-date: /home/bmes-endoscope-25/joystick_ws/install/wiimote_msgs/share/wiimote_msgs/cmake/rosidl_cmake_export_typesupport_targets-extras.cmake
[71.163s] -- Up-to-date: /home/bmes-endoscope-25/joystick_ws/install/wiimote_msgs/share/wiimote_msgs/cmake/rosidl_cmake_export_typesupport_libraries-extras.cmake
[71.163s] -- Up-to-date: /home/bmes-endoscope-25/joystick_ws/install/wiimote_msgs/share/wiimote_msgs/cmake/wiimote_msgsConfig.cmake
[71.164s] -- Up-to-date: /home/bmes-endoscope-25/joystick_ws/install/wiimote_msgs/share/wiimote_msgs/cmake/wiimote_msgsConfig-version.cmake
[71.165s] -- Up-to-date: /home/bmes-endoscope-25/joystick_ws/install/wiimote_msgs/share/wiimote_msgs/package.xml
[71.173s] Invoked command in '/home/bmes-endoscope-25/joystick_ws/build/wiimote_msgs' returned '0': CMAKE_PREFIX_PATH=${CMAKE_PREFIX_PATH}:/opt/ros/jazzy DEBUGINFOD_URLS=https://debuginfod.ubuntu.com /usr/bin/cmake --install /home/bmes-endoscope-25/joystick_ws/build/wiimote_msgs
