[0.170s] Invoking command in '/home/bmes-endoscope-25/joystick_ws/build/spacenav': CMAKE_PREFIX_PATH=${CMAKE_PREFIX_PATH}:/opt/ros/jazzy DEBUGINFOD_URLS=https://debuginfod.ubuntu.com /usr/bin/cmake --build /home/bmes-endoscope-25/joystick_ws/build/spacenav -- -j4 -l4
[0.804s] [ 50%] Built target spacenav_node
[0.824s] [100%] Built target spacenav
[0.969s] Invoked command in '/home/bmes-endoscope-25/joystick_ws/build/spacenav' returned '0': CMAKE_PREFIX_PATH=${CMAKE_PREFIX_PATH}:/opt/ros/jazzy DEBUGINFOD_URLS=https://debuginfod.ubuntu.com /usr/bin/cmake --build /home/bmes-endoscope-25/joystick_ws/build/spacenav -- -j4 -l4
[0.991s] Invoking command in '/home/bmes-endoscope-25/joystick_ws/build/spacenav': CMAKE_PREFIX_PATH=${CMAKE_PREFIX_PATH}:/opt/ros/jazzy DEBUGINFOD_URLS=https://debuginfod.ubuntu.com /usr/bin/cmake --install /home/bmes-endoscope-25/joystick_ws/build/spacenav
[1.093s] -- Install configuration: ""
[1.117s] -- Up-to-date: /home/bmes-endoscope-25/joystick_ws/install/spacenav/lib/libspacenav.so
[1.131s] -- Up-to-date: /home/bmes-endoscope-25/joystick_ws/install/spacenav/lib/spacenav/spacenav_node
[1.131s] -- Up-to-date: /home/bmes-endoscope-25/joystick_ws/install/spacenav/include/spacenav
[1.132s] -- Up-to-date: /home/bmes-endoscope-25/joystick_ws/install/spacenav/include/spacenav/spacenav
[1.132s] -- Up-to-date: /home/bmes-endoscope-25/joystick_ws/install/spacenav/include/spacenav/spacenav/spacenav.hpp
[1.142s] -- Up-to-date: /home/bmes-endoscope-25/joystick_ws/install/spacenav/share/spacenav//launch
[1.150s] -- Up-to-date: /home/bmes-endoscope-25/joystick_ws/install/spacenav/share/spacenav//launch/classic-launch.py
[1.153s] -- Up-to-date: /home/bmes-endoscope-25/joystick_ws/install/spacenav/share/spacenav//launch/no_deadband-launch.py
[1.161s] -- Up-to-date: /home/bmes-endoscope-25/joystick_ws/install/spacenav/share/spacenav//launch/static_deadband-launch.py
[1.165s] -- Up-to-date: /home/bmes-endoscope-25/joystick_ws/install/spacenav/share/ament_index/resource_index/package_run_dependencies/spacenav
[1.168s] -- Up-to-date: /home/bmes-endoscope-25/joystick_ws/install/spacenav/share/ament_index/resource_index/parent_prefix_path/spacenav
[1.193s] -- Up-to-date: /home/bmes-endoscope-25/joystick_ws/install/spacenav/share/spacenav/environment/ament_prefix_path.sh
[1.194s] -- Up-to-date: /home/bmes-endoscope-25/joystick_ws/install/spacenav/share/spacenav/environment/ament_prefix_path.dsv
[1.199s] -- Up-to-date: /home/bmes-endoscope-25/joystick_ws/install/spacenav/share/spacenav/environment/path.sh
[1.212s] -- Up-to-date: /home/bmes-endoscope-25/joystick_ws/install/spacenav/share/spacenav/environment/path.dsv
[1.213s] -- Up-to-date: /home/bmes-endoscope-25/joystick_ws/install/spacenav/share/spacenav/local_setup.bash
[1.213s] -- Up-to-date: /home/bmes-endoscope-25/joystick_ws/install/spacenav/share/spacenav/local_setup.sh
[1.214s] -- Up-to-date: /home/bmes-endoscope-25/joystick_ws/install/spacenav/share/spacenav/local_setup.zsh
[1.218s] -- Up-to-date: /home/bmes-endoscope-25/joystick_ws/install/spacenav/share/spacenav/local_setup.dsv
[1.222s] -- Installing: /home/bmes-endoscope-25/joystick_ws/install/spacenav/share/spacenav/package.dsv
[1.226s] -- Up-to-date: /home/bmes-endoscope-25/joystick_ws/install/spacenav/share/ament_index/resource_index/packages/spacenav
[1.229s] -- Up-to-date: /home/bmes-endoscope-25/joystick_ws/install/spacenav/share/ament_index/resource_index/rclcpp_components/spacenav
[1.230s] -- Up-to-date: /home/bmes-endoscope-25/joystick_ws/install/spacenav/share/spacenav/cmake/export_spacenavExport.cmake
[1.231s] -- Up-to-date: /home/bmes-endoscope-25/joystick_ws/install/spacenav/share/spacenav/cmake/export_spacenavExport-noconfig.cmake
[1.231s] -- Up-to-date: /home/bmes-endoscope-25/joystick_ws/install/spacenav/share/spacenav/cmake/ament_cmake_export_targets-extras.cmake
[1.251s] -- Up-to-date: /home/bmes-endoscope-25/joystick_ws/install/spacenav/share/spacenav/cmake/spacenavConfig.cmake
[1.257s] -- Up-to-date: /home/bmes-endoscope-25/joystick_ws/install/spacenav/share/spacenav/cmake/spacenavConfig-version.cmake
[1.266s] -- Up-to-date: /home/bmes-endoscope-25/joystick_ws/install/spacenav/share/spacenav/package.xml
[1.331s] Invoked command in '/home/bmes-endoscope-25/joystick_ws/build/spacenav' returned '0': CMAKE_PREFIX_PATH=${CMAKE_PREFIX_PATH}:/opt/ros/jazzy DEBUGINFOD_URLS=https://debuginfod.ubuntu.com /usr/bin/cmake --install /home/bmes-endoscope-25/joystick_ws/build/spacenav
